--------------- Build Started: 01/05/2017 16:40:08 Project: capteur_us, Configuration: ARM GCC 4.9-2015-q1-update Debug ---------------
cydsfit.exe -.appdatapath "C:\Users\Julien\AppData\Local\Cypress Semiconductor\PSoC Creator\4.0" -.fdsnotice -.fdswarpdepfile=warp_dependencies.txt -.fdselabdepfile=elab_dependencies.txt -.fdsbldfile=generated_files.txt -.fdsreffile=referenced_files.txt -p C:\Users\Julien\Documents\INSA\5A\BE_systemes_embarques\BE_systemes_embarques\capteur_us.cydsn\capteur_us.cyprj -d CY8C5868AXI-LP035 -s C:\Users\Julien\Documents\INSA\5A\BE_systemes_embarques\BE_systemes_embarques\capteur_us.cydsn\Generated_Source\PSoC5 -- -yv2 -q10 -ygs -o2 -v3 -.fftcfgtype=LE
Elaborating Design...
HDL Generation...
Synthesis...
Tech Mapping...
Analog Placement...
Log: apr.M0058: The analog placement iterative improvement is 32% done. (App=cydsfit)
Log: apr.M0058: The analog placement iterative improvement is 68% done. (App=cydsfit)
Analog Routing...
Analog Code Generation...
Digital Placement...
Digital Routing...
Bitstream Generation...
Bitstream Verification...
Static timing analysis...
API Generation...
Dependency Generation...
Cleanup...
arm-none-eabi-gcc.exe -mcpu=cortex-m3 -mthumb -I. -IGenerated_Source\PSoC5 -Wa,-alh=.\CortexM3\ARM_GCC_493\Debug/main.lst -g -D DEBUG -Wall -ffunction-sections -Og -ffat-lto-objects -c main.c -o .\CortexM3\ARM_GCC_493\Debug\main.o
main.c: In function 'main':
main.c:92:9: warning: unused variable 'counter_register' [-Wunused-variable]
     int counter_register =0;
         ^
arm-none-eabi-gcc.exe -mcpu=cortex-m3 -mthumb -I. -IGenerated_Source\PSoC5 -Wa,-alh=.\CortexM3\ARM_GCC_493\Debug/V_seuil.lst -g -D DEBUG -Wall -ffunction-sections -Og -ffat-lto-objects -c Generated_Source\PSoC5\V_seuil.c -o .\CortexM3\ARM_GCC_493\Debug\V_seuil.o
arm-none-eabi-gcc.exe -mcpu=cortex-m3 -mthumb -I. -IGenerated_Source\PSoC5 -Wa,-alh=.\CortexM3\ARM_GCC_493\Debug/V_seuil_PM.lst -g -D DEBUG -Wall -ffunction-sections -Og -ffat-lto-objects -c Generated_Source\PSoC5\V_seuil_PM.c -o .\CortexM3\ARM_GCC_493\Debug\V_seuil_PM.o
arm-none-eabi-ar.exe -rs .\CortexM3\ARM_GCC_493\Debug\capteur_us.a .\CortexM3\ARM_GCC_493\Debug\cyfitter_cfg.o .\CortexM3\ARM_GCC_493\Debug\Pin_1.o .\CortexM3\ARM_GCC_493\Debug\Pin_2.o .\CortexM3\ARM_GCC_493\Debug\Pin_3.o .\CortexM3\ARM_GCC_493\Debug\CyDmac.o .\CortexM3\ARM_GCC_493\Debug\CyFlash.o .\CortexM3\ARM_GCC_493\Debug\CyLib.o .\CortexM3\ARM_GCC_493\Debug\cyPm.o .\CortexM3\ARM_GCC_493\Debug\CySpc.o .\CortexM3\ARM_GCC_493\Debug\cyutils.o .\CortexM3\ARM_GCC_493\Debug\Clock_1.o .\CortexM3\ARM_GCC_493\Debug\US_40kHz.o .\CortexM3\ARM_GCC_493\Debug\US_40kHz_PM.o .\CortexM3\ARM_GCC_493\Debug\Detect_Seuil_Recept.o .\CortexM3\ARM_GCC_493\Debug\Detect_Seuil_Recept_PM.o .\CortexM3\ARM_GCC_493\Debug\V_seuil.o .\CortexM3\ARM_GCC_493\Debug\V_seuil_PM.o .\CortexM3\ARM_GCC_493\Debug\Timer_US.o .\CortexM3\ARM_GCC_493\Debug\Timer_US_PM.o .\CortexM3\ARM_GCC_493\Debug\Ampli_Recept.o .\CortexM3\ARM_GCC_493\Debug\Ampli_Recept_PM.o .\CortexM3\ARM_GCC_493\Debug\TimerISR.o .\CortexM3\ARM_GCC_493\Debug\CharLCD_1.o .\CortexM3\ARM_GCC_493\Debug\CharLCD_1_PM.o .\CortexM3\ARM_GCC_493\Debug\CharLCD_1_CustChars.o .\CortexM3\ARM_GCC_493\Debug\CharLCD_1_LCDPort.o .\CortexM3\ARM_GCC_493\Debug\Control_Reg_1.o .\CortexM3\ARM_GCC_493\Debug\Control_Reg_1_PM.o .\CortexM3\ARM_GCC_493\Debug\Counter_1.o .\CortexM3\ARM_GCC_493\Debug\Counter_1_PM.o .\CortexM3\ARM_GCC_493\Debug\CounterISR.o .\CortexM3\ARM_GCC_493\Debug\Pin_4.o .\CortexM3\ARM_GCC_493\Debug\Timer_periode.o .\CortexM3\ARM_GCC_493\Debug\Timer_periode_PM.o .\CortexM3\ARM_GCC_493\Debug\periodeISR.o .\CortexM3\ARM_GCC_493\Debug\CyBootAsmGnu.o
arm-none-eabi-ar.exe: creating .\CortexM3\ARM_GCC_493\Debug\capteur_us.a
arm-none-eabi-gcc.exe -Wl,--start-group -o .\CortexM3\ARM_GCC_493\Debug\capteur_us.elf .\CortexM3\ARM_GCC_493\Debug\main.o .\CortexM3\ARM_GCC_493\Debug\cymetadata.o .\CortexM3\ARM_GCC_493\Debug\Cm3Start.o .\CortexM3\ARM_GCC_493\Debug\capteur_us.a "C:\Program Files (x86)\Cypress\PSoC Creator\4.0\PSoC Creator\psoc\content\cycomponentlibrary\CyComponentLibrary.cylib\CortexM3\ARM_GCC_493\Debug\CyComponentLibrary.a" -mcpu=cortex-m3 -mthumb -g -ffunction-sections -Og -ffat-lto-objects -L Generated_Source\PSoC5 -Wl,-Map,.\CortexM3\ARM_GCC_493\Debug/capteur_us.map -T C:\Users\Julien\Documents\INSA\5A\BE_systemes_embarques\BE_systemes_embarques\capteur_us.cydsn\Generated_Source\PSoC5\cm3gcc.ld -specs=nano.specs -Wl,--gc-sections -Wl,--end-group
cyelftool.exe -C C:\Users\Julien\Documents\INSA\5A\BE_systemes_embarques\BE_systemes_embarques\capteur_us.cydsn\CortexM3\ARM_GCC_493\Debug\capteur_us.elf --flash_row_size 256 --flash_size 262144
cyelftool.exe -S C:\Users\Julien\Documents\INSA\5A\BE_systemes_embarques\BE_systemes_embarques\capteur_us.cydsn\CortexM3\ARM_GCC_493\Debug\capteur_us.elf
Flash used: 6366 of 262144 bytes (2,4 %).
SRAM used: 2605 of 65536 bytes (4,0 %). Stack: 2048 bytes. Heap: 128 bytes.
--------------- Build Succeeded: 01/05/2017 16:40:24 ---------------
