ARM GAS  C:\Users\Julien\AppData\Local\Temp\ccVDBKNi.s 			page 1


   1              		.syntax unified
   2              		.cpu cortex-m3
   3              		.fpu softvfp
   4              		.eabi_attribute 20, 1
   5              		.eabi_attribute 21, 1
   6              		.eabi_attribute 23, 3
   7              		.eabi_attribute 24, 1
   8              		.eabi_attribute 25, 1
   9              		.eabi_attribute 26, 1
  10              		.eabi_attribute 30, 1
  11              		.eabi_attribute 34, 1
  12              		.eabi_attribute 18, 4
  13              		.thumb
  14              		.file	"cymetadata.c"
  15              		.text
  16              	.Ltext0:
  17              		.cfi_sections	.debug_frame
  18              		.global	cy_metadata
  19              		.global	cy_meta_flashprotect
  20              		.global	cy_meta_wonvl
  21              		.global	cy_meta_custnvl
  22              		.global	cy_meta_configecc
  23              		.section	.cyconfigecc,"a",%progbits
  24              		.align	2
  25              		.type	cy_meta_configecc, %object
  26              		.size	cy_meta_configecc, 1152
  27              	cy_meta_configecc:
  28 0000 02       		.byte	2
  29 0001 52       		.byte	82
  30 0002 00       		.byte	0
  31 0003 40       		.byte	64
  32 0004 02       		.byte	2
  33 0005 64       		.byte	100
  34 0006 00       		.byte	0
  35 0007 40       		.byte	64
  36 0008 02       		.byte	2
  37 0009 65       		.byte	101
  38 000a 00       		.byte	0
  39 000b 40       		.byte	64
  40 000c 03       		.byte	3
  41 000d 03       		.byte	3
  42 000e 01       		.byte	1
  43 000f 40       		.byte	64
  44 0010 4D       		.byte	77
  45 0011 04       		.byte	4
  46 0012 01       		.byte	1
  47 0013 40       		.byte	64
  48 0014 2B       		.byte	43
  49 0015 05       		.byte	5
  50 0016 01       		.byte	1
  51 0017 40       		.byte	64
  52 0018 04       		.byte	4
  53 0019 07       		.byte	7
  54 001a 01       		.byte	1
  55 001b 40       		.byte	64
  56 001c 45       		.byte	69
  57 001d 08       		.byte	8
ARM GAS  C:\Users\Julien\AppData\Local\Temp\ccVDBKNi.s 			page 2


  58 001e 01       		.byte	1
  59 001f 40       		.byte	64
  60 0020 28       		.byte	40
  61 0021 09       		.byte	9
  62 0022 01       		.byte	1
  63 0023 40       		.byte	64
  64 0024 25       		.byte	37
  65 0025 0A       		.byte	10
  66 0026 01       		.byte	1
  67 0027 40       		.byte	64
  68 0028 19       		.byte	25
  69 0029 0B       		.byte	11
  70 002a 01       		.byte	1
  71 002b 40       		.byte	64
  72 002c 28       		.byte	40
  73 002d 14       		.byte	20
  74 002e 01       		.byte	1
  75 002f 40       		.byte	64
  76 0030 0B       		.byte	11
  77 0031 15       		.byte	21
  78 0032 01       		.byte	1
  79 0033 40       		.byte	64
  80 0034 46       		.byte	70
  81 0035 16       		.byte	22
  82 0036 01       		.byte	1
  83 0037 40       		.byte	64
  84 0038 21       		.byte	33
  85 0039 17       		.byte	23
  86 003a 01       		.byte	1
  87 003b 40       		.byte	64
  88 003c 03       		.byte	3
  89 003d 19       		.byte	25
  90 003e 01       		.byte	1
  91 003f 40       		.byte	64
  92 0040 09       		.byte	9
  93 0041 40       		.byte	64
  94 0042 01       		.byte	1
  95 0043 40       		.byte	64
  96 0044 07       		.byte	7
  97 0045 41       		.byte	65
  98 0046 01       		.byte	1
  99 0047 40       		.byte	64
 100 0048 06       		.byte	6
 101 0049 42       		.byte	66
 102 004a 01       		.byte	1
 103 004b 40       		.byte	64
 104 004c 04       		.byte	4
 105 004d 43       		.byte	67
 106 004e 01       		.byte	1
 107 004f 40       		.byte	64
 108 0050 02       		.byte	2
 109 0051 44       		.byte	68
 110 0052 01       		.byte	1
 111 0053 40       		.byte	64
 112 0054 01       		.byte	1
 113 0055 45       		.byte	69
 114 0056 01       		.byte	1
ARM GAS  C:\Users\Julien\AppData\Local\Temp\ccVDBKNi.s 			page 3


 115 0057 40       		.byte	64
 116 0058 01       		.byte	1
 117 0059 46       		.byte	70
 118 005a 01       		.byte	1
 119 005b 40       		.byte	64
 120 005c 01       		.byte	1
 121 005d 47       		.byte	71
 122 005e 01       		.byte	1
 123 005f 40       		.byte	64
 124 0060 01       		.byte	1
 125 0061 48       		.byte	72
 126 0062 01       		.byte	1
 127 0063 40       		.byte	64
 128 0064 02       		.byte	2
 129 0065 49       		.byte	73
 130 0066 01       		.byte	1
 131 0067 40       		.byte	64
 132 0068 01       		.byte	1
 133 0069 4C       		.byte	76
 134 006a 01       		.byte	1
 135 006b 40       		.byte	64
 136 006c 08       		.byte	8
 137 006d 50       		.byte	80
 138 006e 01       		.byte	1
 139 006f 40       		.byte	64
 140 0070 01       		.byte	1
 141 0071 51       		.byte	81
 142 0072 01       		.byte	1
 143 0073 40       		.byte	64
 144 0074 20       		.byte	32
 145 0075 0A       		.byte	10
 146 0076 21       		.byte	33
 147 0077 06       		.byte	6
 148 0078 85       		.byte	-123
 149 0079 0F       		.byte	15
 150 007a 8A       		.byte	-118
 151 007b 0F       		.byte	15
 152 007c 86       		.byte	-122
 153 007d 0D       		.byte	13
 154 007e 87       		.byte	-121
 155 007f 6B       		.byte	107
 156 0080 89       		.byte	-119
 157 0081 20       		.byte	32
 158 0082 8F       		.byte	-113
 159 0083 02       		.byte	2
 160 0084 E6       		.byte	-26
 161 0085 C0       		.byte	-64
 162 0086 03       		.byte	3
 163 0087 01       		.byte	1
 164 0088 1A       		.byte	26
 165 0089 01       		.byte	1
 166 008a 1B       		.byte	27
 167 008b 01       		.byte	1
 168 008c 2D       		.byte	45
 169 008d 01       		.byte	1
 170 008e 35       		.byte	53
 171 008f 01       		.byte	1
ARM GAS  C:\Users\Julien\AppData\Local\Temp\ccVDBKNi.s 			page 4


 172 0090 36       		.byte	54
 173 0091 01       		.byte	1
 174 0092 3F       		.byte	63
 175 0093 10       		.byte	16
 176 0094 40       		.byte	64
 177 0095 60       		.byte	96
 178 0096 41       		.byte	65
 179 0097 03       		.byte	3
 180 0098 49       		.byte	73
 181 0099 FF       		.byte	-1
 182 009a 4A       		.byte	74
 183 009b FF       		.byte	-1
 184 009c 4B       		.byte	75
 185 009d FF       		.byte	-1
 186 009e 4D       		.byte	77
 187 009f A0       		.byte	-96
 188 00a0 4F       		.byte	79
 189 00a1 04       		.byte	4
 190 00a2 50       		.byte	80
 191 00a3 18       		.byte	24
 192 00a4 52       		.byte	82
 193 00a5 80       		.byte	-128
 194 00a6 58       		.byte	88
 195 00a7 04       		.byte	4
 196 00a8 59       		.byte	89
 197 00a9 04       		.byte	4
 198 00aa 5A       		.byte	90
 199 00ab 04       		.byte	4
 200 00ac 5B       		.byte	91
 201 00ad 04       		.byte	4
 202 00ae 5C       		.byte	92
 203 00af 09       		.byte	9
 204 00b0 5D       		.byte	93
 205 00b1 90       		.byte	-112
 206 00b2 5F       		.byte	95
 207 00b3 01       		.byte	1
 208 00b4 60       		.byte	96
 209 00b5 40       		.byte	64
 210 00b6 62       		.byte	98
 211 00b7 C0       		.byte	-64
 212 00b8 64       		.byte	100
 213 00b9 40       		.byte	64
 214 00ba 65       		.byte	101
 215 00bb 40       		.byte	64
 216 00bc 66       		.byte	102
 217 00bd C0       		.byte	-64
 218 00be 68       		.byte	104
 219 00bf C0       		.byte	-64
 220 00c0 6A       		.byte	106
 221 00c1 C0       		.byte	-64
 222 00c2 6C       		.byte	108
 223 00c3 C0       		.byte	-64
 224 00c4 6E       		.byte	110
 225 00c5 C0       		.byte	-64
 226 00c6 81       		.byte	-127
 227 00c7 08       		.byte	8
 228 00c8 84       		.byte	-124
ARM GAS  C:\Users\Julien\AppData\Local\Temp\ccVDBKNi.s 			page 5


 229 00c9 02       		.byte	2
 230 00ca 87       		.byte	-121
 231 00cb 06       		.byte	6
 232 00cc 8A       		.byte	-118
 233 00cd 01       		.byte	1
 234 00ce 8B       		.byte	-117
 235 00cf 01       		.byte	1
 236 00d0 96       		.byte	-106
 237 00d1 05       		.byte	5
 238 00d2 9C       		.byte	-100
 239 00d3 06       		.byte	6
 240 00d4 9D       		.byte	-99
 241 00d5 04       		.byte	4
 242 00d6 AB       		.byte	-85
 243 00d7 01       		.byte	1
 244 00d8 B0       		.byte	-80
 245 00d9 01       		.byte	1
 246 00da B1       		.byte	-79
 247 00db 04       		.byte	4
 248 00dc B2       		.byte	-78
 249 00dd 02       		.byte	2
 250 00de B3       		.byte	-77
 251 00df 08       		.byte	8
 252 00e0 B4       		.byte	-76
 253 00e1 04       		.byte	4
 254 00e2 B5       		.byte	-75
 255 00e3 01       		.byte	1
 256 00e4 B7       		.byte	-73
 257 00e5 02       		.byte	2
 258 00e6 BF       		.byte	-65
 259 00e7 10       		.byte	16
 260 00e8 C0       		.byte	-64
 261 00e9 60       		.byte	96
 262 00ea C1       		.byte	-63
 263 00eb 03       		.byte	3
 264 00ec C5       		.byte	-59
 265 00ed D0       		.byte	-48
 266 00ee C6       		.byte	-58
 267 00ef 20       		.byte	32
 268 00f0 C7       		.byte	-57
 269 00f1 51       		.byte	81
 270 00f2 C8       		.byte	-56
 271 00f3 3A       		.byte	58
 272 00f4 C9       		.byte	-55
 273 00f5 FF       		.byte	-1
 274 00f6 CA       		.byte	-54
 275 00f7 FF       		.byte	-1
 276 00f8 CB       		.byte	-53
 277 00f9 FF       		.byte	-1
 278 00fa CD       		.byte	-51
 279 00fb AF       		.byte	-81
 280 00fc CE       		.byte	-50
 281 00fd 0F       		.byte	15
 282 00fe CF       		.byte	-49
 283 00ff 04       		.byte	4
 284 0100 D0       		.byte	-48
 285 0101 18       		.byte	24
ARM GAS  C:\Users\Julien\AppData\Local\Temp\ccVDBKNi.s 			page 6


 286 0102 D4       		.byte	-44
 287 0103 07       		.byte	7
 288 0104 D8       		.byte	-40
 289 0105 04       		.byte	4
 290 0106 D9       		.byte	-39
 291 0107 04       		.byte	4
 292 0108 DA       		.byte	-38
 293 0109 04       		.byte	4
 294 010a DB       		.byte	-37
 295 010b 04       		.byte	4
 296 010c DF       		.byte	-33
 297 010d 01       		.byte	1
 298 010e E0       		.byte	-32
 299 010f 40       		.byte	64
 300 0110 E2       		.byte	-30
 301 0111 C0       		.byte	-64
 302 0112 E4       		.byte	-28
 303 0113 40       		.byte	64
 304 0114 E5       		.byte	-27
 305 0115 40       		.byte	64
 306 0116 E6       		.byte	-26
 307 0117 C0       		.byte	-64
 308 0118 E8       		.byte	-24
 309 0119 C0       		.byte	-64
 310 011a EA       		.byte	-22
 311 011b C0       		.byte	-64
 312 011c EC       		.byte	-20
 313 011d C0       		.byte	-64
 314 011e EE       		.byte	-18
 315 011f C0       		.byte	-64
 316 0120 06       		.byte	6
 317 0121 08       		.byte	8
 318 0122 07       		.byte	7
 319 0123 20       		.byte	32
 320 0124 09       		.byte	9
 321 0125 20       		.byte	32
 322 0126 0C       		.byte	12
 323 0127 08       		.byte	8
 324 0128 0F       		.byte	15
 325 0129 02       		.byte	2
 326 012a 19       		.byte	25
 327 012b 40       		.byte	64
 328 012c 1D       		.byte	29
 329 012d 30       		.byte	48
 330 012e 1E       		.byte	30
 331 012f 20       		.byte	32
 332 0130 1F       		.byte	31
 333 0131 02       		.byte	2
 334 0132 20       		.byte	32
 335 0133 08       		.byte	8
 336 0134 24       		.byte	36
 337 0135 40       		.byte	64
 338 0136 26       		.byte	38
 339 0137 80       		.byte	-128
 340 0138 27       		.byte	39
 341 0139 28       		.byte	40
 342 013a 29       		.byte	41
ARM GAS  C:\Users\Julien\AppData\Local\Temp\ccVDBKNi.s 			page 7


 343 013b 40       		.byte	64
 344 013c 2C       		.byte	44
 345 013d 08       		.byte	8
 346 013e 31       		.byte	49
 347 013f 10       		.byte	16
 348 0140 36       		.byte	54
 349 0141 80       		.byte	-128
 350 0142 38       		.byte	56
 351 0143 02       		.byte	2
 352 0144 3E       		.byte	62
 353 0145 28       		.byte	40
 354 0146 3F       		.byte	63
 355 0147 02       		.byte	2
 356 0148 42       		.byte	66
 357 0149 20       		.byte	32
 358 014a 46       		.byte	70
 359 014b 20       		.byte	32
 360 014c 48       		.byte	72
 361 014d 08       		.byte	8
 362 014e 4C       		.byte	76
 363 014f 08       		.byte	8
 364 0150 4F       		.byte	79
 365 0151 01       		.byte	1
 366 0152 56       		.byte	86
 367 0153 28       		.byte	40
 368 0154 57       		.byte	87
 369 0155 01       		.byte	1
 370 0156 5C       		.byte	92
 371 0157 40       		.byte	64
 372 0158 5E       		.byte	94
 373 0159 20       		.byte	32
 374 015a 5F       		.byte	95
 375 015b 09       		.byte	9
 376 015c 70       		.byte	112
 377 015d 01       		.byte	1
 378 015e A5       		.byte	-91
 379 015f 20       		.byte	32
 380 0160 A7       		.byte	-89
 381 0161 02       		.byte	2
 382 0162 C0       		.byte	-64
 383 0163 60       		.byte	96
 384 0164 C2       		.byte	-62
 385 0165 A2       		.byte	-94
 386 0166 CA       		.byte	-54
 387 0167 28       		.byte	40
 388 0168 CC       		.byte	-52
 389 0169 14       		.byte	20
 390 016a CE       		.byte	-50
 391 016b E1       		.byte	-31
 392 016c D0       		.byte	-48
 393 016d 42       		.byte	66
 394 016e D2       		.byte	-46
 395 016f 24       		.byte	36
 396 0170 D6       		.byte	-42
 397 0171 F0       		.byte	-16
 398 0172 E2       		.byte	-30
 399 0173 04       		.byte	4
ARM GAS  C:\Users\Julien\AppData\Local\Temp\ccVDBKNi.s 			page 8


 400 0174 E6       		.byte	-26
 401 0175 40       		.byte	64
 402 0176 83       		.byte	-125
 403 0177 04       		.byte	4
 404 0178 A0       		.byte	-96
 405 0179 04       		.byte	4
 406 017a A8       		.byte	-88
 407 017b 08       		.byte	8
 408 017c EA       		.byte	-22
 409 017d 01       		.byte	1
 410 017e 40       		.byte	64
 411 017f 65       		.byte	101
 412 0180 41       		.byte	65
 413 0181 04       		.byte	4
 414 0182 42       		.byte	66
 415 0183 03       		.byte	3
 416 0184 49       		.byte	73
 417 0185 FF       		.byte	-1
 418 0186 4A       		.byte	74
 419 0187 FF       		.byte	-1
 420 0188 4B       		.byte	75
 421 0189 FF       		.byte	-1
 422 018a 4F       		.byte	79
 423 018b 01       		.byte	1
 424 018c 50       		.byte	80
 425 018d 18       		.byte	24
 426 018e 5A       		.byte	90
 427 018f 04       		.byte	4
 428 0190 5D       		.byte	93
 429 0191 09       		.byte	9
 430 0192 5F       		.byte	95
 431 0193 01       		.byte	1
 432 0194 60       		.byte	96
 433 0195 40       		.byte	64
 434 0196 62       		.byte	98
 435 0197 40       		.byte	64
 436 0198 64       		.byte	100
 437 0199 40       		.byte	64
 438 019a 65       		.byte	101
 439 019b 40       		.byte	64
 440 019c 66       		.byte	102
 441 019d 80       		.byte	-128
 442 019e 68       		.byte	104
 443 019f 80       		.byte	-128
 444 01a0 6A       		.byte	106
 445 01a1 80       		.byte	-128
 446 01a2 6C       		.byte	108
 447 01a3 80       		.byte	-128
 448 01a4 6E       		.byte	110
 449 01a5 80       		.byte	-128
 450 01a6 81       		.byte	-127
 451 01a7 2D       		.byte	45
 452 01a8 89       		.byte	-119
 453 01a9 20       		.byte	32
 454 01aa 8B       		.byte	-117
 455 01ab 11       		.byte	17
 456 01ac 8D       		.byte	-115
ARM GAS  C:\Users\Julien\AppData\Local\Temp\ccVDBKNi.s 			page 9


 457 01ad 69       		.byte	105
 458 01ae 8E       		.byte	-114
 459 01af 04       		.byte	4
 460 01b0 8F       		.byte	-113
 461 01b1 12       		.byte	18
 462 01b2 90       		.byte	-112
 463 01b3 04       		.byte	4
 464 01b4 97       		.byte	-105
 465 01b5 2D       		.byte	45
 466 01b6 9A       		.byte	-102
 467 01b7 06       		.byte	6
 468 01b8 9C       		.byte	-100
 469 01b9 03       		.byte	3
 470 01ba 9D       		.byte	-99
 471 01bb 20       		.byte	32
 472 01bc 9F       		.byte	-97
 473 01bd 0E       		.byte	14
 474 01be A0       		.byte	-96
 475 01bf 04       		.byte	4
 476 01c0 A2       		.byte	-94
 477 01c1 01       		.byte	1
 478 01c2 AF       		.byte	-81
 479 01c3 6D       		.byte	109
 480 01c4 B1       		.byte	-79
 481 01c5 40       		.byte	64
 482 01c6 B2       		.byte	-78
 483 01c7 04       		.byte	4
 484 01c8 B3       		.byte	-77
 485 01c9 18       		.byte	24
 486 01ca B4       		.byte	-76
 487 01cb 03       		.byte	3
 488 01cc B5       		.byte	-75
 489 01cd 20       		.byte	32
 490 01ce B7       		.byte	-73
 491 01cf 07       		.byte	7
 492 01d0 BB       		.byte	-69
 493 01d1 88       		.byte	-120
 494 01d2 BE       		.byte	-66
 495 01d3 04       		.byte	4
 496 01d4 C0       		.byte	-64
 497 01d5 25       		.byte	37
 498 01d6 C1       		.byte	-63
 499 01d7 04       		.byte	4
 500 01d8 C2       		.byte	-62
 501 01d9 03       		.byte	3
 502 01da C9       		.byte	-55
 503 01db FF       		.byte	-1
 504 01dc CA       		.byte	-54
 505 01dd FF       		.byte	-1
 506 01de CB       		.byte	-53
 507 01df FF       		.byte	-1
 508 01e0 CD       		.byte	-51
 509 01e1 83       		.byte	-125
 510 01e2 CE       		.byte	-50
 511 01e3 03       		.byte	3
 512 01e4 CF       		.byte	-49
 513 01e5 01       		.byte	1
ARM GAS  C:\Users\Julien\AppData\Local\Temp\ccVDBKNi.s 			page 10


 514 01e6 D0       		.byte	-48
 515 01e7 18       		.byte	24
 516 01e8 D8       		.byte	-40
 517 01e9 04       		.byte	4
 518 01ea D9       		.byte	-39
 519 01eb 04       		.byte	4
 520 01ec DA       		.byte	-38
 521 01ed 04       		.byte	4
 522 01ee DB       		.byte	-37
 523 01ef 04       		.byte	4
 524 01f0 DC       		.byte	-36
 525 01f1 90       		.byte	-112
 526 01f2 DD       		.byte	-35
 527 01f3 09       		.byte	9
 528 01f4 DF       		.byte	-33
 529 01f5 01       		.byte	1
 530 01f6 E0       		.byte	-32
 531 01f7 40       		.byte	64
 532 01f8 E2       		.byte	-30
 533 01f9 40       		.byte	64
 534 01fa E4       		.byte	-28
 535 01fb 40       		.byte	64
 536 01fc E5       		.byte	-27
 537 01fd 40       		.byte	64
 538 01fe E6       		.byte	-26
 539 01ff 80       		.byte	-128
 540 0200 E8       		.byte	-24
 541 0201 80       		.byte	-128
 542 0202 EA       		.byte	-22
 543 0203 80       		.byte	-128
 544 0204 EC       		.byte	-20
 545 0205 80       		.byte	-128
 546 0206 EE       		.byte	-18
 547 0207 80       		.byte	-128
 548 0208 03       		.byte	3
 549 0209 01       		.byte	1
 550 020a 08       		.byte	8
 551 020b 80       		.byte	-128
 552 020c 0A       		.byte	10
 553 020d 08       		.byte	8
 554 020e 0B       		.byte	11
 555 020f 40       		.byte	64
 556 0210 13       		.byte	19
 557 0211 02       		.byte	2
 558 0212 18       		.byte	24
 559 0213 04       		.byte	4
 560 0214 1A       		.byte	26
 561 0215 18       		.byte	24
 562 0216 20       		.byte	32
 563 0217 10       		.byte	16
 564 0218 21       		.byte	33
 565 0219 81       		.byte	-127
 566 021a 22       		.byte	34
 567 021b 10       		.byte	16
 568 021c 23       		.byte	35
 569 021d 40       		.byte	64
 570 021e 2A       		.byte	42
ARM GAS  C:\Users\Julien\AppData\Local\Temp\ccVDBKNi.s 			page 11


 571 021f 80       		.byte	-128
 572 0220 31       		.byte	49
 573 0221 80       		.byte	-128
 574 0222 32       		.byte	50
 575 0223 04       		.byte	4
 576 0224 38       		.byte	56
 577 0225 10       		.byte	16
 578 0226 39       		.byte	57
 579 0227 42       		.byte	66
 580 0228 3E       		.byte	62
 581 0229 30       		.byte	48
 582 022a 40       		.byte	64
 583 022b 04       		.byte	4
 584 022c 42       		.byte	66
 585 022d 50       		.byte	80
 586 022e 46       		.byte	70
 587 022f 20       		.byte	32
 588 0230 47       		.byte	71
 589 0231 02       		.byte	2
 590 0232 4A       		.byte	74
 591 0233 02       		.byte	2
 592 0234 4E       		.byte	78
 593 0235 06       		.byte	6
 594 0236 69       		.byte	105
 595 0237 40       		.byte	64
 596 0238 6A       		.byte	106
 597 0239 40       		.byte	64
 598 023a 6B       		.byte	107
 599 023b 02       		.byte	2
 600 023c 94       		.byte	-108
 601 023d 04       		.byte	4
 602 023e 95       		.byte	-107
 603 023f 40       		.byte	64
 604 0240 96       		.byte	-106
 605 0241 70       		.byte	112
 606 0242 98       		.byte	-104
 607 0243 80       		.byte	-128
 608 0244 A2       		.byte	-94
 609 0245 02       		.byte	2
 610 0246 AB       		.byte	-85
 611 0247 80       		.byte	-128
 612 0248 C0       		.byte	-64
 613 0249 01       		.byte	1
 614 024a C2       		.byte	-62
 615 024b 0B       		.byte	11
 616 024c C4       		.byte	-60
 617 024d 08       		.byte	8
 618 024e CA       		.byte	-54
 619 024f 08       		.byte	8
 620 0250 CC       		.byte	-52
 621 0251 0A       		.byte	10
 622 0252 CE       		.byte	-50
 623 0253 0D       		.byte	13
 624 0254 D0       		.byte	-48
 625 0255 C7       		.byte	-57
 626 0256 D2       		.byte	-46
 627 0257 38       		.byte	56
ARM GAS  C:\Users\Julien\AppData\Local\Temp\ccVDBKNi.s 			page 12


 628 0258 06       		.byte	6
 629 0259 01       		.byte	1
 630 025a 0E       		.byte	14
 631 025b 01       		.byte	1
 632 025c 36       		.byte	54
 633 025d 01       		.byte	1
 634 025e 3E       		.byte	62
 635 025f 40       		.byte	64
 636 0260 40       		.byte	64
 637 0261 25       		.byte	37
 638 0262 41       		.byte	65
 639 0263 04       		.byte	4
 640 0264 42       		.byte	66
 641 0265 03       		.byte	3
 642 0266 45       		.byte	69
 643 0267 EC       		.byte	-20
 644 0268 47       		.byte	71
 645 0269 20       		.byte	32
 646 026a 48       		.byte	72
 647 026b 23       		.byte	35
 648 026c 49       		.byte	73
 649 026d FF       		.byte	-1
 650 026e 4A       		.byte	74
 651 026f FF       		.byte	-1
 652 0270 4B       		.byte	75
 653 0271 FF       		.byte	-1
 654 0272 4D       		.byte	77
 655 0273 83       		.byte	-125
 656 0274 4E       		.byte	78
 657 0275 03       		.byte	3
 658 0276 4F       		.byte	79
 659 0277 01       		.byte	1
 660 0278 50       		.byte	80
 661 0279 18       		.byte	24
 662 027a 54       		.byte	84
 663 027b 03       		.byte	3
 664 027c 56       		.byte	86
 665 027d 04       		.byte	4
 666 027e 58       		.byte	88
 667 027f 04       		.byte	4
 668 0280 5A       		.byte	90
 669 0281 04       		.byte	4
 670 0282 5B       		.byte	91
 671 0283 04       		.byte	4
 672 0284 5D       		.byte	93
 673 0285 99       		.byte	-103
 674 0286 5F       		.byte	95
 675 0287 05       		.byte	5
 676 0288 60       		.byte	96
 677 0289 40       		.byte	64
 678 028a 62       		.byte	98
 679 028b 40       		.byte	64
 680 028c 64       		.byte	100
 681 028d 40       		.byte	64
 682 028e 65       		.byte	101
 683 028f 40       		.byte	64
 684 0290 66       		.byte	102
ARM GAS  C:\Users\Julien\AppData\Local\Temp\ccVDBKNi.s 			page 13


 685 0291 80       		.byte	-128
 686 0292 68       		.byte	104
 687 0293 80       		.byte	-128
 688 0294 6A       		.byte	106
 689 0295 80       		.byte	-128
 690 0296 6C       		.byte	108
 691 0297 80       		.byte	-128
 692 0298 6E       		.byte	110
 693 0299 80       		.byte	-128
 694 029a AF       		.byte	-81
 695 029b 01       		.byte	1
 696 029c B1       		.byte	-79
 697 029d 01       		.byte	1
 698 029e D9       		.byte	-39
 699 029f 04       		.byte	4
 700 02a0 DF       		.byte	-33
 701 02a1 01       		.byte	1
 702 02a2 00       		.byte	0
 703 02a3 04       		.byte	4
 704 02a4 02       		.byte	2
 705 02a5 02       		.byte	2
 706 02a6 19       		.byte	25
 707 02a7 40       		.byte	64
 708 02a8 27       		.byte	39
 709 02a9 80       		.byte	-128
 710 02aa 2E       		.byte	46
 711 02ab 40       		.byte	64
 712 02ac 40       		.byte	64
 713 02ad 04       		.byte	4
 714 02ae 42       		.byte	66
 715 02af 50       		.byte	80
 716 02b0 49       		.byte	73
 717 02b1 05       		.byte	5
 718 02b2 4A       		.byte	74
 719 02b3 02       		.byte	2
 720 02b4 52       		.byte	82
 721 02b5 02       		.byte	2
 722 02b6 59       		.byte	89
 723 02b7 45       		.byte	69
 724 02b8 5A       		.byte	90
 725 02b9 20       		.byte	32
 726 02ba 60       		.byte	96
 727 02bb 80       		.byte	-128
 728 02bc 63       		.byte	99
 729 02bd 80       		.byte	-128
 730 02be 79       		.byte	121
 731 02bf 40       		.byte	64
 732 02c0 83       		.byte	-125
 733 02c1 40       		.byte	64
 734 02c2 8C       		.byte	-116
 735 02c3 04       		.byte	4
 736 02c4 C0       		.byte	-64
 737 02c5 05       		.byte	5
 738 02c6 CA       		.byte	-54
 739 02c7 10       		.byte	16
 740 02c8 D0       		.byte	-48
 741 02c9 07       		.byte	7
ARM GAS  C:\Users\Julien\AppData\Local\Temp\ccVDBKNi.s 			page 14


 742 02ca D2       		.byte	-46
 743 02cb 08       		.byte	8
 744 02cc D6       		.byte	-42
 745 02cd 0F       		.byte	15
 746 02ce D8       		.byte	-40
 747 02cf 01       		.byte	1
 748 02d0 DE       		.byte	-34
 749 02d1 08       		.byte	8
 750 02d2 E6       		.byte	-26
 751 02d3 40       		.byte	64
 752 02d4 40       		.byte	64
 753 02d5 54       		.byte	84
 754 02d6 49       		.byte	73
 755 02d7 FF       		.byte	-1
 756 02d8 4A       		.byte	74
 757 02d9 FF       		.byte	-1
 758 02da 4B       		.byte	75
 759 02db FF       		.byte	-1
 760 02dc 4F       		.byte	79
 761 02dd 01       		.byte	1
 762 02de 50       		.byte	80
 763 02df 18       		.byte	24
 764 02e0 5A       		.byte	90
 765 02e1 04       		.byte	4
 766 02e2 5D       		.byte	93
 767 02e3 09       		.byte	9
 768 02e4 5F       		.byte	95
 769 02e5 01       		.byte	1
 770 02e6 60       		.byte	96
 771 02e7 40       		.byte	64
 772 02e8 62       		.byte	98
 773 02e9 40       		.byte	64
 774 02ea 64       		.byte	100
 775 02eb 40       		.byte	64
 776 02ec 65       		.byte	101
 777 02ed 40       		.byte	64
 778 02ee 66       		.byte	102
 779 02ef 80       		.byte	-128
 780 02f0 68       		.byte	104
 781 02f1 80       		.byte	-128
 782 02f2 6A       		.byte	106
 783 02f3 80       		.byte	-128
 784 02f4 6C       		.byte	108
 785 02f5 80       		.byte	-128
 786 02f6 6E       		.byte	110
 787 02f7 80       		.byte	-128
 788 02f8 C0       		.byte	-64
 789 02f9 14       		.byte	20
 790 02fa C9       		.byte	-55
 791 02fb FF       		.byte	-1
 792 02fc CA       		.byte	-54
 793 02fd FF       		.byte	-1
 794 02fe CB       		.byte	-53
 795 02ff FF       		.byte	-1
 796 0300 CD       		.byte	-51
 797 0301 83       		.byte	-125
 798 0302 CE       		.byte	-50
ARM GAS  C:\Users\Julien\AppData\Local\Temp\ccVDBKNi.s 			page 15


 799 0303 03       		.byte	3
 800 0304 CF       		.byte	-49
 801 0305 01       		.byte	1
 802 0306 D0       		.byte	-48
 803 0307 18       		.byte	24
 804 0308 D2       		.byte	-46
 805 0309 80       		.byte	-128
 806 030a DA       		.byte	-38
 807 030b 04       		.byte	4
 808 030c DB       		.byte	-37
 809 030d 04       		.byte	4
 810 030e DD       		.byte	-35
 811 030f 99       		.byte	-103
 812 0310 DF       		.byte	-33
 813 0311 01       		.byte	1
 814 0312 E0       		.byte	-32
 815 0313 40       		.byte	64
 816 0314 E2       		.byte	-30
 817 0315 40       		.byte	64
 818 0316 E4       		.byte	-28
 819 0317 40       		.byte	64
 820 0318 E5       		.byte	-27
 821 0319 40       		.byte	64
 822 031a E6       		.byte	-26
 823 031b 80       		.byte	-128
 824 031c E8       		.byte	-24
 825 031d 80       		.byte	-128
 826 031e EA       		.byte	-22
 827 031f 80       		.byte	-128
 828 0320 EC       		.byte	-20
 829 0321 80       		.byte	-128
 830 0322 EE       		.byte	-18
 831 0323 80       		.byte	-128
 832 0324 42       		.byte	66
 833 0325 80       		.byte	-128
 834 0326 46       		.byte	70
 835 0327 80       		.byte	-128
 836 0328 47       		.byte	71
 837 0329 80       		.byte	-128
 838 032a 48       		.byte	72
 839 032b 01       		.byte	1
 840 032c 74       		.byte	116
 841 032d 01       		.byte	1
 842 032e 77       		.byte	119
 843 032f 80       		.byte	-128
 844 0330 9A       		.byte	-102
 845 0331 80       		.byte	-128
 846 0332 9F       		.byte	-97
 847 0333 80       		.byte	-128
 848 0334 AE       		.byte	-82
 849 0335 02       		.byte	2
 850 0336 D0       		.byte	-48
 851 0337 91       		.byte	-111
 852 0338 D2       		.byte	-46
 853 0339 08       		.byte	8
 854 033a 22       		.byte	34
 855 033b 01       		.byte	1
ARM GAS  C:\Users\Julien\AppData\Local\Temp\ccVDBKNi.s 			page 16


 856 033c 2E       		.byte	46
 857 033d 01       		.byte	1
 858 033e 30       		.byte	48
 859 033f 01       		.byte	1
 860 0340 3E       		.byte	62
 861 0341 01       		.byte	1
 862 0342 40       		.byte	64
 863 0343 14       		.byte	20
 864 0344 45       		.byte	69
 865 0345 EC       		.byte	-20
 866 0346 46       		.byte	70
 867 0347 02       		.byte	2
 868 0348 48       		.byte	72
 869 0349 07       		.byte	7
 870 034a 49       		.byte	73
 871 034b FF       		.byte	-1
 872 034c 4A       		.byte	74
 873 034d FF       		.byte	-1
 874 034e 4B       		.byte	75
 875 034f FF       		.byte	-1
 876 0350 4D       		.byte	77
 877 0351 83       		.byte	-125
 878 0352 4E       		.byte	78
 879 0353 03       		.byte	3
 880 0354 4F       		.byte	79
 881 0355 01       		.byte	1
 882 0356 50       		.byte	80
 883 0357 18       		.byte	24
 884 0358 54       		.byte	84
 885 0359 01       		.byte	1
 886 035a 56       		.byte	86
 887 035b 04       		.byte	4
 888 035c 58       		.byte	88
 889 035d 04       		.byte	4
 890 035e 5A       		.byte	90
 891 035f 04       		.byte	4
 892 0360 5B       		.byte	91
 893 0361 04       		.byte	4
 894 0362 5D       		.byte	93
 895 0363 99       		.byte	-103
 896 0364 5F       		.byte	95
 897 0365 01       		.byte	1
 898 0366 60       		.byte	96
 899 0367 40       		.byte	64
 900 0368 62       		.byte	98
 901 0369 40       		.byte	64
 902 036a 64       		.byte	100
 903 036b 40       		.byte	64
 904 036c 65       		.byte	101
 905 036d 40       		.byte	64
 906 036e 66       		.byte	102
 907 036f 80       		.byte	-128
 908 0370 68       		.byte	104
 909 0371 80       		.byte	-128
 910 0372 6A       		.byte	106
 911 0373 80       		.byte	-128
 912 0374 6C       		.byte	108
ARM GAS  C:\Users\Julien\AppData\Local\Temp\ccVDBKNi.s 			page 17


 913 0375 80       		.byte	-128
 914 0376 6E       		.byte	110
 915 0377 80       		.byte	-128
 916 0378 94       		.byte	-108
 917 0379 01       		.byte	1
 918 037a 98       		.byte	-104
 919 037b 04       		.byte	4
 920 037c A2       		.byte	-94
 921 037d 0C       		.byte	12
 922 037e A6       		.byte	-90
 923 037f 03       		.byte	3
 924 0380 B0       		.byte	-80
 925 0381 01       		.byte	1
 926 0382 B2       		.byte	-78
 927 0383 02       		.byte	2
 928 0384 B4       		.byte	-76
 929 0385 08       		.byte	8
 930 0386 B6       		.byte	-74
 931 0387 04       		.byte	4
 932 0388 BE       		.byte	-66
 933 0389 41       		.byte	65
 934 038a C0       		.byte	-64
 935 038b 61       		.byte	97
 936 038c C5       		.byte	-59
 937 038d 42       		.byte	66
 938 038e C6       		.byte	-58
 939 038f C2       		.byte	-62
 940 0390 C7       		.byte	-57
 941 0391 0E       		.byte	14
 942 0392 C8       		.byte	-56
 943 0393 1F       		.byte	31
 944 0394 C9       		.byte	-55
 945 0395 FF       		.byte	-1
 946 0396 CA       		.byte	-54
 947 0397 FF       		.byte	-1
 948 0398 CB       		.byte	-53
 949 0399 FF       		.byte	-1
 950 039a CD       		.byte	-51
 951 039b A0       		.byte	-96
 952 039c CF       		.byte	-49
 953 039d 01       		.byte	1
 954 039e D0       		.byte	-48
 955 039f 18       		.byte	24
 956 03a0 D4       		.byte	-44
 957 03a1 0B       		.byte	11
 958 03a2 D8       		.byte	-40
 959 03a3 04       		.byte	4
 960 03a4 DA       		.byte	-38
 961 03a5 04       		.byte	4
 962 03a6 DB       		.byte	-37
 963 03a7 04       		.byte	4
 964 03a8 DC       		.byte	-36
 965 03a9 09       		.byte	9
 966 03aa DD       		.byte	-35
 967 03ab 99       		.byte	-103
 968 03ac DF       		.byte	-33
 969 03ad 01       		.byte	1
ARM GAS  C:\Users\Julien\AppData\Local\Temp\ccVDBKNi.s 			page 18


 970 03ae E0       		.byte	-32
 971 03af 40       		.byte	64
 972 03b0 E2       		.byte	-30
 973 03b1 80       		.byte	-128
 974 03b2 E4       		.byte	-28
 975 03b3 40       		.byte	64
 976 03b4 E5       		.byte	-27
 977 03b5 40       		.byte	64
 978 03b6 E6       		.byte	-26
 979 03b7 80       		.byte	-128
 980 03b8 E8       		.byte	-24
 981 03b9 40       		.byte	64
 982 03ba EA       		.byte	-22
 983 03bb 50       		.byte	80
 984 03bc EB       		.byte	-21
 985 03bd A8       		.byte	-88
 986 03be EC       		.byte	-20
 987 03bf 40       		.byte	64
 988 03c0 ED       		.byte	-19
 989 03c1 20       		.byte	32
 990 03c2 EE       		.byte	-18
 991 03c3 50       		.byte	80
 992 03c4 EF       		.byte	-17
 993 03c5 A8       		.byte	-88
 994 03c6 0A       		.byte	10
 995 03c7 14       		.byte	20
 996 03c8 10       		.byte	16
 997 03c9 B0       		.byte	-80
 998 03ca 16       		.byte	22
 999 03cb 80       		.byte	-128
 1000 03cc 17       		.byte	23
 1001 03cd 80       		.byte	-128
 1002 03ce 19       		.byte	25
 1003 03cf 42       		.byte	66
 1004 03d0 1A       		.byte	26
 1005 03d1 14       		.byte	20
 1006 03d2 1B       		.byte	27
 1007 03d3 04       		.byte	4
 1008 03d4 1E       		.byte	30
 1009 03d5 80       		.byte	-128
 1010 03d6 41       		.byte	65
 1011 03d7 40       		.byte	64
 1012 03d8 46       		.byte	70
 1013 03d9 80       		.byte	-128
 1014 03da 47       		.byte	71
 1015 03db 80       		.byte	-128
 1016 03dc 48       		.byte	72
 1017 03dd A4       		.byte	-92
 1018 03de 4D       		.byte	77
 1019 03df 04       		.byte	4
 1020 03e0 4F       		.byte	79
 1021 03e1 01       		.byte	1
 1022 03e2 51       		.byte	81
 1023 03e3 48       		.byte	72
 1024 03e4 52       		.byte	82
 1025 03e5 10       		.byte	16
 1026 03e6 56       		.byte	86
ARM GAS  C:\Users\Julien\AppData\Local\Temp\ccVDBKNi.s 			page 19


 1027 03e7 80       		.byte	-128
 1028 03e8 58       		.byte	88
 1029 03e9 10       		.byte	16
 1030 03ea 59       		.byte	89
 1031 03eb 42       		.byte	66
 1032 03ec 5D       		.byte	93
 1033 03ed 04       		.byte	4
 1034 03ee 5E       		.byte	94
 1035 03ef 80       		.byte	-128
 1036 03f0 5F       		.byte	95
 1037 03f1 01       		.byte	1
 1038 03f2 61       		.byte	97
 1039 03f3 08       		.byte	8
 1040 03f4 62       		.byte	98
 1041 03f5 10       		.byte	16
 1042 03f6 66       		.byte	102
 1043 03f7 02       		.byte	2
 1044 03f8 A0       		.byte	-96
 1045 03f9 04       		.byte	4
 1046 03fa A7       		.byte	-89
 1047 03fb 04       		.byte	4
 1048 03fc C2       		.byte	-62
 1049 03fd 06       		.byte	6
 1050 03fe C4       		.byte	-60
 1051 03ff 9C       		.byte	-100
 1052 0400 D0       		.byte	-48
 1053 0401 98       		.byte	-104
 1054 0402 D2       		.byte	-46
 1055 0403 04       		.byte	4
 1056 0404 D6       		.byte	-42
 1057 0405 DD       		.byte	-35
 1058 0406 D8       		.byte	-40
 1059 0407 86       		.byte	-122
 1060 0408 AE       		.byte	-82
 1061 0409 80       		.byte	-128
 1062 040a AF       		.byte	-81
 1063 040b 01       		.byte	1
 1064 040c EA       		.byte	-22
 1065 040d 02       		.byte	2
 1066 040e 31       		.byte	49
 1067 040f 10       		.byte	16
 1068 0410 32       		.byte	50
 1069 0411 04       		.byte	4
 1070 0412 35       		.byte	53
 1071 0413 80       		.byte	-128
 1072 0414 54       		.byte	84
 1073 0415 10       		.byte	16
 1074 0416 56       		.byte	86
 1075 0417 01       		.byte	1
 1076 0418 5B       		.byte	91
 1077 0419 10       		.byte	16
 1078 041a CC       		.byte	-52
 1079 041b 70       		.byte	112
 1080 041c D4       		.byte	-44
 1081 041d C0       		.byte	-64
 1082 041e D6       		.byte	-42
 1083 041f 20       		.byte	32
ARM GAS  C:\Users\Julien\AppData\Local\Temp\ccVDBKNi.s 			page 20


 1084 0420 88       		.byte	-120
 1085 0421 10       		.byte	16
 1086 0422 8E       		.byte	-114
 1087 0423 01       		.byte	1
 1088 0424 96       		.byte	-106
 1089 0425 08       		.byte	8
 1090 0426 9D       		.byte	-99
 1091 0427 90       		.byte	-112
 1092 0428 9E       		.byte	-98
 1093 0429 01       		.byte	1
 1094 042a 9F       		.byte	-97
 1095 042b 10       		.byte	16
 1096 042c A4       		.byte	-92
 1097 042d 10       		.byte	16
 1098 042e 81       		.byte	-127
 1099 042f 80       		.byte	-128
 1100 0430 8F       		.byte	-113
 1101 0431 10       		.byte	16
 1102 0432 96       		.byte	-106
 1103 0433 08       		.byte	8
 1104 0434 9D       		.byte	-99
 1105 0435 90       		.byte	-112
 1106 0436 9F       		.byte	-97
 1107 0437 10       		.byte	16
 1108 0438 E2       		.byte	-30
 1109 0439 20       		.byte	32
 1110 043a 81       		.byte	-127
 1111 043b 10       		.byte	16
 1112 043c 96       		.byte	-106
 1113 043d 08       		.byte	8
 1114 043e 9D       		.byte	-99
 1115 043f 10       		.byte	16
 1116 0440 E6       		.byte	-26
 1117 0441 20       		.byte	32
 1118 0442 2A       		.byte	42
 1119 0443 10       		.byte	16
 1120 0444 CA       		.byte	-54
 1121 0445 08       		.byte	8
 1122 0446 9A       		.byte	-102
 1123 0447 10       		.byte	16
 1124 0448 9A       		.byte	-102
 1125 0449 10       		.byte	16
 1126 044a 9A       		.byte	-102
 1127 044b 10       		.byte	16
 1128 044c 96       		.byte	-106
 1129 044d 08       		.byte	8
 1130 044e AE       		.byte	-82
 1131 044f 04       		.byte	4
 1132 0450 EE       		.byte	-18
 1133 0451 10       		.byte	16
 1134 0452 AE       		.byte	-82
 1135 0453 10       		.byte	16
 1136 0454 00       		.byte	0
 1137 0455 01       		.byte	1
 1138 0456 01       		.byte	1
 1139 0457 01       		.byte	1
 1140 0458 0A       		.byte	10
ARM GAS  C:\Users\Julien\AppData\Local\Temp\ccVDBKNi.s 			page 21


 1141 0459 01       		.byte	1
 1142 045a 0B       		.byte	11
 1143 045b 01       		.byte	1
 1144 045c 0C       		.byte	12
 1145 045d 01       		.byte	1
 1146 045e 0D       		.byte	13
 1147 045f 01       		.byte	1
 1148 0460 11       		.byte	17
 1149 0461 01       		.byte	1
 1150 0462 1B       		.byte	27
 1151 0463 01       		.byte	1
 1152 0464 00       		.byte	0
 1153 0465 3F       		.byte	63
 1154 0466 00       		.byte	0
 1155 0467 00       		.byte	0
 1156 0468 00       		.byte	0
 1157 0469 0B       		.byte	11
 1158 046a 0B       		.byte	11
 1159 046b 00       		.byte	0
 1160 046c 00       		.byte	0
 1161 046d 00       		.byte	0
 1162 046e 00       		.byte	0
 1163 046f 00       		.byte	0
 1164 0470 00       		.byte	0
 1165 0471 7F       		.byte	127
 1166 0472 7F       		.byte	127
 1167 0473 00       		.byte	0
 1168 0474 00       		.byte	0
 1169 0475 00       		.byte	0
 1170 0476 00       		.byte	0
 1171 0477 00       		.byte	0
 1172 0478 00       		.byte	0
 1173 0479 0E       		.byte	14
 1174 047a 0E       		.byte	14
 1175 047b 00       		.byte	0
 1176 047c 0E       		.byte	14
 1177 047d 00       		.byte	0
 1178 047e 01       		.byte	1
 1179 047f 00       		.byte	0
 1180              		.section	.cywolatch,"a",%progbits
 1181              		.align	2
 1182              		.type	cy_meta_wonvl, %object
 1183              		.size	cy_meta_wonvl, 4
 1184              	cy_meta_wonvl:
 1185 0000 BC       		.byte	-68
 1186 0001 90       		.byte	-112
 1187 0002 AC       		.byte	-84
 1188 0003 AF       		.byte	-81
 1189              		.section	.cycustnvl,"a",%progbits
 1190              		.align	2
 1191              		.type	cy_meta_custnvl, %object
 1192              		.size	cy_meta_custnvl, 4
 1193              	cy_meta_custnvl:
 1194 0000 00       		.byte	0
 1195 0001 00       		.byte	0
 1196 0002 40       		.byte	64
 1197 0003 05       		.byte	5
ARM GAS  C:\Users\Julien\AppData\Local\Temp\ccVDBKNi.s 			page 22


 1198              		.section	.cymeta,"a",%progbits
 1199              		.align	2
 1200              		.type	cy_metadata, %object
 1201              		.size	cy_metadata, 12
 1202              	cy_metadata:
 1203 0000 00       		.byte	0
 1204 0001 01       		.byte	1
 1205 0002 2E       		.byte	46
 1206 0003 12       		.byte	18
 1207 0004 30       		.byte	48
 1208 0005 69       		.byte	105
 1209 0006 00       		.byte	0
 1210 0007 01       		.byte	1
 1211 0008 00       		.byte	0
 1212 0009 00       		.byte	0
 1213 000a 00       		.byte	0
 1214 000b 00       		.byte	0
 1215              		.section	.cyflashprotect,"a",%progbits
 1216              		.align	2
 1217              		.type	cy_meta_flashprotect, %object
 1218              		.size	cy_meta_flashprotect, 256
 1219              	cy_meta_flashprotect:
 1220 0000 00000000 		.space	256
 1220      00000000 
 1220      00000000 
 1220      00000000 
 1220      00000000 
 1221              		.text
 1222              	.Letext0:
 1223              		.file 1 "Generated_Source\\PSoC5\\cymetadata.c"
 1224              		.file 2 "Generated_Source\\PSoC5\\cytypes.h"
 1225              		.section	.debug_info,"",%progbits
 1226              	.Ldebug_info0:
 1227 0000 38010000 		.4byte	0x138
 1228 0004 0400     		.2byte	0x4
 1229 0006 00000000 		.4byte	.Ldebug_abbrev0
 1230 000a 04       		.byte	0x4
 1231 000b 01       		.uleb128 0x1
 1232 000c 6E000000 		.4byte	.LASF18
 1233 0010 01       		.byte	0x1
 1234 0011 E3010000 		.4byte	.LASF19
 1235 0015 20010000 		.4byte	.LASF20
 1236 0019 00000000 		.4byte	.Ldebug_line0
 1237 001d 02       		.uleb128 0x2
 1238 001e 01       		.byte	0x1
 1239 001f 06       		.byte	0x6
 1240 0020 D7010000 		.4byte	.LASF0
 1241 0024 02       		.uleb128 0x2
 1242 0025 01       		.byte	0x1
 1243 0026 08       		.byte	0x8
 1244 0027 12000000 		.4byte	.LASF1
 1245 002b 02       		.uleb128 0x2
 1246 002c 02       		.byte	0x2
 1247 002d 05       		.byte	0x5
 1248 002e BE010000 		.4byte	.LASF2
 1249 0032 02       		.uleb128 0x2
 1250 0033 02       		.byte	0x2
ARM GAS  C:\Users\Julien\AppData\Local\Temp\ccVDBKNi.s 			page 23


 1251 0034 07       		.byte	0x7
 1252 0035 32000000 		.4byte	.LASF3
 1253 0039 02       		.uleb128 0x2
 1254 003a 04       		.byte	0x4
 1255 003b 05       		.byte	0x5
 1256 003c CE010000 		.4byte	.LASF4
 1257 0040 02       		.uleb128 0x2
 1258 0041 04       		.byte	0x4
 1259 0042 07       		.byte	0x7
 1260 0043 20000000 		.4byte	.LASF5
 1261 0047 02       		.uleb128 0x2
 1262 0048 08       		.byte	0x8
 1263 0049 05       		.byte	0x5
 1264 004a AB010000 		.4byte	.LASF6
 1265 004e 02       		.uleb128 0x2
 1266 004f 08       		.byte	0x8
 1267 0050 07       		.byte	0x7
 1268 0051 09010000 		.4byte	.LASF7
 1269 0055 03       		.uleb128 0x3
 1270 0056 04       		.byte	0x4
 1271 0057 05       		.byte	0x5
 1272 0058 696E7400 		.ascii	"int\000"
 1273 005c 02       		.uleb128 0x2
 1274 005d 04       		.byte	0x4
 1275 005e 07       		.byte	0x7
 1276 005f FC000000 		.4byte	.LASF8
 1277 0063 04       		.uleb128 0x4
 1278 0064 C8010000 		.4byte	.LASF21
 1279 0068 02       		.byte	0x2
 1280 0069 9201     		.2byte	0x192
 1281 006b 24000000 		.4byte	0x24
 1282 006f 02       		.uleb128 0x2
 1283 0070 04       		.byte	0x4
 1284 0071 04       		.byte	0x4
 1285 0072 0C000000 		.4byte	.LASF9
 1286 0076 02       		.uleb128 0x2
 1287 0077 08       		.byte	0x8
 1288 0078 04       		.byte	0x4
 1289 0079 45000000 		.4byte	.LASF10
 1290 007d 02       		.uleb128 0x2
 1291 007e 01       		.byte	0x1
 1292 007f 08       		.byte	0x8
 1293 0080 B9010000 		.4byte	.LASF11
 1294 0084 05       		.uleb128 0x5
 1295 0085 63000000 		.4byte	0x63
 1296 0089 95000000 		.4byte	0x95
 1297 008d 06       		.uleb128 0x6
 1298 008e 95000000 		.4byte	0x95
 1299 0092 7F04     		.2byte	0x47f
 1300 0094 00       		.byte	0
 1301 0095 02       		.uleb128 0x2
 1302 0096 04       		.byte	0x4
 1303 0097 07       		.byte	0x7
 1304 0098 A2010000 		.4byte	.LASF12
 1305 009c 07       		.uleb128 0x7
 1306 009d 5C000000 		.4byte	.LASF13
 1307 00a1 01       		.byte	0x1
ARM GAS  C:\Users\Julien\AppData\Local\Temp\ccVDBKNi.s 			page 24


 1308 00a2 1F       		.byte	0x1f
 1309 00a3 AD000000 		.4byte	0xad
 1310 00a7 05       		.uleb128 0x5
 1311 00a8 03       		.byte	0x3
 1312 00a9 00000000 		.4byte	cy_meta_configecc
 1313 00ad 08       		.uleb128 0x8
 1314 00ae 84000000 		.4byte	0x84
 1315 00b2 05       		.uleb128 0x5
 1316 00b3 63000000 		.4byte	0x63
 1317 00b7 C2000000 		.4byte	0xc2
 1318 00bb 09       		.uleb128 0x9
 1319 00bc 95000000 		.4byte	0x95
 1320 00c0 03       		.byte	0x3
 1321 00c1 00       		.byte	0
 1322 00c2 07       		.uleb128 0x7
 1323 00c3 4C000000 		.4byte	.LASF14
 1324 00c7 01       		.byte	0x1
 1325 00c8 BC       		.byte	0xbc
 1326 00c9 D3000000 		.4byte	0xd3
 1327 00cd 05       		.uleb128 0x5
 1328 00ce 03       		.byte	0x3
 1329 00cf 00000000 		.4byte	cy_meta_custnvl
 1330 00d3 08       		.uleb128 0x8
 1331 00d4 B2000000 		.4byte	0xb2
 1332 00d8 07       		.uleb128 0x7
 1333 00d9 94010000 		.4byte	.LASF15
 1334 00dd 01       		.byte	0x1
 1335 00de CA       		.byte	0xca
 1336 00df E9000000 		.4byte	0xe9
 1337 00e3 05       		.uleb128 0x5
 1338 00e4 03       		.byte	0x3
 1339 00e5 00000000 		.4byte	cy_meta_wonvl
 1340 00e9 08       		.uleb128 0x8
 1341 00ea B2000000 		.4byte	0xb2
 1342 00ee 05       		.uleb128 0x5
 1343 00ef 63000000 		.4byte	0x63
 1344 00f3 FE000000 		.4byte	0xfe
 1345 00f7 09       		.uleb128 0x9
 1346 00f8 95000000 		.4byte	0x95
 1347 00fc FF       		.byte	0xff
 1348 00fd 00       		.byte	0
 1349 00fe 07       		.uleb128 0x7
 1350 00ff 7F010000 		.4byte	.LASF16
 1351 0103 01       		.byte	0x1
 1352 0104 D8       		.byte	0xd8
 1353 0105 0F010000 		.4byte	0x10f
 1354 0109 05       		.uleb128 0x5
 1355 010a 03       		.byte	0x3
 1356 010b 00000000 		.4byte	cy_meta_flashprotect
 1357 010f 08       		.uleb128 0x8
 1358 0110 EE000000 		.4byte	0xee
 1359 0114 05       		.uleb128 0x5
 1360 0115 63000000 		.4byte	0x63
 1361 0119 24010000 		.4byte	0x124
 1362 011d 09       		.uleb128 0x9
 1363 011e 95000000 		.4byte	0x95
 1364 0122 0B       		.byte	0xb
ARM GAS  C:\Users\Julien\AppData\Local\Temp\ccVDBKNi.s 			page 25


 1365 0123 00       		.byte	0
 1366 0124 0A       		.uleb128 0xa
 1367 0125 00000000 		.4byte	.LASF17
 1368 0129 01       		.byte	0x1
 1369 012a 0501     		.2byte	0x105
 1370 012c 36010000 		.4byte	0x136
 1371 0130 05       		.uleb128 0x5
 1372 0131 03       		.byte	0x3
 1373 0132 00000000 		.4byte	cy_metadata
 1374 0136 08       		.uleb128 0x8
 1375 0137 14010000 		.4byte	0x114
 1376 013b 00       		.byte	0
 1377              		.section	.debug_abbrev,"",%progbits
 1378              	.Ldebug_abbrev0:
 1379 0000 01       		.uleb128 0x1
 1380 0001 11       		.uleb128 0x11
 1381 0002 01       		.byte	0x1
 1382 0003 25       		.uleb128 0x25
 1383 0004 0E       		.uleb128 0xe
 1384 0005 13       		.uleb128 0x13
 1385 0006 0B       		.uleb128 0xb
 1386 0007 03       		.uleb128 0x3
 1387 0008 0E       		.uleb128 0xe
 1388 0009 1B       		.uleb128 0x1b
 1389 000a 0E       		.uleb128 0xe
 1390 000b 10       		.uleb128 0x10
 1391 000c 17       		.uleb128 0x17
 1392 000d 00       		.byte	0
 1393 000e 00       		.byte	0
 1394 000f 02       		.uleb128 0x2
 1395 0010 24       		.uleb128 0x24
 1396 0011 00       		.byte	0
 1397 0012 0B       		.uleb128 0xb
 1398 0013 0B       		.uleb128 0xb
 1399 0014 3E       		.uleb128 0x3e
 1400 0015 0B       		.uleb128 0xb
 1401 0016 03       		.uleb128 0x3
 1402 0017 0E       		.uleb128 0xe
 1403 0018 00       		.byte	0
 1404 0019 00       		.byte	0
 1405 001a 03       		.uleb128 0x3
 1406 001b 24       		.uleb128 0x24
 1407 001c 00       		.byte	0
 1408 001d 0B       		.uleb128 0xb
 1409 001e 0B       		.uleb128 0xb
 1410 001f 3E       		.uleb128 0x3e
 1411 0020 0B       		.uleb128 0xb
 1412 0021 03       		.uleb128 0x3
 1413 0022 08       		.uleb128 0x8
 1414 0023 00       		.byte	0
 1415 0024 00       		.byte	0
 1416 0025 04       		.uleb128 0x4
 1417 0026 16       		.uleb128 0x16
 1418 0027 00       		.byte	0
 1419 0028 03       		.uleb128 0x3
 1420 0029 0E       		.uleb128 0xe
 1421 002a 3A       		.uleb128 0x3a
ARM GAS  C:\Users\Julien\AppData\Local\Temp\ccVDBKNi.s 			page 26


 1422 002b 0B       		.uleb128 0xb
 1423 002c 3B       		.uleb128 0x3b
 1424 002d 05       		.uleb128 0x5
 1425 002e 49       		.uleb128 0x49
 1426 002f 13       		.uleb128 0x13
 1427 0030 00       		.byte	0
 1428 0031 00       		.byte	0
 1429 0032 05       		.uleb128 0x5
 1430 0033 01       		.uleb128 0x1
 1431 0034 01       		.byte	0x1
 1432 0035 49       		.uleb128 0x49
 1433 0036 13       		.uleb128 0x13
 1434 0037 01       		.uleb128 0x1
 1435 0038 13       		.uleb128 0x13
 1436 0039 00       		.byte	0
 1437 003a 00       		.byte	0
 1438 003b 06       		.uleb128 0x6
 1439 003c 21       		.uleb128 0x21
 1440 003d 00       		.byte	0
 1441 003e 49       		.uleb128 0x49
 1442 003f 13       		.uleb128 0x13
 1443 0040 2F       		.uleb128 0x2f
 1444 0041 05       		.uleb128 0x5
 1445 0042 00       		.byte	0
 1446 0043 00       		.byte	0
 1447 0044 07       		.uleb128 0x7
 1448 0045 34       		.uleb128 0x34
 1449 0046 00       		.byte	0
 1450 0047 03       		.uleb128 0x3
 1451 0048 0E       		.uleb128 0xe
 1452 0049 3A       		.uleb128 0x3a
 1453 004a 0B       		.uleb128 0xb
 1454 004b 3B       		.uleb128 0x3b
 1455 004c 0B       		.uleb128 0xb
 1456 004d 49       		.uleb128 0x49
 1457 004e 13       		.uleb128 0x13
 1458 004f 3F       		.uleb128 0x3f
 1459 0050 19       		.uleb128 0x19
 1460 0051 02       		.uleb128 0x2
 1461 0052 18       		.uleb128 0x18
 1462 0053 00       		.byte	0
 1463 0054 00       		.byte	0
 1464 0055 08       		.uleb128 0x8
 1465 0056 26       		.uleb128 0x26
 1466 0057 00       		.byte	0
 1467 0058 49       		.uleb128 0x49
 1468 0059 13       		.uleb128 0x13
 1469 005a 00       		.byte	0
 1470 005b 00       		.byte	0
 1471 005c 09       		.uleb128 0x9
 1472 005d 21       		.uleb128 0x21
 1473 005e 00       		.byte	0
 1474 005f 49       		.uleb128 0x49
 1475 0060 13       		.uleb128 0x13
 1476 0061 2F       		.uleb128 0x2f
 1477 0062 0B       		.uleb128 0xb
 1478 0063 00       		.byte	0
ARM GAS  C:\Users\Julien\AppData\Local\Temp\ccVDBKNi.s 			page 27


 1479 0064 00       		.byte	0
 1480 0065 0A       		.uleb128 0xa
 1481 0066 34       		.uleb128 0x34
 1482 0067 00       		.byte	0
 1483 0068 03       		.uleb128 0x3
 1484 0069 0E       		.uleb128 0xe
 1485 006a 3A       		.uleb128 0x3a
 1486 006b 0B       		.uleb128 0xb
 1487 006c 3B       		.uleb128 0x3b
 1488 006d 05       		.uleb128 0x5
 1489 006e 49       		.uleb128 0x49
 1490 006f 13       		.uleb128 0x13
 1491 0070 3F       		.uleb128 0x3f
 1492 0071 19       		.uleb128 0x19
 1493 0072 02       		.uleb128 0x2
 1494 0073 18       		.uleb128 0x18
 1495 0074 00       		.byte	0
 1496 0075 00       		.byte	0
 1497 0076 00       		.byte	0
 1498              		.section	.debug_aranges,"",%progbits
 1499 0000 14000000 		.4byte	0x14
 1500 0004 0200     		.2byte	0x2
 1501 0006 00000000 		.4byte	.Ldebug_info0
 1502 000a 04       		.byte	0x4
 1503 000b 00       		.byte	0
 1504 000c 0000     		.2byte	0
 1505 000e 0000     		.2byte	0
 1506 0010 00000000 		.4byte	0
 1507 0014 00000000 		.4byte	0
 1508              		.section	.debug_line,"",%progbits
 1509              	.Ldebug_line0:
 1510 0000 4D000000 		.section	.debug_str,"MS",%progbits,1
 1510      02004700 
 1510      00000201 
 1510      FB0E0D00 
 1510      01010101 
 1511              	.LASF17:
 1512 0000 63795F6D 		.ascii	"cy_metadata\000"
 1512      65746164 
 1512      61746100 
 1513              	.LASF9:
 1514 000c 666C6F61 		.ascii	"float\000"
 1514      7400
 1515              	.LASF1:
 1516 0012 756E7369 		.ascii	"unsigned char\000"
 1516      676E6564 
 1516      20636861 
 1516      7200
 1517              	.LASF5:
 1518 0020 6C6F6E67 		.ascii	"long unsigned int\000"
 1518      20756E73 
 1518      69676E65 
 1518      6420696E 
 1518      7400
 1519              	.LASF3:
 1520 0032 73686F72 		.ascii	"short unsigned int\000"
 1520      7420756E 
ARM GAS  C:\Users\Julien\AppData\Local\Temp\ccVDBKNi.s 			page 28


 1520      7369676E 
 1520      65642069 
 1520      6E7400
 1521              	.LASF10:
 1522 0045 646F7562 		.ascii	"double\000"
 1522      6C6500
 1523              	.LASF14:
 1524 004c 63795F6D 		.ascii	"cy_meta_custnvl\000"
 1524      6574615F 
 1524      63757374 
 1524      6E766C00 
 1525              	.LASF13:
 1526 005c 63795F6D 		.ascii	"cy_meta_configecc\000"
 1526      6574615F 
 1526      636F6E66 
 1526      69676563 
 1526      6300
 1527              	.LASF18:
 1528 006e 474E5520 		.ascii	"GNU C 4.9.3 20150303 (release) [ARM/embedded-4_9-br"
 1528      4320342E 
 1528      392E3320 
 1528      32303135 
 1528      30333033 
 1529 00a1 616E6368 		.ascii	"anch revision 221220] -mcpu=cortex-m3 -mthumb -g -O"
 1529      20726576 
 1529      6973696F 
 1529      6E203232 
 1529      31323230 
 1530 00d4 67202D66 		.ascii	"g -ffunction-sections -ffat-lto-objects\000"
 1530      66756E63 
 1530      74696F6E 
 1530      2D736563 
 1530      74696F6E 
 1531              	.LASF8:
 1532 00fc 756E7369 		.ascii	"unsigned int\000"
 1532      676E6564 
 1532      20696E74 
 1532      00
 1533              	.LASF7:
 1534 0109 6C6F6E67 		.ascii	"long long unsigned int\000"
 1534      206C6F6E 
 1534      6720756E 
 1534      7369676E 
 1534      65642069 
 1535              	.LASF20:
 1536 0120 433A5C55 		.ascii	"C:\\Users\\Julien\\Documents\\INSA\\5A\\BE_systemes"
 1536      73657273 
 1536      5C4A756C 
 1536      69656E5C 
 1536      446F6375 
 1537 014d 5F656D62 		.ascii	"_embarques\\BE_systemes_embarques\\capteur_us.cydsn"
 1537      61727175 
 1537      65735C42 
 1537      455F7379 
 1537      7374656D 
 1538 017e 00       		.ascii	"\000"
 1539              	.LASF16:
ARM GAS  C:\Users\Julien\AppData\Local\Temp\ccVDBKNi.s 			page 29


 1540 017f 63795F6D 		.ascii	"cy_meta_flashprotect\000"
 1540      6574615F 
 1540      666C6173 
 1540      6870726F 
 1540      74656374 
 1541              	.LASF15:
 1542 0194 63795F6D 		.ascii	"cy_meta_wonvl\000"
 1542      6574615F 
 1542      776F6E76 
 1542      6C00
 1543              	.LASF12:
 1544 01a2 73697A65 		.ascii	"sizetype\000"
 1544      74797065 
 1544      00
 1545              	.LASF6:
 1546 01ab 6C6F6E67 		.ascii	"long long int\000"
 1546      206C6F6E 
 1546      6720696E 
 1546      7400
 1547              	.LASF11:
 1548 01b9 63686172 		.ascii	"char\000"
 1548      00
 1549              	.LASF2:
 1550 01be 73686F72 		.ascii	"short int\000"
 1550      7420696E 
 1550      7400
 1551              	.LASF21:
 1552 01c8 75696E74 		.ascii	"uint8\000"
 1552      3800
 1553              	.LASF4:
 1554 01ce 6C6F6E67 		.ascii	"long int\000"
 1554      20696E74 
 1554      00
 1555              	.LASF0:
 1556 01d7 7369676E 		.ascii	"signed char\000"
 1556      65642063 
 1556      68617200 
 1557              	.LASF19:
 1558 01e3 47656E65 		.ascii	"Generated_Source\\PSoC5\\cymetadata.c\000"
 1558      72617465 
 1558      645F536F 
 1558      75726365 
 1558      5C50536F 
 1559              		.ident	"GCC: (GNU Tools for ARM Embedded Processors) 4.9.3 20150303 (release) [ARM/embedded-4_9-br
