ARM GAS  C:\Users\Julien\AppData\Local\Temp\cczGkuPg.s 			page 1


   1              		.syntax unified
   2              		.cpu cortex-m3
   3              		.fpu softvfp
   4              		.eabi_attribute 20, 1
   5              		.eabi_attribute 21, 1
   6              		.eabi_attribute 23, 3
   7              		.eabi_attribute 24, 1
   8              		.eabi_attribute 25, 1
   9              		.eabi_attribute 26, 1
  10              		.eabi_attribute 30, 1
  11              		.eabi_attribute 34, 1
  12              		.eabi_attribute 18, 4
  13              		.thumb
  14              		.file	"main.c"
  15              		.text
  16              	.Ltext0:
  17              		.cfi_sections	.debug_frame
  18              		.section	.text.timerInterrupt,"ax",%progbits
  19              		.align	2
  20              		.global	timerInterrupt
  21              		.thumb
  22              		.thumb_func
  23              		.type	timerInterrupt, %function
  24              	timerInterrupt:
  25              	.LFB63:
  26              		.file 1 "main.c"
   1:main.c        **** /* ========================================
   2:main.c        ****  *
   3:main.c        ****  * Copyright YOUR COMPANY, THE YEAR
   4:main.c        ****  * All Rights Reserved
   5:main.c        ****  * UNPUBLISHED, LICENSED SOFTWARE.
   6:main.c        ****  *
   7:main.c        ****  * CONFIDENTIAL AND PROPRIETARY INFORMATION
   8:main.c        ****  * WHICH IS THE PROPERTY OF your company.
   9:main.c        ****  *
  10:main.c        ****  * ========================================
  11:main.c        **** */
  12:main.c        **** #include "project.h"
  13:main.c        **** 
  14:main.c        **** uint32 timerCount;
  15:main.c        **** uint8 recu;
  16:main.c        **** 
  17:main.c        **** CY_ISR(timerInterrupt)
  18:main.c        **** {
  27              		.loc 1 18 0
  28              		.cfi_startproc
  29              		@ args = 0, pretend = 0, frame = 0
  30              		@ frame_needed = 0, uses_anonymous_args = 0
  31 0000 08B5     		push	{r3, lr}
  32              		.cfi_def_cfa_offset 8
  33              		.cfi_offset 3, -8
  34              		.cfi_offset 14, -4
  19:main.c        ****     // Signal reçu, lecture du compteur de Timer_US : temps entre émission et réception
  20:main.c        ****    	timerCount = Timer_US_ReadCapture();
  35              		.loc 1 20 0
  36 0002 FFF7FEFF 		bl	Timer_US_ReadCapture
  37              	.LVL0:
ARM GAS  C:\Users\Julien\AppData\Local\Temp\cczGkuPg.s 			page 2


  38 0006 034B     		ldr	r3, .L3
  39 0008 1860     		str	r0, [r3]
  21:main.c        ****     recu = 1;
  40              		.loc 1 21 0
  41 000a 0122     		movs	r2, #1
  42 000c 024B     		ldr	r3, .L3+4
  43 000e 1A70     		strb	r2, [r3]
  44 0010 08BD     		pop	{r3, pc}
  45              	.L4:
  46 0012 00BF     		.align	2
  47              	.L3:
  48 0014 00000000 		.word	timerCount
  49 0018 00000000 		.word	recu
  50              		.cfi_endproc
  51              	.LFE63:
  52              		.size	timerInterrupt, .-timerInterrupt
  53              		.section	.text.counterInterrupt,"ax",%progbits
  54              		.align	2
  55              		.global	counterInterrupt
  56              		.thumb
  57              		.thumb_func
  58              		.type	counterInterrupt, %function
  59              	counterInterrupt:
  60              	.LFB64:
  22:main.c        **** }
  23:main.c        **** 
  24:main.c        **** CY_ISR(counterInterrupt)
  25:main.c        **** {
  61              		.loc 1 25 0
  62              		.cfi_startproc
  63              		@ args = 0, pretend = 0, frame = 0
  64              		@ frame_needed = 0, uses_anonymous_args = 0
  65 0000 08B5     		push	{r3, lr}
  66              		.cfi_def_cfa_offset 8
  67              		.cfi_offset 3, -8
  68              		.cfi_offset 14, -4
  26:main.c        ****     Control_Reg_1_Write(0); // Arrêt émission US, activation réception
  69              		.loc 1 26 0
  70 0002 0020     		movs	r0, #0
  71 0004 FFF7FEFF 		bl	Control_Reg_1_Write
  72              	.LVL1:
  73 0008 08BD     		pop	{r3, pc}
  74              		.cfi_endproc
  75              	.LFE64:
  76              		.size	counterInterrupt, .-counterInterrupt
  77 000a 00BF     		.section	.text.main,"ax",%progbits
  78              		.align	2
  79              		.global	main
  80              		.thumb
  81              		.thumb_func
  82              		.type	main, %function
  83              	main:
  84              	.LFB65:
  27:main.c        **** }
  28:main.c        **** 
  29:main.c        **** int main(void)
  30:main.c        **** {
ARM GAS  C:\Users\Julien\AppData\Local\Temp\cczGkuPg.s 			page 3


  85              		.loc 1 30 0
  86              		.cfi_startproc
  87              		@ args = 0, pretend = 0, frame = 0
  88              		@ frame_needed = 0, uses_anonymous_args = 0
  89 0000 10B5     		push	{r4, lr}
  90              		.cfi_def_cfa_offset 8
  91              		.cfi_offset 4, -8
  92              		.cfi_offset 14, -4
  93              	.LVL2:
  31:main.c        ****     uint8  distance=42;
  32:main.c        ****     recu = 0;
  94              		.loc 1 32 0
  95 0002 0024     		movs	r4, #0
  96 0004 164B     		ldr	r3, .L11
  97 0006 1C70     		strb	r4, [r3]
  33:main.c        ****     
  34:main.c        ****     /* Start and assign interrupt handle for interrupt component */
  35:main.c        ****     TimerISR_StartEx(timerInterrupt);
  98              		.loc 1 35 0
  99 0008 1648     		ldr	r0, .L11+4
 100 000a FFF7FEFF 		bl	TimerISR_StartEx
 101              	.LVL3:
  36:main.c        ****     
  37:main.c        ****     CounterISR_StartEx(counterInterrupt);
 102              		.loc 1 37 0
 103 000e 1648     		ldr	r0, .L11+8
 104 0010 FFF7FEFF 		bl	CounterISR_StartEx
 105              	.LVL4:
  38:main.c        ****     
  39:main.c        ****     CyGlobalIntEnable; /* Enable global interrupts. */
 106              		.loc 1 39 0
 107              	@ 39 "main.c" 1
 108 0014 62B6     		CPSIE   i
 109              	@ 0 "" 2
  40:main.c        **** 
  41:main.c        ****     /* Place your initialization/startup code here (e.g. MyInst_Start()) */
  42:main.c        ****     Ampli_Recept_Start();
 110              		.loc 1 42 0
 111              		.thumb
 112 0016 FFF7FEFF 		bl	Ampli_Recept_Start
 113              	.LVL5:
  43:main.c        ****     Detect_Seuil_Recept_Start();
 114              		.loc 1 43 0
 115 001a FFF7FEFF 		bl	Detect_Seuil_Recept_Start
 116              	.LVL6:
  44:main.c        ****     V_seuil_Start();
 117              		.loc 1 44 0
 118 001e FFF7FEFF 		bl	V_seuil_Start
 119              	.LVL7:
  45:main.c        ****     Timer_US_Start();
 120              		.loc 1 45 0
 121 0022 FFF7FEFF 		bl	Timer_US_Start
 122              	.LVL8:
  46:main.c        ****     CharLCD_1_Start();
 123              		.loc 1 46 0
 124 0026 FFF7FEFF 		bl	CharLCD_1_Start
 125              	.LVL9:
ARM GAS  C:\Users\Julien\AppData\Local\Temp\cczGkuPg.s 			page 4


  47:main.c        ****     US_40kHz_Start();
 126              		.loc 1 47 0
 127 002a FFF7FEFF 		bl	US_40kHz_Start
 128              	.LVL10:
  48:main.c        ****     Counter_1_Start();
 129              		.loc 1 48 0
 130 002e FFF7FEFF 		bl	Counter_1_Start
 131              	.LVL11:
  49:main.c        ****     
  50:main.c        ****     CharLCD_1_Position(0u, 0u);
 132              		.loc 1 50 0
 133 0032 2046     		mov	r0, r4
 134 0034 2146     		mov	r1, r4
 135 0036 FFF7FEFF 		bl	CharLCD_1_Position
 136              	.LVL12:
  51:main.c        ****     CharLCD_1_PrintString("DISTANCE :");
 137              		.loc 1 51 0
 138 003a 0C48     		ldr	r0, .L11+12
 139 003c FFF7FEFF 		bl	CharLCD_1_PrintString
 140              	.LVL13:
 141              	.L9:
  52:main.c        ****     
  53:main.c        ****     
  54:main.c        ****     for(;;)
  55:main.c        ****     {
  56:main.c        ****         Control_Reg_1_Write(1);// Génération signal pour émetteur ultrasons
 142              		.loc 1 56 0
 143 0040 0120     		movs	r0, #1
 144 0042 FFF7FEFF 		bl	Control_Reg_1_Write
 145              	.LVL14:
 146              	.L8:
  57:main.c        ****         
  58:main.c        ****         while(recu == 0) {} // Attente réception
 147              		.loc 1 58 0 discriminator 1
 148 0046 064B     		ldr	r3, .L11
 149 0048 1B78     		ldrb	r3, [r3]	@ zero_extendqisi2
 150 004a 002B     		cmp	r3, #0
 151 004c FBD0     		beq	.L8
  59:main.c        ****         
  60:main.c        ****         distance = (uint8) timerCount/240000000 * 34; // en cm
 152              		.loc 1 60 0
 153 004e 0020     		movs	r0, #0
 154 0050 C4B2     		uxtb	r4, r0
 155              	.LVL15:
  61:main.c        ****         
  62:main.c        **** 		CharLCD_1_Position(0u, 11u);
 156              		.loc 1 62 0
 157 0052 0B21     		movs	r1, #11
 158 0054 FFF7FEFF 		bl	CharLCD_1_Position
 159              	.LVL16:
  63:main.c        ****         CharLCD_1_PrintInt8(distance);
 160              		.loc 1 63 0
 161 0058 2046     		mov	r0, r4
 162 005a FFF7FEFF 		bl	CharLCD_1_PrintInt8
 163              	.LVL17:
  64:main.c        ****     }
 164              		.loc 1 64 0
ARM GAS  C:\Users\Julien\AppData\Local\Temp\cczGkuPg.s 			page 5


 165 005e EFE7     		b	.L9
 166              	.L12:
 167              		.align	2
 168              	.L11:
 169 0060 00000000 		.word	recu
 170 0064 00000000 		.word	timerInterrupt
 171 0068 00000000 		.word	counterInterrupt
 172 006c 00000000 		.word	.LC0
 173              		.cfi_endproc
 174              	.LFE65:
 175              		.size	main, .-main
 176              		.comm	recu,1,1
 177              		.comm	timerCount,4,4
 178              		.section	.rodata.str1.4,"aMS",%progbits,1
 179              		.align	2
 180              	.LC0:
 181 0000 44495354 		.ascii	"DISTANCE :\000"
 181      414E4345 
 181      203A00
 182 000b 00       		.text
 183              	.Letext0:
 184              		.file 2 "c:\\program files (x86)\\cypress\\psoc creator\\4.0\\psoc creator\\import\\gnu\\arm\\4.9.
 185              		.file 3 "c:\\program files (x86)\\cypress\\psoc creator\\4.0\\psoc creator\\import\\gnu\\arm\\4.9.
 186              		.file 4 "Generated_Source\\PSoC5/cytypes.h"
 187              		.file 5 "Generated_Source\\PSoC5/core_cm3.h"
 188              		.file 6 "Generated_Source\\PSoC5/Control_Reg_1.h"
 189              		.file 7 "Generated_Source\\PSoC5/TimerISR.h"
 190              		.file 8 "Generated_Source\\PSoC5/CounterISR.h"
 191              		.file 9 "Generated_Source\\PSoC5/Ampli_Recept.h"
 192              		.file 10 "Generated_Source\\PSoC5/Detect_Seuil_Recept.h"
 193              		.file 11 "Generated_Source\\PSoC5/V_seuil.h"
 194              		.file 12 "Generated_Source\\PSoC5/Timer_US.h"
 195              		.file 13 "Generated_Source\\PSoC5/CharLCD_1.h"
 196              		.file 14 "Generated_Source\\PSoC5/US_40kHz.h"
 197              		.file 15 "Generated_Source\\PSoC5/Counter_1.h"
 198              		.section	.debug_info,"",%progbits
 199              	.Ldebug_info0:
 200 0000 F8020000 		.4byte	0x2f8
 201 0004 0400     		.2byte	0x4
 202 0006 00000000 		.4byte	.Ldebug_abbrev0
 203 000a 04       		.byte	0x4
 204 000b 01       		.uleb128 0x1
 205 000c 36010000 		.4byte	.LASF36
 206 0010 01       		.byte	0x1
 207 0011 8A020000 		.4byte	.LASF37
 208 0015 C4010000 		.4byte	.LASF38
 209 0019 00000000 		.4byte	.Ldebug_ranges0+0
 210 001d 00000000 		.4byte	0
 211 0021 00000000 		.4byte	.Ldebug_line0
 212 0025 02       		.uleb128 0x2
 213 0026 01       		.byte	0x1
 214 0027 06       		.byte	0x6
 215 0028 F8020000 		.4byte	.LASF0
 216 002c 02       		.uleb128 0x2
 217 002d 01       		.byte	0x1
 218 002e 08       		.byte	0x8
 219 002f 70000000 		.4byte	.LASF1
ARM GAS  C:\Users\Julien\AppData\Local\Temp\cczGkuPg.s 			page 6


 220 0033 02       		.uleb128 0x2
 221 0034 02       		.byte	0x2
 222 0035 05       		.byte	0x5
 223 0036 C3000000 		.4byte	.LASF2
 224 003a 02       		.uleb128 0x2
 225 003b 02       		.byte	0x2
 226 003c 07       		.byte	0x7
 227 003d 96000000 		.4byte	.LASF3
 228 0041 03       		.uleb128 0x3
 229 0042 24000000 		.4byte	.LASF9
 230 0046 02       		.byte	0x2
 231 0047 3F       		.byte	0x3f
 232 0048 4C000000 		.4byte	0x4c
 233 004c 02       		.uleb128 0x2
 234 004d 04       		.byte	0x4
 235 004e 05       		.byte	0x5
 236 004f CB020000 		.4byte	.LASF4
 237 0053 02       		.uleb128 0x2
 238 0054 04       		.byte	0x4
 239 0055 07       		.byte	0x7
 240 0056 84000000 		.4byte	.LASF5
 241 005a 02       		.uleb128 0x2
 242 005b 08       		.byte	0x8
 243 005c 05       		.byte	0x5
 244 005d 6B020000 		.4byte	.LASF6
 245 0061 02       		.uleb128 0x2
 246 0062 08       		.byte	0x8
 247 0063 07       		.byte	0x7
 248 0064 0B010000 		.4byte	.LASF7
 249 0068 04       		.uleb128 0x4
 250 0069 04       		.byte	0x4
 251 006a 05       		.byte	0x5
 252 006b 696E7400 		.ascii	"int\000"
 253 006f 02       		.uleb128 0x2
 254 0070 04       		.byte	0x4
 255 0071 07       		.byte	0x7
 256 0072 FE000000 		.4byte	.LASF8
 257 0076 03       		.uleb128 0x3
 258 0077 42020000 		.4byte	.LASF10
 259 007b 03       		.byte	0x3
 260 007c 2C       		.byte	0x2c
 261 007d 41000000 		.4byte	0x41
 262 0081 05       		.uleb128 0x5
 263 0082 B4020000 		.4byte	.LASF11
 264 0086 04       		.byte	0x4
 265 0087 9201     		.2byte	0x192
 266 0089 2C000000 		.4byte	0x2c
 267 008d 05       		.uleb128 0x5
 268 008e E7000000 		.4byte	.LASF12
 269 0092 04       		.byte	0x4
 270 0093 9401     		.2byte	0x194
 271 0095 53000000 		.4byte	0x53
 272 0099 02       		.uleb128 0x2
 273 009a 04       		.byte	0x4
 274 009b 04       		.byte	0x4
 275 009c 55000000 		.4byte	.LASF13
 276 00a0 02       		.uleb128 0x2
ARM GAS  C:\Users\Julien\AppData\Local\Temp\cczGkuPg.s 			page 7


 277 00a1 08       		.byte	0x8
 278 00a2 04       		.byte	0x4
 279 00a3 BC000000 		.4byte	.LASF14
 280 00a7 05       		.uleb128 0x5
 281 00a8 7E000000 		.4byte	.LASF15
 282 00ac 04       		.byte	0x4
 283 00ad A301     		.2byte	0x1a3
 284 00af B3000000 		.4byte	0xb3
 285 00b3 02       		.uleb128 0x2
 286 00b4 01       		.byte	0x1
 287 00b5 08       		.byte	0x8
 288 00b6 91020000 		.4byte	.LASF16
 289 00ba 05       		.uleb128 0x5
 290 00bb 23020000 		.4byte	.LASF17
 291 00bf 04       		.byte	0x4
 292 00c0 4E02     		.2byte	0x24e
 293 00c2 C6000000 		.4byte	0xc6
 294 00c6 06       		.uleb128 0x6
 295 00c7 04       		.byte	0x4
 296 00c8 CC000000 		.4byte	0xcc
 297 00cc 07       		.uleb128 0x7
 298 00cd 02       		.uleb128 0x2
 299 00ce 04       		.byte	0x4
 300 00cf 07       		.byte	0x7
 301 00d0 62020000 		.4byte	.LASF18
 302 00d4 08       		.uleb128 0x8
 303 00d5 04030000 		.4byte	.LASF19
 304 00d9 01       		.byte	0x1
 305 00da 11       		.byte	0x11
 306 00db 00000000 		.4byte	.LFB63
 307 00df 1C000000 		.4byte	.LFE63-.LFB63
 308 00e3 01       		.uleb128 0x1
 309 00e4 9C       		.byte	0x9c
 310 00e5 F3000000 		.4byte	0xf3
 311 00e9 09       		.uleb128 0x9
 312 00ea 06000000 		.4byte	.LVL0
 313 00ee 4D020000 		.4byte	0x24d
 314 00f2 00       		.byte	0
 315 00f3 08       		.uleb128 0x8
 316 00f4 79020000 		.4byte	.LASF20
 317 00f8 01       		.byte	0x1
 318 00f9 18       		.byte	0x18
 319 00fa 00000000 		.4byte	.LFB64
 320 00fe 0A000000 		.4byte	.LFE64-.LFB64
 321 0102 01       		.uleb128 0x1
 322 0103 9C       		.byte	0x9c
 323 0104 18010000 		.4byte	0x118
 324 0108 0A       		.uleb128 0xa
 325 0109 08000000 		.4byte	.LVL1
 326 010d 58020000 		.4byte	0x258
 327 0111 0B       		.uleb128 0xb
 328 0112 01       		.uleb128 0x1
 329 0113 50       		.byte	0x50
 330 0114 01       		.uleb128 0x1
 331 0115 30       		.byte	0x30
 332 0116 00       		.byte	0
 333 0117 00       		.byte	0
ARM GAS  C:\Users\Julien\AppData\Local\Temp\cczGkuPg.s 			page 8


 334 0118 0C       		.uleb128 0xc
 335 0119 30020000 		.4byte	.LASF39
 336 011d 01       		.byte	0x1
 337 011e 1D       		.byte	0x1d
 338 011f 68000000 		.4byte	0x68
 339 0123 00000000 		.4byte	.LFB65
 340 0127 70000000 		.4byte	.LFE65-.LFB65
 341 012b 01       		.uleb128 0x1
 342 012c 9C       		.byte	0x9c
 343 012d 1A020000 		.4byte	0x21a
 344 0131 0D       		.uleb128 0xd
 345 0132 4C000000 		.4byte	.LASF40
 346 0136 01       		.byte	0x1
 347 0137 1F       		.byte	0x1f
 348 0138 81000000 		.4byte	0x81
 349 013c 00000000 		.4byte	.LLST0
 350 0140 0E       		.uleb128 0xe
 351 0141 0E000000 		.4byte	.LVL3
 352 0145 69020000 		.4byte	0x269
 353 0149 57010000 		.4byte	0x157
 354 014d 0B       		.uleb128 0xb
 355 014e 01       		.uleb128 0x1
 356 014f 50       		.byte	0x50
 357 0150 05       		.uleb128 0x5
 358 0151 03       		.byte	0x3
 359 0152 00000000 		.4byte	timerInterrupt
 360 0156 00       		.byte	0
 361 0157 0E       		.uleb128 0xe
 362 0158 14000000 		.4byte	.LVL4
 363 015c 7A020000 		.4byte	0x27a
 364 0160 6E010000 		.4byte	0x16e
 365 0164 0B       		.uleb128 0xb
 366 0165 01       		.uleb128 0x1
 367 0166 50       		.byte	0x50
 368 0167 05       		.uleb128 0x5
 369 0168 03       		.byte	0x3
 370 0169 00000000 		.4byte	counterInterrupt
 371 016d 00       		.byte	0
 372 016e 09       		.uleb128 0x9
 373 016f 1A000000 		.4byte	.LVL5
 374 0173 8B020000 		.4byte	0x28b
 375 0177 09       		.uleb128 0x9
 376 0178 1E000000 		.4byte	.LVL6
 377 017c 92020000 		.4byte	0x292
 378 0180 09       		.uleb128 0x9
 379 0181 22000000 		.4byte	.LVL7
 380 0185 99020000 		.4byte	0x299
 381 0189 09       		.uleb128 0x9
 382 018a 26000000 		.4byte	.LVL8
 383 018e A0020000 		.4byte	0x2a0
 384 0192 09       		.uleb128 0x9
 385 0193 2A000000 		.4byte	.LVL9
 386 0197 A7020000 		.4byte	0x2a7
 387 019b 09       		.uleb128 0x9
 388 019c 2E000000 		.4byte	.LVL10
 389 01a0 AE020000 		.4byte	0x2ae
 390 01a4 09       		.uleb128 0x9
ARM GAS  C:\Users\Julien\AppData\Local\Temp\cczGkuPg.s 			page 9


 391 01a5 32000000 		.4byte	.LVL11
 392 01a9 B5020000 		.4byte	0x2b5
 393 01ad 0E       		.uleb128 0xe
 394 01ae 3A000000 		.4byte	.LVL12
 395 01b2 BC020000 		.4byte	0x2bc
 396 01b6 C7010000 		.4byte	0x1c7
 397 01ba 0B       		.uleb128 0xb
 398 01bb 01       		.uleb128 0x1
 399 01bc 51       		.byte	0x51
 400 01bd 02       		.uleb128 0x2
 401 01be 74       		.byte	0x74
 402 01bf 00       		.sleb128 0
 403 01c0 0B       		.uleb128 0xb
 404 01c1 01       		.uleb128 0x1
 405 01c2 50       		.byte	0x50
 406 01c3 02       		.uleb128 0x2
 407 01c4 74       		.byte	0x74
 408 01c5 00       		.sleb128 0
 409 01c6 00       		.byte	0
 410 01c7 0E       		.uleb128 0xe
 411 01c8 40000000 		.4byte	.LVL13
 412 01cc D2020000 		.4byte	0x2d2
 413 01d0 DE010000 		.4byte	0x1de
 414 01d4 0B       		.uleb128 0xb
 415 01d5 01       		.uleb128 0x1
 416 01d6 50       		.byte	0x50
 417 01d7 05       		.uleb128 0x5
 418 01d8 03       		.byte	0x3
 419 01d9 00000000 		.4byte	.LC0
 420 01dd 00       		.byte	0
 421 01de 0E       		.uleb128 0xe
 422 01df 46000000 		.4byte	.LVL14
 423 01e3 58020000 		.4byte	0x258
 424 01e7 F1010000 		.4byte	0x1f1
 425 01eb 0B       		.uleb128 0xb
 426 01ec 01       		.uleb128 0x1
 427 01ed 50       		.byte	0x50
 428 01ee 01       		.uleb128 0x1
 429 01ef 31       		.byte	0x31
 430 01f0 00       		.byte	0
 431 01f1 0E       		.uleb128 0xe
 432 01f2 58000000 		.4byte	.LVL16
 433 01f6 BC020000 		.4byte	0x2bc
 434 01fa 09020000 		.4byte	0x209
 435 01fe 0B       		.uleb128 0xb
 436 01ff 01       		.uleb128 0x1
 437 0200 51       		.byte	0x51
 438 0201 01       		.uleb128 0x1
 439 0202 3B       		.byte	0x3b
 440 0203 0B       		.uleb128 0xb
 441 0204 01       		.uleb128 0x1
 442 0205 50       		.byte	0x50
 443 0206 01       		.uleb128 0x1
 444 0207 30       		.byte	0x30
 445 0208 00       		.byte	0
 446 0209 0A       		.uleb128 0xa
 447 020a 5E000000 		.4byte	.LVL17
ARM GAS  C:\Users\Julien\AppData\Local\Temp\cczGkuPg.s 			page 10


 448 020e EE020000 		.4byte	0x2ee
 449 0212 0B       		.uleb128 0xb
 450 0213 01       		.uleb128 0x1
 451 0214 50       		.byte	0x50
 452 0215 02       		.uleb128 0x2
 453 0216 74       		.byte	0x74
 454 0217 00       		.sleb128 0
 455 0218 00       		.byte	0
 456 0219 00       		.byte	0
 457 021a 0F       		.uleb128 0xf
 458 021b 35020000 		.4byte	.LASF21
 459 021f 05       		.byte	0x5
 460 0220 9606     		.2byte	0x696
 461 0222 26020000 		.4byte	0x226
 462 0226 10       		.uleb128 0x10
 463 0227 76000000 		.4byte	0x76
 464 022b 11       		.uleb128 0x11
 465 022c A9020000 		.4byte	.LASF22
 466 0230 01       		.byte	0x1
 467 0231 0E       		.byte	0xe
 468 0232 8D000000 		.4byte	0x8d
 469 0236 05       		.uleb128 0x5
 470 0237 03       		.byte	0x3
 471 0238 00000000 		.4byte	timerCount
 472 023c 11       		.uleb128 0x11
 473 023d 5D020000 		.4byte	.LASF23
 474 0241 01       		.byte	0x1
 475 0242 0F       		.byte	0xf
 476 0243 81000000 		.4byte	0x81
 477 0247 05       		.uleb128 0x5
 478 0248 03       		.byte	0x3
 479 0249 00000000 		.4byte	recu
 480 024d 12       		.uleb128 0x12
 481 024e 5B000000 		.4byte	.LASF41
 482 0252 0C       		.byte	0xc
 483 0253 6B       		.byte	0x6b
 484 0254 8D000000 		.4byte	0x8d
 485 0258 13       		.uleb128 0x13
 486 0259 22010000 		.4byte	.LASF24
 487 025d 06       		.byte	0x6
 488 025e 27       		.byte	0x27
 489 025f 69020000 		.4byte	0x269
 490 0263 14       		.uleb128 0x14
 491 0264 81000000 		.4byte	0x81
 492 0268 00       		.byte	0
 493 0269 13       		.uleb128 0x13
 494 026a BA020000 		.4byte	.LASF25
 495 026e 07       		.byte	0x7
 496 026f 18       		.byte	0x18
 497 0270 7A020000 		.4byte	0x27a
 498 0274 14       		.uleb128 0x14
 499 0275 BA000000 		.4byte	0xba
 500 0279 00       		.byte	0
 501 027a 13       		.uleb128 0x13
 502 027b A9000000 		.4byte	.LASF26
 503 027f 08       		.byte	0x8
 504 0280 18       		.byte	0x18
ARM GAS  C:\Users\Julien\AppData\Local\Temp\cczGkuPg.s 			page 11


 505 0281 8B020000 		.4byte	0x28b
 506 0285 14       		.uleb128 0x14
 507 0286 BA000000 		.4byte	0xba
 508 028a 00       		.byte	0
 509 028b 15       		.uleb128 0x15
 510 028c 96020000 		.4byte	.LASF27
 511 0290 09       		.byte	0x9
 512 0291 3F       		.byte	0x3f
 513 0292 15       		.uleb128 0x15
 514 0293 CD000000 		.4byte	.LASF28
 515 0297 0A       		.byte	0xa
 516 0298 3F       		.byte	0x3f
 517 0299 15       		.uleb128 0x15
 518 029a 16000000 		.4byte	.LASF29
 519 029e 0B       		.byte	0xb
 520 029f 33       		.byte	0x33
 521 02a0 15       		.uleb128 0x15
 522 02a1 2E000000 		.4byte	.LASF30
 523 02a5 0C       		.byte	0xc
 524 02a6 5A       		.byte	0x5a
 525 02a7 15       		.uleb128 0x15
 526 02a8 EE000000 		.4byte	.LASF31
 527 02ac 0D       		.byte	0xd
 528 02ad 38       		.byte	0x38
 529 02ae 15       		.uleb128 0x15
 530 02af 3D000000 		.4byte	.LASF32
 531 02b3 0E       		.byte	0xe
 532 02b4 92       		.byte	0x92
 533 02b5 15       		.uleb128 0x15
 534 02b6 D4020000 		.4byte	.LASF33
 535 02ba 0F       		.byte	0xf
 536 02bb 4F       		.byte	0x4f
 537 02bc 13       		.uleb128 0x13
 538 02bd 4A020000 		.4byte	.LASF34
 539 02c1 0D       		.byte	0xd
 540 02c2 3D       		.byte	0x3d
 541 02c3 D2020000 		.4byte	0x2d2
 542 02c7 14       		.uleb128 0x14
 543 02c8 81000000 		.4byte	0x81
 544 02cc 14       		.uleb128 0x14
 545 02cd 81000000 		.4byte	0x81
 546 02d1 00       		.byte	0
 547 02d2 13       		.uleb128 0x13
 548 02d3 00000000 		.4byte	.LASF35
 549 02d7 0D       		.byte	0xd
 550 02d8 3C       		.byte	0x3c
 551 02d9 E3020000 		.4byte	0x2e3
 552 02dd 14       		.uleb128 0x14
 553 02de E3020000 		.4byte	0x2e3
 554 02e2 00       		.byte	0
 555 02e3 06       		.uleb128 0x6
 556 02e4 04       		.byte	0x4
 557 02e5 E9020000 		.4byte	0x2e9
 558 02e9 16       		.uleb128 0x16
 559 02ea A7000000 		.4byte	0xa7
 560 02ee 17       		.uleb128 0x17
 561 02ef E4020000 		.4byte	.LASF42
ARM GAS  C:\Users\Julien\AppData\Local\Temp\cczGkuPg.s 			page 12


 562 02f3 0D       		.byte	0xd
 563 02f4 5D       		.byte	0x5d
 564 02f5 14       		.uleb128 0x14
 565 02f6 81000000 		.4byte	0x81
 566 02fa 00       		.byte	0
 567 02fb 00       		.byte	0
 568              		.section	.debug_abbrev,"",%progbits
 569              	.Ldebug_abbrev0:
 570 0000 01       		.uleb128 0x1
 571 0001 11       		.uleb128 0x11
 572 0002 01       		.byte	0x1
 573 0003 25       		.uleb128 0x25
 574 0004 0E       		.uleb128 0xe
 575 0005 13       		.uleb128 0x13
 576 0006 0B       		.uleb128 0xb
 577 0007 03       		.uleb128 0x3
 578 0008 0E       		.uleb128 0xe
 579 0009 1B       		.uleb128 0x1b
 580 000a 0E       		.uleb128 0xe
 581 000b 55       		.uleb128 0x55
 582 000c 17       		.uleb128 0x17
 583 000d 11       		.uleb128 0x11
 584 000e 01       		.uleb128 0x1
 585 000f 10       		.uleb128 0x10
 586 0010 17       		.uleb128 0x17
 587 0011 00       		.byte	0
 588 0012 00       		.byte	0
 589 0013 02       		.uleb128 0x2
 590 0014 24       		.uleb128 0x24
 591 0015 00       		.byte	0
 592 0016 0B       		.uleb128 0xb
 593 0017 0B       		.uleb128 0xb
 594 0018 3E       		.uleb128 0x3e
 595 0019 0B       		.uleb128 0xb
 596 001a 03       		.uleb128 0x3
 597 001b 0E       		.uleb128 0xe
 598 001c 00       		.byte	0
 599 001d 00       		.byte	0
 600 001e 03       		.uleb128 0x3
 601 001f 16       		.uleb128 0x16
 602 0020 00       		.byte	0
 603 0021 03       		.uleb128 0x3
 604 0022 0E       		.uleb128 0xe
 605 0023 3A       		.uleb128 0x3a
 606 0024 0B       		.uleb128 0xb
 607 0025 3B       		.uleb128 0x3b
 608 0026 0B       		.uleb128 0xb
 609 0027 49       		.uleb128 0x49
 610 0028 13       		.uleb128 0x13
 611 0029 00       		.byte	0
 612 002a 00       		.byte	0
 613 002b 04       		.uleb128 0x4
 614 002c 24       		.uleb128 0x24
 615 002d 00       		.byte	0
 616 002e 0B       		.uleb128 0xb
 617 002f 0B       		.uleb128 0xb
 618 0030 3E       		.uleb128 0x3e
ARM GAS  C:\Users\Julien\AppData\Local\Temp\cczGkuPg.s 			page 13


 619 0031 0B       		.uleb128 0xb
 620 0032 03       		.uleb128 0x3
 621 0033 08       		.uleb128 0x8
 622 0034 00       		.byte	0
 623 0035 00       		.byte	0
 624 0036 05       		.uleb128 0x5
 625 0037 16       		.uleb128 0x16
 626 0038 00       		.byte	0
 627 0039 03       		.uleb128 0x3
 628 003a 0E       		.uleb128 0xe
 629 003b 3A       		.uleb128 0x3a
 630 003c 0B       		.uleb128 0xb
 631 003d 3B       		.uleb128 0x3b
 632 003e 05       		.uleb128 0x5
 633 003f 49       		.uleb128 0x49
 634 0040 13       		.uleb128 0x13
 635 0041 00       		.byte	0
 636 0042 00       		.byte	0
 637 0043 06       		.uleb128 0x6
 638 0044 0F       		.uleb128 0xf
 639 0045 00       		.byte	0
 640 0046 0B       		.uleb128 0xb
 641 0047 0B       		.uleb128 0xb
 642 0048 49       		.uleb128 0x49
 643 0049 13       		.uleb128 0x13
 644 004a 00       		.byte	0
 645 004b 00       		.byte	0
 646 004c 07       		.uleb128 0x7
 647 004d 15       		.uleb128 0x15
 648 004e 00       		.byte	0
 649 004f 27       		.uleb128 0x27
 650 0050 19       		.uleb128 0x19
 651 0051 00       		.byte	0
 652 0052 00       		.byte	0
 653 0053 08       		.uleb128 0x8
 654 0054 2E       		.uleb128 0x2e
 655 0055 01       		.byte	0x1
 656 0056 3F       		.uleb128 0x3f
 657 0057 19       		.uleb128 0x19
 658 0058 03       		.uleb128 0x3
 659 0059 0E       		.uleb128 0xe
 660 005a 3A       		.uleb128 0x3a
 661 005b 0B       		.uleb128 0xb
 662 005c 3B       		.uleb128 0x3b
 663 005d 0B       		.uleb128 0xb
 664 005e 27       		.uleb128 0x27
 665 005f 19       		.uleb128 0x19
 666 0060 11       		.uleb128 0x11
 667 0061 01       		.uleb128 0x1
 668 0062 12       		.uleb128 0x12
 669 0063 06       		.uleb128 0x6
 670 0064 40       		.uleb128 0x40
 671 0065 18       		.uleb128 0x18
 672 0066 9742     		.uleb128 0x2117
 673 0068 19       		.uleb128 0x19
 674 0069 01       		.uleb128 0x1
 675 006a 13       		.uleb128 0x13
ARM GAS  C:\Users\Julien\AppData\Local\Temp\cczGkuPg.s 			page 14


 676 006b 00       		.byte	0
 677 006c 00       		.byte	0
 678 006d 09       		.uleb128 0x9
 679 006e 898201   		.uleb128 0x4109
 680 0071 00       		.byte	0
 681 0072 11       		.uleb128 0x11
 682 0073 01       		.uleb128 0x1
 683 0074 31       		.uleb128 0x31
 684 0075 13       		.uleb128 0x13
 685 0076 00       		.byte	0
 686 0077 00       		.byte	0
 687 0078 0A       		.uleb128 0xa
 688 0079 898201   		.uleb128 0x4109
 689 007c 01       		.byte	0x1
 690 007d 11       		.uleb128 0x11
 691 007e 01       		.uleb128 0x1
 692 007f 31       		.uleb128 0x31
 693 0080 13       		.uleb128 0x13
 694 0081 00       		.byte	0
 695 0082 00       		.byte	0
 696 0083 0B       		.uleb128 0xb
 697 0084 8A8201   		.uleb128 0x410a
 698 0087 00       		.byte	0
 699 0088 02       		.uleb128 0x2
 700 0089 18       		.uleb128 0x18
 701 008a 9142     		.uleb128 0x2111
 702 008c 18       		.uleb128 0x18
 703 008d 00       		.byte	0
 704 008e 00       		.byte	0
 705 008f 0C       		.uleb128 0xc
 706 0090 2E       		.uleb128 0x2e
 707 0091 01       		.byte	0x1
 708 0092 3F       		.uleb128 0x3f
 709 0093 19       		.uleb128 0x19
 710 0094 03       		.uleb128 0x3
 711 0095 0E       		.uleb128 0xe
 712 0096 3A       		.uleb128 0x3a
 713 0097 0B       		.uleb128 0xb
 714 0098 3B       		.uleb128 0x3b
 715 0099 0B       		.uleb128 0xb
 716 009a 27       		.uleb128 0x27
 717 009b 19       		.uleb128 0x19
 718 009c 49       		.uleb128 0x49
 719 009d 13       		.uleb128 0x13
 720 009e 11       		.uleb128 0x11
 721 009f 01       		.uleb128 0x1
 722 00a0 12       		.uleb128 0x12
 723 00a1 06       		.uleb128 0x6
 724 00a2 40       		.uleb128 0x40
 725 00a3 18       		.uleb128 0x18
 726 00a4 9742     		.uleb128 0x2117
 727 00a6 19       		.uleb128 0x19
 728 00a7 01       		.uleb128 0x1
 729 00a8 13       		.uleb128 0x13
 730 00a9 00       		.byte	0
 731 00aa 00       		.byte	0
 732 00ab 0D       		.uleb128 0xd
ARM GAS  C:\Users\Julien\AppData\Local\Temp\cczGkuPg.s 			page 15


 733 00ac 34       		.uleb128 0x34
 734 00ad 00       		.byte	0
 735 00ae 03       		.uleb128 0x3
 736 00af 0E       		.uleb128 0xe
 737 00b0 3A       		.uleb128 0x3a
 738 00b1 0B       		.uleb128 0xb
 739 00b2 3B       		.uleb128 0x3b
 740 00b3 0B       		.uleb128 0xb
 741 00b4 49       		.uleb128 0x49
 742 00b5 13       		.uleb128 0x13
 743 00b6 02       		.uleb128 0x2
 744 00b7 17       		.uleb128 0x17
 745 00b8 00       		.byte	0
 746 00b9 00       		.byte	0
 747 00ba 0E       		.uleb128 0xe
 748 00bb 898201   		.uleb128 0x4109
 749 00be 01       		.byte	0x1
 750 00bf 11       		.uleb128 0x11
 751 00c0 01       		.uleb128 0x1
 752 00c1 31       		.uleb128 0x31
 753 00c2 13       		.uleb128 0x13
 754 00c3 01       		.uleb128 0x1
 755 00c4 13       		.uleb128 0x13
 756 00c5 00       		.byte	0
 757 00c6 00       		.byte	0
 758 00c7 0F       		.uleb128 0xf
 759 00c8 34       		.uleb128 0x34
 760 00c9 00       		.byte	0
 761 00ca 03       		.uleb128 0x3
 762 00cb 0E       		.uleb128 0xe
 763 00cc 3A       		.uleb128 0x3a
 764 00cd 0B       		.uleb128 0xb
 765 00ce 3B       		.uleb128 0x3b
 766 00cf 05       		.uleb128 0x5
 767 00d0 49       		.uleb128 0x49
 768 00d1 13       		.uleb128 0x13
 769 00d2 3F       		.uleb128 0x3f
 770 00d3 19       		.uleb128 0x19
 771 00d4 3C       		.uleb128 0x3c
 772 00d5 19       		.uleb128 0x19
 773 00d6 00       		.byte	0
 774 00d7 00       		.byte	0
 775 00d8 10       		.uleb128 0x10
 776 00d9 35       		.uleb128 0x35
 777 00da 00       		.byte	0
 778 00db 49       		.uleb128 0x49
 779 00dc 13       		.uleb128 0x13
 780 00dd 00       		.byte	0
 781 00de 00       		.byte	0
 782 00df 11       		.uleb128 0x11
 783 00e0 34       		.uleb128 0x34
 784 00e1 00       		.byte	0
 785 00e2 03       		.uleb128 0x3
 786 00e3 0E       		.uleb128 0xe
 787 00e4 3A       		.uleb128 0x3a
 788 00e5 0B       		.uleb128 0xb
 789 00e6 3B       		.uleb128 0x3b
ARM GAS  C:\Users\Julien\AppData\Local\Temp\cczGkuPg.s 			page 16


 790 00e7 0B       		.uleb128 0xb
 791 00e8 49       		.uleb128 0x49
 792 00e9 13       		.uleb128 0x13
 793 00ea 3F       		.uleb128 0x3f
 794 00eb 19       		.uleb128 0x19
 795 00ec 02       		.uleb128 0x2
 796 00ed 18       		.uleb128 0x18
 797 00ee 00       		.byte	0
 798 00ef 00       		.byte	0
 799 00f0 12       		.uleb128 0x12
 800 00f1 2E       		.uleb128 0x2e
 801 00f2 00       		.byte	0
 802 00f3 3F       		.uleb128 0x3f
 803 00f4 19       		.uleb128 0x19
 804 00f5 03       		.uleb128 0x3
 805 00f6 0E       		.uleb128 0xe
 806 00f7 3A       		.uleb128 0x3a
 807 00f8 0B       		.uleb128 0xb
 808 00f9 3B       		.uleb128 0x3b
 809 00fa 0B       		.uleb128 0xb
 810 00fb 27       		.uleb128 0x27
 811 00fc 19       		.uleb128 0x19
 812 00fd 49       		.uleb128 0x49
 813 00fe 13       		.uleb128 0x13
 814 00ff 3C       		.uleb128 0x3c
 815 0100 19       		.uleb128 0x19
 816 0101 00       		.byte	0
 817 0102 00       		.byte	0
 818 0103 13       		.uleb128 0x13
 819 0104 2E       		.uleb128 0x2e
 820 0105 01       		.byte	0x1
 821 0106 3F       		.uleb128 0x3f
 822 0107 19       		.uleb128 0x19
 823 0108 03       		.uleb128 0x3
 824 0109 0E       		.uleb128 0xe
 825 010a 3A       		.uleb128 0x3a
 826 010b 0B       		.uleb128 0xb
 827 010c 3B       		.uleb128 0x3b
 828 010d 0B       		.uleb128 0xb
 829 010e 27       		.uleb128 0x27
 830 010f 19       		.uleb128 0x19
 831 0110 3C       		.uleb128 0x3c
 832 0111 19       		.uleb128 0x19
 833 0112 01       		.uleb128 0x1
 834 0113 13       		.uleb128 0x13
 835 0114 00       		.byte	0
 836 0115 00       		.byte	0
 837 0116 14       		.uleb128 0x14
 838 0117 05       		.uleb128 0x5
 839 0118 00       		.byte	0
 840 0119 49       		.uleb128 0x49
 841 011a 13       		.uleb128 0x13
 842 011b 00       		.byte	0
 843 011c 00       		.byte	0
 844 011d 15       		.uleb128 0x15
 845 011e 2E       		.uleb128 0x2e
 846 011f 00       		.byte	0
ARM GAS  C:\Users\Julien\AppData\Local\Temp\cczGkuPg.s 			page 17


 847 0120 3F       		.uleb128 0x3f
 848 0121 19       		.uleb128 0x19
 849 0122 03       		.uleb128 0x3
 850 0123 0E       		.uleb128 0xe
 851 0124 3A       		.uleb128 0x3a
 852 0125 0B       		.uleb128 0xb
 853 0126 3B       		.uleb128 0x3b
 854 0127 0B       		.uleb128 0xb
 855 0128 27       		.uleb128 0x27
 856 0129 19       		.uleb128 0x19
 857 012a 3C       		.uleb128 0x3c
 858 012b 19       		.uleb128 0x19
 859 012c 00       		.byte	0
 860 012d 00       		.byte	0
 861 012e 16       		.uleb128 0x16
 862 012f 26       		.uleb128 0x26
 863 0130 00       		.byte	0
 864 0131 49       		.uleb128 0x49
 865 0132 13       		.uleb128 0x13
 866 0133 00       		.byte	0
 867 0134 00       		.byte	0
 868 0135 17       		.uleb128 0x17
 869 0136 2E       		.uleb128 0x2e
 870 0137 01       		.byte	0x1
 871 0138 3F       		.uleb128 0x3f
 872 0139 19       		.uleb128 0x19
 873 013a 03       		.uleb128 0x3
 874 013b 0E       		.uleb128 0xe
 875 013c 3A       		.uleb128 0x3a
 876 013d 0B       		.uleb128 0xb
 877 013e 3B       		.uleb128 0x3b
 878 013f 0B       		.uleb128 0xb
 879 0140 27       		.uleb128 0x27
 880 0141 19       		.uleb128 0x19
 881 0142 3C       		.uleb128 0x3c
 882 0143 19       		.uleb128 0x19
 883 0144 00       		.byte	0
 884 0145 00       		.byte	0
 885 0146 00       		.byte	0
 886              		.section	.debug_loc,"",%progbits
 887              	.Ldebug_loc0:
 888              	.LLST0:
 889 0000 02000000 		.4byte	.LVL2
 890 0004 40000000 		.4byte	.LVL13
 891 0008 0300     		.2byte	0x3
 892 000a 08       		.byte	0x8
 893 000b 2A       		.byte	0x2a
 894 000c 9F       		.byte	0x9f
 895 000d 52000000 		.4byte	.LVL15
 896 0011 70000000 		.4byte	.LFE65
 897 0015 0100     		.2byte	0x1
 898 0017 54       		.byte	0x54
 899 0018 00000000 		.4byte	0
 900 001c 00000000 		.4byte	0
 901              		.section	.debug_aranges,"",%progbits
 902 0000 2C000000 		.4byte	0x2c
 903 0004 0200     		.2byte	0x2
ARM GAS  C:\Users\Julien\AppData\Local\Temp\cczGkuPg.s 			page 18


 904 0006 00000000 		.4byte	.Ldebug_info0
 905 000a 04       		.byte	0x4
 906 000b 00       		.byte	0
 907 000c 0000     		.2byte	0
 908 000e 0000     		.2byte	0
 909 0010 00000000 		.4byte	.LFB63
 910 0014 1C000000 		.4byte	.LFE63-.LFB63
 911 0018 00000000 		.4byte	.LFB64
 912 001c 0A000000 		.4byte	.LFE64-.LFB64
 913 0020 00000000 		.4byte	.LFB65
 914 0024 70000000 		.4byte	.LFE65-.LFB65
 915 0028 00000000 		.4byte	0
 916 002c 00000000 		.4byte	0
 917              		.section	.debug_ranges,"",%progbits
 918              	.Ldebug_ranges0:
 919 0000 00000000 		.4byte	.LFB63
 920 0004 1C000000 		.4byte	.LFE63
 921 0008 00000000 		.4byte	.LFB64
 922 000c 0A000000 		.4byte	.LFE64
 923 0010 00000000 		.4byte	.LFB65
 924 0014 70000000 		.4byte	.LFE65
 925 0018 00000000 		.4byte	0
 926 001c 00000000 		.4byte	0
 927              		.section	.debug_line,"",%progbits
 928              	.Ldebug_line0:
 929 0000 37020000 		.section	.debug_str,"MS",%progbits,1
 929      0200EA01 
 929      00000201 
 929      FB0E0D00 
 929      01010101 
 930              	.LASF35:
 931 0000 43686172 		.ascii	"CharLCD_1_PrintString\000"
 931      4C43445F 
 931      315F5072 
 931      696E7453 
 931      7472696E 
 932              	.LASF29:
 933 0016 565F7365 		.ascii	"V_seuil_Start\000"
 933      75696C5F 
 933      53746172 
 933      7400
 934              	.LASF9:
 935 0024 5F5F696E 		.ascii	"__int32_t\000"
 935      7433325F 
 935      7400
 936              	.LASF30:
 937 002e 54696D65 		.ascii	"Timer_US_Start\000"
 937      725F5553 
 937      5F537461 
 937      727400
 938              	.LASF32:
 939 003d 55535F34 		.ascii	"US_40kHz_Start\000"
 939      306B487A 
 939      5F537461 
 939      727400
 940              	.LASF40:
 941 004c 64697374 		.ascii	"distance\000"
ARM GAS  C:\Users\Julien\AppData\Local\Temp\cczGkuPg.s 			page 19


 941      616E6365 
 941      00
 942              	.LASF13:
 943 0055 666C6F61 		.ascii	"float\000"
 943      7400
 944              	.LASF41:
 945 005b 54696D65 		.ascii	"Timer_US_ReadCapture\000"
 945      725F5553 
 945      5F526561 
 945      64436170 
 945      74757265 
 946              	.LASF1:
 947 0070 756E7369 		.ascii	"unsigned char\000"
 947      676E6564 
 947      20636861 
 947      7200
 948              	.LASF15:
 949 007e 63686172 		.ascii	"char8\000"
 949      3800
 950              	.LASF5:
 951 0084 6C6F6E67 		.ascii	"long unsigned int\000"
 951      20756E73 
 951      69676E65 
 951      6420696E 
 951      7400
 952              	.LASF3:
 953 0096 73686F72 		.ascii	"short unsigned int\000"
 953      7420756E 
 953      7369676E 
 953      65642069 
 953      6E7400
 954              	.LASF26:
 955 00a9 436F756E 		.ascii	"CounterISR_StartEx\000"
 955      74657249 
 955      53525F53 
 955      74617274 
 955      457800
 956              	.LASF14:
 957 00bc 646F7562 		.ascii	"double\000"
 957      6C6500
 958              	.LASF2:
 959 00c3 73686F72 		.ascii	"short int\000"
 959      7420696E 
 959      7400
 960              	.LASF28:
 961 00cd 44657465 		.ascii	"Detect_Seuil_Recept_Start\000"
 961      63745F53 
 961      6575696C 
 961      5F526563 
 961      6570745F 
 962              	.LASF12:
 963 00e7 75696E74 		.ascii	"uint32\000"
 963      333200
 964              	.LASF31:
 965 00ee 43686172 		.ascii	"CharLCD_1_Start\000"
 965      4C43445F 
 965      315F5374 
ARM GAS  C:\Users\Julien\AppData\Local\Temp\cczGkuPg.s 			page 20


 965      61727400 
 966              	.LASF8:
 967 00fe 756E7369 		.ascii	"unsigned int\000"
 967      676E6564 
 967      20696E74 
 967      00
 968              	.LASF7:
 969 010b 6C6F6E67 		.ascii	"long long unsigned int\000"
 969      206C6F6E 
 969      6720756E 
 969      7369676E 
 969      65642069 
 970              	.LASF24:
 971 0122 436F6E74 		.ascii	"Control_Reg_1_Write\000"
 971      726F6C5F 
 971      5265675F 
 971      315F5772 
 971      69746500 
 972              	.LASF36:
 973 0136 474E5520 		.ascii	"GNU C 4.9.3 20150303 (release) [ARM/embedded-4_9-br"
 973      4320342E 
 973      392E3320 
 973      32303135 
 973      30333033 
 974 0169 616E6368 		.ascii	"anch revision 221220] -mcpu=cortex-m3 -mthumb -g -O"
 974      20726576 
 974      6973696F 
 974      6E203232 
 974      31323230 
 975 019c 67202D66 		.ascii	"g -ffunction-sections -ffat-lto-objects\000"
 975      66756E63 
 975      74696F6E 
 975      2D736563 
 975      74696F6E 
 976              	.LASF38:
 977 01c4 433A5C55 		.ascii	"C:\\Users\\Julien\\Documents\\INSA\\5A\\BE_systemes"
 977      73657273 
 977      5C4A756C 
 977      69656E5C 
 977      446F6375 
 978 01f1 5F656D62 		.ascii	"_embarques\\BE_systemes_embarques\\capteur_us.cydsn"
 978      61727175 
 978      65735C42 
 978      455F7379 
 978      7374656D 
 979 0222 00       		.ascii	"\000"
 980              	.LASF17:
 981 0223 63796973 		.ascii	"cyisraddress\000"
 981      72616464 
 981      72657373 
 981      00
 982              	.LASF39:
 983 0230 6D61696E 		.ascii	"main\000"
 983      00
 984              	.LASF21:
 985 0235 49544D5F 		.ascii	"ITM_RxBuffer\000"
 985      52784275 
ARM GAS  C:\Users\Julien\AppData\Local\Temp\cczGkuPg.s 			page 21


 985      66666572 
 985      00
 986              	.LASF10:
 987 0242 696E7433 		.ascii	"int32_t\000"
 987      325F7400 
 988              	.LASF34:
 989 024a 43686172 		.ascii	"CharLCD_1_Position\000"
 989      4C43445F 
 989      315F506F 
 989      73697469 
 989      6F6E00
 990              	.LASF23:
 991 025d 72656375 		.ascii	"recu\000"
 991      00
 992              	.LASF18:
 993 0262 73697A65 		.ascii	"sizetype\000"
 993      74797065 
 993      00
 994              	.LASF6:
 995 026b 6C6F6E67 		.ascii	"long long int\000"
 995      206C6F6E 
 995      6720696E 
 995      7400
 996              	.LASF20:
 997 0279 636F756E 		.ascii	"counterInterrupt\000"
 997      74657249 
 997      6E746572 
 997      72757074 
 997      00
 998              	.LASF37:
 999 028a 6D61696E 		.ascii	"main.c\000"
 999      2E6300
 1000              	.LASF16:
 1001 0291 63686172 		.ascii	"char\000"
 1001      00
 1002              	.LASF27:
 1003 0296 416D706C 		.ascii	"Ampli_Recept_Start\000"
 1003      695F5265 
 1003      63657074 
 1003      5F537461 
 1003      727400
 1004              	.LASF22:
 1005 02a9 74696D65 		.ascii	"timerCount\000"
 1005      72436F75 
 1005      6E7400
 1006              	.LASF11:
 1007 02b4 75696E74 		.ascii	"uint8\000"
 1007      3800
 1008              	.LASF25:
 1009 02ba 54696D65 		.ascii	"TimerISR_StartEx\000"
 1009      72495352 
 1009      5F537461 
 1009      72744578 
 1009      00
 1010              	.LASF4:
 1011 02cb 6C6F6E67 		.ascii	"long int\000"
 1011      20696E74 
ARM GAS  C:\Users\Julien\AppData\Local\Temp\cczGkuPg.s 			page 22


 1011      00
 1012              	.LASF33:
 1013 02d4 436F756E 		.ascii	"Counter_1_Start\000"
 1013      7465725F 
 1013      315F5374 
 1013      61727400 
 1014              	.LASF42:
 1015 02e4 43686172 		.ascii	"CharLCD_1_PrintInt8\000"
 1015      4C43445F 
 1015      315F5072 
 1015      696E7449 
 1015      6E743800 
 1016              	.LASF0:
 1017 02f8 7369676E 		.ascii	"signed char\000"
 1017      65642063 
 1017      68617200 
 1018              	.LASF19:
 1019 0304 74696D65 		.ascii	"timerInterrupt\000"
 1019      72496E74 
 1019      65727275 
 1019      707400
 1020              		.ident	"GCC: (GNU Tools for ARM Embedded Processors) 4.9.3 20150303 (release) [ARM/embedded-4_9-br
