ARM GAS  C:\Users\Julien\AppData\Local\Temp\ccNFAQoq.s 			page 1


   1              		.syntax unified
   2              		.cpu cortex-m3
   3              		.fpu softvfp
   4              		.eabi_attribute 20, 1
   5              		.eabi_attribute 21, 1
   6              		.eabi_attribute 23, 3
   7              		.eabi_attribute 24, 1
   8              		.eabi_attribute 25, 1
   9              		.eabi_attribute 26, 1
  10              		.eabi_attribute 30, 1
  11              		.eabi_attribute 34, 1
  12              		.eabi_attribute 18, 4
  13              		.thumb
  14              		.file	"Timer_out_ISR.c"
  15              		.text
  16              	.Ltext0:
  17              		.cfi_sections	.debug_frame
  18              	.Letext0:
  19              		.section	.debug_info,"",%progbits
  20              	.Ldebug_info0:
  21 0000 7C000000 		.4byte	0x7c
  22 0004 0400     		.2byte	0x4
  23 0006 00000000 		.4byte	.Ldebug_abbrev0
  24 000a 04       		.byte	0x4
  25 000b 01       		.uleb128 0x1
  26 000c A3000000 		.4byte	.LASF13
  27 0010 01       		.byte	0x1
  28 0011 73010000 		.4byte	.LASF14
  29 0015 1B000000 		.4byte	.LASF15
  30 0019 00000000 		.4byte	.Ldebug_line0
  31 001d 02       		.uleb128 0x2
  32 001e 04       		.byte	0x4
  33 001f 05       		.byte	0x5
  34 0020 696E7400 		.ascii	"int\000"
  35 0024 03       		.uleb128 0x3
  36 0025 04       		.byte	0x4
  37 0026 07       		.byte	0x7
  38 0027 0E000000 		.4byte	.LASF0
  39 002b 03       		.uleb128 0x3
  40 002c 01       		.byte	0x1
  41 002d 06       		.byte	0x6
  42 002e 67010000 		.4byte	.LASF1
  43 0032 03       		.uleb128 0x3
  44 0033 01       		.byte	0x1
  45 0034 08       		.byte	0x8
  46 0035 31010000 		.4byte	.LASF2
  47 0039 03       		.uleb128 0x3
  48 003a 02       		.byte	0x2
  49 003b 05       		.byte	0x5
  50 003c A0010000 		.4byte	.LASF3
  51 0040 03       		.uleb128 0x3
  52 0041 02       		.byte	0x2
  53 0042 07       		.byte	0x7
  54 0043 54010000 		.4byte	.LASF4
  55 0047 03       		.uleb128 0x3
  56 0048 04       		.byte	0x4
  57 0049 05       		.byte	0x5
ARM GAS  C:\Users\Julien\AppData\Local\Temp\ccNFAQoq.s 			page 2


  58 004a 44010000 		.4byte	.LASF5
  59 004e 03       		.uleb128 0x3
  60 004f 04       		.byte	0x4
  61 0050 07       		.byte	0x7
  62 0051 7A000000 		.4byte	.LASF6
  63 0055 03       		.uleb128 0x3
  64 0056 08       		.byte	0x8
  65 0057 05       		.byte	0x5
  66 0058 00000000 		.4byte	.LASF7
  67 005c 03       		.uleb128 0x3
  68 005d 08       		.byte	0x8
  69 005e 07       		.byte	0x7
  70 005f 8C000000 		.4byte	.LASF8
  71 0063 03       		.uleb128 0x3
  72 0064 04       		.byte	0x4
  73 0065 07       		.byte	0x7
  74 0066 AA010000 		.4byte	.LASF9
  75 006a 03       		.uleb128 0x3
  76 006b 01       		.byte	0x1
  77 006c 08       		.byte	0x8
  78 006d 3F010000 		.4byte	.LASF10
  79 0071 03       		.uleb128 0x3
  80 0072 04       		.byte	0x4
  81 0073 04       		.byte	0x4
  82 0074 9A010000 		.4byte	.LASF11
  83 0078 03       		.uleb128 0x3
  84 0079 08       		.byte	0x8
  85 007a 04       		.byte	0x4
  86 007b 4D010000 		.4byte	.LASF12
  87 007f 00       		.byte	0
  88              		.section	.debug_abbrev,"",%progbits
  89              	.Ldebug_abbrev0:
  90 0000 01       		.uleb128 0x1
  91 0001 11       		.uleb128 0x11
  92 0002 01       		.byte	0x1
  93 0003 25       		.uleb128 0x25
  94 0004 0E       		.uleb128 0xe
  95 0005 13       		.uleb128 0x13
  96 0006 0B       		.uleb128 0xb
  97 0007 03       		.uleb128 0x3
  98 0008 0E       		.uleb128 0xe
  99 0009 1B       		.uleb128 0x1b
 100 000a 0E       		.uleb128 0xe
 101 000b 10       		.uleb128 0x10
 102 000c 17       		.uleb128 0x17
 103 000d 00       		.byte	0
 104 000e 00       		.byte	0
 105 000f 02       		.uleb128 0x2
 106 0010 24       		.uleb128 0x24
 107 0011 00       		.byte	0
 108 0012 0B       		.uleb128 0xb
 109 0013 0B       		.uleb128 0xb
 110 0014 3E       		.uleb128 0x3e
 111 0015 0B       		.uleb128 0xb
 112 0016 03       		.uleb128 0x3
 113 0017 08       		.uleb128 0x8
 114 0018 00       		.byte	0
ARM GAS  C:\Users\Julien\AppData\Local\Temp\ccNFAQoq.s 			page 3


 115 0019 00       		.byte	0
 116 001a 03       		.uleb128 0x3
 117 001b 24       		.uleb128 0x24
 118 001c 00       		.byte	0
 119 001d 0B       		.uleb128 0xb
 120 001e 0B       		.uleb128 0xb
 121 001f 3E       		.uleb128 0x3e
 122 0020 0B       		.uleb128 0xb
 123 0021 03       		.uleb128 0x3
 124 0022 0E       		.uleb128 0xe
 125 0023 00       		.byte	0
 126 0024 00       		.byte	0
 127 0025 00       		.byte	0
 128              		.section	.debug_aranges,"",%progbits
 129 0000 14000000 		.4byte	0x14
 130 0004 0200     		.2byte	0x2
 131 0006 00000000 		.4byte	.Ldebug_info0
 132 000a 04       		.byte	0x4
 133 000b 00       		.byte	0
 134 000c 0000     		.2byte	0
 135 000e 0000     		.2byte	0
 136 0010 00000000 		.4byte	0
 137 0014 00000000 		.4byte	0
 138              		.section	.debug_line,"",%progbits
 139              	.Ldebug_line0:
 140 0000 19000000 		.section	.debug_str,"MS",%progbits,1
 140      02001300 
 140      00000201 
 140      FB0E0D00 
 140      01010101 
 141              	.LASF7:
 142 0000 6C6F6E67 		.ascii	"long long int\000"
 142      206C6F6E 
 142      6720696E 
 142      7400
 143              	.LASF0:
 144 000e 756E7369 		.ascii	"unsigned int\000"
 144      676E6564 
 144      20696E74 
 144      00
 145              	.LASF15:
 146 001b 433A5C55 		.ascii	"C:\\Users\\Julien\\Documents\\INSA\\5A\\BE_systemes"
 146      73657273 
 146      5C4A756C 
 146      69656E5C 
 146      446F6375 
 147 0048 5F656D62 		.ascii	"_embarques\\BE_systemes_embarques\\capteur_us.cydsn"
 147      61727175 
 147      65735C42 
 147      455F7379 
 147      7374656D 
 148 0079 00       		.ascii	"\000"
 149              	.LASF6:
 150 007a 6C6F6E67 		.ascii	"long unsigned int\000"
 150      20756E73 
 150      69676E65 
 150      6420696E 
ARM GAS  C:\Users\Julien\AppData\Local\Temp\ccNFAQoq.s 			page 4


 150      7400
 151              	.LASF8:
 152 008c 6C6F6E67 		.ascii	"long long unsigned int\000"
 152      206C6F6E 
 152      6720756E 
 152      7369676E 
 152      65642069 
 153              	.LASF13:
 154 00a3 474E5520 		.ascii	"GNU C 4.9.3 20150303 (release) [ARM/embedded-4_9-br"
 154      4320342E 
 154      392E3320 
 154      32303135 
 154      30333033 
 155 00d6 616E6368 		.ascii	"anch revision 221220] -mcpu=cortex-m3 -mthumb -g -O"
 155      20726576 
 155      6973696F 
 155      6E203232 
 155      31323230 
 156 0109 67202D66 		.ascii	"g -ffunction-sections -ffat-lto-objects\000"
 156      66756E63 
 156      74696F6E 
 156      2D736563 
 156      74696F6E 
 157              	.LASF2:
 158 0131 756E7369 		.ascii	"unsigned char\000"
 158      676E6564 
 158      20636861 
 158      7200
 159              	.LASF10:
 160 013f 63686172 		.ascii	"char\000"
 160      00
 161              	.LASF5:
 162 0144 6C6F6E67 		.ascii	"long int\000"
 162      20696E74 
 162      00
 163              	.LASF12:
 164 014d 646F7562 		.ascii	"double\000"
 164      6C6500
 165              	.LASF4:
 166 0154 73686F72 		.ascii	"short unsigned int\000"
 166      7420756E 
 166      7369676E 
 166      65642069 
 166      6E7400
 167              	.LASF1:
 168 0167 7369676E 		.ascii	"signed char\000"
 168      65642063 
 168      68617200 
 169              	.LASF14:
 170 0173 47656E65 		.ascii	"Generated_Source\\PSoC5\\Timer_out_ISR.c\000"
 170      72617465 
 170      645F536F 
 170      75726365 
 170      5C50536F 
 171              	.LASF11:
 172 019a 666C6F61 		.ascii	"float\000"
 172      7400
ARM GAS  C:\Users\Julien\AppData\Local\Temp\ccNFAQoq.s 			page 5


 173              	.LASF3:
 174 01a0 73686F72 		.ascii	"short int\000"
 174      7420696E 
 174      7400
 175              	.LASF9:
 176 01aa 73697A65 		.ascii	"sizetype\000"
 176      74797065 
 176      00
 177              		.ident	"GCC: (GNU Tools for ARM Embedded Processors) 4.9.3 20150303 (release) [ARM/embedded-4_9-br
