ARM GAS  C:\Users\Julien\AppData\Local\Temp\ccTfoTs8.s 			page 1


   1              		.syntax unified
   2              		.cpu cortex-m3
   3              		.fpu softvfp
   4              		.eabi_attribute 20, 1
   5              		.eabi_attribute 21, 1
   6              		.eabi_attribute 23, 3
   7              		.eabi_attribute 24, 1
   8              		.eabi_attribute 25, 1
   9              		.eabi_attribute 26, 1
  10              		.eabi_attribute 30, 6
  11              		.eabi_attribute 34, 1
  12              		.eabi_attribute 18, 4
  13              		.thumb
  14              		.file	"cymetadata.c"
  15              		.text
  16              	.Ltext0:
  17              		.cfi_sections	.debug_frame
  18              		.global	cy_meta_configecc
  19              		.section	.cyconfigecc,"a",%progbits
  20              		.align	2
  21              		.type	cy_meta_configecc, %object
  22              		.size	cy_meta_configecc, 1368
  23              	cy_meta_configecc:
  24 0000 10       		.byte	16
  25 0001 00       		.byte	0
  26 0002 00       		.byte	0
  27 0003 00       		.byte	0
  28 0004 00       		.byte	0
  29 0005 00       		.byte	0
  30 0006 00       		.byte	0
  31 0007 00       		.byte	0
  32 0008 03       		.byte	3
  33 0009 00       		.byte	0
  34 000a 00       		.byte	0
  35 000b 00       		.byte	0
  36 000c 00       		.byte	0
  37 000d 00       		.byte	0
  38 000e 00       		.byte	0
  39 000f 00       		.byte	0
  40 0010 00       		.byte	0
  41 0011 00       		.byte	0
  42 0012 01       		.byte	1
  43 0013 00       		.byte	0
  44 0014 00       		.byte	0
  45 0015 00       		.byte	0
  46 0016 00       		.byte	0
  47 0017 00       		.byte	0
  48 0018 00       		.byte	0
  49 0019 00       		.byte	0
  50 001a 00       		.byte	0
  51 001b 00       		.byte	0
  52 001c 00       		.byte	0
  53 001d 00       		.byte	0
  54 001e 0C       		.byte	12
  55 001f 03       		.byte	3
  56 0020 01       		.byte	1
  57 0021 00       		.byte	0
ARM GAS  C:\Users\Julien\AppData\Local\Temp\ccTfoTs8.s 			page 2


  58 0022 00       		.byte	0
  59 0023 00       		.byte	0
  60 0024 04       		.byte	4
  61 0025 00       		.byte	0
  62 0026 00       		.byte	0
  63 0027 00       		.byte	0
  64 0028 00       		.byte	0
  65 0029 00       		.byte	0
  66 002a 00       		.byte	0
  67 002b 00       		.byte	0
  68 002c 00       		.byte	0
  69 002d 01       		.byte	1
  70 002e 03       		.byte	3
  71 002f 00       		.byte	0
  72 0030 00       		.byte	0
  73 0031 00       		.byte	0
  74 0032 00       		.byte	0
  75 0033 00       		.byte	0
  76 0034 00       		.byte	0
  77 0035 00       		.byte	0
  78 0036 00       		.byte	0
  79 0037 00       		.byte	0
  80 0038 00       		.byte	0
  81 0039 00       		.byte	0
  82 003a 00       		.byte	0
  83 003b 00       		.byte	0
  84 003c 00       		.byte	0
  85 003d 00       		.byte	0
  86 003e 00       		.byte	0
  87 003f 00       		.byte	0
  88 0040 02       		.byte	2
  89 0041 02       		.byte	2
  90 0042 08       		.byte	8
  91 0043 00       		.byte	0
  92 0044 04       		.byte	4
  93 0045 00       		.byte	0
  94 0046 01       		.byte	1
  95 0047 01       		.byte	1
  96 0048 00       		.byte	0
  97 0049 00       		.byte	0
  98 004a 00       		.byte	0
  99 004b 00       		.byte	0
 100 004c 00       		.byte	0
 101 004d 00       		.byte	0
 102 004e 50       		.byte	80
 103 004f 40       		.byte	64
 104 0050 15       		.byte	21
 105 0051 00       		.byte	0
 106 0052 00       		.byte	0
 107 0053 00       		.byte	0
 108 0054 00       		.byte	0
 109 0055 0C       		.byte	12
 110 0056 22       		.byte	34
 111 0057 5E       		.byte	94
 112 0058 3D       		.byte	61
 113 0059 FF       		.byte	-1
 114 005a FF       		.byte	-1
ARM GAS  C:\Users\Julien\AppData\Local\Temp\ccTfoTs8.s 			page 3


 115 005b FF       		.byte	-1
 116 005c 00       		.byte	0
 117 005d A0       		.byte	-96
 118 005e 00       		.byte	0
 119 005f 01       		.byte	1
 120 0060 18       		.byte	24
 121 0061 00       		.byte	0
 122 0062 80       		.byte	-128
 123 0063 00       		.byte	0
 124 0064 0B       		.byte	11
 125 0065 00       		.byte	0
 126 0066 04       		.byte	4
 127 0067 00       		.byte	0
 128 0068 04       		.byte	4
 129 0069 04       		.byte	4
 130 006a 04       		.byte	4
 131 006b 04       		.byte	4
 132 006c 00       		.byte	0
 133 006d 00       		.byte	0
 134 006e 00       		.byte	0
 135 006f 01       		.byte	1
 136 0070 40       		.byte	64
 137 0071 00       		.byte	0
 138 0072 80       		.byte	-128
 139 0073 00       		.byte	0
 140 0074 40       		.byte	64
 141 0075 40       		.byte	64
 142 0076 80       		.byte	-128
 143 0077 00       		.byte	0
 144 0078 40       		.byte	64
 145 0079 00       		.byte	0
 146 007a 50       		.byte	80
 147 007b A8       		.byte	-88
 148 007c 40       		.byte	64
 149 007d 20       		.byte	32
 150 007e 50       		.byte	80
 151 007f A8       		.byte	-88
 152 0080 00       		.byte	0
 153 0081 00       		.byte	0
 154 0082 00       		.byte	0
 155 0083 00       		.byte	0
 156 0084 00       		.byte	0
 157 0085 00       		.byte	0
 158 0086 00       		.byte	0
 159 0087 00       		.byte	0
 160 0088 00       		.byte	0
 161 0089 00       		.byte	0
 162 008a 00       		.byte	0
 163 008b 00       		.byte	0
 164 008c 00       		.byte	0
 165 008d 00       		.byte	0
 166 008e 00       		.byte	0
 167 008f 00       		.byte	0
 168 0090 00       		.byte	0
 169 0091 00       		.byte	0
 170 0092 00       		.byte	0
 171 0093 00       		.byte	0
ARM GAS  C:\Users\Julien\AppData\Local\Temp\ccTfoTs8.s 			page 4


 172 0094 00       		.byte	0
 173 0095 00       		.byte	0
 174 0096 00       		.byte	0
 175 0097 00       		.byte	0
 176 0098 00       		.byte	0
 177 0099 00       		.byte	0
 178 009a 00       		.byte	0
 179 009b 00       		.byte	0
 180 009c 00       		.byte	0
 181 009d 00       		.byte	0
 182 009e 00       		.byte	0
 183 009f 00       		.byte	0
 184 00a0 00       		.byte	0
 185 00a1 00       		.byte	0
 186 00a2 00       		.byte	0
 187 00a3 00       		.byte	0
 188 00a4 00       		.byte	0
 189 00a5 00       		.byte	0
 190 00a6 00       		.byte	0
 191 00a7 00       		.byte	0
 192 00a8 00       		.byte	0
 193 00a9 00       		.byte	0
 194 00aa 00       		.byte	0
 195 00ab 00       		.byte	0
 196 00ac 00       		.byte	0
 197 00ad 00       		.byte	0
 198 00ae 00       		.byte	0
 199 00af 00       		.byte	0
 200 00b0 00       		.byte	0
 201 00b1 00       		.byte	0
 202 00b2 00       		.byte	0
 203 00b3 00       		.byte	0
 204 00b4 00       		.byte	0
 205 00b5 00       		.byte	0
 206 00b6 00       		.byte	0
 207 00b7 00       		.byte	0
 208 00b8 00       		.byte	0
 209 00b9 00       		.byte	0
 210 00ba 00       		.byte	0
 211 00bb 00       		.byte	0
 212 00bc 00       		.byte	0
 213 00bd 00       		.byte	0
 214 00be 00       		.byte	0
 215 00bf 00       		.byte	0
 216 00c0 00       		.byte	0
 217 00c1 00       		.byte	0
 218 00c2 00       		.byte	0
 219 00c3 00       		.byte	0
 220 00c4 00       		.byte	0
 221 00c5 00       		.byte	0
 222 00c6 00       		.byte	0
 223 00c7 00       		.byte	0
 224 00c8 00       		.byte	0
 225 00c9 00       		.byte	0
 226 00ca C0       		.byte	-64
 227 00cb 00       		.byte	0
 228 00cc 00       		.byte	0
ARM GAS  C:\Users\Julien\AppData\Local\Temp\ccTfoTs8.s 			page 5


 229 00cd 00       		.byte	0
 230 00ce 00       		.byte	0
 231 00cf 00       		.byte	0
 232 00d0 00       		.byte	0
 233 00d1 00       		.byte	0
 234 00d2 00       		.byte	0
 235 00d3 00       		.byte	0
 236 00d4 00       		.byte	0
 237 00d5 00       		.byte	0
 238 00d6 00       		.byte	0
 239 00d7 00       		.byte	0
 240 00d8 00       		.byte	0
 241 00d9 00       		.byte	0
 242 00da 00       		.byte	0
 243 00db 00       		.byte	0
 244 00dc 00       		.byte	0
 245 00dd 00       		.byte	0
 246 00de 00       		.byte	0
 247 00df 00       		.byte	0
 248 00e0 00       		.byte	0
 249 00e1 00       		.byte	0
 250 00e2 00       		.byte	0
 251 00e3 00       		.byte	0
 252 00e4 00       		.byte	0
 253 00e5 00       		.byte	0
 254 00e6 08       		.byte	8
 255 00e7 00       		.byte	0
 256 00e8 04       		.byte	4
 257 00e9 00       		.byte	0
 258 00ea 00       		.byte	0
 259 00eb 04       		.byte	4
 260 00ec 01       		.byte	1
 261 00ed 00       		.byte	0
 262 00ee 00       		.byte	0
 263 00ef 01       		.byte	1
 264 00f0 00       		.byte	0
 265 00f1 00       		.byte	0
 266 00f2 00       		.byte	0
 267 00f3 00       		.byte	0
 268 00f4 00       		.byte	0
 269 00f5 00       		.byte	0
 270 00f6 00       		.byte	0
 271 00f7 00       		.byte	0
 272 00f8 00       		.byte	0
 273 00f9 00       		.byte	0
 274 00fa 00       		.byte	0
 275 00fb 00       		.byte	0
 276 00fc 00       		.byte	0
 277 00fd 00       		.byte	0
 278 00fe 00       		.byte	0
 279 00ff 00       		.byte	0
 280 0100 00       		.byte	0
 281 0101 00       		.byte	0
 282 0102 00       		.byte	0
 283 0103 00       		.byte	0
 284 0104 00       		.byte	0
 285 0105 00       		.byte	0
ARM GAS  C:\Users\Julien\AppData\Local\Temp\ccTfoTs8.s 			page 6


 286 0106 00       		.byte	0
 287 0107 00       		.byte	0
 288 0108 00       		.byte	0
 289 0109 00       		.byte	0
 290 010a 00       		.byte	0
 291 010b 00       		.byte	0
 292 010c 00       		.byte	0
 293 010d 00       		.byte	0
 294 010e 00       		.byte	0
 295 010f 00       		.byte	0
 296 0110 00       		.byte	0
 297 0111 00       		.byte	0
 298 0112 00       		.byte	0
 299 0113 00       		.byte	0
 300 0114 00       		.byte	0
 301 0115 00       		.byte	0
 302 0116 00       		.byte	0
 303 0117 00       		.byte	0
 304 0118 00       		.byte	0
 305 0119 00       		.byte	0
 306 011a 00       		.byte	0
 307 011b 00       		.byte	0
 308 011c 00       		.byte	0
 309 011d 00       		.byte	0
 310 011e 00       		.byte	0
 311 011f 00       		.byte	0
 312 0120 00       		.byte	0
 313 0121 00       		.byte	0
 314 0122 6B       		.byte	107
 315 0123 00       		.byte	0
 316 0124 00       		.byte	0
 317 0125 00       		.byte	0
 318 0126 00       		.byte	0
 319 0127 00       		.byte	0
 320 0128 00       		.byte	0
 321 0129 00       		.byte	0
 322 012a 00       		.byte	0
 323 012b 00       		.byte	0
 324 012c 00       		.byte	0
 325 012d 00       		.byte	0
 326 012e 00       		.byte	0
 327 012f 00       		.byte	0
 328 0130 03       		.byte	3
 329 0131 00       		.byte	0
 330 0132 00       		.byte	0
 331 0133 00       		.byte	0
 332 0134 00       		.byte	0
 333 0135 00       		.byte	0
 334 0136 00       		.byte	0
 335 0137 00       		.byte	0
 336 0138 03       		.byte	3
 337 0139 00       		.byte	0
 338 013a 00       		.byte	0
 339 013b 00       		.byte	0
 340 013c 00       		.byte	0
 341 013d 00       		.byte	0
 342 013e 00       		.byte	0
ARM GAS  C:\Users\Julien\AppData\Local\Temp\ccTfoTs8.s 			page 7


 343 013f 00       		.byte	0
 344 0140 00       		.byte	0
 345 0141 00       		.byte	0
 346 0142 00       		.byte	0
 347 0143 00       		.byte	0
 348 0144 00       		.byte	0
 349 0145 00       		.byte	0
 350 0146 00       		.byte	0
 351 0147 00       		.byte	0
 352 0148 00       		.byte	0
 353 0149 00       		.byte	0
 354 014a 00       		.byte	0
 355 014b 00       		.byte	0
 356 014c 00       		.byte	0
 357 014d 00       		.byte	0
 358 014e 00       		.byte	0
 359 014f 00       		.byte	0
 360 0150 00       		.byte	0
 361 0151 00       		.byte	0
 362 0152 00       		.byte	0
 363 0153 00       		.byte	0
 364 0154 00       		.byte	0
 365 0155 00       		.byte	0
 366 0156 00       		.byte	0
 367 0157 00       		.byte	0
 368 0158 00       		.byte	0
 369 0159 00       		.byte	0
 370 015a 00       		.byte	0
 371 015b 00       		.byte	0
 372 015c 00       		.byte	0
 373 015d 00       		.byte	0
 374 015e 00       		.byte	0
 375 015f 00       		.byte	0
 376 0160 00       		.byte	0
 377 0161 00       		.byte	0
 378 0162 00       		.byte	0
 379 0163 00       		.byte	0
 380 0164 00       		.byte	0
 381 0165 00       		.byte	0
 382 0166 00       		.byte	0
 383 0167 00       		.byte	0
 384 0168 40       		.byte	64
 385 0169 10       		.byte	16
 386 016a 00       		.byte	0
 387 016b 00       		.byte	0
 388 016c 00       		.byte	0
 389 016d 00       		.byte	0
 390 016e 00       		.byte	0
 391 016f 80       		.byte	-128
 392 0170 00       		.byte	0
 393 0171 00       		.byte	0
 394 0172 10       		.byte	16
 395 0173 00       		.byte	0
 396 0174 00       		.byte	0
 397 0175 00       		.byte	0
 398 0176 00       		.byte	0
 399 0177 00       		.byte	0
ARM GAS  C:\Users\Julien\AppData\Local\Temp\ccTfoTs8.s 			page 8


 400 0178 00       		.byte	0
 401 0179 00       		.byte	0
 402 017a 00       		.byte	0
 403 017b 00       		.byte	0
 404 017c 00       		.byte	0
 405 017d 00       		.byte	0
 406 017e 00       		.byte	0
 407 017f 00       		.byte	0
 408 0180 00       		.byte	0
 409 0181 00       		.byte	0
 410 0182 00       		.byte	0
 411 0183 00       		.byte	0
 412 0184 00       		.byte	0
 413 0185 00       		.byte	0
 414 0186 00       		.byte	0
 415 0187 00       		.byte	0
 416 0188 00       		.byte	0
 417 0189 00       		.byte	0
 418 018a 00       		.byte	0
 419 018b 00       		.byte	0
 420 018c 00       		.byte	0
 421 018d 00       		.byte	0
 422 018e 00       		.byte	0
 423 018f 00       		.byte	0
 424 0190 00       		.byte	0
 425 0191 00       		.byte	0
 426 0192 00       		.byte	0
 427 0193 00       		.byte	0
 428 0194 00       		.byte	0
 429 0195 00       		.byte	0
 430 0196 00       		.byte	0
 431 0197 00       		.byte	0
 432 0198 00       		.byte	0
 433 0199 00       		.byte	0
 434 019a 00       		.byte	0
 435 019b 00       		.byte	0
 436 019c 00       		.byte	0
 437 019d 00       		.byte	0
 438 019e 00       		.byte	0
 439 019f 00       		.byte	0
 440 01a0 00       		.byte	0
 441 01a1 00       		.byte	0
 442 01a2 00       		.byte	0
 443 01a3 00       		.byte	0
 444 01a4 00       		.byte	0
 445 01a5 00       		.byte	0
 446 01a6 00       		.byte	0
 447 01a7 00       		.byte	0
 448 01a8 00       		.byte	0
 449 01a9 00       		.byte	0
 450 01aa 80       		.byte	-128
 451 01ab 00       		.byte	0
 452 01ac 00       		.byte	0
 453 01ad 00       		.byte	0
 454 01ae 00       		.byte	0
 455 01af 00       		.byte	0
 456 01b0 00       		.byte	0
ARM GAS  C:\Users\Julien\AppData\Local\Temp\ccTfoTs8.s 			page 9


 457 01b1 00       		.byte	0
 458 01b2 00       		.byte	0
 459 01b3 00       		.byte	0
 460 01b4 00       		.byte	0
 461 01b5 00       		.byte	0
 462 01b6 00       		.byte	0
 463 01b7 00       		.byte	0
 464 01b8 00       		.byte	0
 465 01b9 00       		.byte	0
 466 01ba 00       		.byte	0
 467 01bb 00       		.byte	0
 468 01bc 00       		.byte	0
 469 01bd 00       		.byte	0
 470 01be 00       		.byte	0
 471 01bf 00       		.byte	0
 472 01c0 00       		.byte	0
 473 01c1 00       		.byte	0
 474 01c2 00       		.byte	0
 475 01c3 00       		.byte	0
 476 01c4 00       		.byte	0
 477 01c5 00       		.byte	0
 478 01c6 02       		.byte	2
 479 01c7 40       		.byte	64
 480 01c8 00       		.byte	0
 481 01c9 00       		.byte	0
 482 01ca 00       		.byte	0
 483 01cb 00       		.byte	0
 484 01cc 00       		.byte	0
 485 01cd 00       		.byte	0
 486 01ce A0       		.byte	-96
 487 01cf 02       		.byte	2
 488 01d0 00       		.byte	0
 489 01d1 00       		.byte	0
 490 01d2 00       		.byte	0
 491 01d3 00       		.byte	0
 492 01d4 00       		.byte	0
 493 01d5 00       		.byte	0
 494 01d6 00       		.byte	0
 495 01d7 00       		.byte	0
 496 01d8 00       		.byte	0
 497 01d9 40       		.byte	64
 498 01da 00       		.byte	0
 499 01db 00       		.byte	0
 500 01dc 00       		.byte	0
 501 01dd 90       		.byte	-112
 502 01de A0       		.byte	-96
 503 01df 00       		.byte	0
 504 01e0 00       		.byte	0
 505 01e1 00       		.byte	0
 506 01e2 00       		.byte	0
 507 01e3 00       		.byte	0
 508 01e4 00       		.byte	0
 509 01e5 00       		.byte	0
 510 01e6 00       		.byte	0
 511 01e7 82       		.byte	-126
 512 01e8 00       		.byte	0
 513 01e9 00       		.byte	0
ARM GAS  C:\Users\Julien\AppData\Local\Temp\ccTfoTs8.s 			page 10


 514 01ea 00       		.byte	0
 515 01eb 00       		.byte	0
 516 01ec 00       		.byte	0
 517 01ed 00       		.byte	0
 518 01ee 00       		.byte	0
 519 01ef 00       		.byte	0
 520 01f0 00       		.byte	0
 521 01f1 00       		.byte	0
 522 01f2 00       		.byte	0
 523 01f3 00       		.byte	0
 524 01f4 00       		.byte	0
 525 01f5 00       		.byte	0
 526 01f6 00       		.byte	0
 527 01f7 80       		.byte	-128
 528 01f8 00       		.byte	0
 529 01f9 00       		.byte	0
 530 01fa 00       		.byte	0
 531 01fb 00       		.byte	0
 532 01fc 00       		.byte	0
 533 01fd 00       		.byte	0
 534 01fe 00       		.byte	0
 535 01ff 80       		.byte	-128
 536 0200 00       		.byte	0
 537 0201 00       		.byte	0
 538 0202 00       		.byte	0
 539 0203 00       		.byte	0
 540 0204 00       		.byte	0
 541 0205 80       		.byte	-128
 542 0206 00       		.byte	0
 543 0207 00       		.byte	0
 544 0208 00       		.byte	0
 545 0209 00       		.byte	0
 546 020a 00       		.byte	0
 547 020b 00       		.byte	0
 548 020c 00       		.byte	0
 549 020d 00       		.byte	0
 550 020e 00       		.byte	0
 551 020f B4       		.byte	-76
 552 0210 00       		.byte	0
 553 0211 00       		.byte	0
 554 0212 00       		.byte	0
 555 0213 00       		.byte	0
 556 0214 00       		.byte	0
 557 0215 00       		.byte	0
 558 0216 0A       		.byte	10
 559 0217 50       		.byte	80
 560 0218 00       		.byte	0
 561 0219 40       		.byte	64
 562 021a 00       		.byte	0
 563 021b 00       		.byte	0
 564 021c 40       		.byte	64
 565 021d 00       		.byte	0
 566 021e 00       		.byte	0
 567 021f 12       		.byte	18
 568 0220 00       		.byte	0
 569 0221 00       		.byte	0
 570 0222 00       		.byte	0
ARM GAS  C:\Users\Julien\AppData\Local\Temp\ccTfoTs8.s 			page 11


 571 0223 02       		.byte	2
 572 0224 00       		.byte	0
 573 0225 00       		.byte	0
 574 0226 09       		.byte	9
 575 0227 04       		.byte	4
 576 0228 00       		.byte	0
 577 0229 00       		.byte	0
 578 022a 00       		.byte	0
 579 022b 00       		.byte	0
 580 022c 00       		.byte	0
 581 022d 00       		.byte	0
 582 022e 00       		.byte	0
 583 022f 00       		.byte	0
 584 0230 00       		.byte	0
 585 0231 00       		.byte	0
 586 0232 00       		.byte	0
 587 0233 00       		.byte	0
 588 0234 00       		.byte	0
 589 0235 00       		.byte	0
 590 0236 00       		.byte	0
 591 0237 40       		.byte	64
 592 0238 00       		.byte	0
 593 0239 00       		.byte	0
 594 023a 00       		.byte	0
 595 023b 00       		.byte	0
 596 023c 00       		.byte	0
 597 023d 00       		.byte	0
 598 023e 00       		.byte	0
 599 023f 00       		.byte	0
 600 0240 00       		.byte	0
 601 0241 00       		.byte	0
 602 0242 01       		.byte	1
 603 0243 00       		.byte	0
 604 0244 00       		.byte	0
 605 0245 00       		.byte	0
 606 0246 00       		.byte	0
 607 0247 00       		.byte	0
 608 0248 00       		.byte	0
 609 0249 00       		.byte	0
 610 024a 00       		.byte	0
 611 024b 00       		.byte	0
 612 024c 00       		.byte	0
 613 024d 00       		.byte	0
 614 024e 00       		.byte	0
 615 024f 00       		.byte	0
 616 0250 00       		.byte	0
 617 0251 00       		.byte	0
 618 0252 00       		.byte	0
 619 0253 00       		.byte	0
 620 0254 00       		.byte	0
 621 0255 00       		.byte	0
 622 0256 00       		.byte	0
 623 0257 00       		.byte	0
 624 0258 00       		.byte	0
 625 0259 00       		.byte	0
 626 025a 00       		.byte	0
 627 025b 00       		.byte	0
ARM GAS  C:\Users\Julien\AppData\Local\Temp\ccTfoTs8.s 			page 12


 628 025c 00       		.byte	0
 629 025d 00       		.byte	0
 630 025e 00       		.byte	0
 631 025f 00       		.byte	0
 632 0260 00       		.byte	0
 633 0261 00       		.byte	0
 634 0262 00       		.byte	0
 635 0263 00       		.byte	0
 636 0264 00       		.byte	0
 637 0265 00       		.byte	0
 638 0266 00       		.byte	0
 639 0267 00       		.byte	0
 640 0268 00       		.byte	0
 641 0269 00       		.byte	0
 642 026a 00       		.byte	0
 643 026b 00       		.byte	0
 644 026c 00       		.byte	0
 645 026d 00       		.byte	0
 646 026e 00       		.byte	0
 647 026f 00       		.byte	0
 648 0270 00       		.byte	0
 649 0271 00       		.byte	0
 650 0272 00       		.byte	0
 651 0273 00       		.byte	0
 652 0274 00       		.byte	0
 653 0275 00       		.byte	0
 654 0276 00       		.byte	0
 655 0277 00       		.byte	0
 656 0278 00       		.byte	0
 657 0279 00       		.byte	0
 658 027a 00       		.byte	0
 659 027b 00       		.byte	0
 660 027c 00       		.byte	0
 661 027d 00       		.byte	0
 662 027e 00       		.byte	0
 663 027f 00       		.byte	0
 664 0280 90       		.byte	-112
 665 0281 00       		.byte	0
 666 0282 B0       		.byte	-80
 667 0283 00       		.byte	0
 668 0284 00       		.byte	0
 669 0285 00       		.byte	0
 670 0286 00       		.byte	0
 671 0287 00       		.byte	0
 672 0288 00       		.byte	0
 673 0289 00       		.byte	0
 674 028a 00       		.byte	0
 675 028b 00       		.byte	0
 676 028c 10       		.byte	16
 677 028d 00       		.byte	0
 678 028e 10       		.byte	16
 679 028f 00       		.byte	0
 680 0290 10       		.byte	16
 681 0291 00       		.byte	0
 682 0292 10       		.byte	16
 683 0293 00       		.byte	0
 684 0294 00       		.byte	0
ARM GAS  C:\Users\Julien\AppData\Local\Temp\ccTfoTs8.s 			page 13


 685 0295 00       		.byte	0
 686 0296 B8       		.byte	-72
 687 0297 00       		.byte	0
 688 0298 E8       		.byte	-24
 689 0299 00       		.byte	0
 690 029a 00       		.byte	0
 691 029b 00       		.byte	0
 692 029c 00       		.byte	0
 693 029d 00       		.byte	0
 694 029e 00       		.byte	0
 695 029f 00       		.byte	0
 696 02a0 00       		.byte	0
 697 02a1 00       		.byte	0
 698 02a2 00       		.byte	0
 699 02a3 00       		.byte	0
 700 02a4 00       		.byte	0
 701 02a5 00       		.byte	0
 702 02a6 00       		.byte	0
 703 02a7 00       		.byte	0
 704 02a8 00       		.byte	0
 705 02a9 00       		.byte	0
 706 02aa 00       		.byte	0
 707 02ab 00       		.byte	0
 708 02ac 00       		.byte	0
 709 02ad 00       		.byte	0
 710 02ae 00       		.byte	0
 711 02af 00       		.byte	0
 712 02b0 00       		.byte	0
 713 02b1 00       		.byte	0
 714 02b2 00       		.byte	0
 715 02b3 00       		.byte	0
 716 02b4 00       		.byte	0
 717 02b5 00       		.byte	0
 718 02b6 00       		.byte	0
 719 02b7 00       		.byte	0
 720 02b8 00       		.byte	0
 721 02b9 00       		.byte	0
 722 02ba 00       		.byte	0
 723 02bb 00       		.byte	0
 724 02bc 00       		.byte	0
 725 02bd 00       		.byte	0
 726 02be 00       		.byte	0
 727 02bf 00       		.byte	0
 728 02c0 00       		.byte	0
 729 02c1 00       		.byte	0
 730 02c2 00       		.byte	0
 731 02c3 00       		.byte	0
 732 02c4 00       		.byte	0
 733 02c5 00       		.byte	0
 734 02c6 00       		.byte	0
 735 02c7 00       		.byte	0
 736 02c8 00       		.byte	0
 737 02c9 00       		.byte	0
 738 02ca 00       		.byte	0
 739 02cb 00       		.byte	0
 740 02cc 00       		.byte	0
 741 02cd 00       		.byte	0
ARM GAS  C:\Users\Julien\AppData\Local\Temp\ccTfoTs8.s 			page 14


 742 02ce 00       		.byte	0
 743 02cf 00       		.byte	0
 744 02d0 00       		.byte	0
 745 02d1 00       		.byte	0
 746 02d2 00       		.byte	0
 747 02d3 00       		.byte	0
 748 02d4 00       		.byte	0
 749 02d5 00       		.byte	0
 750 02d6 00       		.byte	0
 751 02d7 00       		.byte	0
 752 02d8 00       		.byte	0
 753 02d9 00       		.byte	0
 754 02da 00       		.byte	0
 755 02db 00       		.byte	0
 756 02dc 00       		.byte	0
 757 02dd 00       		.byte	0
 758 02de 00       		.byte	0
 759 02df 00       		.byte	0
 760 02e0 00       		.byte	0
 761 02e1 00       		.byte	0
 762 02e2 00       		.byte	0
 763 02e3 00       		.byte	0
 764 02e4 00       		.byte	0
 765 02e5 00       		.byte	0
 766 02e6 00       		.byte	0
 767 02e7 00       		.byte	0
 768 02e8 00       		.byte	0
 769 02e9 00       		.byte	0
 770 02ea 00       		.byte	0
 771 02eb 00       		.byte	0
 772 02ec 00       		.byte	0
 773 02ed 00       		.byte	0
 774 02ee 80       		.byte	-128
 775 02ef 00       		.byte	0
 776 02f0 00       		.byte	0
 777 02f1 00       		.byte	0
 778 02f2 00       		.byte	0
 779 02f3 01       		.byte	1
 780 02f4 00       		.byte	0
 781 02f5 00       		.byte	0
 782 02f6 00       		.byte	0
 783 02f7 00       		.byte	0
 784 02f8 00       		.byte	0
 785 02f9 00       		.byte	0
 786 02fa 00       		.byte	0
 787 02fb 00       		.byte	0
 788 02fc 00       		.byte	0
 789 02fd 00       		.byte	0
 790 02fe 00       		.byte	0
 791 02ff 00       		.byte	0
 792 0300 00       		.byte	0
 793 0301 00       		.byte	0
 794 0302 00       		.byte	0
 795 0303 00       		.byte	0
 796 0304 00       		.byte	0
 797 0305 00       		.byte	0
 798 0306 00       		.byte	0
ARM GAS  C:\Users\Julien\AppData\Local\Temp\ccTfoTs8.s 			page 15


 799 0307 00       		.byte	0
 800 0308 00       		.byte	0
 801 0309 00       		.byte	0
 802 030a 00       		.byte	0
 803 030b 00       		.byte	0
 804 030c 00       		.byte	0
 805 030d 00       		.byte	0
 806 030e 00       		.byte	0
 807 030f 00       		.byte	0
 808 0310 00       		.byte	0
 809 0311 00       		.byte	0
 810 0312 00       		.byte	0
 811 0313 00       		.byte	0
 812 0314 00       		.byte	0
 813 0315 00       		.byte	0
 814 0316 00       		.byte	0
 815 0317 00       		.byte	0
 816 0318 00       		.byte	0
 817 0319 00       		.byte	0
 818 031a 00       		.byte	0
 819 031b 00       		.byte	0
 820 031c 00       		.byte	0
 821 031d 00       		.byte	0
 822 031e 00       		.byte	0
 823 031f 00       		.byte	0
 824 0320 00       		.byte	0
 825 0321 00       		.byte	0
 826 0322 00       		.byte	0
 827 0323 00       		.byte	0
 828 0324 00       		.byte	0
 829 0325 00       		.byte	0
 830 0326 00       		.byte	0
 831 0327 00       		.byte	0
 832 0328 00       		.byte	0
 833 0329 00       		.byte	0
 834 032a 40       		.byte	64
 835 032b 00       		.byte	0
 836 032c 00       		.byte	0
 837 032d 00       		.byte	0
 838 032e 00       		.byte	0
 839 032f 00       		.byte	0
 840 0330 00       		.byte	0
 841 0331 00       		.byte	0
 842 0332 00       		.byte	0
 843 0333 00       		.byte	0
 844 0334 00       		.byte	0
 845 0335 00       		.byte	0
 846 0336 00       		.byte	0
 847 0337 00       		.byte	0
 848 0338 00       		.byte	0
 849 0339 00       		.byte	0
 850 033a 00       		.byte	0
 851 033b 00       		.byte	0
 852 033c 00       		.byte	0
 853 033d 00       		.byte	0
 854 033e 00       		.byte	0
 855 033f 00       		.byte	0
ARM GAS  C:\Users\Julien\AppData\Local\Temp\ccTfoTs8.s 			page 16


 856 0340 00       		.byte	0
 857 0341 00       		.byte	0
 858 0342 00       		.byte	0
 859 0343 00       		.byte	0
 860 0344 00       		.byte	0
 861 0345 00       		.byte	0
 862 0346 00       		.byte	0
 863 0347 00       		.byte	0
 864 0348 00       		.byte	0
 865 0349 00       		.byte	0
 866 034a 00       		.byte	0
 867 034b 00       		.byte	0
 868 034c 00       		.byte	0
 869 034d 00       		.byte	0
 870 034e 00       		.byte	0
 871 034f 00       		.byte	0
 872 0350 00       		.byte	0
 873 0351 00       		.byte	0
 874 0352 00       		.byte	0
 875 0353 00       		.byte	0
 876 0354 00       		.byte	0
 877 0355 00       		.byte	0
 878 0356 00       		.byte	0
 879 0357 00       		.byte	0
 880 0358 00       		.byte	0
 881 0359 00       		.byte	0
 882 035a 00       		.byte	0
 883 035b 00       		.byte	0
 884 035c 00       		.byte	0
 885 035d 00       		.byte	0
 886 035e 00       		.byte	0
 887 035f 00       		.byte	0
 888 0360 00       		.byte	0
 889 0361 00       		.byte	0
 890 0362 00       		.byte	0
 891 0363 00       		.byte	0
 892 0364 00       		.byte	0
 893 0365 00       		.byte	0
 894 0366 00       		.byte	0
 895 0367 00       		.byte	0
 896 0368 00       		.byte	0
 897 0369 00       		.byte	0
 898 036a 00       		.byte	0
 899 036b 00       		.byte	0
 900 036c 00       		.byte	0
 901 036d 00       		.byte	0
 902 036e 00       		.byte	0
 903 036f 00       		.byte	0
 904 0370 00       		.byte	0
 905 0371 00       		.byte	0
 906 0372 00       		.byte	0
 907 0373 00       		.byte	0
 908 0374 00       		.byte	0
 909 0375 00       		.byte	0
 910 0376 00       		.byte	0
 911 0377 00       		.byte	0
 912 0378 00       		.byte	0
ARM GAS  C:\Users\Julien\AppData\Local\Temp\ccTfoTs8.s 			page 17


 913 0379 00       		.byte	0
 914 037a 00       		.byte	0
 915 037b 00       		.byte	0
 916 037c 00       		.byte	0
 917 037d 00       		.byte	0
 918 037e 00       		.byte	0
 919 037f 00       		.byte	0
 920 0380 00       		.byte	0
 921 0381 00       		.byte	0
 922 0382 00       		.byte	0
 923 0383 00       		.byte	0
 924 0384 00       		.byte	0
 925 0385 00       		.byte	0
 926 0386 00       		.byte	0
 927 0387 00       		.byte	0
 928 0388 00       		.byte	0
 929 0389 00       		.byte	0
 930 038a 00       		.byte	0
 931 038b 00       		.byte	0
 932 038c 00       		.byte	0
 933 038d 00       		.byte	0
 934 038e 00       		.byte	0
 935 038f 00       		.byte	0
 936 0390 00       		.byte	0
 937 0391 00       		.byte	0
 938 0392 00       		.byte	0
 939 0393 00       		.byte	0
 940 0394 00       		.byte	0
 941 0395 00       		.byte	0
 942 0396 00       		.byte	0
 943 0397 00       		.byte	0
 944 0398 00       		.byte	0
 945 0399 00       		.byte	0
 946 039a 00       		.byte	0
 947 039b 00       		.byte	0
 948 039c 00       		.byte	0
 949 039d 00       		.byte	0
 950 039e 00       		.byte	0
 951 039f 00       		.byte	0
 952 03a0 00       		.byte	0
 953 03a1 00       		.byte	0
 954 03a2 00       		.byte	0
 955 03a3 02       		.byte	2
 956 03a4 00       		.byte	0
 957 03a5 00       		.byte	0
 958 03a6 80       		.byte	-128
 959 03a7 00       		.byte	0
 960 03a8 00       		.byte	0
 961 03a9 00       		.byte	0
 962 03aa 00       		.byte	0
 963 03ab 00       		.byte	0
 964 03ac 00       		.byte	0
 965 03ad 00       		.byte	0
 966 03ae 00       		.byte	0
 967 03af 00       		.byte	0
 968 03b0 00       		.byte	0
 969 03b1 00       		.byte	0
ARM GAS  C:\Users\Julien\AppData\Local\Temp\ccTfoTs8.s 			page 18


 970 03b2 00       		.byte	0
 971 03b3 00       		.byte	0
 972 03b4 00       		.byte	0
 973 03b5 00       		.byte	0
 974 03b6 00       		.byte	0
 975 03b7 00       		.byte	0
 976 03b8 00       		.byte	0
 977 03b9 00       		.byte	0
 978 03ba 00       		.byte	0
 979 03bb 00       		.byte	0
 980 03bc 00       		.byte	0
 981 03bd 00       		.byte	0
 982 03be 00       		.byte	0
 983 03bf 00       		.byte	0
 984 03c0 00       		.byte	0
 985 03c1 00       		.byte	0
 986 03c2 00       		.byte	0
 987 03c3 10       		.byte	16
 988 03c4 00       		.byte	0
 989 03c5 00       		.byte	0
 990 03c6 00       		.byte	0
 991 03c7 00       		.byte	0
 992 03c8 00       		.byte	0
 993 03c9 00       		.byte	0
 994 03ca 00       		.byte	0
 995 03cb 00       		.byte	0
 996 03cc 00       		.byte	0
 997 03cd 00       		.byte	0
 998 03ce 00       		.byte	0
 999 03cf 00       		.byte	0
 1000 03d0 00       		.byte	0
 1001 03d1 00       		.byte	0
 1002 03d2 00       		.byte	0
 1003 03d3 00       		.byte	0
 1004 03d4 00       		.byte	0
 1005 03d5 00       		.byte	0
 1006 03d6 00       		.byte	0
 1007 03d7 00       		.byte	0
 1008 03d8 00       		.byte	0
 1009 03d9 00       		.byte	0
 1010 03da 00       		.byte	0
 1011 03db 00       		.byte	0
 1012 03dc 00       		.byte	0
 1013 03dd 00       		.byte	0
 1014 03de 00       		.byte	0
 1015 03df 10       		.byte	16
 1016 03e0 00       		.byte	0
 1017 03e1 00       		.byte	0
 1018 03e2 00       		.byte	0
 1019 03e3 00       		.byte	0
 1020 03e4 00       		.byte	0
 1021 03e5 00       		.byte	0
 1022 03e6 00       		.byte	0
 1023 03e7 00       		.byte	0
 1024 03e8 00       		.byte	0
 1025 03e9 00       		.byte	0
 1026 03ea 00       		.byte	0
ARM GAS  C:\Users\Julien\AppData\Local\Temp\ccTfoTs8.s 			page 19


 1027 03eb 00       		.byte	0
 1028 03ec 00       		.byte	0
 1029 03ed 00       		.byte	0
 1030 03ee 00       		.byte	0
 1031 03ef 00       		.byte	0
 1032 03f0 00       		.byte	0
 1033 03f1 00       		.byte	0
 1034 03f2 00       		.byte	0
 1035 03f3 00       		.byte	0
 1036 03f4 00       		.byte	0
 1037 03f5 00       		.byte	0
 1038 03f6 00       		.byte	0
 1039 03f7 00       		.byte	0
 1040 03f8 00       		.byte	0
 1041 03f9 00       		.byte	0
 1042 03fa 00       		.byte	0
 1043 03fb 00       		.byte	0
 1044 03fc 00       		.byte	0
 1045 03fd 00       		.byte	0
 1046 03fe 00       		.byte	0
 1047 03ff 00       		.byte	0
 1048 0400 00       		.byte	0
 1049 0401 00       		.byte	0
 1050 0402 00       		.byte	0
 1051 0403 00       		.byte	0
 1052 0404 00       		.byte	0
 1053 0405 00       		.byte	0
 1054 0406 00       		.byte	0
 1055 0407 00       		.byte	0
 1056 0408 00       		.byte	0
 1057 0409 00       		.byte	0
 1058 040a 00       		.byte	0
 1059 040b 00       		.byte	0
 1060 040c 00       		.byte	0
 1061 040d 00       		.byte	0
 1062 040e 00       		.byte	0
 1063 040f 00       		.byte	0
 1064 0410 00       		.byte	0
 1065 0411 00       		.byte	0
 1066 0412 00       		.byte	0
 1067 0413 00       		.byte	0
 1068 0414 00       		.byte	0
 1069 0415 00       		.byte	0
 1070 0416 C0       		.byte	-64
 1071 0417 00       		.byte	0
 1072 0418 00       		.byte	0
 1073 0419 00       		.byte	0
 1074 041a 00       		.byte	0
 1075 041b 00       		.byte	0
 1076 041c 00       		.byte	0
 1077 041d 00       		.byte	0
 1078 041e 00       		.byte	0
 1079 041f 00       		.byte	0
 1080 0420 00       		.byte	0
 1081 0421 00       		.byte	0
 1082 0422 20       		.byte	32
 1083 0423 00       		.byte	0
ARM GAS  C:\Users\Julien\AppData\Local\Temp\ccTfoTs8.s 			page 20


 1084 0424 00       		.byte	0
 1085 0425 00       		.byte	0
 1086 0426 00       		.byte	0
 1087 0427 00       		.byte	0
 1088 0428 00       		.byte	0
 1089 0429 00       		.byte	0
 1090 042a 00       		.byte	0
 1091 042b 00       		.byte	0
 1092 042c 00       		.byte	0
 1093 042d 00       		.byte	0
 1094 042e 00       		.byte	0
 1095 042f 00       		.byte	0
 1096 0430 00       		.byte	0
 1097 0431 00       		.byte	0
 1098 0432 00       		.byte	0
 1099 0433 00       		.byte	0
 1100 0434 00       		.byte	0
 1101 0435 00       		.byte	0
 1102 0436 00       		.byte	0
 1103 0437 00       		.byte	0
 1104 0438 00       		.byte	0
 1105 0439 00       		.byte	0
 1106 043a 00       		.byte	0
 1107 043b 00       		.byte	0
 1108 043c 00       		.byte	0
 1109 043d 00       		.byte	0
 1110 043e 00       		.byte	0
 1111 043f 00       		.byte	0
 1112 0440 00       		.byte	0
 1113 0441 00       		.byte	0
 1114 0442 00       		.byte	0
 1115 0443 00       		.byte	0
 1116 0444 00       		.byte	0
 1117 0445 00       		.byte	0
 1118 0446 00       		.byte	0
 1119 0447 00       		.byte	0
 1120 0448 00       		.byte	0
 1121 0449 00       		.byte	0
 1122 044a 00       		.byte	0
 1123 044b 00       		.byte	0
 1124 044c 00       		.byte	0
 1125 044d 00       		.byte	0
 1126 044e 00       		.byte	0
 1127 044f 00       		.byte	0
 1128 0450 00       		.byte	0
 1129 0451 00       		.byte	0
 1130 0452 00       		.byte	0
 1131 0453 00       		.byte	0
 1132 0454 00       		.byte	0
 1133 0455 00       		.byte	0
 1134 0456 00       		.byte	0
 1135 0457 00       		.byte	0
 1136 0458 00       		.byte	0
 1137 0459 00       		.byte	0
 1138 045a 00       		.byte	0
 1139 045b 00       		.byte	0
 1140 045c 00       		.byte	0
ARM GAS  C:\Users\Julien\AppData\Local\Temp\ccTfoTs8.s 			page 21


 1141 045d 00       		.byte	0
 1142 045e 00       		.byte	0
 1143 045f 00       		.byte	0
 1144 0460 00       		.byte	0
 1145 0461 00       		.byte	0
 1146 0462 00       		.byte	0
 1147 0463 00       		.byte	0
 1148 0464 00       		.byte	0
 1149 0465 00       		.byte	0
 1150 0466 00       		.byte	0
 1151 0467 00       		.byte	0
 1152 0468 00       		.byte	0
 1153 0469 00       		.byte	0
 1154 046a 00       		.byte	0
 1155 046b 00       		.byte	0
 1156 046c 00       		.byte	0
 1157 046d 00       		.byte	0
 1158 046e 00       		.byte	0
 1159 046f 00       		.byte	0
 1160 0470 00       		.byte	0
 1161 0471 00       		.byte	0
 1162 0472 00       		.byte	0
 1163 0473 10       		.byte	16
 1164 0474 00       		.byte	0
 1165 0475 00       		.byte	0
 1166 0476 00       		.byte	0
 1167 0477 00       		.byte	0
 1168 0478 00       		.byte	0
 1169 0479 00       		.byte	0
 1170 047a 00       		.byte	0
 1171 047b 00       		.byte	0
 1172 047c 00       		.byte	0
 1173 047d 00       		.byte	0
 1174 047e 00       		.byte	0
 1175 047f 00       		.byte	0
 1176 0480 00       		.byte	0
 1177 0481 00       		.byte	0
 1178 0482 00       		.byte	0
 1179 0483 00       		.byte	0
 1180 0484 00       		.byte	0
 1181 0485 00       		.byte	0
 1182 0486 00       		.byte	0
 1183 0487 00       		.byte	0
 1184 0488 00       		.byte	0
 1185 0489 00       		.byte	0
 1186 048a 00       		.byte	0
 1187 048b 00       		.byte	0
 1188 048c 00       		.byte	0
 1189 048d 00       		.byte	0
 1190 048e 00       		.byte	0
 1191 048f 00       		.byte	0
 1192 0490 00       		.byte	0
 1193 0491 00       		.byte	0
 1194 0492 00       		.byte	0
 1195 0493 00       		.byte	0
 1196 0494 00       		.byte	0
 1197 0495 00       		.byte	0
ARM GAS  C:\Users\Julien\AppData\Local\Temp\ccTfoTs8.s 			page 22


 1198 0496 00       		.byte	0
 1199 0497 00       		.byte	0
 1200 0498 00       		.byte	0
 1201 0499 00       		.byte	0
 1202 049a 00       		.byte	0
 1203 049b 00       		.byte	0
 1204 049c 00       		.byte	0
 1205 049d 00       		.byte	0
 1206 049e 00       		.byte	0
 1207 049f 00       		.byte	0
 1208 04a0 00       		.byte	0
 1209 04a1 00       		.byte	0
 1210 04a2 00       		.byte	0
 1211 04a3 00       		.byte	0
 1212 04a4 00       		.byte	0
 1213 04a5 00       		.byte	0
 1214 04a6 00       		.byte	0
 1215 04a7 00       		.byte	0
 1216 04a8 00       		.byte	0
 1217 04a9 00       		.byte	0
 1218 04aa 00       		.byte	0
 1219 04ab 00       		.byte	0
 1220 04ac 00       		.byte	0
 1221 04ad 00       		.byte	0
 1222 04ae 00       		.byte	0
 1223 04af 00       		.byte	0
 1224 04b0 00       		.byte	0
 1225 04b1 00       		.byte	0
 1226 04b2 00       		.byte	0
 1227 04b3 00       		.byte	0
 1228 04b4 00       		.byte	0
 1229 04b5 00       		.byte	0
 1230 04b6 00       		.byte	0
 1231 04b7 00       		.byte	0
 1232 04b8 00       		.byte	0
 1233 04b9 00       		.byte	0
 1234 04ba 00       		.byte	0
 1235 04bb 00       		.byte	0
 1236 04bc 00       		.byte	0
 1237 04bd 00       		.byte	0
 1238 04be 00       		.byte	0
 1239 04bf 00       		.byte	0
 1240 04c0 00       		.byte	0
 1241 04c1 00       		.byte	0
 1242 04c2 00       		.byte	0
 1243 04c3 00       		.byte	0
 1244 04c4 00       		.byte	0
 1245 04c5 00       		.byte	0
 1246 04c6 00       		.byte	0
 1247 04c7 00       		.byte	0
 1248 04c8 00       		.byte	0
 1249 04c9 00       		.byte	0
 1250 04ca 00       		.byte	0
 1251 04cb 00       		.byte	0
 1252 04cc 00       		.byte	0
 1253 04cd 00       		.byte	0
 1254 04ce 00       		.byte	0
ARM GAS  C:\Users\Julien\AppData\Local\Temp\ccTfoTs8.s 			page 23


 1255 04cf 00       		.byte	0
 1256 04d0 00       		.byte	0
 1257 04d1 00       		.byte	0
 1258 04d2 00       		.byte	0
 1259 04d3 00       		.byte	0
 1260 04d4 00       		.byte	0
 1261 04d5 00       		.byte	0
 1262 04d6 00       		.byte	0
 1263 04d7 00       		.byte	0
 1264 04d8 00       		.byte	0
 1265 04d9 00       		.byte	0
 1266 04da 00       		.byte	0
 1267 04db 00       		.byte	0
 1268 04dc 00       		.byte	0
 1269 04dd 00       		.byte	0
 1270 04de 00       		.byte	0
 1271 04df 00       		.byte	0
 1272 04e0 00       		.byte	0
 1273 04e1 00       		.byte	0
 1274 04e2 00       		.byte	0
 1275 04e3 00       		.byte	0
 1276 04e4 00       		.byte	0
 1277 04e5 00       		.byte	0
 1278 04e6 00       		.byte	0
 1279 04e7 00       		.byte	0
 1280 04e8 00       		.byte	0
 1281 04e9 00       		.byte	0
 1282 04ea 00       		.byte	0
 1283 04eb 00       		.byte	0
 1284 04ec 00       		.byte	0
 1285 04ed 00       		.byte	0
 1286 04ee 00       		.byte	0
 1287 04ef 00       		.byte	0
 1288 04f0 00       		.byte	0
 1289 04f1 00       		.byte	0
 1290 04f2 00       		.byte	0
 1291 04f3 00       		.byte	0
 1292 04f4 00       		.byte	0
 1293 04f5 00       		.byte	0
 1294 04f6 00       		.byte	0
 1295 04f7 00       		.byte	0
 1296 04f8 00       		.byte	0
 1297 04f9 00       		.byte	0
 1298 04fa 00       		.byte	0
 1299 04fb 00       		.byte	0
 1300 04fc 00       		.byte	0
 1301 04fd 00       		.byte	0
 1302 04fe 00       		.byte	0
 1303 04ff 00       		.byte	0
 1304 0500 00       		.byte	0
 1305 0501 00       		.byte	0
 1306 0502 00       		.byte	0
 1307 0503 00       		.byte	0
 1308 0504 00       		.byte	0
 1309 0505 00       		.byte	0
 1310 0506 00       		.byte	0
 1311 0507 00       		.byte	0
ARM GAS  C:\Users\Julien\AppData\Local\Temp\ccTfoTs8.s 			page 24


 1312 0508 00       		.byte	0
 1313 0509 00       		.byte	0
 1314 050a 00       		.byte	0
 1315 050b 00       		.byte	0
 1316 050c 10       		.byte	16
 1317 050d 00       		.byte	0
 1318 050e 00       		.byte	0
 1319 050f 00       		.byte	0
 1320 0510 00       		.byte	0
 1321 0511 00       		.byte	0
 1322 0512 00       		.byte	0
 1323 0513 00       		.byte	0
 1324 0514 00       		.byte	0
 1325 0515 00       		.byte	0
 1326 0516 00       		.byte	0
 1327 0517 00       		.byte	0
 1328 0518 00       		.byte	0
 1329 0519 00       		.byte	0
 1330 051a 00       		.byte	0
 1331 051b 00       		.byte	0
 1332 051c 00       		.byte	0
 1333 051d 00       		.byte	0
 1334 051e 00       		.byte	0
 1335 051f 00       		.byte	0
 1336 0520 00       		.byte	0
 1337 0521 00       		.byte	0
 1338 0522 00       		.byte	0
 1339 0523 00       		.byte	0
 1340 0524 00       		.byte	0
 1341 0525 00       		.byte	0
 1342 0526 00       		.byte	0
 1343 0527 00       		.byte	0
 1344 0528 00       		.byte	0
 1345 0529 00       		.byte	0
 1346 052a 00       		.byte	0
 1347 052b 00       		.byte	0
 1348 052c 00       		.byte	0
 1349 052d 00       		.byte	0
 1350 052e 00       		.byte	0
 1351 052f 00       		.byte	0
 1352 0530 00       		.byte	0
 1353 0531 00       		.byte	0
 1354 0532 00       		.byte	0
 1355 0533 00       		.byte	0
 1356 0534 00       		.byte	0
 1357 0535 00       		.byte	0
 1358 0536 00       		.byte	0
 1359 0537 00       		.byte	0
 1360 0538 00       		.byte	0
 1361 0539 00       		.byte	0
 1362 053a 00       		.byte	0
 1363 053b 00       		.byte	0
 1364 053c 00       		.byte	0
 1365 053d 00       		.byte	0
 1366 053e 00       		.byte	0
 1367 053f 00       		.byte	0
 1368 0540 00       		.byte	0
ARM GAS  C:\Users\Julien\AppData\Local\Temp\ccTfoTs8.s 			page 25


 1369 0541 30       		.byte	48
 1370 0542 30       		.byte	48
 1371 0543 00       		.byte	0
 1372 0544 30       		.byte	48
 1373 0545 00       		.byte	0
 1374 0546 00       		.byte	0
 1375 0547 00       		.byte	0
 1376 0548 00       		.byte	0
 1377 0549 0B       		.byte	11
 1378 054a 0B       		.byte	11
 1379 054b 00       		.byte	0
 1380 054c 00       		.byte	0
 1381 054d 00       		.byte	0
 1382 054e 00       		.byte	0
 1383 054f 00       		.byte	0
 1384 0550 00       		.byte	0
 1385 0551 7F       		.byte	127
 1386 0552 7F       		.byte	127
 1387 0553 00       		.byte	0
 1388 0554 00       		.byte	0
 1389 0555 00       		.byte	0
 1390 0556 00       		.byte	0
 1391 0557 00       		.byte	0
 1392              		.global	cy_meta_custnvl
 1393              		.section	.cycustnvl,"a",%progbits
 1394              		.align	2
 1395              		.type	cy_meta_custnvl, %object
 1396              		.size	cy_meta_custnvl, 4
 1397              	cy_meta_custnvl:
 1398 0000 00       		.byte	0
 1399 0001 00       		.byte	0
 1400 0002 40       		.byte	64
 1401 0003 05       		.byte	5
 1402              		.global	cy_meta_wonvl
 1403              		.section	.cywolatch,"a",%progbits
 1404              		.align	2
 1405              		.type	cy_meta_wonvl, %object
 1406              		.size	cy_meta_wonvl, 4
 1407              	cy_meta_wonvl:
 1408 0000 BC       		.byte	-68
 1409 0001 90       		.byte	-112
 1410 0002 AC       		.byte	-84
 1411 0003 AF       		.byte	-81
 1412              		.global	cy_meta_flashprotect
 1413              		.section	.cyflashprotect,"a",%progbits
 1414              		.align	2
 1415              		.type	cy_meta_flashprotect, %object
 1416              		.size	cy_meta_flashprotect, 256
 1417              	cy_meta_flashprotect:
 1418 0000 00000000 		.space	256
 1418      00000000 
 1418      00000000 
 1418      00000000 
 1418      00000000 
 1419              		.global	cy_metadata
 1420              		.section	.cymeta,"a",%progbits
 1421              		.align	2
ARM GAS  C:\Users\Julien\AppData\Local\Temp\ccTfoTs8.s 			page 26


 1422              		.type	cy_metadata, %object
 1423              		.size	cy_metadata, 12
 1424              	cy_metadata:
 1425 0000 00       		.byte	0
 1426 0001 01       		.byte	1
 1427 0002 2E       		.byte	46
 1428 0003 12       		.byte	18
 1429 0004 30       		.byte	48
 1430 0005 69       		.byte	105
 1431 0006 00       		.byte	0
 1432 0007 01       		.byte	1
 1433 0008 00       		.byte	0
 1434 0009 00       		.byte	0
 1435 000a 00       		.byte	0
 1436 000b 00       		.byte	0
 1437              		.text
 1438              	.Letext0:
 1439              		.file 1 "Generated_Source\\PSoC5\\cymetadata.c"
 1440              		.file 2 "Generated_Source\\PSoC5\\cytypes.h"
 1441              		.section	.debug_info,"",%progbits
 1442              	.Ldebug_info0:
 1443 0000 38010000 		.4byte	0x138
 1444 0004 0400     		.2byte	0x4
 1445 0006 00000000 		.4byte	.Ldebug_abbrev0
 1446 000a 04       		.byte	0x4
 1447 000b 01       		.uleb128 0x1
 1448 000c 00000000 		.4byte	.LASF18
 1449 0010 01       		.byte	0x1
 1450 0011 E8010000 		.4byte	.LASF19
 1451 0015 84010000 		.4byte	.LASF20
 1452 0019 00000000 		.4byte	.Ldebug_line0
 1453 001d 02       		.uleb128 0x2
 1454 001e 01       		.byte	0x1
 1455 001f 06       		.byte	0x6
 1456 0020 78010000 		.4byte	.LASF0
 1457 0024 02       		.uleb128 0x2
 1458 0025 01       		.byte	0x1
 1459 0026 08       		.byte	0x8
 1460 0027 A0000000 		.4byte	.LASF1
 1461 002b 02       		.uleb128 0x2
 1462 002c 02       		.byte	0x2
 1463 002d 05       		.byte	0x5
 1464 002e 5F010000 		.4byte	.LASF2
 1465 0032 02       		.uleb128 0x2
 1466 0033 02       		.byte	0x2
 1467 0034 07       		.byte	0x7
 1468 0035 C0000000 		.4byte	.LASF3
 1469 0039 02       		.uleb128 0x2
 1470 003a 04       		.byte	0x4
 1471 003b 05       		.byte	0x5
 1472 003c 6F010000 		.4byte	.LASF4
 1473 0040 02       		.uleb128 0x2
 1474 0041 04       		.byte	0x4
 1475 0042 07       		.byte	0x7
 1476 0043 AE000000 		.4byte	.LASF5
 1477 0047 02       		.uleb128 0x2
 1478 0048 08       		.byte	0x8
ARM GAS  C:\Users\Julien\AppData\Local\Temp\ccTfoTs8.s 			page 27


 1479 0049 05       		.byte	0x5
 1480 004a 4C010000 		.4byte	.LASF6
 1481 004e 02       		.uleb128 0x2
 1482 004f 08       		.byte	0x8
 1483 0050 07       		.byte	0x7
 1484 0051 09010000 		.4byte	.LASF7
 1485 0055 03       		.uleb128 0x3
 1486 0056 04       		.byte	0x4
 1487 0057 05       		.byte	0x5
 1488 0058 696E7400 		.ascii	"int\000"
 1489 005c 02       		.uleb128 0x2
 1490 005d 04       		.byte	0x4
 1491 005e 07       		.byte	0x7
 1492 005f FC000000 		.4byte	.LASF8
 1493 0063 04       		.uleb128 0x4
 1494 0064 69010000 		.4byte	.LASF21
 1495 0068 02       		.byte	0x2
 1496 0069 9201     		.2byte	0x192
 1497 006b 24000000 		.4byte	0x24
 1498 006f 02       		.uleb128 0x2
 1499 0070 04       		.byte	0x4
 1500 0071 04       		.byte	0x4
 1501 0072 9A000000 		.4byte	.LASF9
 1502 0076 02       		.uleb128 0x2
 1503 0077 08       		.byte	0x8
 1504 0078 04       		.byte	0x4
 1505 0079 D3000000 		.4byte	.LASF10
 1506 007d 02       		.uleb128 0x2
 1507 007e 01       		.byte	0x1
 1508 007f 08       		.byte	0x8
 1509 0080 5A010000 		.4byte	.LASF11
 1510 0084 05       		.uleb128 0x5
 1511 0085 63000000 		.4byte	0x63
 1512 0089 95000000 		.4byte	0x95
 1513 008d 06       		.uleb128 0x6
 1514 008e 95000000 		.4byte	0x95
 1515 0092 5705     		.2byte	0x557
 1516 0094 00       		.byte	0
 1517 0095 02       		.uleb128 0x2
 1518 0096 04       		.byte	0x4
 1519 0097 07       		.byte	0x7
 1520 0098 43010000 		.4byte	.LASF12
 1521 009c 07       		.uleb128 0x7
 1522 009d EA000000 		.4byte	.LASF13
 1523 00a1 01       		.byte	0x1
 1524 00a2 1F       		.byte	0x1f
 1525 00a3 AD000000 		.4byte	0xad
 1526 00a7 05       		.uleb128 0x5
 1527 00a8 03       		.byte	0x3
 1528 00a9 00000000 		.4byte	cy_meta_configecc
 1529 00ad 08       		.uleb128 0x8
 1530 00ae 84000000 		.4byte	0x84
 1531 00b2 05       		.uleb128 0x5
 1532 00b3 63000000 		.4byte	0x63
 1533 00b7 C2000000 		.4byte	0xc2
 1534 00bb 09       		.uleb128 0x9
 1535 00bc 95000000 		.4byte	0x95
ARM GAS  C:\Users\Julien\AppData\Local\Temp\ccTfoTs8.s 			page 28


 1536 00c0 03       		.byte	0x3
 1537 00c1 00       		.byte	0
 1538 00c2 07       		.uleb128 0x7
 1539 00c3 DA000000 		.4byte	.LASF14
 1540 00c7 01       		.byte	0x1
 1541 00c8 D7       		.byte	0xd7
 1542 00c9 D3000000 		.4byte	0xd3
 1543 00cd 05       		.uleb128 0x5
 1544 00ce 03       		.byte	0x3
 1545 00cf 00000000 		.4byte	cy_meta_custnvl
 1546 00d3 08       		.uleb128 0x8
 1547 00d4 B2000000 		.4byte	0xb2
 1548 00d8 07       		.uleb128 0x7
 1549 00d9 35010000 		.4byte	.LASF15
 1550 00dd 01       		.byte	0x1
 1551 00de E5       		.byte	0xe5
 1552 00df E9000000 		.4byte	0xe9
 1553 00e3 05       		.uleb128 0x5
 1554 00e4 03       		.byte	0x3
 1555 00e5 00000000 		.4byte	cy_meta_wonvl
 1556 00e9 08       		.uleb128 0x8
 1557 00ea B2000000 		.4byte	0xb2
 1558 00ee 05       		.uleb128 0x5
 1559 00ef 63000000 		.4byte	0x63
 1560 00f3 FE000000 		.4byte	0xfe
 1561 00f7 09       		.uleb128 0x9
 1562 00f8 95000000 		.4byte	0x95
 1563 00fc FF       		.byte	0xff
 1564 00fd 00       		.byte	0
 1565 00fe 07       		.uleb128 0x7
 1566 00ff 20010000 		.4byte	.LASF16
 1567 0103 01       		.byte	0x1
 1568 0104 F3       		.byte	0xf3
 1569 0105 0F010000 		.4byte	0x10f
 1570 0109 05       		.uleb128 0x5
 1571 010a 03       		.byte	0x3
 1572 010b 00000000 		.4byte	cy_meta_flashprotect
 1573 010f 08       		.uleb128 0x8
 1574 0110 EE000000 		.4byte	0xee
 1575 0114 05       		.uleb128 0x5
 1576 0115 63000000 		.4byte	0x63
 1577 0119 24010000 		.4byte	0x124
 1578 011d 09       		.uleb128 0x9
 1579 011e 95000000 		.4byte	0x95
 1580 0122 0B       		.byte	0xb
 1581 0123 00       		.byte	0
 1582 0124 0A       		.uleb128 0xa
 1583 0125 8E000000 		.4byte	.LASF17
 1584 0129 01       		.byte	0x1
 1585 012a 2001     		.2byte	0x120
 1586 012c 36010000 		.4byte	0x136
 1587 0130 05       		.uleb128 0x5
 1588 0131 03       		.byte	0x3
 1589 0132 00000000 		.4byte	cy_metadata
 1590 0136 08       		.uleb128 0x8
 1591 0137 14010000 		.4byte	0x114
 1592 013b 00       		.byte	0
ARM GAS  C:\Users\Julien\AppData\Local\Temp\ccTfoTs8.s 			page 29


 1593              		.section	.debug_abbrev,"",%progbits
 1594              	.Ldebug_abbrev0:
 1595 0000 01       		.uleb128 0x1
 1596 0001 11       		.uleb128 0x11
 1597 0002 01       		.byte	0x1
 1598 0003 25       		.uleb128 0x25
 1599 0004 0E       		.uleb128 0xe
 1600 0005 13       		.uleb128 0x13
 1601 0006 0B       		.uleb128 0xb
 1602 0007 03       		.uleb128 0x3
 1603 0008 0E       		.uleb128 0xe
 1604 0009 1B       		.uleb128 0x1b
 1605 000a 0E       		.uleb128 0xe
 1606 000b 10       		.uleb128 0x10
 1607 000c 17       		.uleb128 0x17
 1608 000d 00       		.byte	0
 1609 000e 00       		.byte	0
 1610 000f 02       		.uleb128 0x2
 1611 0010 24       		.uleb128 0x24
 1612 0011 00       		.byte	0
 1613 0012 0B       		.uleb128 0xb
 1614 0013 0B       		.uleb128 0xb
 1615 0014 3E       		.uleb128 0x3e
 1616 0015 0B       		.uleb128 0xb
 1617 0016 03       		.uleb128 0x3
 1618 0017 0E       		.uleb128 0xe
 1619 0018 00       		.byte	0
 1620 0019 00       		.byte	0
 1621 001a 03       		.uleb128 0x3
 1622 001b 24       		.uleb128 0x24
 1623 001c 00       		.byte	0
 1624 001d 0B       		.uleb128 0xb
 1625 001e 0B       		.uleb128 0xb
 1626 001f 3E       		.uleb128 0x3e
 1627 0020 0B       		.uleb128 0xb
 1628 0021 03       		.uleb128 0x3
 1629 0022 08       		.uleb128 0x8
 1630 0023 00       		.byte	0
 1631 0024 00       		.byte	0
 1632 0025 04       		.uleb128 0x4
 1633 0026 16       		.uleb128 0x16
 1634 0027 00       		.byte	0
 1635 0028 03       		.uleb128 0x3
 1636 0029 0E       		.uleb128 0xe
 1637 002a 3A       		.uleb128 0x3a
 1638 002b 0B       		.uleb128 0xb
 1639 002c 3B       		.uleb128 0x3b
 1640 002d 05       		.uleb128 0x5
 1641 002e 49       		.uleb128 0x49
 1642 002f 13       		.uleb128 0x13
 1643 0030 00       		.byte	0
 1644 0031 00       		.byte	0
 1645 0032 05       		.uleb128 0x5
 1646 0033 01       		.uleb128 0x1
 1647 0034 01       		.byte	0x1
 1648 0035 49       		.uleb128 0x49
 1649 0036 13       		.uleb128 0x13
ARM GAS  C:\Users\Julien\AppData\Local\Temp\ccTfoTs8.s 			page 30


 1650 0037 01       		.uleb128 0x1
 1651 0038 13       		.uleb128 0x13
 1652 0039 00       		.byte	0
 1653 003a 00       		.byte	0
 1654 003b 06       		.uleb128 0x6
 1655 003c 21       		.uleb128 0x21
 1656 003d 00       		.byte	0
 1657 003e 49       		.uleb128 0x49
 1658 003f 13       		.uleb128 0x13
 1659 0040 2F       		.uleb128 0x2f
 1660 0041 05       		.uleb128 0x5
 1661 0042 00       		.byte	0
 1662 0043 00       		.byte	0
 1663 0044 07       		.uleb128 0x7
 1664 0045 34       		.uleb128 0x34
 1665 0046 00       		.byte	0
 1666 0047 03       		.uleb128 0x3
 1667 0048 0E       		.uleb128 0xe
 1668 0049 3A       		.uleb128 0x3a
 1669 004a 0B       		.uleb128 0xb
 1670 004b 3B       		.uleb128 0x3b
 1671 004c 0B       		.uleb128 0xb
 1672 004d 49       		.uleb128 0x49
 1673 004e 13       		.uleb128 0x13
 1674 004f 3F       		.uleb128 0x3f
 1675 0050 19       		.uleb128 0x19
 1676 0051 02       		.uleb128 0x2
 1677 0052 18       		.uleb128 0x18
 1678 0053 00       		.byte	0
 1679 0054 00       		.byte	0
 1680 0055 08       		.uleb128 0x8
 1681 0056 26       		.uleb128 0x26
 1682 0057 00       		.byte	0
 1683 0058 49       		.uleb128 0x49
 1684 0059 13       		.uleb128 0x13
 1685 005a 00       		.byte	0
 1686 005b 00       		.byte	0
 1687 005c 09       		.uleb128 0x9
 1688 005d 21       		.uleb128 0x21
 1689 005e 00       		.byte	0
 1690 005f 49       		.uleb128 0x49
 1691 0060 13       		.uleb128 0x13
 1692 0061 2F       		.uleb128 0x2f
 1693 0062 0B       		.uleb128 0xb
 1694 0063 00       		.byte	0
 1695 0064 00       		.byte	0
 1696 0065 0A       		.uleb128 0xa
 1697 0066 34       		.uleb128 0x34
 1698 0067 00       		.byte	0
 1699 0068 03       		.uleb128 0x3
 1700 0069 0E       		.uleb128 0xe
 1701 006a 3A       		.uleb128 0x3a
 1702 006b 0B       		.uleb128 0xb
 1703 006c 3B       		.uleb128 0x3b
 1704 006d 05       		.uleb128 0x5
 1705 006e 49       		.uleb128 0x49
 1706 006f 13       		.uleb128 0x13
ARM GAS  C:\Users\Julien\AppData\Local\Temp\ccTfoTs8.s 			page 31


 1707 0070 3F       		.uleb128 0x3f
 1708 0071 19       		.uleb128 0x19
 1709 0072 02       		.uleb128 0x2
 1710 0073 18       		.uleb128 0x18
 1711 0074 00       		.byte	0
 1712 0075 00       		.byte	0
 1713 0076 00       		.byte	0
 1714              		.section	.debug_aranges,"",%progbits
 1715 0000 14000000 		.4byte	0x14
 1716 0004 0200     		.2byte	0x2
 1717 0006 00000000 		.4byte	.Ldebug_info0
 1718 000a 04       		.byte	0x4
 1719 000b 00       		.byte	0
 1720 000c 0000     		.2byte	0
 1721 000e 0000     		.2byte	0
 1722 0010 00000000 		.4byte	0
 1723 0014 00000000 		.4byte	0
 1724              		.section	.debug_line,"",%progbits
 1725              	.Ldebug_line0:
 1726 0000 4D000000 		.section	.debug_str,"MS",%progbits,1
 1726      02004700 
 1726      00000201 
 1726      FB0E0D00 
 1726      01010101 
 1727              	.LASF18:
 1728 0000 474E5520 		.ascii	"GNU C 4.9.3 20150303 (release) [ARM/embedded-4_9-br"
 1728      4320342E 
 1728      392E3320 
 1728      32303135 
 1728      30333033 
 1729 0033 616E6368 		.ascii	"anch revision 221220] -mcpu=cortex-m3 -mthumb -g -O"
 1729      20726576 
 1729      6973696F 
 1729      6E203232 
 1729      31323230 
 1730 0066 30202D66 		.ascii	"0 -ffunction-sections -ffat-lto-objects\000"
 1730      66756E63 
 1730      74696F6E 
 1730      2D736563 
 1730      74696F6E 
 1731              	.LASF17:
 1732 008e 63795F6D 		.ascii	"cy_metadata\000"
 1732      65746164 
 1732      61746100 
 1733              	.LASF9:
 1734 009a 666C6F61 		.ascii	"float\000"
 1734      7400
 1735              	.LASF1:
 1736 00a0 756E7369 		.ascii	"unsigned char\000"
 1736      676E6564 
 1736      20636861 
 1736      7200
 1737              	.LASF5:
 1738 00ae 6C6F6E67 		.ascii	"long unsigned int\000"
 1738      20756E73 
 1738      69676E65 
 1738      6420696E 
ARM GAS  C:\Users\Julien\AppData\Local\Temp\ccTfoTs8.s 			page 32


 1738      7400
 1739              	.LASF3:
 1740 00c0 73686F72 		.ascii	"short unsigned int\000"
 1740      7420756E 
 1740      7369676E 
 1740      65642069 
 1740      6E7400
 1741              	.LASF10:
 1742 00d3 646F7562 		.ascii	"double\000"
 1742      6C6500
 1743              	.LASF14:
 1744 00da 63795F6D 		.ascii	"cy_meta_custnvl\000"
 1744      6574615F 
 1744      63757374 
 1744      6E766C00 
 1745              	.LASF13:
 1746 00ea 63795F6D 		.ascii	"cy_meta_configecc\000"
 1746      6574615F 
 1746      636F6E66 
 1746      69676563 
 1746      6300
 1747              	.LASF8:
 1748 00fc 756E7369 		.ascii	"unsigned int\000"
 1748      676E6564 
 1748      20696E74 
 1748      00
 1749              	.LASF7:
 1750 0109 6C6F6E67 		.ascii	"long long unsigned int\000"
 1750      206C6F6E 
 1750      6720756E 
 1750      7369676E 
 1750      65642069 
 1751              	.LASF16:
 1752 0120 63795F6D 		.ascii	"cy_meta_flashprotect\000"
 1752      6574615F 
 1752      666C6173 
 1752      6870726F 
 1752      74656374 
 1753              	.LASF15:
 1754 0135 63795F6D 		.ascii	"cy_meta_wonvl\000"
 1754      6574615F 
 1754      776F6E76 
 1754      6C00
 1755              	.LASF12:
 1756 0143 73697A65 		.ascii	"sizetype\000"
 1756      74797065 
 1756      00
 1757              	.LASF6:
 1758 014c 6C6F6E67 		.ascii	"long long int\000"
 1758      206C6F6E 
 1758      6720696E 
 1758      7400
 1759              	.LASF11:
 1760 015a 63686172 		.ascii	"char\000"
 1760      00
 1761              	.LASF2:
 1762 015f 73686F72 		.ascii	"short int\000"
ARM GAS  C:\Users\Julien\AppData\Local\Temp\ccTfoTs8.s 			page 33


 1762      7420696E 
 1762      7400
 1763              	.LASF21:
 1764 0169 75696E74 		.ascii	"uint8\000"
 1764      3800
 1765              	.LASF4:
 1766 016f 6C6F6E67 		.ascii	"long int\000"
 1766      20696E74 
 1766      00
 1767              	.LASF0:
 1768 0178 7369676E 		.ascii	"signed char\000"
 1768      65642063 
 1768      68617200 
 1769              	.LASF20:
 1770 0184 433A5C55 		.ascii	"C:\\Users\\Julien\\Documents\\INSA\\5A\\BE_systemes"
 1770      73657273 
 1770      5C4A756C 
 1770      69656E5C 
 1770      446F6375 
 1771 01b1 5F656D62 		.ascii	"_embarques\\BE_systemes_embarques\\Counter_exemple."
 1771      61727175 
 1771      65735C42 
 1771      455F7379 
 1771      7374656D 
 1772 01e2 63796473 		.ascii	"cydsn\000"
 1772      6E00
 1773              	.LASF19:
 1774 01e8 47656E65 		.ascii	"Generated_Source\\PSoC5\\cymetadata.c\000"
 1774      72617465 
 1774      645F536F 
 1774      75726365 
 1774      5C50536F 
 1775              		.ident	"GCC: (GNU Tools for ARM Embedded Processors) 4.9.3 20150303 (release) [ARM/embedded-4_9-br
