ARM GAS  C:\Users\Julien\AppData\Local\Temp\ccw8LHRC.s 			page 1


   1              		.syntax unified
   2              		.cpu cortex-m3
   3              		.fpu softvfp
   4              		.eabi_attribute 20, 1
   5              		.eabi_attribute 21, 1
   6              		.eabi_attribute 23, 3
   7              		.eabi_attribute 24, 1
   8              		.eabi_attribute 25, 1
   9              		.eabi_attribute 26, 1
  10              		.eabi_attribute 30, 6
  11              		.eabi_attribute 34, 1
  12              		.eabi_attribute 18, 4
  13              		.thumb
  14              		.file	"main.c"
  15              		.text
  16              	.Ltext0:
  17              		.cfi_sections	.debug_frame
  18              		.comm	interruptCnt,1,1
  19              		.section	.text.counterInterrupt,"ax",%progbits
  20              		.align	2
  21              		.global	counterInterrupt
  22              		.thumb
  23              		.thumb_func
  24              		.type	counterInterrupt, %function
  25              	counterInterrupt:
  26              	.LFB63:
  27              		.file 1 "main.c"
   1:main.c        **** /*******************************************************************************
   2:main.c        **** * File: main.c
   3:main.c        **** * 
   4:main.c        **** * Version : 1.10
   5:main.c        **** *
   6:main.c        **** * Description: 
   7:main.c        **** *   This is a source code for basic functionality of Counter.
   8:main.c        **** *
   9:main.c        **** ********************************************************************************
  10:main.c        **** * Copyright 2012-2014, Cypress Semiconductor Corporation. All rights reserved.
  11:main.c        **** * This software is owned by Cypress Semiconductor Corporation and is protected
  12:main.c        **** * by and subject to worldwide patent and copyright laws and treaties.
  13:main.c        **** * Therefore, you may use this software only as provided in the license agreement
  14:main.c        **** * accompanying the software package from which you obtained this software.
  15:main.c        **** * CYPRESS AND ITS SUPPLIERS MAKE NO WARRANTY OF ANY KIND, EXPRESS OR IMPLIED,
  16:main.c        **** * WITH REGARD TO THIS SOFTWARE, INCLUDING, BUT NOT LIMITED TO, NONINFRINGEMENT,
  17:main.c        **** * IMPLIED WARRANTIES OF MERCHANTABILITY AND FITNESS FOR A PARTICULAR PURPOSE.
  18:main.c        **** *******************************************************************************/
  19:main.c        **** #include <project.h>
  20:main.c        **** 
  21:main.c        **** uint8 interruptCnt;
  22:main.c        **** 
  23:main.c        **** /*******************************************************************************
  24:main.c        **** * Interrupt
  25:main.c        **** ********************************************************************************
  26:main.c        **** *
  27:main.c        **** * Summary:
  28:main.c        **** *  Reads counter status register
  29:main.c        **** *  Increments interrupt count
  30:main.c        **** * 
ARM GAS  C:\Users\Julien\AppData\Local\Temp\ccw8LHRC.s 			page 2


  31:main.c        **** *******************************************************************************/
  32:main.c        **** CY_ISR(counterInterrupt)
  33:main.c        **** {
  28              		.loc 1 33 0
  29              		.cfi_startproc
  30              		@ args = 0, pretend = 0, frame = 0
  31              		@ frame_needed = 1, uses_anonymous_args = 0
  32              		@ link register save eliminated.
  33 0000 80B4     		push	{r7}
  34              		.cfi_def_cfa_offset 4
  35              		.cfi_offset 7, -4
  36 0002 00AF     		add	r7, sp, #0
  37              		.cfi_def_cfa_register 7
  34:main.c        **** 	/* Read Status register in order to clear the sticky Terminal Count (TC) bit 
  35:main.c        **** 	 * in the status register. Note that the function is not called, but rather 
  36:main.c        **** 	 * the status is read directly.
  37:main.c        **** 	 */
  38:main.c        ****    	Counter_1_STATUS;
  38              		.loc 1 38 0
  39 0004 054B     		ldr	r3, .L2
  40 0006 1B78     		ldrb	r3, [r3]
  39:main.c        ****     
  40:main.c        **** 	
  41:main.c        **** 	/* Increment the Counter to indicate the keep track of the number of 
  42:main.c        ****      * interrupts received. 
  43:main.c        **** 	 */
  44:main.c        ****     interruptCnt++;    
  41              		.loc 1 44 0
  42 0008 054B     		ldr	r3, .L2+4
  43 000a 1B78     		ldrb	r3, [r3]	@ zero_extendqisi2
  44 000c 0133     		adds	r3, r3, #1
  45 000e DAB2     		uxtb	r2, r3
  46 0010 034B     		ldr	r3, .L2+4
  47 0012 1A70     		strb	r2, [r3]
  45:main.c        **** }
  48              		.loc 1 45 0
  49 0014 BD46     		mov	sp, r7
  50              		.cfi_def_cfa_register 13
  51              		@ sp needed
  52 0016 5DF8047B 		ldr	r7, [sp], #4
  53              		.cfi_restore 7
  54              		.cfi_def_cfa_offset 0
  55 001a 7047     		bx	lr
  56              	.L3:
  57              		.align	2
  58              	.L2:
  59 001c 62640040 		.word	1073767522
  60 0020 00000000 		.word	interruptCnt
  61              		.cfi_endproc
  62              	.LFE63:
  63              		.size	counterInterrupt, .-counterInterrupt
  64              		.section	.rodata
  65              		.align	2
  66              	.LC0:
  67 0000 434F554E 		.ascii	"COUNTER DEMO\000"
  67      54455220 
  67      44454D4F 
ARM GAS  C:\Users\Julien\AppData\Local\Temp\ccw8LHRC.s 			page 3


  67      00
  68 000d 000000   		.align	2
  69              	.LC1:
  70 0010 496E7443 		.ascii	"IntCnt:\000"
  70      6E743A00 
  71              		.section	.text.main,"ax",%progbits
  72              		.align	2
  73              		.global	main
  74              		.thumb
  75              		.thumb_func
  76              		.type	main, %function
  77              	main:
  78              	.LFB64:
  46:main.c        **** 
  47:main.c        **** 
  48:main.c        **** /*******************************************************************************
  49:main.c        **** * Function Name: main
  50:main.c        **** ********************************************************************************
  51:main.c        **** *
  52:main.c        **** * Summary:
  53:main.c        **** *  Main function performs following functions:
  54:main.c        **** *   1: Start components
  55:main.c        **** *   2: Enables global interrupts
  56:main.c        **** *	3: Print Period,compare and counter value on LCD
  57:main.c        **** * 
  58:main.c        **** * Parameters:
  59:main.c        **** *  None.
  60:main.c        **** *
  61:main.c        **** * Return:
  62:main.c        **** *  None.
  63:main.c        **** *
  64:main.c        **** *******************************************************************************/
  65:main.c        **** int main()
  66:main.c        **** {
  79              		.loc 1 66 0
  80              		.cfi_startproc
  81              		@ args = 0, pretend = 0, frame = 0
  82              		@ frame_needed = 1, uses_anonymous_args = 0
  83 0000 80B5     		push	{r7, lr}
  84              		.cfi_def_cfa_offset 8
  85              		.cfi_offset 7, -8
  86              		.cfi_offset 14, -4
  87 0002 00AF     		add	r7, sp, #0
  88              		.cfi_def_cfa_register 7
  67:main.c        ****     /* Start and assign interrupt handle for interrupt component */
  68:main.c        ****     CounterISR_StartEx(counterInterrupt);
  89              		.loc 1 68 0
  90 0004 2048     		ldr	r0, .L6
  91 0006 FFF7FEFF 		bl	CounterISR_StartEx
  69:main.c        **** 
  70:main.c        ****     CharLCD_1_Start();
  92              		.loc 1 70 0
  93 000a FFF7FEFF 		bl	CharLCD_1_Start
  71:main.c        ****     Counter_1_Start();
  94              		.loc 1 71 0
  95 000e FFF7FEFF 		bl	Counter_1_Start
  72:main.c        ****    
ARM GAS  C:\Users\Julien\AppData\Local\Temp\ccw8LHRC.s 			page 4


  73:main.c        **** 	/* Enable Global interrupts */
  74:main.c        ****     CyGlobalIntEnable;
  96              		.loc 1 74 0
  97              	@ 74 "main.c" 1
  98 0012 62B6     		CPSIE   i
  99              	@ 0 "" 2
  75:main.c        **** 
  76:main.c        ****     CharLCD_1_ClearDisplay();
 100              		.loc 1 76 0
 101              		.thumb
 102 0014 0120     		movs	r0, #1
 103 0016 FFF7FEFF 		bl	CharLCD_1_WriteControl
  77:main.c        **** 
  78:main.c        ****     CharLCD_1_Position(0u, 0u);
 104              		.loc 1 78 0
 105 001a 0020     		movs	r0, #0
 106 001c 0021     		movs	r1, #0
 107 001e FFF7FEFF 		bl	CharLCD_1_Position
  79:main.c        ****     CharLCD_1_PrintString("COUNTER DEMO");
 108              		.loc 1 79 0
 109 0022 1A48     		ldr	r0, .L6+4
 110 0024 FFF7FEFF 		bl	CharLCD_1_PrintString
  80:main.c        ****    
  81:main.c        **** 	CharLCD_1_Position(0u, 13u);
 111              		.loc 1 81 0
 112 0028 0020     		movs	r0, #0
 113 002a 0D21     		movs	r1, #13
 114 002c FFF7FEFF 		bl	CharLCD_1_Position
  82:main.c        ****     CharLCD_1_PrintInt8(Counter_1_ReadPeriod());
 115              		.loc 1 82 0
 116 0030 FFF7FEFF 		bl	Counter_1_ReadPeriod
 117 0034 0346     		mov	r3, r0
 118 0036 1846     		mov	r0, r3
 119 0038 FFF7FEFF 		bl	CharLCD_1_PrintInt8
  83:main.c        ****     
  84:main.c        **** 	CharLCD_1_Position(1u, 0u);
 120              		.loc 1 84 0
 121 003c 0120     		movs	r0, #1
 122 003e 0021     		movs	r1, #0
 123 0040 FFF7FEFF 		bl	CharLCD_1_Position
  85:main.c        ****     CharLCD_1_PrintInt8(Counter_1_ReadCompare());
 124              		.loc 1 85 0
 125 0044 FFF7FEFF 		bl	Counter_1_ReadCompare
 126 0048 0346     		mov	r3, r0
 127 004a 1846     		mov	r0, r3
 128 004c FFF7FEFF 		bl	CharLCD_1_PrintInt8
  86:main.c        **** 	
  87:main.c        **** 	CharLCD_1_Position(1u, 6u);
 129              		.loc 1 87 0
 130 0050 0120     		movs	r0, #1
 131 0052 0621     		movs	r1, #6
 132 0054 FFF7FEFF 		bl	CharLCD_1_Position
  88:main.c        ****     CharLCD_1_PrintString("IntCnt:");
 133              		.loc 1 88 0
 134 0058 0D48     		ldr	r0, .L6+8
 135 005a FFF7FEFF 		bl	CharLCD_1_PrintString
 136              	.L5:
ARM GAS  C:\Users\Julien\AppData\Local\Temp\ccw8LHRC.s 			page 5


  89:main.c        **** 
  90:main.c        ****     
  91:main.c        ****     for(;;)
  92:main.c        ****     {
  93:main.c        ****         CharLCD_1_Position(1u, 3u);
 137              		.loc 1 93 0 discriminator 1
 138 005e 0120     		movs	r0, #1
 139 0060 0321     		movs	r1, #3
 140 0062 FFF7FEFF 		bl	CharLCD_1_Position
  94:main.c        ****         CharLCD_1_PrintInt8(Counter_1_ReadCounter());
 141              		.loc 1 94 0 discriminator 1
 142 0066 FFF7FEFF 		bl	Counter_1_ReadCounter
 143 006a 0346     		mov	r3, r0
 144 006c 1846     		mov	r0, r3
 145 006e FFF7FEFF 		bl	CharLCD_1_PrintInt8
  95:main.c        ****         
  96:main.c        **** 		CharLCD_1_Position(1u, 13u);
 146              		.loc 1 96 0 discriminator 1
 147 0072 0120     		movs	r0, #1
 148 0074 0D21     		movs	r1, #13
 149 0076 FFF7FEFF 		bl	CharLCD_1_Position
  97:main.c        ****         CharLCD_1_PrintInt8(interruptCnt);
 150              		.loc 1 97 0 discriminator 1
 151 007a 064B     		ldr	r3, .L6+12
 152 007c 1B78     		ldrb	r3, [r3]	@ zero_extendqisi2
 153 007e 1846     		mov	r0, r3
 154 0080 FFF7FEFF 		bl	CharLCD_1_PrintInt8
  98:main.c        ****     }
 155              		.loc 1 98 0 discriminator 1
 156 0084 EBE7     		b	.L5
 157              	.L7:
 158 0086 00BF     		.align	2
 159              	.L6:
 160 0088 00000000 		.word	counterInterrupt
 161 008c 00000000 		.word	.LC0
 162 0090 10000000 		.word	.LC1
 163 0094 00000000 		.word	interruptCnt
 164              		.cfi_endproc
 165              	.LFE64:
 166              		.size	main, .-main
 167              		.text
 168              	.Letext0:
 169              		.file 2 "c:\\program files (x86)\\cypress\\psoc creator\\4.0\\psoc creator\\import\\gnu\\arm\\4.9.
 170              		.file 3 "c:\\program files (x86)\\cypress\\psoc creator\\4.0\\psoc creator\\import\\gnu\\arm\\4.9.
 171              		.file 4 "Generated_Source\\PSoC5/cytypes.h"
 172              		.file 5 "Generated_Source\\PSoC5/core_cm3.h"
 173              		.section	.debug_info,"",%progbits
 174              	.Ldebug_info0:
 175 0000 FF000000 		.4byte	0xff
 176 0004 0400     		.2byte	0x4
 177 0006 00000000 		.4byte	.Ldebug_abbrev0
 178 000a 04       		.byte	0x4
 179 000b 01       		.uleb128 0x1
 180 000c F6000000 		.4byte	.LASF21
 181 0010 01       		.byte	0x1
 182 0011 3F000000 		.4byte	.LASF22
 183 0015 88000000 		.4byte	.LASF23
ARM GAS  C:\Users\Julien\AppData\Local\Temp\ccw8LHRC.s 			page 6


 184 0019 00000000 		.4byte	.Ldebug_ranges0+0
 185 001d 00000000 		.4byte	0
 186 0021 00000000 		.4byte	.Ldebug_line0
 187 0025 02       		.uleb128 0x2
 188 0026 01       		.byte	0x1
 189 0027 06       		.byte	0x6
 190 0028 AB010000 		.4byte	.LASF0
 191 002c 02       		.uleb128 0x2
 192 002d 01       		.byte	0x1
 193 002e 08       		.byte	0x8
 194 002f 7A000000 		.4byte	.LASF1
 195 0033 02       		.uleb128 0x2
 196 0034 02       		.byte	0x2
 197 0035 05       		.byte	0x5
 198 0036 84010000 		.4byte	.LASF2
 199 003a 02       		.uleb128 0x2
 200 003b 02       		.byte	0x2
 201 003c 07       		.byte	0x7
 202 003d 0E000000 		.4byte	.LASF3
 203 0041 03       		.uleb128 0x3
 204 0042 B7010000 		.4byte	.LASF9
 205 0046 02       		.byte	0x2
 206 0047 3F       		.byte	0x3f
 207 0048 4C000000 		.4byte	0x4c
 208 004c 02       		.uleb128 0x2
 209 004d 04       		.byte	0x4
 210 004e 05       		.byte	0x5
 211 004f 95010000 		.4byte	.LASF4
 212 0053 02       		.uleb128 0x2
 213 0054 04       		.byte	0x4
 214 0055 07       		.byte	0x7
 215 0056 51000000 		.4byte	.LASF5
 216 005a 02       		.uleb128 0x2
 217 005b 08       		.byte	0x8
 218 005c 05       		.byte	0x5
 219 005d 00000000 		.4byte	.LASF6
 220 0061 02       		.uleb128 0x2
 221 0062 08       		.byte	0x8
 222 0063 07       		.byte	0x7
 223 0064 63000000 		.4byte	.LASF7
 224 0068 04       		.uleb128 0x4
 225 0069 04       		.byte	0x4
 226 006a 05       		.byte	0x5
 227 006b 696E7400 		.ascii	"int\000"
 228 006f 02       		.uleb128 0x2
 229 0070 04       		.byte	0x4
 230 0071 07       		.byte	0x7
 231 0072 32000000 		.4byte	.LASF8
 232 0076 03       		.uleb128 0x3
 233 0077 D4010000 		.4byte	.LASF10
 234 007b 03       		.byte	0x3
 235 007c 2C       		.byte	0x2c
 236 007d 41000000 		.4byte	0x41
 237 0081 05       		.uleb128 0x5
 238 0082 4B000000 		.4byte	.LASF11
 239 0086 04       		.byte	0x4
 240 0087 9201     		.2byte	0x192
ARM GAS  C:\Users\Julien\AppData\Local\Temp\ccw8LHRC.s 			page 7


 241 0089 2C000000 		.4byte	0x2c
 242 008d 02       		.uleb128 0x2
 243 008e 04       		.byte	0x4
 244 008f 04       		.byte	0x4
 245 0090 C1010000 		.4byte	.LASF12
 246 0094 02       		.uleb128 0x2
 247 0095 08       		.byte	0x8
 248 0096 04       		.byte	0x4
 249 0097 8E010000 		.4byte	.LASF13
 250 009b 02       		.uleb128 0x2
 251 009c 01       		.byte	0x1
 252 009d 08       		.byte	0x8
 253 009e EC000000 		.4byte	.LASF14
 254 00a2 05       		.uleb128 0x5
 255 00a3 F1000000 		.4byte	.LASF15
 256 00a7 04       		.byte	0x4
 257 00a8 3C02     		.2byte	0x23c
 258 00aa AE000000 		.4byte	0xae
 259 00ae 06       		.uleb128 0x6
 260 00af 81000000 		.4byte	0x81
 261 00b3 02       		.uleb128 0x2
 262 00b4 04       		.byte	0x4
 263 00b5 07       		.byte	0x7
 264 00b6 DC010000 		.4byte	.LASF16
 265 00ba 07       		.uleb128 0x7
 266 00bb 21000000 		.4byte	.LASF17
 267 00bf 01       		.byte	0x1
 268 00c0 20       		.byte	0x20
 269 00c1 00000000 		.4byte	.LFB63
 270 00c5 24000000 		.4byte	.LFE63-.LFB63
 271 00c9 01       		.uleb128 0x1
 272 00ca 9C       		.byte	0x9c
 273 00cb 08       		.uleb128 0x8
 274 00cc 46000000 		.4byte	.LASF18
 275 00d0 01       		.byte	0x1
 276 00d1 41       		.byte	0x41
 277 00d2 68000000 		.4byte	0x68
 278 00d6 00000000 		.4byte	.LFB64
 279 00da 98000000 		.4byte	.LFE64-.LFB64
 280 00de 01       		.uleb128 0x1
 281 00df 9C       		.byte	0x9c
 282 00e0 09       		.uleb128 0x9
 283 00e1 9E010000 		.4byte	.LASF19
 284 00e5 05       		.byte	0x5
 285 00e6 9606     		.2byte	0x696
 286 00e8 EC000000 		.4byte	0xec
 287 00ec 06       		.uleb128 0x6
 288 00ed 76000000 		.4byte	0x76
 289 00f1 0A       		.uleb128 0xa
 290 00f2 C7010000 		.4byte	.LASF20
 291 00f6 01       		.byte	0x1
 292 00f7 15       		.byte	0x15
 293 00f8 81000000 		.4byte	0x81
 294 00fc 05       		.uleb128 0x5
 295 00fd 03       		.byte	0x3
 296 00fe 00000000 		.4byte	interruptCnt
 297 0102 00       		.byte	0
ARM GAS  C:\Users\Julien\AppData\Local\Temp\ccw8LHRC.s 			page 8


 298              		.section	.debug_abbrev,"",%progbits
 299              	.Ldebug_abbrev0:
 300 0000 01       		.uleb128 0x1
 301 0001 11       		.uleb128 0x11
 302 0002 01       		.byte	0x1
 303 0003 25       		.uleb128 0x25
 304 0004 0E       		.uleb128 0xe
 305 0005 13       		.uleb128 0x13
 306 0006 0B       		.uleb128 0xb
 307 0007 03       		.uleb128 0x3
 308 0008 0E       		.uleb128 0xe
 309 0009 1B       		.uleb128 0x1b
 310 000a 0E       		.uleb128 0xe
 311 000b 55       		.uleb128 0x55
 312 000c 17       		.uleb128 0x17
 313 000d 11       		.uleb128 0x11
 314 000e 01       		.uleb128 0x1
 315 000f 10       		.uleb128 0x10
 316 0010 17       		.uleb128 0x17
 317 0011 00       		.byte	0
 318 0012 00       		.byte	0
 319 0013 02       		.uleb128 0x2
 320 0014 24       		.uleb128 0x24
 321 0015 00       		.byte	0
 322 0016 0B       		.uleb128 0xb
 323 0017 0B       		.uleb128 0xb
 324 0018 3E       		.uleb128 0x3e
 325 0019 0B       		.uleb128 0xb
 326 001a 03       		.uleb128 0x3
 327 001b 0E       		.uleb128 0xe
 328 001c 00       		.byte	0
 329 001d 00       		.byte	0
 330 001e 03       		.uleb128 0x3
 331 001f 16       		.uleb128 0x16
 332 0020 00       		.byte	0
 333 0021 03       		.uleb128 0x3
 334 0022 0E       		.uleb128 0xe
 335 0023 3A       		.uleb128 0x3a
 336 0024 0B       		.uleb128 0xb
 337 0025 3B       		.uleb128 0x3b
 338 0026 0B       		.uleb128 0xb
 339 0027 49       		.uleb128 0x49
 340 0028 13       		.uleb128 0x13
 341 0029 00       		.byte	0
 342 002a 00       		.byte	0
 343 002b 04       		.uleb128 0x4
 344 002c 24       		.uleb128 0x24
 345 002d 00       		.byte	0
 346 002e 0B       		.uleb128 0xb
 347 002f 0B       		.uleb128 0xb
 348 0030 3E       		.uleb128 0x3e
 349 0031 0B       		.uleb128 0xb
 350 0032 03       		.uleb128 0x3
 351 0033 08       		.uleb128 0x8
 352 0034 00       		.byte	0
 353 0035 00       		.byte	0
 354 0036 05       		.uleb128 0x5
ARM GAS  C:\Users\Julien\AppData\Local\Temp\ccw8LHRC.s 			page 9


 355 0037 16       		.uleb128 0x16
 356 0038 00       		.byte	0
 357 0039 03       		.uleb128 0x3
 358 003a 0E       		.uleb128 0xe
 359 003b 3A       		.uleb128 0x3a
 360 003c 0B       		.uleb128 0xb
 361 003d 3B       		.uleb128 0x3b
 362 003e 05       		.uleb128 0x5
 363 003f 49       		.uleb128 0x49
 364 0040 13       		.uleb128 0x13
 365 0041 00       		.byte	0
 366 0042 00       		.byte	0
 367 0043 06       		.uleb128 0x6
 368 0044 35       		.uleb128 0x35
 369 0045 00       		.byte	0
 370 0046 49       		.uleb128 0x49
 371 0047 13       		.uleb128 0x13
 372 0048 00       		.byte	0
 373 0049 00       		.byte	0
 374 004a 07       		.uleb128 0x7
 375 004b 2E       		.uleb128 0x2e
 376 004c 00       		.byte	0
 377 004d 3F       		.uleb128 0x3f
 378 004e 19       		.uleb128 0x19
 379 004f 03       		.uleb128 0x3
 380 0050 0E       		.uleb128 0xe
 381 0051 3A       		.uleb128 0x3a
 382 0052 0B       		.uleb128 0xb
 383 0053 3B       		.uleb128 0x3b
 384 0054 0B       		.uleb128 0xb
 385 0055 27       		.uleb128 0x27
 386 0056 19       		.uleb128 0x19
 387 0057 11       		.uleb128 0x11
 388 0058 01       		.uleb128 0x1
 389 0059 12       		.uleb128 0x12
 390 005a 06       		.uleb128 0x6
 391 005b 40       		.uleb128 0x40
 392 005c 18       		.uleb128 0x18
 393 005d 9742     		.uleb128 0x2117
 394 005f 19       		.uleb128 0x19
 395 0060 00       		.byte	0
 396 0061 00       		.byte	0
 397 0062 08       		.uleb128 0x8
 398 0063 2E       		.uleb128 0x2e
 399 0064 00       		.byte	0
 400 0065 3F       		.uleb128 0x3f
 401 0066 19       		.uleb128 0x19
 402 0067 03       		.uleb128 0x3
 403 0068 0E       		.uleb128 0xe
 404 0069 3A       		.uleb128 0x3a
 405 006a 0B       		.uleb128 0xb
 406 006b 3B       		.uleb128 0x3b
 407 006c 0B       		.uleb128 0xb
 408 006d 49       		.uleb128 0x49
 409 006e 13       		.uleb128 0x13
 410 006f 11       		.uleb128 0x11
 411 0070 01       		.uleb128 0x1
ARM GAS  C:\Users\Julien\AppData\Local\Temp\ccw8LHRC.s 			page 10


 412 0071 12       		.uleb128 0x12
 413 0072 06       		.uleb128 0x6
 414 0073 40       		.uleb128 0x40
 415 0074 18       		.uleb128 0x18
 416 0075 9642     		.uleb128 0x2116
 417 0077 19       		.uleb128 0x19
 418 0078 00       		.byte	0
 419 0079 00       		.byte	0
 420 007a 09       		.uleb128 0x9
 421 007b 34       		.uleb128 0x34
 422 007c 00       		.byte	0
 423 007d 03       		.uleb128 0x3
 424 007e 0E       		.uleb128 0xe
 425 007f 3A       		.uleb128 0x3a
 426 0080 0B       		.uleb128 0xb
 427 0081 3B       		.uleb128 0x3b
 428 0082 05       		.uleb128 0x5
 429 0083 49       		.uleb128 0x49
 430 0084 13       		.uleb128 0x13
 431 0085 3F       		.uleb128 0x3f
 432 0086 19       		.uleb128 0x19
 433 0087 3C       		.uleb128 0x3c
 434 0088 19       		.uleb128 0x19
 435 0089 00       		.byte	0
 436 008a 00       		.byte	0
 437 008b 0A       		.uleb128 0xa
 438 008c 34       		.uleb128 0x34
 439 008d 00       		.byte	0
 440 008e 03       		.uleb128 0x3
 441 008f 0E       		.uleb128 0xe
 442 0090 3A       		.uleb128 0x3a
 443 0091 0B       		.uleb128 0xb
 444 0092 3B       		.uleb128 0x3b
 445 0093 0B       		.uleb128 0xb
 446 0094 49       		.uleb128 0x49
 447 0095 13       		.uleb128 0x13
 448 0096 3F       		.uleb128 0x3f
 449 0097 19       		.uleb128 0x19
 450 0098 02       		.uleb128 0x2
 451 0099 18       		.uleb128 0x18
 452 009a 00       		.byte	0
 453 009b 00       		.byte	0
 454 009c 00       		.byte	0
 455              		.section	.debug_aranges,"",%progbits
 456 0000 24000000 		.4byte	0x24
 457 0004 0200     		.2byte	0x2
 458 0006 00000000 		.4byte	.Ldebug_info0
 459 000a 04       		.byte	0x4
 460 000b 00       		.byte	0
 461 000c 0000     		.2byte	0
 462 000e 0000     		.2byte	0
 463 0010 00000000 		.4byte	.LFB63
 464 0014 24000000 		.4byte	.LFE63-.LFB63
 465 0018 00000000 		.4byte	.LFB64
 466 001c 98000000 		.4byte	.LFE64-.LFB64
 467 0020 00000000 		.4byte	0
 468 0024 00000000 		.4byte	0
ARM GAS  C:\Users\Julien\AppData\Local\Temp\ccw8LHRC.s 			page 11


 469              		.section	.debug_ranges,"",%progbits
 470              	.Ldebug_ranges0:
 471 0000 00000000 		.4byte	.LFB63
 472 0004 24000000 		.4byte	.LFE63
 473 0008 00000000 		.4byte	.LFB64
 474 000c 98000000 		.4byte	.LFE64
 475 0010 00000000 		.4byte	0
 476 0014 00000000 		.4byte	0
 477              		.section	.debug_line,"",%progbits
 478              	.Ldebug_line0:
 479 0000 95010000 		.section	.debug_str,"MS",%progbits,1
 479      02004701 
 479      00000201 
 479      FB0E0D00 
 479      01010101 
 480              	.LASF6:
 481 0000 6C6F6E67 		.ascii	"long long int\000"
 481      206C6F6E 
 481      6720696E 
 481      7400
 482              	.LASF3:
 483 000e 73686F72 		.ascii	"short unsigned int\000"
 483      7420756E 
 483      7369676E 
 483      65642069 
 483      6E7400
 484              	.LASF17:
 485 0021 636F756E 		.ascii	"counterInterrupt\000"
 485      74657249 
 485      6E746572 
 485      72757074 
 485      00
 486              	.LASF8:
 487 0032 756E7369 		.ascii	"unsigned int\000"
 487      676E6564 
 487      20696E74 
 487      00
 488              	.LASF22:
 489 003f 6D61696E 		.ascii	"main.c\000"
 489      2E6300
 490              	.LASF18:
 491 0046 6D61696E 		.ascii	"main\000"
 491      00
 492              	.LASF11:
 493 004b 75696E74 		.ascii	"uint8\000"
 493      3800
 494              	.LASF5:
 495 0051 6C6F6E67 		.ascii	"long unsigned int\000"
 495      20756E73 
 495      69676E65 
 495      6420696E 
 495      7400
 496              	.LASF7:
 497 0063 6C6F6E67 		.ascii	"long long unsigned int\000"
 497      206C6F6E 
 497      6720756E 
 497      7369676E 
ARM GAS  C:\Users\Julien\AppData\Local\Temp\ccw8LHRC.s 			page 12


 497      65642069 
 498              	.LASF1:
 499 007a 756E7369 		.ascii	"unsigned char\000"
 499      676E6564 
 499      20636861 
 499      7200
 500              	.LASF23:
 501 0088 433A5C55 		.ascii	"C:\\Users\\Julien\\Documents\\INSA\\5A\\BE_systemes"
 501      73657273 
 501      5C4A756C 
 501      69656E5C 
 501      446F6375 
 502 00b5 5F656D62 		.ascii	"_embarques\\BE_systemes_embarques\\Counter_exemple."
 502      61727175 
 502      65735C42 
 502      455F7379 
 502      7374656D 
 503 00e6 63796473 		.ascii	"cydsn\000"
 503      6E00
 504              	.LASF14:
 505 00ec 63686172 		.ascii	"char\000"
 505      00
 506              	.LASF15:
 507 00f1 72656738 		.ascii	"reg8\000"
 507      00
 508              	.LASF21:
 509 00f6 474E5520 		.ascii	"GNU C 4.9.3 20150303 (release) [ARM/embedded-4_9-br"
 509      4320342E 
 509      392E3320 
 509      32303135 
 509      30333033 
 510 0129 616E6368 		.ascii	"anch revision 221220] -mcpu=cortex-m3 -mthumb -g -O"
 510      20726576 
 510      6973696F 
 510      6E203232 
 510      31323230 
 511 015c 30202D66 		.ascii	"0 -ffunction-sections -ffat-lto-objects\000"
 511      66756E63 
 511      74696F6E 
 511      2D736563 
 511      74696F6E 
 512              	.LASF2:
 513 0184 73686F72 		.ascii	"short int\000"
 513      7420696E 
 513      7400
 514              	.LASF13:
 515 018e 646F7562 		.ascii	"double\000"
 515      6C6500
 516              	.LASF4:
 517 0195 6C6F6E67 		.ascii	"long int\000"
 517      20696E74 
 517      00
 518              	.LASF19:
 519 019e 49544D5F 		.ascii	"ITM_RxBuffer\000"
 519      52784275 
 519      66666572 
 519      00
ARM GAS  C:\Users\Julien\AppData\Local\Temp\ccw8LHRC.s 			page 13


 520              	.LASF0:
 521 01ab 7369676E 		.ascii	"signed char\000"
 521      65642063 
 521      68617200 
 522              	.LASF9:
 523 01b7 5F5F696E 		.ascii	"__int32_t\000"
 523      7433325F 
 523      7400
 524              	.LASF12:
 525 01c1 666C6F61 		.ascii	"float\000"
 525      7400
 526              	.LASF20:
 527 01c7 696E7465 		.ascii	"interruptCnt\000"
 527      72727570 
 527      74436E74 
 527      00
 528              	.LASF10:
 529 01d4 696E7433 		.ascii	"int32_t\000"
 529      325F7400 
 530              	.LASF16:
 531 01dc 73697A65 		.ascii	"sizetype\000"
 531      74797065 
 531      00
 532              		.ident	"GCC: (GNU Tools for ARM Embedded Processors) 4.9.3 20150303 (release) [ARM/embedded-4_9-br
