ARM GAS  C:\Users\Julien\AppData\Local\Temp\ccOFkily.s 			page 1


   1              		.syntax unified
   2              		.cpu cortex-m3
   3              		.fpu softvfp
   4              		.eabi_attribute 20, 1
   5              		.eabi_attribute 21, 1
   6              		.eabi_attribute 23, 3
   7              		.eabi_attribute 24, 1
   8              		.eabi_attribute 25, 1
   9              		.eabi_attribute 26, 1
  10              		.eabi_attribute 30, 1
  11              		.eabi_attribute 34, 1
  12              		.eabi_attribute 18, 4
  13              		.thumb
  14              		.file	"cymetadata.c"
  15              		.text
  16              	.Ltext0:
  17              		.cfi_sections	.debug_frame
  18              		.global	cy_metadata
  19              		.global	cy_meta_flashprotect
  20              		.global	cy_meta_wonvl
  21              		.global	cy_meta_custnvl
  22              		.global	cy_meta_configecc
  23              		.section	.cyconfigecc,"a",%progbits
  24              		.align	2
  25              		.type	cy_meta_configecc, %object
  26              		.size	cy_meta_configecc, 2356
  27              	cy_meta_configecc:
  28 0000 0A       		.byte	10
  29 0001 52       		.byte	82
  30 0002 00       		.byte	0
  31 0003 40       		.byte	64
  32 0004 07       		.byte	7
  33 0005 64       		.byte	100
  34 0006 00       		.byte	0
  35 0007 40       		.byte	64
  36 0008 01       		.byte	1
  37 0009 65       		.byte	101
  38 000a 00       		.byte	0
  39 000b 40       		.byte	64
  40 000c 03       		.byte	3
  41 000d 01       		.byte	1
  42 000e 01       		.byte	1
  43 000f 40       		.byte	64
  44 0010 48       		.byte	72
  45 0011 02       		.byte	2
  46 0012 01       		.byte	1
  47 0013 40       		.byte	64
  48 0014 31       		.byte	49
  49 0015 03       		.byte	3
  50 0016 01       		.byte	1
  51 0017 40       		.byte	64
  52 0018 4B       		.byte	75
  53 0019 04       		.byte	4
  54 001a 01       		.byte	1
  55 001b 40       		.byte	64
  56 001c 32       		.byte	50
  57 001d 05       		.byte	5
ARM GAS  C:\Users\Julien\AppData\Local\Temp\ccOFkily.s 			page 2


  58 001e 01       		.byte	1
  59 001f 40       		.byte	64
  60 0020 35       		.byte	53
  61 0021 06       		.byte	6
  62 0022 01       		.byte	1
  63 0023 40       		.byte	64
  64 0024 35       		.byte	53
  65 0025 07       		.byte	7
  66 0026 01       		.byte	1
  67 0027 40       		.byte	64
  68 0028 43       		.byte	67
  69 0029 08       		.byte	8
  70 002a 01       		.byte	1
  71 002b 40       		.byte	64
  72 002c 2E       		.byte	46
  73 002d 09       		.byte	9
  74 002e 01       		.byte	1
  75 002f 40       		.byte	64
  76 0030 57       		.byte	87
  77 0031 0A       		.byte	10
  78 0032 01       		.byte	1
  79 0033 40       		.byte	64
  80 0034 38       		.byte	56
  81 0035 0B       		.byte	11
  82 0036 01       		.byte	1
  83 0037 40       		.byte	64
  84 0038 52       		.byte	82
  85 0039 0C       		.byte	12
  86 003a 01       		.byte	1
  87 003b 40       		.byte	64
  88 003c 48       		.byte	72
  89 003d 0D       		.byte	13
  90 003e 01       		.byte	1
  91 003f 40       		.byte	64
  92 0040 50       		.byte	80
  93 0041 0E       		.byte	14
  94 0042 01       		.byte	1
  95 0043 40       		.byte	64
  96 0044 33       		.byte	51
  97 0045 0F       		.byte	15
  98 0046 01       		.byte	1
  99 0047 40       		.byte	64
 100 0048 2F       		.byte	47
 101 0049 18       		.byte	24
 102 004a 01       		.byte	1
 103 004b 40       		.byte	64
 104 004c 1F       		.byte	31
 105 004d 19       		.byte	25
 106 004e 01       		.byte	1
 107 004f 40       		.byte	64
 108 0050 01       		.byte	1
 109 0051 1B       		.byte	27
 110 0052 01       		.byte	1
 111 0053 40       		.byte	64
 112 0054 0B       		.byte	11
 113 0055 40       		.byte	64
 114 0056 01       		.byte	1
ARM GAS  C:\Users\Julien\AppData\Local\Temp\ccOFkily.s 			page 3


 115 0057 40       		.byte	64
 116 0058 12       		.byte	18
 117 0059 41       		.byte	65
 118 005a 01       		.byte	1
 119 005b 40       		.byte	64
 120 005c 07       		.byte	7
 121 005d 42       		.byte	66
 122 005e 01       		.byte	1
 123 005f 40       		.byte	64
 124 0060 06       		.byte	6
 125 0061 43       		.byte	67
 126 0062 01       		.byte	1
 127 0063 40       		.byte	64
 128 0064 06       		.byte	6
 129 0065 44       		.byte	68
 130 0066 01       		.byte	1
 131 0067 40       		.byte	64
 132 0068 09       		.byte	9
 133 0069 45       		.byte	69
 134 006a 01       		.byte	1
 135 006b 40       		.byte	64
 136 006c 07       		.byte	7
 137 006d 46       		.byte	70
 138 006e 01       		.byte	1
 139 006f 40       		.byte	64
 140 0070 03       		.byte	3
 141 0071 48       		.byte	72
 142 0072 01       		.byte	1
 143 0073 40       		.byte	64
 144 0074 04       		.byte	4
 145 0075 4C       		.byte	76
 146 0076 01       		.byte	1
 147 0077 40       		.byte	64
 148 0078 05       		.byte	5
 149 0079 4D       		.byte	77
 150 007a 01       		.byte	1
 151 007b 40       		.byte	64
 152 007c 02       		.byte	2
 153 007d 50       		.byte	80
 154 007e 01       		.byte	1
 155 007f 40       		.byte	64
 156 0080 01       		.byte	1
 157 0081 51       		.byte	81
 158 0082 01       		.byte	1
 159 0083 40       		.byte	64
 160 0084 00       		.byte	0
 161 0085 C9       		.byte	-55
 162 0086 01       		.byte	1
 163 0087 83       		.byte	-125
 164 0088 08       		.byte	8
 165 0089 40       		.byte	64
 166 008a 10       		.byte	16
 167 008b 80       		.byte	-128
 168 008c 11       		.byte	17
 169 008d 80       		.byte	-128
 170 008e 20       		.byte	32
 171 008f 0A       		.byte	10
ARM GAS  C:\Users\Julien\AppData\Local\Temp\ccOFkily.s 			page 4


 172 0090 21       		.byte	33
 173 0091 0C       		.byte	12
 174 0092 34       		.byte	52
 175 0093 40       		.byte	64
 176 0094 78       		.byte	120
 177 0095 24       		.byte	36
 178 0096 79       		.byte	121
 179 0097 04       		.byte	4
 180 0098 83       		.byte	-125
 181 0099 0F       		.byte	15
 182 009a 86       		.byte	-122
 183 009b 0F       		.byte	15
 184 009c 88       		.byte	-120
 185 009d 0F       		.byte	15
 186 009e 89       		.byte	-119
 187 009f 0D       		.byte	13
 188 00a0 8D       		.byte	-115
 189 00a1 72       		.byte	114
 190 00a2 8E       		.byte	-114
 191 00a3 38       		.byte	56
 192 00a4 8F       		.byte	-113
 193 00a5 6B       		.byte	107
 194 00a6 89       		.byte	-119
 195 00a7 0F       		.byte	15
 196 00a8 8A       		.byte	-118
 197 00a9 10       		.byte	16
 198 00aa E2       		.byte	-30
 199 00ab 80       		.byte	-128
 200 00ac E6       		.byte	-26
 201 00ad 01       		.byte	1
 202 00ae 0F       		.byte	15
 203 00af 01       		.byte	1
 204 00b0 23       		.byte	35
 205 00b1 01       		.byte	1
 206 00b2 35       		.byte	53
 207 00b3 01       		.byte	1
 208 00b4 40       		.byte	64
 209 00b5 40       		.byte	64
 210 00b6 41       		.byte	65
 211 00b7 06       		.byte	6
 212 00b8 49       		.byte	73
 213 00b9 FF       		.byte	-1
 214 00ba 4A       		.byte	74
 215 00bb FF       		.byte	-1
 216 00bc 4B       		.byte	75
 217 00bd FF       		.byte	-1
 218 00be 4D       		.byte	77
 219 00bf A0       		.byte	-96
 220 00c0 4F       		.byte	79
 221 00c1 04       		.byte	4
 222 00c2 50       		.byte	80
 223 00c3 18       		.byte	24
 224 00c4 59       		.byte	89
 225 00c5 04       		.byte	4
 226 00c6 5A       		.byte	90
 227 00c7 04       		.byte	4
 228 00c8 5B       		.byte	91
ARM GAS  C:\Users\Julien\AppData\Local\Temp\ccOFkily.s 			page 5


 229 00c9 04       		.byte	4
 230 00ca 5C       		.byte	92
 231 00cb 10       		.byte	16
 232 00cc 5D       		.byte	93
 233 00cd 01       		.byte	1
 234 00ce 5F       		.byte	95
 235 00cf 01       		.byte	1
 236 00d0 60       		.byte	96
 237 00d1 40       		.byte	64
 238 00d2 62       		.byte	98
 239 00d3 C0       		.byte	-64
 240 00d4 64       		.byte	100
 241 00d5 40       		.byte	64
 242 00d6 65       		.byte	101
 243 00d7 40       		.byte	64
 244 00d8 66       		.byte	102
 245 00d9 C0       		.byte	-64
 246 00da 68       		.byte	104
 247 00db C0       		.byte	-64
 248 00dc 6A       		.byte	106
 249 00dd C0       		.byte	-64
 250 00de 6C       		.byte	108
 251 00df C0       		.byte	-64
 252 00e0 6E       		.byte	110
 253 00e1 C0       		.byte	-64
 254 00e2 92       		.byte	-110
 255 00e3 04       		.byte	4
 256 00e4 93       		.byte	-109
 257 00e5 02       		.byte	2
 258 00e6 99       		.byte	-103
 259 00e7 06       		.byte	6
 260 00e8 9C       		.byte	-100
 261 00e9 02       		.byte	2
 262 00ea 9F       		.byte	-97
 263 00eb 01       		.byte	1
 264 00ec A1       		.byte	-95
 265 00ed 04       		.byte	4
 266 00ee A2       		.byte	-94
 267 00ef 02       		.byte	2
 268 00f0 A4       		.byte	-92
 269 00f1 01       		.byte	1
 270 00f2 AA       		.byte	-86
 271 00f3 04       		.byte	4
 272 00f4 B0       		.byte	-80
 273 00f5 01       		.byte	1
 274 00f6 B2       		.byte	-78
 275 00f7 04       		.byte	4
 276 00f8 B3       		.byte	-77
 277 00f9 02       		.byte	2
 278 00fa B5       		.byte	-75
 279 00fb 04       		.byte	4
 280 00fc B6       		.byte	-74
 281 00fd 02       		.byte	2
 282 00fe B7       		.byte	-73
 283 00ff 01       		.byte	1
 284 0100 BE       		.byte	-66
 285 0101 04       		.byte	4
ARM GAS  C:\Users\Julien\AppData\Local\Temp\ccOFkily.s 			page 6


 286 0102 C0       		.byte	-64
 287 0103 40       		.byte	64
 288 0104 C1       		.byte	-63
 289 0105 06       		.byte	6
 290 0106 C5       		.byte	-59
 291 0107 D5       		.byte	-43
 292 0108 C6       		.byte	-58
 293 0109 01       		.byte	1
 294 010a C7       		.byte	-57
 295 010b 02       		.byte	2
 296 010c C8       		.byte	-56
 297 010d 17       		.byte	23
 298 010e C9       		.byte	-55
 299 010f FF       		.byte	-1
 300 0110 CA       		.byte	-54
 301 0111 FF       		.byte	-1
 302 0112 CB       		.byte	-53
 303 0113 FF       		.byte	-1
 304 0114 CD       		.byte	-51
 305 0115 AF       		.byte	-81
 306 0116 CE       		.byte	-50
 307 0117 0F       		.byte	15
 308 0118 CF       		.byte	-49
 309 0119 04       		.byte	4
 310 011a D0       		.byte	-48
 311 011b 18       		.byte	24
 312 011c D4       		.byte	-44
 313 011d 07       		.byte	7
 314 011e D8       		.byte	-40
 315 011f 04       		.byte	4
 316 0120 D9       		.byte	-39
 317 0121 04       		.byte	4
 318 0122 DA       		.byte	-38
 319 0123 04       		.byte	4
 320 0124 DB       		.byte	-37
 321 0125 04       		.byte	4
 322 0126 DC       		.byte	-36
 323 0127 11       		.byte	17
 324 0128 DD       		.byte	-35
 325 0129 11       		.byte	17
 326 012a DF       		.byte	-33
 327 012b 01       		.byte	1
 328 012c E0       		.byte	-32
 329 012d 40       		.byte	64
 330 012e E2       		.byte	-30
 331 012f C0       		.byte	-64
 332 0130 E4       		.byte	-28
 333 0131 40       		.byte	64
 334 0132 E5       		.byte	-27
 335 0133 40       		.byte	64
 336 0134 E6       		.byte	-26
 337 0135 C0       		.byte	-64
 338 0136 E8       		.byte	-24
 339 0137 C0       		.byte	-64
 340 0138 EA       		.byte	-22
 341 0139 C0       		.byte	-64
 342 013a EC       		.byte	-20
ARM GAS  C:\Users\Julien\AppData\Local\Temp\ccOFkily.s 			page 7


 343 013b C0       		.byte	-64
 344 013c EE       		.byte	-18
 345 013d C0       		.byte	-64
 346 013e 09       		.byte	9
 347 013f 82       		.byte	-126
 348 0140 10       		.byte	16
 349 0141 A0       		.byte	-96
 350 0142 12       		.byte	18
 351 0143 08       		.byte	8
 352 0144 19       		.byte	25
 353 0145 46       		.byte	70
 354 0146 20       		.byte	32
 355 0147 20       		.byte	32
 356 0148 21       		.byte	33
 357 0149 80       		.byte	-128
 358 014a 22       		.byte	34
 359 014b 10       		.byte	16
 360 014c 26       		.byte	38
 361 014d 10       		.byte	16
 362 014e 29       		.byte	41
 363 014f 02       		.byte	2
 364 0150 2C       		.byte	44
 365 0151 80       		.byte	-128
 366 0152 30       		.byte	48
 367 0153 A0       		.byte	-96
 368 0154 31       		.byte	49
 369 0155 02       		.byte	2
 370 0156 3C       		.byte	60
 371 0157 40       		.byte	64
 372 0158 40       		.byte	64
 373 0159 40       		.byte	64
 374 015a 41       		.byte	65
 375 015b 02       		.byte	2
 376 015c 45       		.byte	69
 377 015d 02       		.byte	2
 378 015e 48       		.byte	72
 379 015f 20       		.byte	32
 380 0160 49       		.byte	73
 381 0161 01       		.byte	1
 382 0162 4A       		.byte	74
 383 0163 08       		.byte	8
 384 0164 4E       		.byte	78
 385 0165 08       		.byte	8
 386 0166 50       		.byte	80
 387 0167 80       		.byte	-128
 388 0168 52       		.byte	82
 389 0169 08       		.byte	8
 390 016a 59       		.byte	89
 391 016b 45       		.byte	69
 392 016c 5A       		.byte	90
 393 016d 20       		.byte	32
 394 016e 6D       		.byte	109
 395 016f 10       		.byte	16
 396 0170 6E       		.byte	110
 397 0171 04       		.byte	4
 398 0172 6F       		.byte	111
 399 0173 42       		.byte	66
ARM GAS  C:\Users\Julien\AppData\Local\Temp\ccOFkily.s 			page 8


 400 0174 75       		.byte	117
 401 0175 80       		.byte	-128
 402 0176 76       		.byte	118
 403 0177 80       		.byte	-128
 404 0178 77       		.byte	119
 405 0179 18       		.byte	24
 406 017a 81       		.byte	-127
 407 017b 80       		.byte	-128
 408 017c 87       		.byte	-121
 409 017d 08       		.byte	8
 410 017e 89       		.byte	-119
 411 017f 10       		.byte	16
 412 0180 8D       		.byte	-115
 413 0181 08       		.byte	8
 414 0182 8F       		.byte	-113
 415 0183 40       		.byte	64
 416 0184 97       		.byte	-105
 417 0185 40       		.byte	64
 418 0186 A6       		.byte	-90
 419 0187 10       		.byte	16
 420 0188 B3       		.byte	-77
 421 0189 40       		.byte	64
 422 018a C2       		.byte	-62
 423 018b 09       		.byte	9
 424 018c C4       		.byte	-60
 425 018d 0E       		.byte	14
 426 018e CA       		.byte	-54
 427 018f 81       		.byte	-127
 428 0190 CC       		.byte	-52
 429 0191 0D       		.byte	13
 430 0192 CE       		.byte	-50
 431 0193 10       		.byte	16
 432 0194 D0       		.byte	-48
 433 0195 81       		.byte	-127
 434 0196 D2       		.byte	-46
 435 0197 24       		.byte	36
 436 0198 D6       		.byte	-42
 437 0199 0F       		.byte	15
 438 019a E2       		.byte	-30
 439 019b 10       		.byte	16
 440 019c E6       		.byte	-26
 441 019d 10       		.byte	16
 442 019e EA       		.byte	-22
 443 019f 20       		.byte	32
 444 01a0 03       		.byte	3
 445 01a1 06       		.byte	6
 446 01a2 0A       		.byte	10
 447 01a3 02       		.byte	2
 448 01a4 0C       		.byte	12
 449 01a5 01       		.byte	1
 450 01a6 0D       		.byte	13
 451 01a7 01       		.byte	1
 452 01a8 0E       		.byte	14
 453 01a9 02       		.byte	2
 454 01aa 0F       		.byte	15
 455 01ab 02       		.byte	2
 456 01ac 10       		.byte	16
ARM GAS  C:\Users\Julien\AppData\Local\Temp\ccOFkily.s 			page 9


 457 01ad 01       		.byte	1
 458 01ae 16       		.byte	22
 459 01af 01       		.byte	1
 460 01b0 17       		.byte	23
 461 01b1 05       		.byte	5
 462 01b2 1B       		.byte	27
 463 01b3 05       		.byte	5
 464 01b4 1E       		.byte	30
 465 01b5 01       		.byte	1
 466 01b6 21       		.byte	33
 467 01b7 05       		.byte	5
 468 01b8 26       		.byte	38
 469 01b9 01       		.byte	1
 470 01ba 27       		.byte	39
 471 01bb 01       		.byte	1
 472 01bc 31       		.byte	49
 473 01bd 07       		.byte	7
 474 01be 32       		.byte	50
 475 01bf 03       		.byte	3
 476 01c0 3A       		.byte	58
 477 01c1 08       		.byte	8
 478 01c2 3B       		.byte	59
 479 01c3 02       		.byte	2
 480 01c4 40       		.byte	64
 481 01c5 31       		.byte	49
 482 01c6 41       		.byte	65
 483 01c7 05       		.byte	5
 484 01c8 42       		.byte	66
 485 01c9 04       		.byte	4
 486 01ca 49       		.byte	73
 487 01cb FF       		.byte	-1
 488 01cc 4A       		.byte	74
 489 01cd FF       		.byte	-1
 490 01ce 4B       		.byte	75
 491 01cf FF       		.byte	-1
 492 01d0 4F       		.byte	79
 493 01d1 01       		.byte	1
 494 01d2 50       		.byte	80
 495 01d3 18       		.byte	24
 496 01d4 58       		.byte	88
 497 01d5 04       		.byte	4
 498 01d6 59       		.byte	89
 499 01d7 04       		.byte	4
 500 01d8 5A       		.byte	90
 501 01d9 04       		.byte	4
 502 01da 5B       		.byte	91
 503 01db 04       		.byte	4
 504 01dc 5C       		.byte	92
 505 01dd 99       		.byte	-103
 506 01de 5D       		.byte	93
 507 01df 09       		.byte	9
 508 01e0 5F       		.byte	95
 509 01e1 01       		.byte	1
 510 01e2 60       		.byte	96
 511 01e3 40       		.byte	64
 512 01e4 62       		.byte	98
 513 01e5 40       		.byte	64
ARM GAS  C:\Users\Julien\AppData\Local\Temp\ccOFkily.s 			page 10


 514 01e6 64       		.byte	100
 515 01e7 40       		.byte	64
 516 01e8 65       		.byte	101
 517 01e9 40       		.byte	64
 518 01ea 66       		.byte	102
 519 01eb 80       		.byte	-128
 520 01ec 68       		.byte	104
 521 01ed 80       		.byte	-128
 522 01ee 6A       		.byte	106
 523 01ef 80       		.byte	-128
 524 01f0 6C       		.byte	108
 525 01f1 80       		.byte	-128
 526 01f2 6E       		.byte	110
 527 01f3 80       		.byte	-128
 528 01f4 81       		.byte	-127
 529 01f5 01       		.byte	1
 530 01f6 8D       		.byte	-115
 531 01f7 01       		.byte	1
 532 01f8 9B       		.byte	-101
 533 01f9 01       		.byte	1
 534 01fa AB       		.byte	-85
 535 01fb 01       		.byte	1
 536 01fc AE       		.byte	-82
 537 01fd 01       		.byte	1
 538 01fe B0       		.byte	-80
 539 01ff 01       		.byte	1
 540 0200 B1       		.byte	-79
 541 0201 01       		.byte	1
 542 0202 BF       		.byte	-65
 543 0203 01       		.byte	1
 544 0204 C0       		.byte	-64
 545 0205 34       		.byte	52
 546 0206 C1       		.byte	-63
 547 0207 05       		.byte	5
 548 0208 C2       		.byte	-62
 549 0209 01       		.byte	1
 550 020a C9       		.byte	-55
 551 020b FF       		.byte	-1
 552 020c CA       		.byte	-54
 553 020d FF       		.byte	-1
 554 020e CB       		.byte	-53
 555 020f FF       		.byte	-1
 556 0210 CD       		.byte	-51
 557 0211 83       		.byte	-125
 558 0212 CE       		.byte	-50
 559 0213 03       		.byte	3
 560 0214 CF       		.byte	-49
 561 0215 01       		.byte	1
 562 0216 D0       		.byte	-48
 563 0217 18       		.byte	24
 564 0218 D8       		.byte	-40
 565 0219 04       		.byte	4
 566 021a D9       		.byte	-39
 567 021b 04       		.byte	4
 568 021c DA       		.byte	-38
 569 021d 04       		.byte	4
 570 021e DC       		.byte	-36
ARM GAS  C:\Users\Julien\AppData\Local\Temp\ccOFkily.s 			page 11


 571 021f 01       		.byte	1
 572 0220 DD       		.byte	-35
 573 0221 09       		.byte	9
 574 0222 DF       		.byte	-33
 575 0223 01       		.byte	1
 576 0224 E0       		.byte	-32
 577 0225 40       		.byte	64
 578 0226 E2       		.byte	-30
 579 0227 40       		.byte	64
 580 0228 E4       		.byte	-28
 581 0229 40       		.byte	64
 582 022a E5       		.byte	-27
 583 022b 40       		.byte	64
 584 022c E6       		.byte	-26
 585 022d 80       		.byte	-128
 586 022e E8       		.byte	-24
 587 022f 80       		.byte	-128
 588 0230 EA       		.byte	-22
 589 0231 80       		.byte	-128
 590 0232 EC       		.byte	-20
 591 0233 80       		.byte	-128
 592 0234 EE       		.byte	-18
 593 0235 80       		.byte	-128
 594 0236 00       		.byte	0
 595 0237 10       		.byte	16
 596 0238 01       		.byte	1
 597 0239 40       		.byte	64
 598 023a 09       		.byte	9
 599 023b 08       		.byte	8
 600 023c 0A       		.byte	10
 601 023d 42       		.byte	66
 602 023e 10       		.byte	16
 603 023f 10       		.byte	16
 604 0240 15       		.byte	21
 605 0241 40       		.byte	64
 606 0242 18       		.byte	24
 607 0243 10       		.byte	16
 608 0244 19       		.byte	25
 609 0245 08       		.byte	8
 610 0246 1D       		.byte	29
 611 0247 02       		.byte	2
 612 0248 21       		.byte	33
 613 0249 01       		.byte	1
 614 024a 22       		.byte	34
 615 024b 01       		.byte	1
 616 024c 24       		.byte	36
 617 024d 40       		.byte	64
 618 024e 27       		.byte	39
 619 024f 40       		.byte	64
 620 0250 29       		.byte	41
 621 0251 08       		.byte	8
 622 0252 2B       		.byte	43
 623 0253 40       		.byte	64
 624 0254 2F       		.byte	47
 625 0255 08       		.byte	8
 626 0256 30       		.byte	48
 627 0257 10       		.byte	16
ARM GAS  C:\Users\Julien\AppData\Local\Temp\ccOFkily.s 			page 12


 628 0258 31       		.byte	49
 629 0259 08       		.byte	8
 630 025a 34       		.byte	52
 631 025b 10       		.byte	16
 632 025c 39       		.byte	57
 633 025d 42       		.byte	66
 634 025e 3C       		.byte	60
 635 025f 82       		.byte	-126
 636 0260 3E       		.byte	62
 637 0261 40       		.byte	64
 638 0262 3F       		.byte	63
 639 0263 80       		.byte	-128
 640 0264 40       		.byte	64
 641 0265 40       		.byte	64
 642 0266 41       		.byte	65
 643 0267 08       		.byte	8
 644 0268 42       		.byte	66
 645 0269 02       		.byte	2
 646 026a 45       		.byte	69
 647 026b 09       		.byte	9
 648 026c 47       		.byte	71
 649 026d 40       		.byte	64
 650 026e 48       		.byte	72
 651 026f 01       		.byte	1
 652 0270 4D       		.byte	77
 653 0271 40       		.byte	64
 654 0272 68       		.byte	104
 655 0273 01       		.byte	1
 656 0274 69       		.byte	105
 657 0275 C0       		.byte	-64
 658 0276 84       		.byte	-124
 659 0277 10       		.byte	16
 660 0278 97       		.byte	-105
 661 0279 40       		.byte	64
 662 027a A5       		.byte	-91
 663 027b 0A       		.byte	10
 664 027c AB       		.byte	-85
 665 027d 10       		.byte	16
 666 027e AF       		.byte	-81
 667 027f 02       		.byte	2
 668 0280 B0       		.byte	-80
 669 0281 10       		.byte	16
 670 0282 B2       		.byte	-78
 671 0283 04       		.byte	4
 672 0284 B6       		.byte	-74
 673 0285 80       		.byte	-128
 674 0286 C0       		.byte	-64
 675 0287 03       		.byte	3
 676 0288 C2       		.byte	-62
 677 0289 0D       		.byte	13
 678 028a C4       		.byte	-60
 679 028b 84       		.byte	-124
 680 028c CA       		.byte	-54
 681 028d 23       		.byte	35
 682 028e CC       		.byte	-52
 683 028f 26       		.byte	38
 684 0290 CE       		.byte	-50
ARM GAS  C:\Users\Julien\AppData\Local\Temp\ccOFkily.s 			page 13


 685 0291 99       		.byte	-103
 686 0292 D0       		.byte	-48
 687 0293 DB       		.byte	-37
 688 0294 D2       		.byte	-46
 689 0295 18       		.byte	24
 690 0296 E6       		.byte	-26
 691 0297 02       		.byte	2
 692 0298 EE       		.byte	-18
 693 0299 A0       		.byte	-96
 694 029a 03       		.byte	3
 695 029b 01       		.byte	1
 696 029c 10       		.byte	16
 697 029d 03       		.byte	3
 698 029e 16       		.byte	22
 699 029f 02       		.byte	2
 700 02a0 1E       		.byte	30
 701 02a1 01       		.byte	1
 702 02a2 2B       		.byte	43
 703 02a3 01       		.byte	1
 704 02a4 31       		.byte	49
 705 02a5 01       		.byte	1
 706 02a6 32       		.byte	50
 707 02a7 03       		.byte	3
 708 02a8 3F       		.byte	63
 709 02a9 01       		.byte	1
 710 02aa 40       		.byte	64
 711 02ab 34       		.byte	52
 712 02ac 41       		.byte	65
 713 02ad 05       		.byte	5
 714 02ae 42       		.byte	66
 715 02af 01       		.byte	1
 716 02b0 45       		.byte	69
 717 02b1 EC       		.byte	-20
 718 02b2 47       		.byte	71
 719 02b3 20       		.byte	32
 720 02b4 48       		.byte	72
 721 02b5 23       		.byte	35
 722 02b6 49       		.byte	73
 723 02b7 FF       		.byte	-1
 724 02b8 4A       		.byte	74
 725 02b9 FF       		.byte	-1
 726 02ba 4B       		.byte	75
 727 02bb FF       		.byte	-1
 728 02bc 4D       		.byte	77
 729 02bd 83       		.byte	-125
 730 02be 4E       		.byte	78
 731 02bf 03       		.byte	3
 732 02c0 4F       		.byte	79
 733 02c1 01       		.byte	1
 734 02c2 50       		.byte	80
 735 02c3 18       		.byte	24
 736 02c4 54       		.byte	84
 737 02c5 03       		.byte	3
 738 02c6 56       		.byte	86
 739 02c7 04       		.byte	4
 740 02c8 58       		.byte	88
 741 02c9 04       		.byte	4
ARM GAS  C:\Users\Julien\AppData\Local\Temp\ccOFkily.s 			page 14


 742 02ca 59       		.byte	89
 743 02cb 04       		.byte	4
 744 02cc 5A       		.byte	90
 745 02cd 04       		.byte	4
 746 02ce 5B       		.byte	91
 747 02cf 04       		.byte	4
 748 02d0 5C       		.byte	92
 749 02d1 01       		.byte	1
 750 02d2 5D       		.byte	93
 751 02d3 99       		.byte	-103
 752 02d4 5F       		.byte	95
 753 02d5 05       		.byte	5
 754 02d6 60       		.byte	96
 755 02d7 40       		.byte	64
 756 02d8 62       		.byte	98
 757 02d9 40       		.byte	64
 758 02da 64       		.byte	100
 759 02db 40       		.byte	64
 760 02dc 65       		.byte	101
 761 02dd 40       		.byte	64
 762 02de 66       		.byte	102
 763 02df 80       		.byte	-128
 764 02e0 68       		.byte	104
 765 02e1 80       		.byte	-128
 766 02e2 6A       		.byte	106
 767 02e3 80       		.byte	-128
 768 02e4 6C       		.byte	108
 769 02e5 80       		.byte	-128
 770 02e6 6E       		.byte	110
 771 02e7 80       		.byte	-128
 772 02e8 88       		.byte	-120
 773 02e9 01       		.byte	1
 774 02ea 8C       		.byte	-116
 775 02eb 01       		.byte	1
 776 02ec 8D       		.byte	-115
 777 02ed 01       		.byte	1
 778 02ee 96       		.byte	-106
 779 02ef 01       		.byte	1
 780 02f0 9B       		.byte	-101
 781 02f1 01       		.byte	1
 782 02f2 9C       		.byte	-100
 783 02f3 01       		.byte	1
 784 02f4 A6       		.byte	-90
 785 02f5 01       		.byte	1
 786 02f6 AC       		.byte	-84
 787 02f7 01       		.byte	1
 788 02f8 B1       		.byte	-79
 789 02f9 01       		.byte	1
 790 02fa B4       		.byte	-76
 791 02fb 01       		.byte	1
 792 02fc D8       		.byte	-40
 793 02fd 04       		.byte	4
 794 02fe D9       		.byte	-39
 795 02ff 04       		.byte	4
 796 0300 DC       		.byte	-36
 797 0301 99       		.byte	-103
 798 0302 DF       		.byte	-33
ARM GAS  C:\Users\Julien\AppData\Local\Temp\ccOFkily.s 			page 15


 799 0303 01       		.byte	1
 800 0304 00       		.byte	0
 801 0305 10       		.byte	16
 802 0306 01       		.byte	1
 803 0307 40       		.byte	64
 804 0308 09       		.byte	9
 805 0309 08       		.byte	8
 806 030a 0A       		.byte	10
 807 030b 02       		.byte	2
 808 030c 0D       		.byte	13
 809 030d 48       		.byte	72
 810 030e 0F       		.byte	15
 811 030f 40       		.byte	64
 812 0310 10       		.byte	16
 813 0311 10       		.byte	16
 814 0312 12       		.byte	18
 815 0313 02       		.byte	2
 816 0314 19       		.byte	25
 817 0315 20       		.byte	32
 818 0316 1D       		.byte	29
 819 0317 08       		.byte	8
 820 0318 1F       		.byte	31
 821 0319 08       		.byte	8
 822 031a 20       		.byte	32
 823 031b 80       		.byte	-128
 824 031c 22       		.byte	34
 825 031d 02       		.byte	2
 826 031e 27       		.byte	39
 827 031f 80       		.byte	-128
 828 0320 2F       		.byte	47
 829 0321 08       		.byte	8
 830 0322 30       		.byte	48
 831 0323 10       		.byte	16
 832 0324 39       		.byte	57
 833 0325 40       		.byte	64
 834 0326 3E       		.byte	62
 835 0327 02       		.byte	2
 836 0328 45       		.byte	69
 837 0329 09       		.byte	9
 838 032a 47       		.byte	71
 839 032b 40       		.byte	64
 840 032c 4D       		.byte	77
 841 032d 40       		.byte	64
 842 032e 4F       		.byte	79
 843 032f 05       		.byte	5
 844 0330 55       		.byte	85
 845 0331 01       		.byte	1
 846 0332 56       		.byte	86
 847 0333 02       		.byte	2
 848 0334 5D       		.byte	93
 849 0335 20       		.byte	32
 850 0336 5F       		.byte	95
 851 0337 85       		.byte	-123
 852 0338 67       		.byte	103
 853 0339 40       		.byte	64
 854 033a 6F       		.byte	111
 855 033b 01       		.byte	1
ARM GAS  C:\Users\Julien\AppData\Local\Temp\ccOFkily.s 			page 16


 856 033c 7D       		.byte	125
 857 033d 40       		.byte	64
 858 033e 87       		.byte	-121
 859 033f 01       		.byte	1
 860 0340 90       		.byte	-112
 861 0341 10       		.byte	16
 862 0342 91       		.byte	-111
 863 0343 C0       		.byte	-64
 864 0344 92       		.byte	-110
 865 0345 02       		.byte	2
 866 0346 97       		.byte	-105
 867 0347 40       		.byte	64
 868 0348 98       		.byte	-104
 869 0349 10       		.byte	16
 870 034a 9B       		.byte	-101
 871 034b 40       		.byte	64
 872 034c 9E       		.byte	-98
 873 034d 02       		.byte	2
 874 034e A4       		.byte	-92
 875 034f 40       		.byte	64
 876 0350 A5       		.byte	-91
 877 0351 09       		.byte	9
 878 0352 A7       		.byte	-89
 879 0353 08       		.byte	8
 880 0354 C0       		.byte	-64
 881 0355 03       		.byte	3
 882 0356 C2       		.byte	-62
 883 0357 B5       		.byte	-75
 884 0358 C4       		.byte	-60
 885 0359 05       		.byte	5
 886 035a CA       		.byte	-54
 887 035b 20       		.byte	32
 888 035c CC       		.byte	-52
 889 035d 04       		.byte	4
 890 035e CE       		.byte	-50
 891 035f 88       		.byte	-120
 892 0360 D0       		.byte	-48
 893 0361 D0       		.byte	-48
 894 0362 D2       		.byte	-46
 895 0363 10       		.byte	16
 896 0364 D6       		.byte	-42
 897 0365 F0       		.byte	-16
 898 0366 D8       		.byte	-40
 899 0367 80       		.byte	-128
 900 0368 DE       		.byte	-34
 901 0369 10       		.byte	16
 902 036a E6       		.byte	-26
 903 036b 40       		.byte	64
 904 036c EE       		.byte	-18
 905 036d 08       		.byte	8
 906 036e 03       		.byte	3
 907 036f 02       		.byte	2
 908 0370 0B       		.byte	11
 909 0371 08       		.byte	8
 910 0372 16       		.byte	22
 911 0373 02       		.byte	2
 912 0374 1D       		.byte	29
ARM GAS  C:\Users\Julien\AppData\Local\Temp\ccOFkily.s 			page 17


 913 0375 01       		.byte	1
 914 0376 1E       		.byte	30
 915 0377 01       		.byte	1
 916 0378 21       		.byte	33
 917 0379 08       		.byte	8
 918 037a 26       		.byte	38
 919 037b 01       		.byte	1
 920 037c 2B       		.byte	43
 921 037d 05       		.byte	5
 922 037e 31       		.byte	49
 923 037f 08       		.byte	8
 924 0380 33       		.byte	51
 925 0381 01       		.byte	1
 926 0382 34       		.byte	52
 927 0383 01       		.byte	1
 928 0384 35       		.byte	53
 929 0385 02       		.byte	2
 930 0386 36       		.byte	54
 931 0387 02       		.byte	2
 932 0388 37       		.byte	55
 933 0389 04       		.byte	4
 934 038a 3E       		.byte	62
 935 038b 10       		.byte	16
 936 038c 40       		.byte	64
 937 038d 46       		.byte	70
 938 038e 49       		.byte	73
 939 038f FF       		.byte	-1
 940 0390 4A       		.byte	74
 941 0391 FF       		.byte	-1
 942 0392 4B       		.byte	75
 943 0393 FF       		.byte	-1
 944 0394 4F       		.byte	79
 945 0395 01       		.byte	1
 946 0396 50       		.byte	80
 947 0397 18       		.byte	24
 948 0398 52       		.byte	82
 949 0399 80       		.byte	-128
 950 039a 54       		.byte	84
 951 039b 07       		.byte	7
 952 039c 58       		.byte	88
 953 039d 04       		.byte	4
 954 039e 59       		.byte	89
 955 039f 04       		.byte	4
 956 03a0 5A       		.byte	90
 957 03a1 04       		.byte	4
 958 03a2 5B       		.byte	91
 959 03a3 04       		.byte	4
 960 03a4 5D       		.byte	93
 961 03a5 09       		.byte	9
 962 03a6 5F       		.byte	95
 963 03a7 01       		.byte	1
 964 03a8 60       		.byte	96
 965 03a9 40       		.byte	64
 966 03aa 62       		.byte	98
 967 03ab 40       		.byte	64
 968 03ac 64       		.byte	100
 969 03ad 40       		.byte	64
ARM GAS  C:\Users\Julien\AppData\Local\Temp\ccOFkily.s 			page 18


 970 03ae 65       		.byte	101
 971 03af 40       		.byte	64
 972 03b0 66       		.byte	102
 973 03b1 80       		.byte	-128
 974 03b2 68       		.byte	104
 975 03b3 80       		.byte	-128
 976 03b4 6A       		.byte	106
 977 03b5 80       		.byte	-128
 978 03b6 6C       		.byte	108
 979 03b7 80       		.byte	-128
 980 03b8 6E       		.byte	110
 981 03b9 80       		.byte	-128
 982 03ba 92       		.byte	-110
 983 03bb 01       		.byte	1
 984 03bc AA       		.byte	-86
 985 03bd 01       		.byte	1
 986 03be B6       		.byte	-74
 987 03bf 01       		.byte	1
 988 03c0 BE       		.byte	-66
 989 03c1 40       		.byte	64
 990 03c2 C0       		.byte	-64
 991 03c3 46       		.byte	70
 992 03c4 C9       		.byte	-55
 993 03c5 FF       		.byte	-1
 994 03c6 CA       		.byte	-54
 995 03c7 FF       		.byte	-1
 996 03c8 CB       		.byte	-53
 997 03c9 FF       		.byte	-1
 998 03ca CD       		.byte	-51
 999 03cb 83       		.byte	-125
 1000 03cc CE       		.byte	-50
 1001 03cd 03       		.byte	3
 1002 03ce CF       		.byte	-49
 1003 03cf 01       		.byte	1
 1004 03d0 D0       		.byte	-48
 1005 03d1 18       		.byte	24
 1006 03d2 D2       		.byte	-46
 1007 03d3 80       		.byte	-128
 1008 03d4 D4       		.byte	-44
 1009 03d5 01       		.byte	1
 1010 03d6 D6       		.byte	-42
 1011 03d7 04       		.byte	4
 1012 03d8 D8       		.byte	-40
 1013 03d9 04       		.byte	4
 1014 03da DA       		.byte	-38
 1015 03db 04       		.byte	4
 1016 03dc DB       		.byte	-37
 1017 03dd 04       		.byte	4
 1018 03de DD       		.byte	-35
 1019 03df 99       		.byte	-103
 1020 03e0 DF       		.byte	-33
 1021 03e1 01       		.byte	1
 1022 03e2 E0       		.byte	-32
 1023 03e3 40       		.byte	64
 1024 03e4 E2       		.byte	-30
 1025 03e5 40       		.byte	64
 1026 03e6 E4       		.byte	-28
ARM GAS  C:\Users\Julien\AppData\Local\Temp\ccOFkily.s 			page 19


 1027 03e7 40       		.byte	64
 1028 03e8 E5       		.byte	-27
 1029 03e9 40       		.byte	64
 1030 03ea E6       		.byte	-26
 1031 03eb 80       		.byte	-128
 1032 03ec E8       		.byte	-24
 1033 03ed 80       		.byte	-128
 1034 03ee EA       		.byte	-22
 1035 03ef 80       		.byte	-128
 1036 03f0 EC       		.byte	-20
 1037 03f1 80       		.byte	-128
 1038 03f2 EE       		.byte	-18
 1039 03f3 80       		.byte	-128
 1040 03f4 09       		.byte	9
 1041 03f5 02       		.byte	2
 1042 03f6 0F       		.byte	15
 1043 03f7 22       		.byte	34
 1044 03f8 12       		.byte	18
 1045 03f9 08       		.byte	8
 1046 03fa 17       		.byte	23
 1047 03fb 08       		.byte	8
 1048 03fc 19       		.byte	25
 1049 03fd 40       		.byte	64
 1050 03fe 1E       		.byte	30
 1051 03ff 08       		.byte	8
 1052 0400 1F       		.byte	31
 1053 0401 80       		.byte	-128
 1054 0402 24       		.byte	36
 1055 0403 40       		.byte	64
 1056 0404 26       		.byte	38
 1057 0405 80       		.byte	-128
 1058 0406 27       		.byte	39
 1059 0407 28       		.byte	40
 1060 0408 2C       		.byte	44
 1061 0409 08       		.byte	8
 1062 040a 2F       		.byte	47
 1063 040b 80       		.byte	-128
 1064 040c 36       		.byte	54
 1065 040d 80       		.byte	-128
 1066 040e 3C       		.byte	60
 1067 040f 02       		.byte	2
 1068 0410 3F       		.byte	63
 1069 0411 20       		.byte	32
 1070 0412 42       		.byte	66
 1071 0413 80       		.byte	-128
 1072 0414 46       		.byte	70
 1073 0415 80       		.byte	-128
 1074 0416 4A       		.byte	74
 1075 0417 08       		.byte	8
 1076 0418 4E       		.byte	78
 1077 0419 08       		.byte	8
 1078 041a 59       		.byte	89
 1079 041b 45       		.byte	69
 1080 041c 5C       		.byte	92
 1081 041d 40       		.byte	64
 1082 041e 5E       		.byte	94
 1083 041f 08       		.byte	8
ARM GAS  C:\Users\Julien\AppData\Local\Temp\ccOFkily.s 			page 20


 1084 0420 5F       		.byte	95
 1085 0421 21       		.byte	33
 1086 0422 62       		.byte	98
 1087 0423 01       		.byte	1
 1088 0424 71       		.byte	113
 1089 0425 02       		.byte	2
 1090 0426 72       		.byte	114
 1091 0427 80       		.byte	-128
 1092 0428 74       		.byte	116
 1093 0429 01       		.byte	1
 1094 042a 8E       		.byte	-114
 1095 042b 01       		.byte	1
 1096 042c 93       		.byte	-109
 1097 042d 01       		.byte	1
 1098 042e 99       		.byte	-103
 1099 042f 05       		.byte	5
 1100 0430 9E       		.byte	-98
 1101 0431 80       		.byte	-128
 1102 0432 9F       		.byte	-97
 1103 0433 08       		.byte	8
 1104 0434 A0       		.byte	-96
 1105 0435 08       		.byte	8
 1106 0436 A2       		.byte	-94
 1107 0437 08       		.byte	8
 1108 0438 A3       		.byte	-93
 1109 0439 11       		.byte	17
 1110 043a AF       		.byte	-81
 1111 043b 20       		.byte	32
 1112 043c C2       		.byte	-62
 1113 043d A8       		.byte	-88
 1114 043e C4       		.byte	-60
 1115 043f 22       		.byte	34
 1116 0440 CA       		.byte	-54
 1117 0441 A0       		.byte	-96
 1118 0442 CC       		.byte	-52
 1119 0443 10       		.byte	16
 1120 0444 CE       		.byte	-50
 1121 0445 A0       		.byte	-96
 1122 0446 D0       		.byte	-48
 1123 0447 81       		.byte	-127
 1124 0448 D2       		.byte	-46
 1125 0449 24       		.byte	36
 1126 044a D6       		.byte	-42
 1127 044b FB       		.byte	-5
 1128 044c D8       		.byte	-40
 1129 044d 01       		.byte	1
 1130 044e E6       		.byte	-26
 1131 044f 40       		.byte	64
 1132 0450 04       		.byte	4
 1133 0451 06       		.byte	6
 1134 0452 05       		.byte	5
 1135 0453 18       		.byte	24
 1136 0454 06       		.byte	6
 1137 0455 01       		.byte	1
 1138 0456 0A       		.byte	10
 1139 0457 01       		.byte	1
 1140 0458 0B       		.byte	11
ARM GAS  C:\Users\Julien\AppData\Local\Temp\ccOFkily.s 			page 21


 1141 0459 04       		.byte	4
 1142 045a 0D       		.byte	13
 1143 045b 10       		.byte	16
 1144 045c 10       		.byte	16
 1145 045d 06       		.byte	6
 1146 045e 12       		.byte	18
 1147 045f 01       		.byte	1
 1148 0460 14       		.byte	20
 1149 0461 07       		.byte	7
 1150 0462 15       		.byte	21
 1151 0463 1F       		.byte	31
 1152 0464 19       		.byte	25
 1153 0465 1C       		.byte	28
 1154 0466 1B       		.byte	27
 1155 0467 01       		.byte	1
 1156 0468 1C       		.byte	28
 1157 0469 01       		.byte	1
 1158 046a 1D       		.byte	29
 1159 046b 1C       		.byte	28
 1160 046c 1E       		.byte	30
 1161 046d 06       		.byte	6
 1162 046e 1F       		.byte	31
 1163 046f 02       		.byte	2
 1164 0470 20       		.byte	32
 1165 0471 04       		.byte	4
 1166 0472 21       		.byte	33
 1167 0473 07       		.byte	7
 1168 0474 23       		.byte	35
 1169 0475 18       		.byte	24
 1170 0476 24       		.byte	36
 1171 0477 02       		.byte	2
 1172 0478 25       		.byte	37
 1173 0479 08       		.byte	8
 1174 047a 28       		.byte	40
 1175 047b 06       		.byte	6
 1176 047c 2B       		.byte	43
 1177 047d 03       		.byte	3
 1178 047e 2D       		.byte	45
 1179 047f 04       		.byte	4
 1180 0480 2F       		.byte	47
 1181 0481 20       		.byte	32
 1182 0482 34       		.byte	52
 1183 0483 07       		.byte	7
 1184 0484 35       		.byte	53
 1185 0485 20       		.byte	32
 1186 0486 37       		.byte	55
 1187 0487 1F       		.byte	31
 1188 0488 3A       		.byte	58
 1189 0489 20       		.byte	32
 1190 048a 3B       		.byte	59
 1191 048b 88       		.byte	-120
 1192 048c 40       		.byte	64
 1193 048d 46       		.byte	70
 1194 048e 45       		.byte	69
 1195 048f EC       		.byte	-20
 1196 0490 47       		.byte	71
 1197 0491 02       		.byte	2
ARM GAS  C:\Users\Julien\AppData\Local\Temp\ccOFkily.s 			page 22


 1198 0492 48       		.byte	72
 1199 0493 13       		.byte	19
 1200 0494 49       		.byte	73
 1201 0495 FF       		.byte	-1
 1202 0496 4A       		.byte	74
 1203 0497 FF       		.byte	-1
 1204 0498 4B       		.byte	75
 1205 0499 FF       		.byte	-1
 1206 049a 4D       		.byte	77
 1207 049b 83       		.byte	-125
 1208 049c 4E       		.byte	78
 1209 049d 03       		.byte	3
 1210 049e 4F       		.byte	79
 1211 049f 01       		.byte	1
 1212 04a0 50       		.byte	80
 1213 04a1 18       		.byte	24
 1214 04a2 58       		.byte	88
 1215 04a3 04       		.byte	4
 1216 04a4 59       		.byte	89
 1217 04a5 04       		.byte	4
 1218 04a6 5A       		.byte	90
 1219 04a7 04       		.byte	4
 1220 04a8 5C       		.byte	92
 1221 04a9 22       		.byte	34
 1222 04aa 5D       		.byte	93
 1223 04ab 09       		.byte	9
 1224 04ac 5F       		.byte	95
 1225 04ad 01       		.byte	1
 1226 04ae 60       		.byte	96
 1227 04af 40       		.byte	64
 1228 04b0 62       		.byte	98
 1229 04b1 40       		.byte	64
 1230 04b2 64       		.byte	100
 1231 04b3 40       		.byte	64
 1232 04b4 65       		.byte	101
 1233 04b5 40       		.byte	64
 1234 04b6 66       		.byte	102
 1235 04b7 80       		.byte	-128
 1236 04b8 68       		.byte	104
 1237 04b9 80       		.byte	-128
 1238 04ba 6A       		.byte	106
 1239 04bb 80       		.byte	-128
 1240 04bc 6C       		.byte	108
 1241 04bd 80       		.byte	-128
 1242 04be 6E       		.byte	110
 1243 04bf 80       		.byte	-128
 1244 04c0 96       		.byte	-106
 1245 04c1 01       		.byte	1
 1246 04c2 97       		.byte	-105
 1247 04c3 01       		.byte	1
 1248 04c4 A6       		.byte	-90
 1249 04c5 01       		.byte	1
 1250 04c6 AB       		.byte	-85
 1251 04c7 01       		.byte	1
 1252 04c8 B1       		.byte	-79
 1253 04c9 01       		.byte	1
 1254 04ca B4       		.byte	-76
ARM GAS  C:\Users\Julien\AppData\Local\Temp\ccOFkily.s 			page 23


 1255 04cb 01       		.byte	1
 1256 04cc C0       		.byte	-64
 1257 04cd 30       		.byte	48
 1258 04ce C1       		.byte	-63
 1259 04cf 04       		.byte	4
 1260 04d0 C5       		.byte	-59
 1261 04d1 D0       		.byte	-48
 1262 04d2 C6       		.byte	-58
 1263 04d3 10       		.byte	16
 1264 04d4 C7       		.byte	-57
 1265 04d5 25       		.byte	37
 1266 04d6 C8       		.byte	-56
 1267 04d7 3A       		.byte	58
 1268 04d8 C9       		.byte	-55
 1269 04d9 FF       		.byte	-1
 1270 04da CA       		.byte	-54
 1271 04db FF       		.byte	-1
 1272 04dc CB       		.byte	-53
 1273 04dd FF       		.byte	-1
 1274 04de CD       		.byte	-51
 1275 04df A0       		.byte	-96
 1276 04e0 CF       		.byte	-49
 1277 04e1 04       		.byte	4
 1278 04e2 D0       		.byte	-48
 1279 04e3 18       		.byte	24
 1280 04e4 D8       		.byte	-40
 1281 04e5 04       		.byte	4
 1282 04e6 D9       		.byte	-39
 1283 04e7 04       		.byte	4
 1284 04e8 DA       		.byte	-38
 1285 04e9 04       		.byte	4
 1286 04ea DF       		.byte	-33
 1287 04eb 01       		.byte	1
 1288 04ec E0       		.byte	-32
 1289 04ed 40       		.byte	64
 1290 04ee E2       		.byte	-30
 1291 04ef C0       		.byte	-64
 1292 04f0 E4       		.byte	-28
 1293 04f1 40       		.byte	64
 1294 04f2 E5       		.byte	-27
 1295 04f3 40       		.byte	64
 1296 04f4 E6       		.byte	-26
 1297 04f5 C0       		.byte	-64
 1298 04f6 E8       		.byte	-24
 1299 04f7 C0       		.byte	-64
 1300 04f8 EA       		.byte	-22
 1301 04f9 C0       		.byte	-64
 1302 04fa EC       		.byte	-20
 1303 04fb C0       		.byte	-64
 1304 04fc EE       		.byte	-18
 1305 04fd C0       		.byte	-64
 1306 04fe 00       		.byte	0
 1307 04ff 04       		.byte	4
 1308 0500 03       		.byte	3
 1309 0501 08       		.byte	8
 1310 0502 08       		.byte	8
 1311 0503 40       		.byte	64
ARM GAS  C:\Users\Julien\AppData\Local\Temp\ccOFkily.s 			page 24


 1312 0504 09       		.byte	9
 1313 0505 08       		.byte	8
 1314 0506 0A       		.byte	10
 1315 0507 81       		.byte	-127
 1316 0508 0F       		.byte	15
 1317 0509 20       		.byte	32
 1318 050a 10       		.byte	16
 1319 050b 30       		.byte	48
 1320 050c 12       		.byte	18
 1321 050d 44       		.byte	68
 1322 050e 13       		.byte	19
 1323 050f 12       		.byte	18
 1324 0510 17       		.byte	23
 1325 0511 08       		.byte	8
 1326 0512 18       		.byte	24
 1327 0513 04       		.byte	4
 1328 0514 19       		.byte	25
 1329 0515 10       		.byte	16
 1330 0516 1F       		.byte	31
 1331 0517 20       		.byte	32
 1332 0518 21       		.byte	33
 1333 0519 18       		.byte	24
 1334 051a 22       		.byte	34
 1335 051b 40       		.byte	64
 1336 051c 26       		.byte	38
 1337 051d 02       		.byte	2
 1338 051e 28       		.byte	40
 1339 051f 50       		.byte	80
 1340 0520 29       		.byte	41
 1341 0521 40       		.byte	64
 1342 0522 2B       		.byte	43
 1343 0523 08       		.byte	8
 1344 0524 2C       		.byte	44
 1345 0525 08       		.byte	8
 1346 0526 31       		.byte	49
 1347 0527 18       		.byte	24
 1348 0528 32       		.byte	50
 1349 0529 40       		.byte	64
 1350 052a 37       		.byte	55
 1351 052b 08       		.byte	8
 1352 052c 39       		.byte	57
 1353 052d 20       		.byte	32
 1354 052e 3A       		.byte	58
 1355 052f 44       		.byte	68
 1356 0530 42       		.byte	66
 1357 0531 80       		.byte	-128
 1358 0532 45       		.byte	69
 1359 0533 01       		.byte	1
 1360 0534 47       		.byte	71
 1361 0535 08       		.byte	8
 1362 0536 49       		.byte	73
 1363 0537 05       		.byte	5
 1364 0538 4A       		.byte	74
 1365 0539 08       		.byte	8
 1366 053a 4F       		.byte	79
 1367 053b 01       		.byte	1
 1368 053c 52       		.byte	82
ARM GAS  C:\Users\Julien\AppData\Local\Temp\ccOFkily.s 			page 25


 1369 053d 08       		.byte	8
 1370 053e 54       		.byte	84
 1371 053f 08       		.byte	8
 1372 0540 55       		.byte	85
 1373 0541 01       		.byte	1
 1374 0542 57       		.byte	87
 1375 0543 11       		.byte	17
 1376 0544 92       		.byte	-110
 1377 0545 01       		.byte	1
 1378 0546 93       		.byte	-109
 1379 0547 10       		.byte	16
 1380 0548 94       		.byte	-108
 1381 0549 04       		.byte	4
 1382 054a 96       		.byte	-106
 1383 054b 80       		.byte	-128
 1384 054c 99       		.byte	-103
 1385 054d 40       		.byte	64
 1386 054e 9B       		.byte	-101
 1387 054f 02       		.byte	2
 1388 0550 A0       		.byte	-96
 1389 0551 20       		.byte	32
 1390 0552 A3       		.byte	-93
 1391 0553 08       		.byte	8
 1392 0554 A5       		.byte	-91
 1393 0555 08       		.byte	8
 1394 0556 A6       		.byte	-90
 1395 0557 02       		.byte	2
 1396 0558 B2       		.byte	-78
 1397 0559 40       		.byte	64
 1398 055a C0       		.byte	-64
 1399 055b 06       		.byte	6
 1400 055c C2       		.byte	-62
 1401 055d 2D       		.byte	45
 1402 055e C4       		.byte	-60
 1403 055f 2E       		.byte	46
 1404 0560 CA       		.byte	-54
 1405 0561 2F       		.byte	47
 1406 0562 CC       		.byte	-52
 1407 0563 4E       		.byte	78
 1408 0564 CE       		.byte	-50
 1409 0565 0E       		.byte	14
 1410 0566 D0       		.byte	-48
 1411 0567 C1       		.byte	-63
 1412 0568 D2       		.byte	-46
 1413 0569 04       		.byte	4
 1414 056a E6       		.byte	-26
 1415 056b 02       		.byte	2
 1416 056c EC       		.byte	-20
 1417 056d 90       		.byte	-112
 1418 056e 02       		.byte	2
 1419 056f 03       		.byte	3
 1420 0570 03       		.byte	3
 1421 0571 01       		.byte	1
 1422 0572 14       		.byte	20
 1423 0573 01       		.byte	1
 1424 0574 2E       		.byte	46
 1425 0575 01       		.byte	1
ARM GAS  C:\Users\Julien\AppData\Local\Temp\ccOFkily.s 			page 26


 1426 0576 32       		.byte	50
 1427 0577 02       		.byte	2
 1428 0578 33       		.byte	51
 1429 0579 01       		.byte	1
 1430 057a 36       		.byte	54
 1431 057b 01       		.byte	1
 1432 057c 3E       		.byte	62
 1433 057d 40       		.byte	64
 1434 057e 40       		.byte	64
 1435 057f 14       		.byte	20
 1436 0580 45       		.byte	69
 1437 0581 0C       		.byte	12
 1438 0582 46       		.byte	70
 1439 0583 04       		.byte	4
 1440 0584 47       		.byte	71
 1441 0585 2E       		.byte	46
 1442 0586 48       		.byte	72
 1443 0587 35       		.byte	53
 1444 0588 49       		.byte	73
 1445 0589 FF       		.byte	-1
 1446 058a 4A       		.byte	74
 1447 058b FF       		.byte	-1
 1448 058c 4B       		.byte	75
 1449 058d FF       		.byte	-1
 1450 058e 4D       		.byte	77
 1451 058f A0       		.byte	-96
 1452 0590 4F       		.byte	79
 1453 0591 01       		.byte	1
 1454 0592 50       		.byte	80
 1455 0593 18       		.byte	24
 1456 0594 52       		.byte	82
 1457 0595 80       		.byte	-128
 1458 0596 58       		.byte	88
 1459 0597 04       		.byte	4
 1460 0598 59       		.byte	89
 1461 0599 04       		.byte	4
 1462 059a 5A       		.byte	90
 1463 059b 04       		.byte	4
 1464 059c 5B       		.byte	91
 1465 059d 04       		.byte	4
 1466 059e 5C       		.byte	92
 1467 059f 99       		.byte	-103
 1468 05a0 5D       		.byte	93
 1469 05a1 99       		.byte	-103
 1470 05a2 5F       		.byte	95
 1471 05a3 01       		.byte	1
 1472 05a4 60       		.byte	96
 1473 05a5 40       		.byte	64
 1474 05a6 62       		.byte	98
 1475 05a7 80       		.byte	-128
 1476 05a8 64       		.byte	100
 1477 05a9 40       		.byte	64
 1478 05aa 65       		.byte	101
 1479 05ab 40       		.byte	64
 1480 05ac 66       		.byte	102
 1481 05ad 80       		.byte	-128
 1482 05ae 68       		.byte	104
ARM GAS  C:\Users\Julien\AppData\Local\Temp\ccOFkily.s 			page 27


 1483 05af 40       		.byte	64
 1484 05b0 6A       		.byte	106
 1485 05b1 50       		.byte	80
 1486 05b2 6B       		.byte	107
 1487 05b3 A8       		.byte	-88
 1488 05b4 6C       		.byte	108
 1489 05b5 40       		.byte	64
 1490 05b6 6D       		.byte	109
 1491 05b7 20       		.byte	32
 1492 05b8 6E       		.byte	110
 1493 05b9 50       		.byte	80
 1494 05ba 6F       		.byte	111
 1495 05bb A8       		.byte	-88
 1496 05bc 80       		.byte	-128
 1497 05bd 04       		.byte	4
 1498 05be 81       		.byte	-127
 1499 05bf 06       		.byte	6
 1500 05c0 83       		.byte	-125
 1501 05c1 01       		.byte	1
 1502 05c2 84       		.byte	-124
 1503 05c3 1F       		.byte	31
 1504 05c4 85       		.byte	-123
 1505 05c5 18       		.byte	24
 1506 05c6 89       		.byte	-119
 1507 05c7 06       		.byte	6
 1508 05c8 8A       		.byte	-118
 1509 05c9 06       		.byte	6
 1510 05ca 8D       		.byte	-115
 1511 05cb 04       		.byte	4
 1512 05cc 90       		.byte	-112
 1513 05cd 19       		.byte	25
 1514 05ce 91       		.byte	-111
 1515 05cf 07       		.byte	7
 1516 05d0 92       		.byte	-110
 1517 05d1 06       		.byte	6
 1518 05d2 94       		.byte	-108
 1519 05d3 1F       		.byte	31
 1520 05d4 95       		.byte	-107
 1521 05d5 07       		.byte	7
 1522 05d6 98       		.byte	-104
 1523 05d7 02       		.byte	2
 1524 05d8 99       		.byte	-103
 1525 05d9 02       		.byte	2
 1526 05da 9C       		.byte	-100
 1527 05db 07       		.byte	7
 1528 05dc 9D       		.byte	-99
 1529 05dd 10       		.byte	16
 1530 05de 9E       		.byte	-98
 1531 05df 18       		.byte	24
 1532 05e0 9F       		.byte	-97
 1533 05e1 08       		.byte	8
 1534 05e2 A0       		.byte	-96
 1535 05e3 10       		.byte	16
 1536 05e4 A1       		.byte	-95
 1537 05e5 01       		.byte	1
 1538 05e6 A3       		.byte	-93
 1539 05e7 06       		.byte	6
ARM GAS  C:\Users\Julien\AppData\Local\Temp\ccOFkily.s 			page 28


 1540 05e8 A4       		.byte	-92
 1541 05e9 08       		.byte	8
 1542 05ea A5       		.byte	-91
 1543 05eb 18       		.byte	24
 1544 05ec A8       		.byte	-88
 1545 05ed 18       		.byte	24
 1546 05ee AB       		.byte	-85
 1547 05ef 01       		.byte	1
 1548 05f0 AC       		.byte	-84
 1549 05f1 06       		.byte	6
 1550 05f2 AD       		.byte	-83
 1551 05f3 08       		.byte	8
 1552 05f4 AF       		.byte	-81
 1553 05f5 10       		.byte	16
 1554 05f6 B0       		.byte	-80
 1555 05f7 01       		.byte	1
 1556 05f8 B1       		.byte	-79
 1557 05f9 07       		.byte	7
 1558 05fa B6       		.byte	-74
 1559 05fb 1E       		.byte	30
 1560 05fc B7       		.byte	-73
 1561 05fd 18       		.byte	24
 1562 05fe BA       		.byte	-70
 1563 05ff 80       		.byte	-128
 1564 0600 BE       		.byte	-66
 1565 0601 01       		.byte	1
 1566 0602 D6       		.byte	-42
 1567 0603 02       		.byte	2
 1568 0604 D7       		.byte	-41
 1569 0605 13       		.byte	19
 1570 0606 D8       		.byte	-40
 1571 0607 04       		.byte	4
 1572 0608 D9       		.byte	-39
 1573 0609 04       		.byte	4
 1574 060a DB       		.byte	-37
 1575 060b 04       		.byte	4
 1576 060c DC       		.byte	-36
 1577 060d 22       		.byte	34
 1578 060e DD       		.byte	-35
 1579 060f 20       		.byte	32
 1580 0610 DF       		.byte	-33
 1581 0611 01       		.byte	1
 1582 0612 00       		.byte	0
 1583 0613 0C       		.byte	12
 1584 0614 02       		.byte	2
 1585 0615 80       		.byte	-128
 1586 0616 03       		.byte	3
 1587 0617 08       		.byte	8
 1588 0618 06       		.byte	6
 1589 0619 40       		.byte	64
 1590 061a 08       		.byte	8
 1591 061b 21       		.byte	33
 1592 061c 09       		.byte	9
 1593 061d 08       		.byte	8
 1594 061e 0A       		.byte	10
 1595 061f 81       		.byte	-127
 1596 0620 0E       		.byte	14
ARM GAS  C:\Users\Julien\AppData\Local\Temp\ccOFkily.s 			page 29


 1597 0621 20       		.byte	32
 1598 0622 10       		.byte	16
 1599 0623 20       		.byte	32
 1600 0624 11       		.byte	17
 1601 0625 80       		.byte	-128
 1602 0626 13       		.byte	19
 1603 0627 12       		.byte	18
 1604 0628 17       		.byte	23
 1605 0629 40       		.byte	64
 1606 062a 19       		.byte	25
 1607 062b 81       		.byte	-127
 1608 062c 1A       		.byte	26
 1609 062d 01       		.byte	1
 1610 062e 1B       		.byte	27
 1611 062f 40       		.byte	64
 1612 0630 1D       		.byte	29
 1613 0631 80       		.byte	-128
 1614 0632 1E       		.byte	30
 1615 0633 20       		.byte	32
 1616 0634 20       		.byte	32
 1617 0635 40       		.byte	64
 1618 0636 22       		.byte	34
 1619 0637 80       		.byte	-128
 1620 0638 27       		.byte	39
 1621 0639 20       		.byte	32
 1622 063a 29       		.byte	41
 1623 063b 44       		.byte	68
 1624 063c 2B       		.byte	43
 1625 063d 48       		.byte	72
 1626 063e 30       		.byte	48
 1627 063f 21       		.byte	33
 1628 0640 31       		.byte	49
 1629 0641 08       		.byte	8
 1630 0642 32       		.byte	50
 1631 0643 80       		.byte	-128
 1632 0644 35       		.byte	53
 1633 0645 04       		.byte	4
 1634 0646 37       		.byte	55
 1635 0647 08       		.byte	8
 1636 0648 38       		.byte	56
 1637 0649 80       		.byte	-128
 1638 064a 39       		.byte	57
 1639 064b 06       		.byte	6
 1640 064c 3B       		.byte	59
 1641 064d 10       		.byte	16
 1642 064e 3D       		.byte	61
 1643 064f 02       		.byte	2
 1644 0650 45       		.byte	69
 1645 0651 81       		.byte	-127
 1646 0652 4F       		.byte	79
 1647 0653 04       		.byte	4
 1648 0654 55       		.byte	85
 1649 0655 01       		.byte	1
 1650 0656 56       		.byte	86
 1651 0657 88       		.byte	-120
 1652 0658 57       		.byte	87
 1653 0659 02       		.byte	2
ARM GAS  C:\Users\Julien\AppData\Local\Temp\ccOFkily.s 			page 30


 1654 065a 59       		.byte	89
 1655 065b 01       		.byte	1
 1656 065c 61       		.byte	97
 1657 065d 08       		.byte	8
 1658 065e 62       		.byte	98
 1659 065f 08       		.byte	8
 1660 0660 69       		.byte	105
 1661 0661 44       		.byte	68
 1662 0662 6B       		.byte	107
 1663 0663 18       		.byte	24
 1664 0664 70       		.byte	112
 1665 0665 60       		.byte	96
 1666 0666 73       		.byte	115
 1667 0667 12       		.byte	18
 1668 0668 77       		.byte	119
 1669 0669 40       		.byte	64
 1670 066a 86       		.byte	-122
 1671 066b 02       		.byte	2
 1672 066c 88       		.byte	-120
 1673 066d 04       		.byte	4
 1674 066e 89       		.byte	-119
 1675 066f 01       		.byte	1
 1676 0670 94       		.byte	-108
 1677 0671 44       		.byte	68
 1678 0672 95       		.byte	-107
 1679 0673 40       		.byte	64
 1680 0674 96       		.byte	-106
 1681 0675 80       		.byte	-128
 1682 0676 97       		.byte	-105
 1683 0677 04       		.byte	4
 1684 0678 98       		.byte	-104
 1685 0679 20       		.byte	32
 1686 067a 99       		.byte	-103
 1687 067b 40       		.byte	64
 1688 067c 9D       		.byte	-99
 1689 067d 80       		.byte	-128
 1690 067e 9E       		.byte	-98
 1691 067f 88       		.byte	-120
 1692 0680 9F       		.byte	-97
 1693 0681 38       		.byte	56
 1694 0682 A1       		.byte	-95
 1695 0683 40       		.byte	64
 1696 0684 A3       		.byte	-93
 1697 0685 08       		.byte	8
 1698 0686 A5       		.byte	-91
 1699 0687 08       		.byte	8
 1700 0688 A6       		.byte	-90
 1701 0689 88       		.byte	-120
 1702 068a A7       		.byte	-89
 1703 068b 02       		.byte	2
 1704 068c B0       		.byte	-80
 1705 068d 20       		.byte	32
 1706 068e B1       		.byte	-79
 1707 068f 40       		.byte	64
 1708 0690 C0       		.byte	-64
 1709 0691 1E       		.byte	30
 1710 0692 C2       		.byte	-62
ARM GAS  C:\Users\Julien\AppData\Local\Temp\ccOFkily.s 			page 31


 1711 0693 2F       		.byte	47
 1712 0694 C4       		.byte	-60
 1713 0695 8F       		.byte	-113
 1714 0696 CA       		.byte	-54
 1715 0697 0F       		.byte	15
 1716 0698 CC       		.byte	-52
 1717 0699 0F       		.byte	15
 1718 069a CE       		.byte	-50
 1719 069b 8F       		.byte	-113
 1720 069c D0       		.byte	-48
 1721 069d 90       		.byte	-112
 1722 069e D6       		.byte	-42
 1723 069f 01       		.byte	1
 1724 06a0 E0       		.byte	-32
 1725 06a1 82       		.byte	-126
 1726 06a2 03       		.byte	3
 1727 06a3 01       		.byte	1
 1728 06a4 04       		.byte	4
 1729 06a5 87       		.byte	-121
 1730 06a6 07       		.byte	7
 1731 06a7 04       		.byte	4
 1732 06a8 0A       		.byte	10
 1733 06a9 60       		.byte	96
 1734 06aa 0B       		.byte	11
 1735 06ab 01       		.byte	1
 1736 06ac 0C       		.byte	12
 1737 06ad 60       		.byte	96
 1738 06ae 0F       		.byte	15
 1739 06af 02       		.byte	2
 1740 06b0 12       		.byte	18
 1741 06b1 60       		.byte	96
 1742 06b2 14       		.byte	20
 1743 06b3 60       		.byte	96
 1744 06b4 15       		.byte	21
 1745 06b5 04       		.byte	4
 1746 06b6 18       		.byte	24
 1747 06b7 22       		.byte	34
 1748 06b8 1A       		.byte	26
 1749 06b9 11       		.byte	17
 1750 06ba 1B       		.byte	27
 1751 06bb 02       		.byte	2
 1752 06bc 1C       		.byte	28
 1753 06bd 61       		.byte	97
 1754 06be 1E       		.byte	30
 1755 06bf 0E       		.byte	14
 1756 06c0 1F       		.byte	31
 1757 06c1 04       		.byte	4
 1758 06c2 20       		.byte	32
 1759 06c3 44       		.byte	68
 1760 06c4 22       		.byte	34
 1761 06c5 11       		.byte	17
 1762 06c6 24       		.byte	36
 1763 06c7 87       		.byte	-121
 1764 06c8 2A       		.byte	42
 1765 06c9 60       		.byte	96
 1766 06ca 2C       		.byte	44
 1767 06cb 80       		.byte	-128
ARM GAS  C:\Users\Julien\AppData\Local\Temp\ccOFkily.s 			page 32


 1768 06cc 2D       		.byte	45
 1769 06cd 04       		.byte	4
 1770 06ce 30       		.byte	48
 1771 06cf 60       		.byte	96
 1772 06d0 31       		.byte	49
 1773 06d1 04       		.byte	4
 1774 06d2 32       		.byte	50
 1775 06d3 80       		.byte	-128
 1776 06d4 34       		.byte	52
 1777 06d5 18       		.byte	24
 1778 06d6 35       		.byte	53
 1779 06d7 01       		.byte	1
 1780 06d8 36       		.byte	54
 1781 06d9 07       		.byte	7
 1782 06da 37       		.byte	55
 1783 06db 02       		.byte	2
 1784 06dc 39       		.byte	57
 1785 06dd 02       		.byte	2
 1786 06de 3E       		.byte	62
 1787 06df 10       		.byte	16
 1788 06e0 3F       		.byte	63
 1789 06e1 50       		.byte	80
 1790 06e2 40       		.byte	64
 1791 06e3 53       		.byte	83
 1792 06e4 41       		.byte	65
 1793 06e5 06       		.byte	6
 1794 06e6 42       		.byte	66
 1795 06e7 04       		.byte	4
 1796 06e8 44       		.byte	68
 1797 06e9 02       		.byte	2
 1798 06ea 45       		.byte	69
 1799 06eb 0C       		.byte	12
 1800 06ec 46       		.byte	70
 1801 06ed E0       		.byte	-32
 1802 06ee 48       		.byte	72
 1803 06ef 09       		.byte	9
 1804 06f0 49       		.byte	73
 1805 06f1 FF       		.byte	-1
 1806 06f2 4A       		.byte	74
 1807 06f3 FF       		.byte	-1
 1808 06f4 4B       		.byte	75
 1809 06f5 FF       		.byte	-1
 1810 06f6 4C       		.byte	76
 1811 06f7 62       		.byte	98
 1812 06f8 4D       		.byte	77
 1813 06f9 A0       		.byte	-96
 1814 06fa 4E       		.byte	78
 1815 06fb F0       		.byte	-16
 1816 06fc 4F       		.byte	79
 1817 06fd 41       		.byte	65
 1818 06fe 50       		.byte	80
 1819 06ff 0C       		.byte	12
 1820 0700 54       		.byte	84
 1821 0701 18       		.byte	24
 1822 0702 58       		.byte	88
 1823 0703 04       		.byte	4
 1824 0704 59       		.byte	89
ARM GAS  C:\Users\Julien\AppData\Local\Temp\ccOFkily.s 			page 33


 1825 0705 04       		.byte	4
 1826 0706 5A       		.byte	90
 1827 0707 04       		.byte	4
 1828 0708 5B       		.byte	91
 1829 0709 04       		.byte	4
 1830 070a 5C       		.byte	92
 1831 070b 22       		.byte	34
 1832 070c 5D       		.byte	93
 1833 070d 22       		.byte	34
 1834 070e 5F       		.byte	95
 1835 070f 01       		.byte	1
 1836 0710 66       		.byte	102
 1837 0711 40       		.byte	64
 1838 0712 67       		.byte	103
 1839 0713 02       		.byte	2
 1840 0714 69       		.byte	105
 1841 0715 10       		.byte	16
 1842 0716 6A       		.byte	106
 1843 0717 30       		.byte	48
 1844 0718 6B       		.byte	107
 1845 0719 10       		.byte	16
 1846 071a 6D       		.byte	109
 1847 071b 10       		.byte	16
 1848 071c 6E       		.byte	110
 1849 071d 10       		.byte	16
 1850 071e 6F       		.byte	111
 1851 071f 12       		.byte	18
 1852 0720 82       		.byte	-126
 1853 0721 01       		.byte	1
 1854 0722 8F       		.byte	-113
 1855 0723 01       		.byte	1
 1856 0724 99       		.byte	-103
 1857 0725 02       		.byte	2
 1858 0726 AC       		.byte	-84
 1859 0727 01       		.byte	1
 1860 0728 AF       		.byte	-81
 1861 0729 02       		.byte	2
 1862 072a B0       		.byte	-80
 1863 072b 01       		.byte	1
 1864 072c B1       		.byte	-79
 1865 072d 01       		.byte	1
 1866 072e B7       		.byte	-73
 1867 072f 02       		.byte	2
 1868 0730 BE       		.byte	-66
 1869 0731 01       		.byte	1
 1870 0732 BF       		.byte	-65
 1871 0733 40       		.byte	64
 1872 0734 D4       		.byte	-44
 1873 0735 0B       		.byte	11
 1874 0736 D8       		.byte	-40
 1875 0737 04       		.byte	4
 1876 0738 D9       		.byte	-39
 1877 0739 04       		.byte	4
 1878 073a DB       		.byte	-37
 1879 073b 04       		.byte	4
 1880 073c DC       		.byte	-36
 1881 073d 90       		.byte	-112
ARM GAS  C:\Users\Julien\AppData\Local\Temp\ccOFkily.s 			page 34


 1882 073e DD       		.byte	-35
 1883 073f 90       		.byte	-112
 1884 0740 DF       		.byte	-33
 1885 0741 01       		.byte	1
 1886 0742 01       		.byte	1
 1887 0743 80       		.byte	-128
 1888 0744 03       		.byte	3
 1889 0745 18       		.byte	24
 1890 0746 06       		.byte	6
 1891 0747 80       		.byte	-128
 1892 0748 08       		.byte	8
 1893 0749 20       		.byte	32
 1894 074a 09       		.byte	9
 1895 074b 48       		.byte	72
 1896 074c 0A       		.byte	10
 1897 074d 81       		.byte	-127
 1898 074e 11       		.byte	17
 1899 074f 40       		.byte	64
 1900 0750 12       		.byte	18
 1901 0751 84       		.byte	-124
 1902 0752 13       		.byte	19
 1903 0753 08       		.byte	8
 1904 0754 17       		.byte	23
 1905 0755 40       		.byte	64
 1906 0756 19       		.byte	25
 1907 0757 01       		.byte	1
 1908 0758 1A       		.byte	26
 1909 0759 05       		.byte	5
 1910 075a 1B       		.byte	27
 1911 075b 08       		.byte	8
 1912 075c 1E       		.byte	30
 1913 075d 80       		.byte	-128
 1914 075e 21       		.byte	33
 1915 075f A1       		.byte	-95
 1916 0760 27       		.byte	39
 1917 0761 42       		.byte	66
 1918 0762 29       		.byte	41
 1919 0763 80       		.byte	-128
 1920 0764 2F       		.byte	47
 1921 0765 02       		.byte	2
 1922 0766 30       		.byte	48
 1923 0767 20       		.byte	32
 1924 0768 32       		.byte	50
 1925 0769 48       		.byte	72
 1926 076a 35       		.byte	53
 1927 076b 20       		.byte	32
 1928 076c 37       		.byte	55
 1929 076d 20       		.byte	32
 1930 076e 38       		.byte	56
 1931 076f 64       		.byte	100
 1932 0770 39       		.byte	57
 1933 0771 02       		.byte	2
 1934 0772 3A       		.byte	58
 1935 0773 04       		.byte	4
 1936 0774 3E       		.byte	62
 1937 0775 80       		.byte	-128
 1938 0776 40       		.byte	64
ARM GAS  C:\Users\Julien\AppData\Local\Temp\ccOFkily.s 			page 35


 1939 0777 40       		.byte	64
 1940 0778 42       		.byte	66
 1941 0779 04       		.byte	4
 1942 077a 43       		.byte	67
 1943 077b 08       		.byte	8
 1944 077c 48       		.byte	72
 1945 077d 20       		.byte	32
 1946 077e 49       		.byte	73
 1947 077f 80       		.byte	-128
 1948 0780 4A       		.byte	74
 1949 0781 08       		.byte	8
 1950 0782 50       		.byte	80
 1951 0783 10       		.byte	16
 1952 0784 59       		.byte	89
 1953 0785 01       		.byte	1
 1954 0786 5E       		.byte	94
 1955 0787 80       		.byte	-128
 1956 0788 5F       		.byte	95
 1957 0789 12       		.byte	18
 1958 078a 61       		.byte	97
 1959 078b A0       		.byte	-96
 1960 078c 66       		.byte	102
 1961 078d 08       		.byte	8
 1962 078e 67       		.byte	103
 1963 078f 04       		.byte	4
 1964 0790 81       		.byte	-127
 1965 0791 20       		.byte	32
 1966 0792 8B       		.byte	-117
 1967 0793 12       		.byte	18
 1968 0794 C0       		.byte	-64
 1969 0795 17       		.byte	23
 1970 0796 C2       		.byte	-62
 1971 0797 0F       		.byte	15
 1972 0798 C4       		.byte	-60
 1973 0799 8F       		.byte	-113
 1974 079a CA       		.byte	-54
 1975 079b 18       		.byte	24
 1976 079c CC       		.byte	-52
 1977 079d 2E       		.byte	46
 1978 079e CE       		.byte	-50
 1979 079f 1F       		.byte	31
 1980 07a0 D0       		.byte	-48
 1981 07a1 07       		.byte	7
 1982 07a2 D2       		.byte	-46
 1983 07a3 0C       		.byte	12
 1984 07a4 D6       		.byte	-42
 1985 07a5 B1       		.byte	-79
 1986 07a6 D8       		.byte	-40
 1987 07a7 6C       		.byte	108
 1988 07a8 86       		.byte	-122
 1989 07a9 09       		.byte	9
 1990 07aa 87       		.byte	-121
 1991 07ab 08       		.byte	8
 1992 07ac 8B       		.byte	-117
 1993 07ad 03       		.byte	3
 1994 07ae 91       		.byte	-111
 1995 07af 01       		.byte	1
ARM GAS  C:\Users\Julien\AppData\Local\Temp\ccOFkily.s 			page 36


 1996 07b0 92       		.byte	-110
 1997 07b1 02       		.byte	2
 1998 07b2 95       		.byte	-107
 1999 07b3 04       		.byte	4
 2000 07b4 96       		.byte	-106
 2001 07b5 01       		.byte	1
 2002 07b6 9B       		.byte	-101
 2003 07b7 04       		.byte	4
 2004 07b8 A6       		.byte	-90
 2005 07b9 0C       		.byte	12
 2006 07ba AB       		.byte	-85
 2007 07bb 08       		.byte	8
 2008 07bc B0       		.byte	-80
 2009 07bd 01       		.byte	1
 2010 07be B1       		.byte	-79
 2011 07bf 02       		.byte	2
 2012 07c0 B2       		.byte	-78
 2013 07c1 04       		.byte	4
 2014 07c2 B3       		.byte	-77
 2015 07c3 08       		.byte	8
 2016 07c4 B4       		.byte	-76
 2017 07c5 02       		.byte	2
 2018 07c6 B5       		.byte	-75
 2019 07c7 01       		.byte	1
 2020 07c8 B6       		.byte	-74
 2021 07c9 08       		.byte	8
 2022 07ca B7       		.byte	-73
 2023 07cb 04       		.byte	4
 2024 07cc BF       		.byte	-65
 2025 07cd 04       		.byte	4
 2026 07ce C0       		.byte	-64
 2027 07cf 20       		.byte	32
 2028 07d0 C1       		.byte	-63
 2029 07d1 06       		.byte	6
 2030 07d2 C5       		.byte	-59
 2031 07d3 D1       		.byte	-47
 2032 07d4 C6       		.byte	-58
 2033 07d5 50       		.byte	80
 2034 07d6 C7       		.byte	-57
 2035 07d7 02       		.byte	2
 2036 07d8 C8       		.byte	-56
 2037 07d9 1B       		.byte	27
 2038 07da C9       		.byte	-55
 2039 07db FF       		.byte	-1
 2040 07dc CA       		.byte	-54
 2041 07dd FF       		.byte	-1
 2042 07de CB       		.byte	-53
 2043 07df FF       		.byte	-1
 2044 07e0 CD       		.byte	-51
 2045 07e1 A0       		.byte	-96
 2046 07e2 CF       		.byte	-49
 2047 07e3 04       		.byte	4
 2048 07e4 D0       		.byte	-48
 2049 07e5 18       		.byte	24
 2050 07e6 D2       		.byte	-46
 2051 07e7 80       		.byte	-128
 2052 07e8 D4       		.byte	-44
ARM GAS  C:\Users\Julien\AppData\Local\Temp\ccOFkily.s 			page 37


 2053 07e9 07       		.byte	7
 2054 07ea D8       		.byte	-40
 2055 07eb 04       		.byte	4
 2056 07ec D9       		.byte	-39
 2057 07ed 04       		.byte	4
 2058 07ee DA       		.byte	-38
 2059 07ef 04       		.byte	4
 2060 07f0 DB       		.byte	-37
 2061 07f1 04       		.byte	4
 2062 07f2 DF       		.byte	-33
 2063 07f3 01       		.byte	1
 2064 07f4 E0       		.byte	-32
 2065 07f5 40       		.byte	64
 2066 07f6 E2       		.byte	-30
 2067 07f7 C0       		.byte	-64
 2068 07f8 E4       		.byte	-28
 2069 07f9 40       		.byte	64
 2070 07fa E5       		.byte	-27
 2071 07fb 40       		.byte	64
 2072 07fc E6       		.byte	-26
 2073 07fd C0       		.byte	-64
 2074 07fe E8       		.byte	-24
 2075 07ff C0       		.byte	-64
 2076 0800 EA       		.byte	-22
 2077 0801 C0       		.byte	-64
 2078 0802 EC       		.byte	-20
 2079 0803 C0       		.byte	-64
 2080 0804 EE       		.byte	-18
 2081 0805 C0       		.byte	-64
 2082 0806 00       		.byte	0
 2083 0807 04       		.byte	4
 2084 0808 0A       		.byte	10
 2085 0809 40       		.byte	64
 2086 080a 0B       		.byte	11
 2087 080b 20       		.byte	32
 2088 080c 10       		.byte	16
 2089 080d 20       		.byte	32
 2090 080e 18       		.byte	24
 2091 080f 85       		.byte	-123
 2092 0810 19       		.byte	25
 2093 0811 24       		.byte	36
 2094 0812 21       		.byte	33
 2095 0813 02       		.byte	2
 2096 0814 22       		.byte	34
 2097 0815 54       		.byte	84
 2098 0816 29       		.byte	41
 2099 0817 20       		.byte	32
 2100 0818 30       		.byte	48
 2101 0819 20       		.byte	32
 2102 081a 31       		.byte	49
 2103 081b 06       		.byte	6
 2104 081c 38       		.byte	56
 2105 081d 08       		.byte	8
 2106 081e 3B       		.byte	59
 2107 081f 20       		.byte	32
 2108 0820 40       		.byte	64
 2109 0821 04       		.byte	4
ARM GAS  C:\Users\Julien\AppData\Local\Temp\ccOFkily.s 			page 38


 2110 0822 48       		.byte	72
 2111 0823 28       		.byte	40
 2112 0824 49       		.byte	73
 2113 0825 01       		.byte	1
 2114 0826 50       		.byte	80
 2115 0827 0C       		.byte	12
 2116 0828 53       		.byte	83
 2117 0829 10       		.byte	16
 2118 082a 59       		.byte	89
 2119 082b 01       		.byte	1
 2120 082c 5A       		.byte	90
 2121 082d A8       		.byte	-88
 2122 082e 72       		.byte	114
 2123 082f 40       		.byte	64
 2124 0830 8C       		.byte	-116
 2125 0831 01       		.byte	1
 2126 0832 C0       		.byte	-64
 2127 0833 04       		.byte	4
 2128 0834 C2       		.byte	-62
 2129 0835 0C       		.byte	12
 2130 0836 C4       		.byte	-60
 2131 0837 04       		.byte	4
 2132 0838 CA       		.byte	-54
 2133 0839 04       		.byte	4
 2134 083a CC       		.byte	-52
 2135 083b 07       		.byte	7
 2136 083c CE       		.byte	-50
 2137 083d 06       		.byte	6
 2138 083e D0       		.byte	-48
 2139 083f 04       		.byte	4
 2140 0840 D2       		.byte	-46
 2141 0841 04       		.byte	4
 2142 0842 D6       		.byte	-42
 2143 0843 0F       		.byte	15
 2144 0844 B4       		.byte	-76
 2145 0845 40       		.byte	64
 2146 0846 30       		.byte	48
 2147 0847 02       		.byte	2
 2148 0848 32       		.byte	50
 2149 0849 40       		.byte	64
 2150 084a 34       		.byte	52
 2151 084b 80       		.byte	-128
 2152 084c 51       		.byte	81
 2153 084d 02       		.byte	2
 2154 084e 57       		.byte	87
 2155 084f 22       		.byte	34
 2156 0850 82       		.byte	-126
 2157 0851 40       		.byte	64
 2158 0852 8B       		.byte	-117
 2159 0853 20       		.byte	32
 2160 0854 CC       		.byte	-52
 2161 0855 70       		.byte	112
 2162 0856 D4       		.byte	-44
 2163 0857 C0       		.byte	-64
 2164 0858 D6       		.byte	-42
 2165 0859 20       		.byte	32
 2166 085a E6       		.byte	-26
ARM GAS  C:\Users\Julien\AppData\Local\Temp\ccOFkily.s 			page 39


 2167 085b 80       		.byte	-128
 2168 085c 50       		.byte	80
 2169 085d 80       		.byte	-128
 2170 085e 52       		.byte	82
 2171 085f 02       		.byte	2
 2172 0860 56       		.byte	86
 2173 0861 01       		.byte	1
 2174 0862 57       		.byte	87
 2175 0863 20       		.byte	32
 2176 0864 5A       		.byte	90
 2177 0865 01       		.byte	1
 2178 0866 66       		.byte	102
 2179 0867 48       		.byte	72
 2180 0868 80       		.byte	-128
 2181 0869 80       		.byte	-128
 2182 086a 86       		.byte	-122
 2183 086b 40       		.byte	64
 2184 086c 8D       		.byte	-115
 2185 086d 02       		.byte	2
 2186 086e 8E       		.byte	-114
 2187 086f 08       		.byte	8
 2188 0870 A4       		.byte	-92
 2189 0871 02       		.byte	2
 2190 0872 A5       		.byte	-91
 2191 0873 02       		.byte	2
 2192 0874 A7       		.byte	-89
 2193 0875 02       		.byte	2
 2194 0876 B0       		.byte	-80
 2195 0877 80       		.byte	-128
 2196 0878 D4       		.byte	-44
 2197 0879 E0       		.byte	-32
 2198 087a D6       		.byte	-42
 2199 087b E0       		.byte	-32
 2200 087c D8       		.byte	-40
 2201 087d 80       		.byte	-128
 2202 087e E2       		.byte	-30
 2203 087f 30       		.byte	48
 2204 0880 A4       		.byte	-92
 2205 0881 02       		.byte	2
 2206 0882 A7       		.byte	-89
 2207 0883 20       		.byte	32
 2208 0884 AA       		.byte	-86
 2209 0885 01       		.byte	1
 2210 0886 AE       		.byte	-82
 2211 0887 01       		.byte	1
 2212 0888 B2       		.byte	-78
 2213 0889 02       		.byte	2
 2214 088a B3       		.byte	-77
 2215 088b 02       		.byte	2
 2216 088c EA       		.byte	-22
 2217 088d 30       		.byte	48
 2218 088e 87       		.byte	-121
 2219 088f 80       		.byte	-128
 2220 0890 8C       		.byte	-116
 2221 0891 02       		.byte	2
 2222 0892 A4       		.byte	-92
 2223 0893 02       		.byte	2
ARM GAS  C:\Users\Julien\AppData\Local\Temp\ccOFkily.s 			page 40


 2224 0894 AF       		.byte	-81
 2225 0895 20       		.byte	32
 2226 0896 E2       		.byte	-30
 2227 0897 40       		.byte	64
 2228 0898 EE       		.byte	-18
 2229 0899 10       		.byte	16
 2230 089a 08       		.byte	8
 2231 089b 40       		.byte	64
 2232 089c 2B       		.byte	43
 2233 089d 08       		.byte	8
 2234 089e 72       		.byte	114
 2235 089f 80       		.byte	-128
 2236 08a0 C2       		.byte	-62
 2237 08a1 02       		.byte	2
 2238 08a2 CA       		.byte	-54
 2239 08a3 08       		.byte	8
 2240 08a4 DC       		.byte	-36
 2241 08a5 01       		.byte	1
 2242 08a6 64       		.byte	100
 2243 08a7 40       		.byte	64
 2244 08a8 86       		.byte	-122
 2245 08a9 80       		.byte	-128
 2246 08aa 88       		.byte	-120
 2247 08ab 40       		.byte	64
 2248 08ac 9E       		.byte	-98
 2249 08ad 80       		.byte	-128
 2250 08ae A3       		.byte	-93
 2251 08af 08       		.byte	8
 2252 08b0 B0       		.byte	-80
 2253 08b1 40       		.byte	64
 2254 08b2 D8       		.byte	-40
 2255 08b3 01       		.byte	1
 2256 08b4 E0       		.byte	-32
 2257 08b5 01       		.byte	1
 2258 08b6 EA       		.byte	-22
 2259 08b7 01       		.byte	1
 2260 08b8 55       		.byte	85
 2261 08b9 10       		.byte	16
 2262 08ba 87       		.byte	-121
 2263 08bb 08       		.byte	8
 2264 08bc A1       		.byte	-95
 2265 08bd 10       		.byte	16
 2266 08be A3       		.byte	-93
 2267 08bf 08       		.byte	8
 2268 08c0 B5       		.byte	-75
 2269 08c1 10       		.byte	16
 2270 08c2 D4       		.byte	-44
 2271 08c3 02       		.byte	2
 2272 08c4 EC       		.byte	-20
 2273 08c5 08       		.byte	8
 2274 08c6 5F       		.byte	95
 2275 08c7 80       		.byte	-128
 2276 08c8 9B       		.byte	-101
 2277 08c9 80       		.byte	-128
 2278 08ca D6       		.byte	-42
 2279 08cb 20       		.byte	32
 2280 08cc 5C       		.byte	92
ARM GAS  C:\Users\Julien\AppData\Local\Temp\ccOFkily.s 			page 41


 2281 08cd 01       		.byte	1
 2282 08ce 8E       		.byte	-114
 2283 08cf 04       		.byte	4
 2284 08d0 D6       		.byte	-42
 2285 08d1 01       		.byte	1
 2286 08d2 E4       		.byte	-28
 2287 08d3 08       		.byte	8
 2288 08d4 52       		.byte	82
 2289 08d5 04       		.byte	4
 2290 08d6 9A       		.byte	-102
 2291 08d7 04       		.byte	4
 2292 08d8 B4       		.byte	-76
 2293 08d9 01       		.byte	1
 2294 08da D4       		.byte	-44
 2295 08db 04       		.byte	4
 2296 08dc EC       		.byte	-20
 2297 08dd 08       		.byte	8
 2298 08de 10       		.byte	16
 2299 08df 01       		.byte	1
 2300 08e0 1C       		.byte	28
 2301 08e1 01       		.byte	1
 2302 08e2 00       		.byte	0
 2303 08e3 3F       		.byte	63
 2304 08e4 07       		.byte	7
 2305 08e5 01       		.byte	1
 2306 08e6 00       		.byte	0
 2307 08e7 00       		.byte	0
 2308 08e8 00       		.byte	0
 2309 08e9 00       		.byte	0
 2310 08ea 00       		.byte	0
 2311 08eb 00       		.byte	0
 2312 08ec 02       		.byte	2
 2313 08ed 00       		.byte	0
 2314 08ee 02       		.byte	2
 2315 08ef 01       		.byte	1
 2316 08f0 05       		.byte	5
 2317 08f1 01       		.byte	1
 2318 08f2 04       		.byte	4
 2319 08f3 01       		.byte	1
 2320 08f4 00       		.byte	0
 2321 08f5 DF       		.byte	-33
 2322 08f6 DF       		.byte	-33
 2323 08f7 00       		.byte	0
 2324 08f8 DF       		.byte	-33
 2325 08f9 00       		.byte	0
 2326 08fa 00       		.byte	0
 2327 08fb 00       		.byte	0
 2328 08fc 00       		.byte	0
 2329 08fd 20       		.byte	32
 2330 08fe 20       		.byte	32
 2331 08ff 00       		.byte	0
 2332 0900 20       		.byte	32
 2333 0901 00       		.byte	0
 2334 0902 00       		.byte	0
 2335 0903 00       		.byte	0
 2336 0904 00       		.byte	0
 2337 0905 24       		.byte	36
ARM GAS  C:\Users\Julien\AppData\Local\Temp\ccOFkily.s 			page 42


 2338 0906 24       		.byte	36
 2339 0907 00       		.byte	0
 2340 0908 24       		.byte	36
 2341 0909 00       		.byte	0
 2342 090a 00       		.byte	0
 2343 090b 00       		.byte	0
 2344 090c 00       		.byte	0
 2345 090d 4B       		.byte	75
 2346 090e 4B       		.byte	75
 2347 090f 00       		.byte	0
 2348 0910 40       		.byte	64
 2349 0911 00       		.byte	0
 2350 0912 00       		.byte	0
 2351 0913 00       		.byte	0
 2352 0914 00       		.byte	0
 2353 0915 FF       		.byte	-1
 2354 0916 FF       		.byte	-1
 2355 0917 00       		.byte	0
 2356 0918 80       		.byte	-128
 2357 0919 00       		.byte	0
 2358 091a 00       		.byte	0
 2359 091b 00       		.byte	0
 2360 091c 00       		.byte	0
 2361 091d 0E       		.byte	14
 2362 091e 0E       		.byte	14
 2363 091f 00       		.byte	0
 2364 0920 0E       		.byte	14
 2365 0921 00       		.byte	0
 2366 0922 01       		.byte	1
 2367 0923 00       		.byte	0
 2368 0924 00       		.byte	0
 2369 0925 02       		.byte	2
 2370 0926 02       		.byte	2
 2371 0927 00       		.byte	0
 2372 0928 02       		.byte	2
 2373 0929 00       		.byte	0
 2374 092a 00       		.byte	0
 2375 092b 00       		.byte	0
 2376 092c 40       		.byte	64
 2377 092d 00       		.byte	0
 2378 092e 00       		.byte	0
 2379 092f 00       		.byte	0
 2380 0930 00       		.byte	0
 2381 0931 00       		.byte	0
 2382 0932 00       		.byte	0
 2383 0933 00       		.byte	0
 2384              		.section	.cywolatch,"a",%progbits
 2385              		.align	2
 2386              		.type	cy_meta_wonvl, %object
 2387              		.size	cy_meta_wonvl, 4
 2388              	cy_meta_wonvl:
 2389 0000 BC       		.byte	-68
 2390 0001 90       		.byte	-112
 2391 0002 AC       		.byte	-84
 2392 0003 AF       		.byte	-81
 2393              		.section	.cycustnvl,"a",%progbits
 2394              		.align	2
ARM GAS  C:\Users\Julien\AppData\Local\Temp\ccOFkily.s 			page 43


 2395              		.type	cy_meta_custnvl, %object
 2396              		.size	cy_meta_custnvl, 4
 2397              	cy_meta_custnvl:
 2398 0000 00       		.byte	0
 2399 0001 00       		.byte	0
 2400 0002 40       		.byte	64
 2401 0003 05       		.byte	5
 2402              		.section	.cymeta,"a",%progbits
 2403              		.align	2
 2404              		.type	cy_metadata, %object
 2405              		.size	cy_metadata, 12
 2406              	cy_metadata:
 2407 0000 00       		.byte	0
 2408 0001 01       		.byte	1
 2409 0002 2E       		.byte	46
 2410 0003 12       		.byte	18
 2411 0004 30       		.byte	48
 2412 0005 69       		.byte	105
 2413 0006 00       		.byte	0
 2414 0007 01       		.byte	1
 2415 0008 00       		.byte	0
 2416 0009 00       		.byte	0
 2417 000a 00       		.byte	0
 2418 000b 00       		.byte	0
 2419              		.section	.cyflashprotect,"a",%progbits
 2420              		.align	2
 2421              		.type	cy_meta_flashprotect, %object
 2422              		.size	cy_meta_flashprotect, 256
 2423              	cy_meta_flashprotect:
 2424 0000 00000000 		.space	256
 2424      00000000 
 2424      00000000 
 2424      00000000 
 2424      00000000 
 2425              		.text
 2426              	.Letext0:
 2427              		.file 1 "Generated_Source\\PSoC5\\cymetadata.c"
 2428              		.file 2 "Generated_Source\\PSoC5\\cytypes.h"
 2429              		.section	.debug_info,"",%progbits
 2430              	.Ldebug_info0:
 2431 0000 3B010000 		.4byte	0x13b
 2432 0004 0400     		.2byte	0x4
 2433 0006 00000000 		.4byte	.Ldebug_abbrev0
 2434 000a 04       		.byte	0x4
 2435 000b 01       		.uleb128 0x1
 2436 000c 6E000000 		.4byte	.LASF18
 2437 0010 01       		.byte	0x1
 2438 0011 84010000 		.4byte	.LASF19
 2439 0015 A8010000 		.4byte	.LASF20
 2440 0019 00000000 		.4byte	.Ldebug_line0
 2441 001d 02       		.uleb128 0x2
 2442 001e 01       		.byte	0x1
 2443 001f 06       		.byte	0x6
 2444 0020 78010000 		.4byte	.LASF0
 2445 0024 02       		.uleb128 0x2
 2446 0025 01       		.byte	0x1
 2447 0026 08       		.byte	0x8
ARM GAS  C:\Users\Julien\AppData\Local\Temp\ccOFkily.s 			page 44


 2448 0027 12000000 		.4byte	.LASF1
 2449 002b 02       		.uleb128 0x2
 2450 002c 02       		.byte	0x2
 2451 002d 05       		.byte	0x5
 2452 002e 5F010000 		.4byte	.LASF2
 2453 0032 02       		.uleb128 0x2
 2454 0033 02       		.byte	0x2
 2455 0034 07       		.byte	0x7
 2456 0035 32000000 		.4byte	.LASF3
 2457 0039 02       		.uleb128 0x2
 2458 003a 04       		.byte	0x4
 2459 003b 05       		.byte	0x5
 2460 003c 6F010000 		.4byte	.LASF4
 2461 0040 02       		.uleb128 0x2
 2462 0041 04       		.byte	0x4
 2463 0042 07       		.byte	0x7
 2464 0043 20000000 		.4byte	.LASF5
 2465 0047 02       		.uleb128 0x2
 2466 0048 08       		.byte	0x8
 2467 0049 05       		.byte	0x5
 2468 004a 4C010000 		.4byte	.LASF6
 2469 004e 02       		.uleb128 0x2
 2470 004f 08       		.byte	0x8
 2471 0050 07       		.byte	0x7
 2472 0051 09010000 		.4byte	.LASF7
 2473 0055 03       		.uleb128 0x3
 2474 0056 04       		.byte	0x4
 2475 0057 05       		.byte	0x5
 2476 0058 696E7400 		.ascii	"int\000"
 2477 005c 02       		.uleb128 0x2
 2478 005d 04       		.byte	0x4
 2479 005e 07       		.byte	0x7
 2480 005f FC000000 		.4byte	.LASF8
 2481 0063 04       		.uleb128 0x4
 2482 0064 69010000 		.4byte	.LASF21
 2483 0068 02       		.byte	0x2
 2484 0069 9201     		.2byte	0x192
 2485 006b 24000000 		.4byte	0x24
 2486 006f 02       		.uleb128 0x2
 2487 0070 04       		.byte	0x4
 2488 0071 04       		.byte	0x4
 2489 0072 0C000000 		.4byte	.LASF9
 2490 0076 02       		.uleb128 0x2
 2491 0077 08       		.byte	0x8
 2492 0078 04       		.byte	0x4
 2493 0079 45000000 		.4byte	.LASF10
 2494 007d 02       		.uleb128 0x2
 2495 007e 01       		.byte	0x1
 2496 007f 08       		.byte	0x8
 2497 0080 5A010000 		.4byte	.LASF11
 2498 0084 05       		.uleb128 0x5
 2499 0085 63000000 		.4byte	0x63
 2500 0089 95000000 		.4byte	0x95
 2501 008d 06       		.uleb128 0x6
 2502 008e 95000000 		.4byte	0x95
 2503 0092 3309     		.2byte	0x933
 2504 0094 00       		.byte	0
ARM GAS  C:\Users\Julien\AppData\Local\Temp\ccOFkily.s 			page 45


 2505 0095 02       		.uleb128 0x2
 2506 0096 04       		.byte	0x4
 2507 0097 07       		.byte	0x7
 2508 0098 43010000 		.4byte	.LASF12
 2509 009c 07       		.uleb128 0x7
 2510 009d 5C000000 		.4byte	.LASF13
 2511 00a1 01       		.byte	0x1
 2512 00a2 1F       		.byte	0x1f
 2513 00a3 AD000000 		.4byte	0xad
 2514 00a7 05       		.uleb128 0x5
 2515 00a8 03       		.byte	0x3
 2516 00a9 00000000 		.4byte	cy_meta_configecc
 2517 00ad 08       		.uleb128 0x8
 2518 00ae 84000000 		.4byte	0x84
 2519 00b2 05       		.uleb128 0x5
 2520 00b3 63000000 		.4byte	0x63
 2521 00b7 C2000000 		.4byte	0xc2
 2522 00bb 09       		.uleb128 0x9
 2523 00bc 95000000 		.4byte	0x95
 2524 00c0 03       		.byte	0x3
 2525 00c1 00       		.byte	0
 2526 00c2 0A       		.uleb128 0xa
 2527 00c3 4C000000 		.4byte	.LASF14
 2528 00c7 01       		.byte	0x1
 2529 00c8 5301     		.2byte	0x153
 2530 00ca D4000000 		.4byte	0xd4
 2531 00ce 05       		.uleb128 0x5
 2532 00cf 03       		.byte	0x3
 2533 00d0 00000000 		.4byte	cy_meta_custnvl
 2534 00d4 08       		.uleb128 0x8
 2535 00d5 B2000000 		.4byte	0xb2
 2536 00d9 0A       		.uleb128 0xa
 2537 00da 35010000 		.4byte	.LASF15
 2538 00de 01       		.byte	0x1
 2539 00df 6101     		.2byte	0x161
 2540 00e1 EB000000 		.4byte	0xeb
 2541 00e5 05       		.uleb128 0x5
 2542 00e6 03       		.byte	0x3
 2543 00e7 00000000 		.4byte	cy_meta_wonvl
 2544 00eb 08       		.uleb128 0x8
 2545 00ec B2000000 		.4byte	0xb2
 2546 00f0 05       		.uleb128 0x5
 2547 00f1 63000000 		.4byte	0x63
 2548 00f5 00010000 		.4byte	0x100
 2549 00f9 09       		.uleb128 0x9
 2550 00fa 95000000 		.4byte	0x95
 2551 00fe FF       		.byte	0xff
 2552 00ff 00       		.byte	0
 2553 0100 0A       		.uleb128 0xa
 2554 0101 20010000 		.4byte	.LASF16
 2555 0105 01       		.byte	0x1
 2556 0106 6F01     		.2byte	0x16f
 2557 0108 12010000 		.4byte	0x112
 2558 010c 05       		.uleb128 0x5
 2559 010d 03       		.byte	0x3
 2560 010e 00000000 		.4byte	cy_meta_flashprotect
 2561 0112 08       		.uleb128 0x8
ARM GAS  C:\Users\Julien\AppData\Local\Temp\ccOFkily.s 			page 46


 2562 0113 F0000000 		.4byte	0xf0
 2563 0117 05       		.uleb128 0x5
 2564 0118 63000000 		.4byte	0x63
 2565 011c 27010000 		.4byte	0x127
 2566 0120 09       		.uleb128 0x9
 2567 0121 95000000 		.4byte	0x95
 2568 0125 0B       		.byte	0xb
 2569 0126 00       		.byte	0
 2570 0127 0A       		.uleb128 0xa
 2571 0128 00000000 		.4byte	.LASF17
 2572 012c 01       		.byte	0x1
 2573 012d 9C01     		.2byte	0x19c
 2574 012f 39010000 		.4byte	0x139
 2575 0133 05       		.uleb128 0x5
 2576 0134 03       		.byte	0x3
 2577 0135 00000000 		.4byte	cy_metadata
 2578 0139 08       		.uleb128 0x8
 2579 013a 17010000 		.4byte	0x117
 2580 013e 00       		.byte	0
 2581              		.section	.debug_abbrev,"",%progbits
 2582              	.Ldebug_abbrev0:
 2583 0000 01       		.uleb128 0x1
 2584 0001 11       		.uleb128 0x11
 2585 0002 01       		.byte	0x1
 2586 0003 25       		.uleb128 0x25
 2587 0004 0E       		.uleb128 0xe
 2588 0005 13       		.uleb128 0x13
 2589 0006 0B       		.uleb128 0xb
 2590 0007 03       		.uleb128 0x3
 2591 0008 0E       		.uleb128 0xe
 2592 0009 1B       		.uleb128 0x1b
 2593 000a 0E       		.uleb128 0xe
 2594 000b 10       		.uleb128 0x10
 2595 000c 17       		.uleb128 0x17
 2596 000d 00       		.byte	0
 2597 000e 00       		.byte	0
 2598 000f 02       		.uleb128 0x2
 2599 0010 24       		.uleb128 0x24
 2600 0011 00       		.byte	0
 2601 0012 0B       		.uleb128 0xb
 2602 0013 0B       		.uleb128 0xb
 2603 0014 3E       		.uleb128 0x3e
 2604 0015 0B       		.uleb128 0xb
 2605 0016 03       		.uleb128 0x3
 2606 0017 0E       		.uleb128 0xe
 2607 0018 00       		.byte	0
 2608 0019 00       		.byte	0
 2609 001a 03       		.uleb128 0x3
 2610 001b 24       		.uleb128 0x24
 2611 001c 00       		.byte	0
 2612 001d 0B       		.uleb128 0xb
 2613 001e 0B       		.uleb128 0xb
 2614 001f 3E       		.uleb128 0x3e
 2615 0020 0B       		.uleb128 0xb
 2616 0021 03       		.uleb128 0x3
 2617 0022 08       		.uleb128 0x8
 2618 0023 00       		.byte	0
ARM GAS  C:\Users\Julien\AppData\Local\Temp\ccOFkily.s 			page 47


 2619 0024 00       		.byte	0
 2620 0025 04       		.uleb128 0x4
 2621 0026 16       		.uleb128 0x16
 2622 0027 00       		.byte	0
 2623 0028 03       		.uleb128 0x3
 2624 0029 0E       		.uleb128 0xe
 2625 002a 3A       		.uleb128 0x3a
 2626 002b 0B       		.uleb128 0xb
 2627 002c 3B       		.uleb128 0x3b
 2628 002d 05       		.uleb128 0x5
 2629 002e 49       		.uleb128 0x49
 2630 002f 13       		.uleb128 0x13
 2631 0030 00       		.byte	0
 2632 0031 00       		.byte	0
 2633 0032 05       		.uleb128 0x5
 2634 0033 01       		.uleb128 0x1
 2635 0034 01       		.byte	0x1
 2636 0035 49       		.uleb128 0x49
 2637 0036 13       		.uleb128 0x13
 2638 0037 01       		.uleb128 0x1
 2639 0038 13       		.uleb128 0x13
 2640 0039 00       		.byte	0
 2641 003a 00       		.byte	0
 2642 003b 06       		.uleb128 0x6
 2643 003c 21       		.uleb128 0x21
 2644 003d 00       		.byte	0
 2645 003e 49       		.uleb128 0x49
 2646 003f 13       		.uleb128 0x13
 2647 0040 2F       		.uleb128 0x2f
 2648 0041 05       		.uleb128 0x5
 2649 0042 00       		.byte	0
 2650 0043 00       		.byte	0
 2651 0044 07       		.uleb128 0x7
 2652 0045 34       		.uleb128 0x34
 2653 0046 00       		.byte	0
 2654 0047 03       		.uleb128 0x3
 2655 0048 0E       		.uleb128 0xe
 2656 0049 3A       		.uleb128 0x3a
 2657 004a 0B       		.uleb128 0xb
 2658 004b 3B       		.uleb128 0x3b
 2659 004c 0B       		.uleb128 0xb
 2660 004d 49       		.uleb128 0x49
 2661 004e 13       		.uleb128 0x13
 2662 004f 3F       		.uleb128 0x3f
 2663 0050 19       		.uleb128 0x19
 2664 0051 02       		.uleb128 0x2
 2665 0052 18       		.uleb128 0x18
 2666 0053 00       		.byte	0
 2667 0054 00       		.byte	0
 2668 0055 08       		.uleb128 0x8
 2669 0056 26       		.uleb128 0x26
 2670 0057 00       		.byte	0
 2671 0058 49       		.uleb128 0x49
 2672 0059 13       		.uleb128 0x13
 2673 005a 00       		.byte	0
 2674 005b 00       		.byte	0
 2675 005c 09       		.uleb128 0x9
ARM GAS  C:\Users\Julien\AppData\Local\Temp\ccOFkily.s 			page 48


 2676 005d 21       		.uleb128 0x21
 2677 005e 00       		.byte	0
 2678 005f 49       		.uleb128 0x49
 2679 0060 13       		.uleb128 0x13
 2680 0061 2F       		.uleb128 0x2f
 2681 0062 0B       		.uleb128 0xb
 2682 0063 00       		.byte	0
 2683 0064 00       		.byte	0
 2684 0065 0A       		.uleb128 0xa
 2685 0066 34       		.uleb128 0x34
 2686 0067 00       		.byte	0
 2687 0068 03       		.uleb128 0x3
 2688 0069 0E       		.uleb128 0xe
 2689 006a 3A       		.uleb128 0x3a
 2690 006b 0B       		.uleb128 0xb
 2691 006c 3B       		.uleb128 0x3b
 2692 006d 05       		.uleb128 0x5
 2693 006e 49       		.uleb128 0x49
 2694 006f 13       		.uleb128 0x13
 2695 0070 3F       		.uleb128 0x3f
 2696 0071 19       		.uleb128 0x19
 2697 0072 02       		.uleb128 0x2
 2698 0073 18       		.uleb128 0x18
 2699 0074 00       		.byte	0
 2700 0075 00       		.byte	0
 2701 0076 00       		.byte	0
 2702              		.section	.debug_aranges,"",%progbits
 2703 0000 14000000 		.4byte	0x14
 2704 0004 0200     		.2byte	0x2
 2705 0006 00000000 		.4byte	.Ldebug_info0
 2706 000a 04       		.byte	0x4
 2707 000b 00       		.byte	0
 2708 000c 0000     		.2byte	0
 2709 000e 0000     		.2byte	0
 2710 0010 00000000 		.4byte	0
 2711 0014 00000000 		.4byte	0
 2712              		.section	.debug_line,"",%progbits
 2713              	.Ldebug_line0:
 2714 0000 4D000000 		.section	.debug_str,"MS",%progbits,1
 2714      02004700 
 2714      00000201 
 2714      FB0E0D00 
 2714      01010101 
 2715              	.LASF17:
 2716 0000 63795F6D 		.ascii	"cy_metadata\000"
 2716      65746164 
 2716      61746100 
 2717              	.LASF9:
 2718 000c 666C6F61 		.ascii	"float\000"
 2718      7400
 2719              	.LASF1:
 2720 0012 756E7369 		.ascii	"unsigned char\000"
 2720      676E6564 
 2720      20636861 
 2720      7200
 2721              	.LASF5:
 2722 0020 6C6F6E67 		.ascii	"long unsigned int\000"
ARM GAS  C:\Users\Julien\AppData\Local\Temp\ccOFkily.s 			page 49


 2722      20756E73 
 2722      69676E65 
 2722      6420696E 
 2722      7400
 2723              	.LASF3:
 2724 0032 73686F72 		.ascii	"short unsigned int\000"
 2724      7420756E 
 2724      7369676E 
 2724      65642069 
 2724      6E7400
 2725              	.LASF10:
 2726 0045 646F7562 		.ascii	"double\000"
 2726      6C6500
 2727              	.LASF14:
 2728 004c 63795F6D 		.ascii	"cy_meta_custnvl\000"
 2728      6574615F 
 2728      63757374 
 2728      6E766C00 
 2729              	.LASF13:
 2730 005c 63795F6D 		.ascii	"cy_meta_configecc\000"
 2730      6574615F 
 2730      636F6E66 
 2730      69676563 
 2730      6300
 2731              	.LASF18:
 2732 006e 474E5520 		.ascii	"GNU C 4.9.3 20150303 (release) [ARM/embedded-4_9-br"
 2732      4320342E 
 2732      392E3320 
 2732      32303135 
 2732      30333033 
 2733 00a1 616E6368 		.ascii	"anch revision 221220] -mcpu=cortex-m3 -mthumb -g -O"
 2733      20726576 
 2733      6973696F 
 2733      6E203232 
 2733      31323230 
 2734 00d4 67202D66 		.ascii	"g -ffunction-sections -ffat-lto-objects\000"
 2734      66756E63 
 2734      74696F6E 
 2734      2D736563 
 2734      74696F6E 
 2735              	.LASF8:
 2736 00fc 756E7369 		.ascii	"unsigned int\000"
 2736      676E6564 
 2736      20696E74 
 2736      00
 2737              	.LASF7:
 2738 0109 6C6F6E67 		.ascii	"long long unsigned int\000"
 2738      206C6F6E 
 2738      6720756E 
 2738      7369676E 
 2738      65642069 
 2739              	.LASF16:
 2740 0120 63795F6D 		.ascii	"cy_meta_flashprotect\000"
 2740      6574615F 
 2740      666C6173 
 2740      6870726F 
 2740      74656374 
ARM GAS  C:\Users\Julien\AppData\Local\Temp\ccOFkily.s 			page 50


 2741              	.LASF15:
 2742 0135 63795F6D 		.ascii	"cy_meta_wonvl\000"
 2742      6574615F 
 2742      776F6E76 
 2742      6C00
 2743              	.LASF12:
 2744 0143 73697A65 		.ascii	"sizetype\000"
 2744      74797065 
 2744      00
 2745              	.LASF6:
 2746 014c 6C6F6E67 		.ascii	"long long int\000"
 2746      206C6F6E 
 2746      6720696E 
 2746      7400
 2747              	.LASF11:
 2748 015a 63686172 		.ascii	"char\000"
 2748      00
 2749              	.LASF2:
 2750 015f 73686F72 		.ascii	"short int\000"
 2750      7420696E 
 2750      7400
 2751              	.LASF21:
 2752 0169 75696E74 		.ascii	"uint8\000"
 2752      3800
 2753              	.LASF4:
 2754 016f 6C6F6E67 		.ascii	"long int\000"
 2754      20696E74 
 2754      00
 2755              	.LASF0:
 2756 0178 7369676E 		.ascii	"signed char\000"
 2756      65642063 
 2756      68617200 
 2757              	.LASF19:
 2758 0184 47656E65 		.ascii	"Generated_Source\\PSoC5\\cymetadata.c\000"
 2758      72617465 
 2758      645F536F 
 2758      75726365 
 2758      5C50536F 
 2759              	.LASF20:
 2760 01a8 433A5C55 		.ascii	"C:\\Users\\Julien\\Documents\\INSA\\5A\\BE_systemes"
 2760      73657273 
 2760      5C4A756C 
 2760      69656E5C 
 2760      446F6375 
 2761 01d5 5F656D62 		.ascii	"_embarques\\BE_systemes_embarques\\projet_entier.cy"
 2761      61727175 
 2761      65735C42 
 2761      455F7379 
 2761      7374656D 
 2762 0206 64736E00 		.ascii	"dsn\000"
 2763              		.ident	"GCC: (GNU Tools for ARM Embedded Processors) 4.9.3 20150303 (release) [ARM/embedded-4_9-br
