ARM GAS  C:\Users\Julien\AppData\Local\Temp\cc6mw6L3.s 			page 1


   1              		.syntax unified
   2              		.cpu cortex-m3
   3              		.fpu softvfp
   4              		.eabi_attribute 20, 1
   5              		.eabi_attribute 21, 1
   6              		.eabi_attribute 23, 3
   7              		.eabi_attribute 24, 1
   8              		.eabi_attribute 25, 1
   9              		.eabi_attribute 26, 1
  10              		.eabi_attribute 30, 1
  11              		.eabi_attribute 34, 1
  12              		.eabi_attribute 18, 4
  13              		.thumb
  14              		.file	"main.c"
  15              		.text
  16              	.Ltext0:
  17              		.cfi_sections	.debug_frame
  18              		.section	.text.main,"ax",%progbits
  19              		.align	2
  20              		.global	main
  21              		.thumb
  22              		.thumb_func
  23              		.type	main, %function
  24              	main:
  25              	.LFB63:
  26              		.file 1 "main.c"
   1:main.c        **** /* ========================================
   2:main.c        ****  *
   3:main.c        ****  * Copyright YOUR COMPANY, THE YEAR
   4:main.c        ****  * All Rights Reserved
   5:main.c        ****  * UNPUBLISHED, LICENSED SOFTWARE.
   6:main.c        ****  *
   7:main.c        ****  * CONFIDENTIAL AND PROPRIETARY INFORMATION
   8:main.c        ****  * WHICH IS THE PROPERTY OF your company.
   9:main.c        ****  *
  10:main.c        ****  * ========================================
  11:main.c        **** */
  12:main.c        **** #include "project.h"
  13:main.c        **** #include "motor_management.h"
  14:main.c        **** #include "ultrason.h"
  15:main.c        **** 
  16:main.c        **** #define DIST_MIN 300
  17:main.c        **** #define TIMING_VIRAGE 10 // *2.7ms = durée virage droite ou gauche
  18:main.c        **** 
  19:main.c        **** int vitesse=0;
  20:main.c        **** 
  21:main.c        **** int main(void)
  22:main.c        **** {
  27              		.loc 1 22 0
  28              		.cfi_startproc
  29              		@ args = 0, pretend = 0, frame = 0
  30              		@ frame_needed = 0, uses_anonymous_args = 0
  31 0000 10B5     		push	{r4, lr}
  32              		.cfi_def_cfa_offset 8
  33              		.cfi_offset 4, -8
  34              		.cfi_offset 14, -4
  23:main.c        ****     //uint8 Received_Data=0;
ARM GAS  C:\Users\Julien\AppData\Local\Temp\cc6mw6L3.s 			page 2


  24:main.c        ****     
  25:main.c        ****     init_ultrason();
  35              		.loc 1 25 0
  36 0002 FFF7FEFF 		bl	init_ultrason
  37              	.LVL0:
  26:main.c        ****     init_motor_management();
  38              		.loc 1 26 0
  39 0006 FFF7FEFF 		bl	init_motor_management
  40              	.LVL1:
  27:main.c        ****     
  28:main.c        ****     CyGlobalIntEnable; /* Enable global interrupts. */
  41              		.loc 1 28 0
  42              	@ 28 "main.c" 1
  43 000a 62B6     		CPSIE   i
  44              	@ 0 "" 2
  45              	.LVL2:
  29:main.c        ****     
  30:main.c        ****     //int counter_register =0;
  31:main.c        **** 
  32:main.c        ****     int virage=0;
  46              		.loc 1 32 0
  47              		.thumb
  48 000c 0024     		movs	r4, #0
  49              	.LVL3:
  50              	.L6:
  51              	.LBB2:
  33:main.c        ****     
  34:main.c        ****     for(;;)
  35:main.c        ****     {
  36:main.c        ****         uint8 Received_Data;
  37:main.c        ****         
  38:main.c        ****         if(XBee_UART_GetRxBufferSize()>0)
  52              		.loc 1 38 0
  53 000e FFF7FEFF 		bl	XBee_UART_GetRxBufferSize
  54              	.LVL4:
  55 0012 0028     		cmp	r0, #0
  56 0014 45D0     		beq	.L2
  39:main.c        ****         {   
  40:main.c        ****             Received_Data = XBee_UART_GetChar();    
  57              		.loc 1 40 0
  58 0016 FFF7FEFF 		bl	XBee_UART_GetChar
  59              	.LVL5:
  41:main.c        ****             if(Received_Data == KEY_AVANCE)
  60              		.loc 1 41 0
  61 001a 7A28     		cmp	r0, #122
  62 001c 08D1     		bne	.L3
  63              	.LVL6:
  42:main.c        ****             {
  43:main.c        ****                 virage = 0;
  44:main.c        ****                 if (vitesse<4) vitesse++;
  64              		.loc 1 44 0
  65 001e 844B     		ldr	r3, .L24
  66 0020 1B68     		ldr	r3, [r3]
  67 0022 032B     		cmp	r3, #3
  68 0024 3ADC     		bgt	.L21
  69              		.loc 1 44 0 is_stmt 0 discriminator 1
  70 0026 0133     		adds	r3, r3, #1
ARM GAS  C:\Users\Julien\AppData\Local\Temp\cc6mw6L3.s 			page 3


  71 0028 814A     		ldr	r2, .L24
  72 002a 1360     		str	r3, [r2]
  43:main.c        ****                 if (vitesse<4) vitesse++;
  73              		.loc 1 43 0 is_stmt 1 discriminator 1
  74 002c 0024     		movs	r4, #0
  75 002e 38E0     		b	.L2
  76              	.LVL7:
  77              	.L3:
  45:main.c        ****                 //if (distance < DIST_MIN) vitesse = 0; // Arrêt si obstacle près
  46:main.c        ****             }
  47:main.c        ****             else if(Received_Data == KEY_RECULE)
  78              		.loc 1 47 0
  79 0030 7328     		cmp	r0, #115
  80 0032 09D1     		bne	.L4
  81              	.LVL8:
  48:main.c        ****             {
  49:main.c        ****                 virage = 0;
  50:main.c        ****                 if (vitesse>-4) vitesse--;
  82              		.loc 1 50 0
  83 0034 7E4B     		ldr	r3, .L24
  84 0036 1B68     		ldr	r3, [r3]
  85 0038 13F1030F 		cmn	r3, #3
  86 003c 30DB     		blt	.L22
  87              		.loc 1 50 0 is_stmt 0 discriminator 1
  88 003e 013B     		subs	r3, r3, #1
  89 0040 7B4A     		ldr	r2, .L24
  90 0042 1360     		str	r3, [r2]
  49:main.c        ****                 if (vitesse>-4) vitesse--;
  91              		.loc 1 49 0 is_stmt 1 discriminator 1
  92 0044 0024     		movs	r4, #0
  93 0046 2CE0     		b	.L2
  94              	.LVL9:
  95              	.L4:
  51:main.c        ****             }
  52:main.c        ****             else if(Received_Data == KEY_DROITE)
  96              		.loc 1 52 0
  97 0048 6428     		cmp	r0, #100
  98 004a 12D1     		bne	.L5
  53:main.c        ****             {
  54:main.c        ****                 // TOURNE À DROITE
  55:main.c        ****                 tourner_droite(VITESSE_1);
  99              		.loc 1 55 0
 100 004c 3220     		movs	r0, #50
 101              	.LVL10:
 102 004e FFF7FEFF 		bl	tourner_droite
 103              	.LVL11:
  56:main.c        ****                 CharLCD_1_Position(1u, 0u);
 104              		.loc 1 56 0
 105 0052 0120     		movs	r0, #1
 106 0054 0021     		movs	r1, #0
 107 0056 FFF7FEFF 		bl	CharLCD_1_Position
 108              	.LVL12:
  57:main.c        ****                 CharLCD_1_PrintString("             ");
 109              		.loc 1 57 0
 110 005a 7648     		ldr	r0, .L24+4
 111 005c FFF7FEFF 		bl	CharLCD_1_PrintString
 112              	.LVL13:
ARM GAS  C:\Users\Julien\AppData\Local\Temp\cc6mw6L3.s 			page 4


  58:main.c        ****                 CharLCD_1_Position(1u, 0u);
 113              		.loc 1 58 0
 114 0060 0120     		movs	r0, #1
 115 0062 0021     		movs	r1, #0
 116 0064 FFF7FEFF 		bl	CharLCD_1_Position
 117              	.LVL14:
  59:main.c        ****                 CharLCD_1_PrintString("DROITE");
 118              		.loc 1 59 0
 119 0068 7348     		ldr	r0, .L24+8
 120 006a FFF7FEFF 		bl	CharLCD_1_PrintString
 121              	.LVL15:
  60:main.c        ****                 virage = TIMING_VIRAGE;
 122              		.loc 1 60 0
 123 006e 0A24     		movs	r4, #10
 124 0070 17E0     		b	.L2
 125              	.LVL16:
 126              	.L5:
  61:main.c        ****             }
  62:main.c        ****             else if(Received_Data == KEY_GAUCHE)
 127              		.loc 1 62 0
 128 0072 7128     		cmp	r0, #113
 129 0074 15D1     		bne	.L2
  63:main.c        ****             {
  64:main.c        ****                 // TOURNE À GAUCHE
  65:main.c        ****                 tourner_gauche(VITESSE_1);
 130              		.loc 1 65 0
 131 0076 3220     		movs	r0, #50
 132              	.LVL17:
 133 0078 FFF7FEFF 		bl	tourner_gauche
 134              	.LVL18:
  66:main.c        ****                 CharLCD_1_Position(1u, 0u);
 135              		.loc 1 66 0
 136 007c 0120     		movs	r0, #1
 137 007e 0021     		movs	r1, #0
 138 0080 FFF7FEFF 		bl	CharLCD_1_Position
 139              	.LVL19:
  67:main.c        ****                 CharLCD_1_PrintString("              ");
 140              		.loc 1 67 0
 141 0084 6D48     		ldr	r0, .L24+12
 142 0086 FFF7FEFF 		bl	CharLCD_1_PrintString
 143              	.LVL20:
  68:main.c        ****                 CharLCD_1_Position(1u, 0u);
 144              		.loc 1 68 0
 145 008a 0120     		movs	r0, #1
 146 008c 0021     		movs	r1, #0
 147 008e FFF7FEFF 		bl	CharLCD_1_Position
 148              	.LVL21:
  69:main.c        ****                 CharLCD_1_PrintString("GAUCHE");
 149              		.loc 1 69 0
 150 0092 6B48     		ldr	r0, .L24+16
 151 0094 FFF7FEFF 		bl	CharLCD_1_PrintString
 152              	.LVL22:
  70:main.c        ****                 virage = TIMING_VIRAGE;
 153              		.loc 1 70 0
 154 0098 0A24     		movs	r4, #10
 155 009a 02E0     		b	.L2
 156              	.LVL23:
ARM GAS  C:\Users\Julien\AppData\Local\Temp\cc6mw6L3.s 			page 5


 157              	.L21:
  43:main.c        ****                 if (vitesse<4) vitesse++;
 158              		.loc 1 43 0
 159 009c 0024     		movs	r4, #0
 160 009e 00E0     		b	.L2
 161              	.L22:
  49:main.c        ****                 if (vitesse>-4) vitesse--;
 162              		.loc 1 49 0
 163 00a0 0024     		movs	r4, #0
 164              	.LVL24:
 165              	.L2:
  71:main.c        ****             }
  72:main.c        ****         }
  73:main.c        ****         
  74:main.c        ****         if (new_period == 1) // toutes 2.7 ms
 166              		.loc 1 74 0
 167 00a2 684B     		ldr	r3, .L24+20
 168 00a4 1B78     		ldrb	r3, [r3]	@ zero_extendqisi2
 169 00a6 012B     		cmp	r3, #1
 170 00a8 B1D1     		bne	.L6
  75:main.c        ****         {
  76:main.c        ****             if (distance < DIST_MIN && vitesse>0)
 171              		.loc 1 76 0
 172 00aa 674B     		ldr	r3, .L24+24
 173 00ac 1B88     		ldrh	r3, [r3]
 174 00ae B3F5967F 		cmp	r3, #300
 175 00b2 06D2     		bcs	.L7
 176              		.loc 1 76 0 is_stmt 0 discriminator 1
 177 00b4 5E4B     		ldr	r3, .L24
 178 00b6 1B68     		ldr	r3, [r3]
 179 00b8 002B     		cmp	r3, #0
 180 00ba 02DD     		ble	.L7
  77:main.c        ****             {
  78:main.c        ****                 vitesse = 0;
 181              		.loc 1 78 0 is_stmt 1
 182 00bc 0022     		movs	r2, #0
 183 00be 5C4B     		ldr	r3, .L24
 184 00c0 1A60     		str	r2, [r3]
 185              	.L7:
  79:main.c        ****             }
  80:main.c        ****             if (virage == 0) // Pas en train de tourner
 186              		.loc 1 80 0
 187 00c2 002C     		cmp	r4, #0
 188 00c4 40F0AE80 		bne	.L8
  81:main.c        ****             {
  82:main.c        ****             switch (vitesse)
 189              		.loc 1 82 0
 190 00c8 594B     		ldr	r3, .L24
 191 00ca 1B68     		ldr	r3, [r3]
 192 00cc 0433     		adds	r3, r3, #4
 193 00ce 082B     		cmp	r3, #8
 194 00d0 00F2A980 		bhi	.L9
 195 00d4 DFE803F0 		tbb	[pc, r3]
 196              	.L11:
 197 00d8 94       		.byte	(.L10-.L11)/2
 198 00d9 82       		.byte	(.L12-.L11)/2
 199 00da 70       		.byte	(.L13-.L11)/2
ARM GAS  C:\Users\Julien\AppData\Local\Temp\cc6mw6L3.s 			page 6


 200 00db 5E       		.byte	(.L14-.L11)/2
 201 00dc 05       		.byte	(.L15-.L11)/2
 202 00dd 16       		.byte	(.L16-.L11)/2
 203 00de 28       		.byte	(.L17-.L11)/2
 204 00df 3A       		.byte	(.L18-.L11)/2
 205 00e0 4C       		.byte	(.L19-.L11)/2
 206 00e1 00       		.p2align 1
 207              	.L15:
  83:main.c        ****             {
  84:main.c        ****             // Stop
  85:main.c        ****             case 0:
  86:main.c        ****                 CharLCD_1_Position(1u, 0u);
 208              		.loc 1 86 0
 209 00e2 0120     		movs	r0, #1
 210 00e4 0021     		movs	r1, #0
 211 00e6 FFF7FEFF 		bl	CharLCD_1_Position
 212              	.LVL25:
  87:main.c        ****                 CharLCD_1_PrintString("             ");
 213              		.loc 1 87 0
 214 00ea 5248     		ldr	r0, .L24+4
 215 00ec FFF7FEFF 		bl	CharLCD_1_PrintString
 216              	.LVL26:
  88:main.c        ****                 CharLCD_1_Position(1u, 0u);
 217              		.loc 1 88 0
 218 00f0 0120     		movs	r0, #1
 219 00f2 0021     		movs	r1, #0
 220 00f4 FFF7FEFF 		bl	CharLCD_1_Position
 221              	.LVL27:
  89:main.c        ****                 CharLCD_1_PrintString("STOP");
 222              		.loc 1 89 0
 223 00f8 5448     		ldr	r0, .L24+28
 224 00fa FFF7FEFF 		bl	CharLCD_1_PrintString
 225              	.LVL28:
  90:main.c        ****                 stop_moteurs();
 226              		.loc 1 90 0
 227 00fe FFF7FEFF 		bl	stop_moteurs
 228              	.LVL29:
  91:main.c        ****                 break;
 229              		.loc 1 91 0
 230 0102 90E0     		b	.L9
 231              	.L16:
  92:main.c        ****             // Avant
  93:main.c        ****             case 1: 
  94:main.c        ****                 CharLCD_1_Position(1u, 0u);
 232              		.loc 1 94 0
 233 0104 0120     		movs	r0, #1
 234 0106 0021     		movs	r1, #0
 235 0108 FFF7FEFF 		bl	CharLCD_1_Position
 236              	.LVL30:
  95:main.c        ****                 CharLCD_1_PrintString("               ");
 237              		.loc 1 95 0
 238 010c 5048     		ldr	r0, .L24+32
 239 010e FFF7FEFF 		bl	CharLCD_1_PrintString
 240              	.LVL31:
  96:main.c        ****                 CharLCD_1_Position(1u, 0u);
 241              		.loc 1 96 0
 242 0112 0120     		movs	r0, #1
ARM GAS  C:\Users\Julien\AppData\Local\Temp\cc6mw6L3.s 			page 7


 243 0114 0021     		movs	r1, #0
 244 0116 FFF7FEFF 		bl	CharLCD_1_Position
 245              	.LVL32:
  97:main.c        ****                 CharLCD_1_PrintString("AVANT VIT 1");
 246              		.loc 1 97 0
 247 011a 4E48     		ldr	r0, .L24+36
 248 011c FFF7FEFF 		bl	CharLCD_1_PrintString
 249              	.LVL33:
  98:main.c        ****                 avance_moteurs(VITESSE_1);
 250              		.loc 1 98 0
 251 0120 3220     		movs	r0, #50
 252 0122 FFF7FEFF 		bl	avance_moteurs
 253              	.LVL34:
  99:main.c        ****                 break;
 254              		.loc 1 99 0
 255 0126 7EE0     		b	.L9
 256              	.L17:
 100:main.c        ****             case 2:
 101:main.c        ****                 CharLCD_1_Position(1u, 0u);
 257              		.loc 1 101 0
 258 0128 0120     		movs	r0, #1
 259 012a 0021     		movs	r1, #0
 260 012c FFF7FEFF 		bl	CharLCD_1_Position
 261              	.LVL35:
 102:main.c        ****                 CharLCD_1_PrintString("               ");
 262              		.loc 1 102 0
 263 0130 4748     		ldr	r0, .L24+32
 264 0132 FFF7FEFF 		bl	CharLCD_1_PrintString
 265              	.LVL36:
 103:main.c        ****                 CharLCD_1_Position(1u, 0u);
 266              		.loc 1 103 0
 267 0136 0120     		movs	r0, #1
 268 0138 0021     		movs	r1, #0
 269 013a FFF7FEFF 		bl	CharLCD_1_Position
 270              	.LVL37:
 104:main.c        ****                 CharLCD_1_PrintString("AVANT VIT 2");
 271              		.loc 1 104 0
 272 013e 4648     		ldr	r0, .L24+40
 273 0140 FFF7FEFF 		bl	CharLCD_1_PrintString
 274              	.LVL38:
 105:main.c        ****                 avance_moteurs(VITESSE_2);
 275              		.loc 1 105 0
 276 0144 6420     		movs	r0, #100
 277 0146 FFF7FEFF 		bl	avance_moteurs
 278              	.LVL39:
 106:main.c        ****                 break; 
 279              		.loc 1 106 0
 280 014a 6CE0     		b	.L9
 281              	.L18:
 107:main.c        ****             case 3:
 108:main.c        ****                 CharLCD_1_Position(1u, 0u);
 282              		.loc 1 108 0
 283 014c 0120     		movs	r0, #1
 284 014e 0021     		movs	r1, #0
 285 0150 FFF7FEFF 		bl	CharLCD_1_Position
 286              	.LVL40:
 109:main.c        ****                 CharLCD_1_PrintString("               ");
ARM GAS  C:\Users\Julien\AppData\Local\Temp\cc6mw6L3.s 			page 8


 287              		.loc 1 109 0
 288 0154 3E48     		ldr	r0, .L24+32
 289 0156 FFF7FEFF 		bl	CharLCD_1_PrintString
 290              	.LVL41:
 110:main.c        ****                 CharLCD_1_Position(1u, 0u);
 291              		.loc 1 110 0
 292 015a 0120     		movs	r0, #1
 293 015c 0021     		movs	r1, #0
 294 015e FFF7FEFF 		bl	CharLCD_1_Position
 295              	.LVL42:
 111:main.c        ****                 CharLCD_1_PrintString("AVANT VIT 3");
 296              		.loc 1 111 0
 297 0162 3E48     		ldr	r0, .L24+44
 298 0164 FFF7FEFF 		bl	CharLCD_1_PrintString
 299              	.LVL43:
 112:main.c        ****                 avance_moteurs(VITESSE_3);
 300              		.loc 1 112 0
 301 0168 C820     		movs	r0, #200
 302 016a FFF7FEFF 		bl	avance_moteurs
 303              	.LVL44:
 113:main.c        ****                 break;
 304              		.loc 1 113 0
 305 016e 5AE0     		b	.L9
 306              	.L19:
 114:main.c        ****             case 4:
 115:main.c        ****                 CharLCD_1_Position(1u, 0u);
 307              		.loc 1 115 0
 308 0170 0120     		movs	r0, #1
 309 0172 0021     		movs	r1, #0
 310 0174 FFF7FEFF 		bl	CharLCD_1_Position
 311              	.LVL45:
 116:main.c        ****                 CharLCD_1_PrintString("               ");
 312              		.loc 1 116 0
 313 0178 3548     		ldr	r0, .L24+32
 314 017a FFF7FEFF 		bl	CharLCD_1_PrintString
 315              	.LVL46:
 117:main.c        ****                 CharLCD_1_Position(1u, 0u);
 316              		.loc 1 117 0
 317 017e 0120     		movs	r0, #1
 318 0180 0021     		movs	r1, #0
 319 0182 FFF7FEFF 		bl	CharLCD_1_Position
 320              	.LVL47:
 118:main.c        ****                 CharLCD_1_PrintString("AVANT VIT 4");
 321              		.loc 1 118 0
 322 0186 3648     		ldr	r0, .L24+48
 323 0188 FFF7FEFF 		bl	CharLCD_1_PrintString
 324              	.LVL48:
 119:main.c        ****                 avance_moteurs(VITESSE_4);
 325              		.loc 1 119 0
 326 018c FF20     		movs	r0, #255
 327 018e FFF7FEFF 		bl	avance_moteurs
 328              	.LVL49:
 120:main.c        ****                 break;
 329              		.loc 1 120 0
 330 0192 48E0     		b	.L9
 331              	.L14:
 121:main.c        ****             // Arrière
ARM GAS  C:\Users\Julien\AppData\Local\Temp\cc6mw6L3.s 			page 9


 122:main.c        ****             case -1: // Avant vitesse 1
 123:main.c        ****                 CharLCD_1_Position(1u, 0u);
 332              		.loc 1 123 0
 333 0194 0120     		movs	r0, #1
 334 0196 0021     		movs	r1, #0
 335 0198 FFF7FEFF 		bl	CharLCD_1_Position
 336              	.LVL50:
 124:main.c        ****                 CharLCD_1_PrintString("               ");
 337              		.loc 1 124 0
 338 019c 2C48     		ldr	r0, .L24+32
 339 019e FFF7FEFF 		bl	CharLCD_1_PrintString
 340              	.LVL51:
 125:main.c        ****                 CharLCD_1_Position(1u, 0u);
 341              		.loc 1 125 0
 342 01a2 0120     		movs	r0, #1
 343 01a4 0021     		movs	r1, #0
 344 01a6 FFF7FEFF 		bl	CharLCD_1_Position
 345              	.LVL52:
 126:main.c        ****                 CharLCD_1_PrintString("ARRIERE VIT 1");
 346              		.loc 1 126 0
 347 01aa 2E48     		ldr	r0, .L24+52
 348 01ac FFF7FEFF 		bl	CharLCD_1_PrintString
 349              	.LVL53:
 127:main.c        ****                 recule_moteurs(VITESSE_1);
 350              		.loc 1 127 0
 351 01b0 3220     		movs	r0, #50
 352 01b2 FFF7FEFF 		bl	recule_moteurs
 353              	.LVL54:
 128:main.c        ****                 break;
 354              		.loc 1 128 0
 355 01b6 36E0     		b	.L9
 356              	.L13:
 129:main.c        ****             case -2:
 130:main.c        ****                 CharLCD_1_Position(1u, 0u);
 357              		.loc 1 130 0
 358 01b8 0120     		movs	r0, #1
 359 01ba 0021     		movs	r1, #0
 360 01bc FFF7FEFF 		bl	CharLCD_1_Position
 361              	.LVL55:
 131:main.c        ****                 CharLCD_1_PrintString("               ");
 362              		.loc 1 131 0
 363 01c0 2348     		ldr	r0, .L24+32
 364 01c2 FFF7FEFF 		bl	CharLCD_1_PrintString
 365              	.LVL56:
 132:main.c        ****                 CharLCD_1_Position(1u, 0u);
 366              		.loc 1 132 0
 367 01c6 0120     		movs	r0, #1
 368 01c8 0021     		movs	r1, #0
 369 01ca FFF7FEFF 		bl	CharLCD_1_Position
 370              	.LVL57:
 133:main.c        ****                 CharLCD_1_PrintString("ARRIERE VIT 2");
 371              		.loc 1 133 0
 372 01ce 2648     		ldr	r0, .L24+56
 373 01d0 FFF7FEFF 		bl	CharLCD_1_PrintString
 374              	.LVL58:
 134:main.c        ****                 recule_moteurs(VITESSE_2);
 375              		.loc 1 134 0
ARM GAS  C:\Users\Julien\AppData\Local\Temp\cc6mw6L3.s 			page 10


 376 01d4 6420     		movs	r0, #100
 377 01d6 FFF7FEFF 		bl	recule_moteurs
 378              	.LVL59:
 135:main.c        ****                 break; 
 379              		.loc 1 135 0
 380 01da 24E0     		b	.L9
 381              	.L12:
 136:main.c        ****             case -3:
 137:main.c        ****                 CharLCD_1_Position(1u, 0u);
 382              		.loc 1 137 0
 383 01dc 0120     		movs	r0, #1
 384 01de 0021     		movs	r1, #0
 385 01e0 FFF7FEFF 		bl	CharLCD_1_Position
 386              	.LVL60:
 138:main.c        ****                 CharLCD_1_PrintString("                 ");
 387              		.loc 1 138 0
 388 01e4 2148     		ldr	r0, .L24+60
 389 01e6 FFF7FEFF 		bl	CharLCD_1_PrintString
 390              	.LVL61:
 139:main.c        ****                 CharLCD_1_Position(1u, 0u);
 391              		.loc 1 139 0
 392 01ea 0120     		movs	r0, #1
 393 01ec 0021     		movs	r1, #0
 394 01ee FFF7FEFF 		bl	CharLCD_1_Position
 395              	.LVL62:
 140:main.c        ****                 CharLCD_1_PrintString("ARRIERE VIT 3");
 396              		.loc 1 140 0
 397 01f2 1F48     		ldr	r0, .L24+64
 398 01f4 FFF7FEFF 		bl	CharLCD_1_PrintString
 399              	.LVL63:
 141:main.c        ****                 recule_moteurs(VITESSE_3);
 400              		.loc 1 141 0
 401 01f8 C820     		movs	r0, #200
 402 01fa FFF7FEFF 		bl	recule_moteurs
 403              	.LVL64:
 142:main.c        ****                 break;
 404              		.loc 1 142 0
 405 01fe 12E0     		b	.L9
 406              	.L10:
 143:main.c        ****             case -4:
 144:main.c        ****                 CharLCD_1_Position(1u, 0u);
 407              		.loc 1 144 0
 408 0200 0120     		movs	r0, #1
 409 0202 0021     		movs	r1, #0
 410 0204 FFF7FEFF 		bl	CharLCD_1_Position
 411              	.LVL65:
 145:main.c        ****                 CharLCD_1_PrintString("                 ");
 412              		.loc 1 145 0
 413 0208 1848     		ldr	r0, .L24+60
 414 020a FFF7FEFF 		bl	CharLCD_1_PrintString
 415              	.LVL66:
 146:main.c        ****                 CharLCD_1_Position(1u, 0u);
 416              		.loc 1 146 0
 417 020e 0120     		movs	r0, #1
 418 0210 0021     		movs	r1, #0
 419 0212 FFF7FEFF 		bl	CharLCD_1_Position
 420              	.LVL67:
ARM GAS  C:\Users\Julien\AppData\Local\Temp\cc6mw6L3.s 			page 11


 147:main.c        ****                 CharLCD_1_PrintString("ARRIERE VIT 4");
 421              		.loc 1 147 0
 422 0216 1748     		ldr	r0, .L24+68
 423 0218 FFF7FEFF 		bl	CharLCD_1_PrintString
 424              	.LVL68:
 148:main.c        ****                 recule_moteurs(VITESSE_4);
 425              		.loc 1 148 0
 426 021c FF20     		movs	r0, #255
 427 021e FFF7FEFF 		bl	recule_moteurs
 428              	.LVL69:
 149:main.c        ****                 break;
 429              		.loc 1 149 0
 430 0222 00E0     		b	.L9
 431              	.L8:
 150:main.c        ****             }
 151:main.c        ****             }
 152:main.c        ****             else virage--;
 432              		.loc 1 152 0
 433 0224 013C     		subs	r4, r4, #1
 434              	.LVL70:
 435              	.L9:
 153:main.c        ****             new_period = 0;
 436              		.loc 1 153 0
 437 0226 0022     		movs	r2, #0
 438 0228 064B     		ldr	r3, .L24+20
 439 022a 1A70     		strb	r2, [r3]
 440 022c EFE6     		b	.L6
 441              	.L25:
 442 022e 00BF     		.align	2
 443              	.L24:
 444 0230 00000000 		.word	.LANCHOR0
 445 0234 00000000 		.word	.LC0
 446 0238 10000000 		.word	.LC1
 447 023c 18000000 		.word	.LC2
 448 0240 28000000 		.word	.LC3
 449 0244 00000000 		.word	new_period
 450 0248 00000000 		.word	distance
 451 024c 30000000 		.word	.LC4
 452 0250 38000000 		.word	.LC5
 453 0254 48000000 		.word	.LC6
 454 0258 54000000 		.word	.LC7
 455 025c 60000000 		.word	.LC8
 456 0260 6C000000 		.word	.LC9
 457 0264 78000000 		.word	.LC10
 458 0268 88000000 		.word	.LC11
 459 026c 98000000 		.word	.LC12
 460 0270 AC000000 		.word	.LC13
 461 0274 BC000000 		.word	.LC14
 462              	.LBE2:
 463              		.cfi_endproc
 464              	.LFE63:
 465              		.size	main, .-main
 466              		.global	vitesse
 467              		.section	.rodata.str1.4,"aMS",%progbits,1
 468              		.align	2
 469              	.LC0:
 470 0000 20202020 		.ascii	"             \000"
ARM GAS  C:\Users\Julien\AppData\Local\Temp\cc6mw6L3.s 			page 12


 470      20202020 
 470      20202020 
 470      2000
 471 000e 0000     		.space	2
 472              	.LC1:
 473 0010 44524F49 		.ascii	"DROITE\000"
 473      544500
 474 0017 00       		.space	1
 475              	.LC2:
 476 0018 20202020 		.ascii	"              \000"
 476      20202020 
 476      20202020 
 476      202000
 477 0027 00       		.space	1
 478              	.LC3:
 479 0028 47415543 		.ascii	"GAUCHE\000"
 479      484500
 480 002f 00       		.space	1
 481              	.LC4:
 482 0030 53544F50 		.ascii	"STOP\000"
 482      00
 483 0035 000000   		.space	3
 484              	.LC5:
 485 0038 20202020 		.ascii	"               \000"
 485      20202020 
 485      20202020 
 485      20202000 
 486              	.LC6:
 487 0048 4156414E 		.ascii	"AVANT VIT 1\000"
 487      54205649 
 487      54203100 
 488              	.LC7:
 489 0054 4156414E 		.ascii	"AVANT VIT 2\000"
 489      54205649 
 489      54203200 
 490              	.LC8:
 491 0060 4156414E 		.ascii	"AVANT VIT 3\000"
 491      54205649 
 491      54203300 
 492              	.LC9:
 493 006c 4156414E 		.ascii	"AVANT VIT 4\000"
 493      54205649 
 493      54203400 
 494              	.LC10:
 495 0078 41525249 		.ascii	"ARRIERE VIT 1\000"
 495      45524520 
 495      56495420 
 495      3100
 496 0086 0000     		.space	2
 497              	.LC11:
 498 0088 41525249 		.ascii	"ARRIERE VIT 2\000"
 498      45524520 
 498      56495420 
 498      3200
 499 0096 0000     		.space	2
 500              	.LC12:
 501 0098 20202020 		.ascii	"                 \000"
ARM GAS  C:\Users\Julien\AppData\Local\Temp\cc6mw6L3.s 			page 13


 501      20202020 
 501      20202020 
 501      20202020 
 501      2000
 502 00aa 0000     		.space	2
 503              	.LC13:
 504 00ac 41525249 		.ascii	"ARRIERE VIT 3\000"
 504      45524520 
 504      56495420 
 504      3300
 505 00ba 0000     		.space	2
 506              	.LC14:
 507 00bc 41525249 		.ascii	"ARRIERE VIT 4\000"
 507      45524520 
 507      56495420 
 507      3400
 508 00ca 0000     		.bss
 509              		.align	2
 510              		.set	.LANCHOR0,. + 0
 511              		.type	vitesse, %object
 512              		.size	vitesse, 4
 513              	vitesse:
 514 0000 00000000 		.space	4
 515              		.text
 516              	.Letext0:
 517              		.file 2 "c:\\program files (x86)\\cypress\\psoc creator\\4.0\\psoc creator\\import\\gnu\\arm\\4.9.
 518              		.file 3 "c:\\program files (x86)\\cypress\\psoc creator\\4.0\\psoc creator\\import\\gnu\\arm\\4.9.
 519              		.file 4 "Generated_Source\\PSoC5/cytypes.h"
 520              		.file 5 "Generated_Source\\PSoC5/core_cm3.h"
 521              		.file 6 "ultrason.h"
 522              		.file 7 "Generated_Source\\PSoC5/XBee_UART.h"
 523              		.file 8 "motor_management.h"
 524              		.file 9 "Generated_Source\\PSoC5/CharLCD_1.h"
 525              		.section	.debug_info,"",%progbits
 526              	.Ldebug_info0:
 527 0000 06070000 		.4byte	0x706
 528 0004 0400     		.2byte	0x4
 529 0006 00000000 		.4byte	.Ldebug_abbrev0
 530 000a 04       		.byte	0x4
 531 000b 01       		.uleb128 0x1
 532 000c 66010000 		.4byte	.LASF37
 533 0010 01       		.byte	0x1
 534 0011 8D020000 		.4byte	.LASF38
 535 0015 14020000 		.4byte	.LASF39
 536 0019 00000000 		.4byte	.Ldebug_ranges0+0
 537 001d 00000000 		.4byte	0
 538 0021 00000000 		.4byte	.Ldebug_line0
 539 0025 02       		.uleb128 0x2
 540 0026 01       		.byte	0x1
 541 0027 06       		.byte	0x6
 542 0028 CC020000 		.4byte	.LASF0
 543 002c 03       		.uleb128 0x3
 544 002d 16000000 		.4byte	.LASF3
 545 0031 02       		.byte	0x2
 546 0032 1D       		.byte	0x1d
 547 0033 37000000 		.4byte	0x37
 548 0037 02       		.uleb128 0x2
ARM GAS  C:\Users\Julien\AppData\Local\Temp\cc6mw6L3.s 			page 14


 549 0038 01       		.byte	0x1
 550 0039 08       		.byte	0x8
 551 003a 6B000000 		.4byte	.LASF1
 552 003e 02       		.uleb128 0x2
 553 003f 02       		.byte	0x2
 554 0040 05       		.byte	0x5
 555 0041 99020000 		.4byte	.LASF2
 556 0045 03       		.uleb128 0x3
 557 0046 CB000000 		.4byte	.LASF4
 558 004a 02       		.byte	0x2
 559 004b 2B       		.byte	0x2b
 560 004c 50000000 		.4byte	0x50
 561 0050 02       		.uleb128 0x2
 562 0051 02       		.byte	0x2
 563 0052 07       		.byte	0x7
 564 0053 AB000000 		.4byte	.LASF5
 565 0057 03       		.uleb128 0x3
 566 0058 20000000 		.4byte	.LASF6
 567 005c 02       		.byte	0x2
 568 005d 3F       		.byte	0x3f
 569 005e 62000000 		.4byte	0x62
 570 0062 02       		.uleb128 0x2
 571 0063 04       		.byte	0x4
 572 0064 05       		.byte	0x5
 573 0065 B4020000 		.4byte	.LASF7
 574 0069 02       		.uleb128 0x2
 575 006a 04       		.byte	0x4
 576 006b 07       		.byte	0x7
 577 006c 99000000 		.4byte	.LASF8
 578 0070 02       		.uleb128 0x2
 579 0071 08       		.byte	0x8
 580 0072 05       		.byte	0x5
 581 0073 76020000 		.4byte	.LASF9
 582 0077 02       		.uleb128 0x2
 583 0078 08       		.byte	0x8
 584 0079 07       		.byte	0x7
 585 007a 47010000 		.4byte	.LASF10
 586 007e 04       		.uleb128 0x4
 587 007f 04       		.byte	0x4
 588 0080 05       		.byte	0x5
 589 0081 696E7400 		.ascii	"int\000"
 590 0085 02       		.uleb128 0x2
 591 0086 04       		.byte	0x4
 592 0087 07       		.byte	0x7
 593 0088 3A010000 		.4byte	.LASF11
 594 008c 03       		.uleb128 0x3
 595 008d 5E010000 		.4byte	.LASF12
 596 0091 03       		.byte	0x3
 597 0092 15       		.byte	0x15
 598 0093 2C000000 		.4byte	0x2c
 599 0097 03       		.uleb128 0x3
 600 0098 A3020000 		.4byte	.LASF13
 601 009c 03       		.byte	0x3
 602 009d 21       		.byte	0x21
 603 009e 45000000 		.4byte	0x45
 604 00a2 03       		.uleb128 0x3
 605 00a3 F9010000 		.4byte	.LASF14
ARM GAS  C:\Users\Julien\AppData\Local\Temp\cc6mw6L3.s 			page 15


 606 00a7 03       		.byte	0x3
 607 00a8 2C       		.byte	0x2c
 608 00a9 57000000 		.4byte	0x57
 609 00ad 05       		.uleb128 0x5
 610 00ae 65000000 		.4byte	.LASF15
 611 00b2 04       		.byte	0x4
 612 00b3 9201     		.2byte	0x192
 613 00b5 37000000 		.4byte	0x37
 614 00b9 02       		.uleb128 0x2
 615 00ba 04       		.byte	0x4
 616 00bb 04       		.byte	0x4
 617 00bc 5F000000 		.4byte	.LASF16
 618 00c0 02       		.uleb128 0x2
 619 00c1 08       		.byte	0x8
 620 00c2 04       		.byte	0x4
 621 00c3 D6000000 		.4byte	.LASF17
 622 00c7 05       		.uleb128 0x5
 623 00c8 93000000 		.4byte	.LASF18
 624 00cc 04       		.byte	0x4
 625 00cd A301     		.2byte	0x1a3
 626 00cf D3000000 		.4byte	0xd3
 627 00d3 02       		.uleb128 0x2
 628 00d4 01       		.byte	0x1
 629 00d5 08       		.byte	0x8
 630 00d6 94020000 		.4byte	.LASF19
 631 00da 02       		.uleb128 0x2
 632 00db 04       		.byte	0x4
 633 00dc 07       		.byte	0x7
 634 00dd 84020000 		.4byte	.LASF20
 635 00e1 06       		.uleb128 0x6
 636 00e2 F4010000 		.4byte	.LASF40
 637 00e6 01       		.byte	0x1
 638 00e7 15       		.byte	0x15
 639 00e8 7E000000 		.4byte	0x7e
 640 00ec 00000000 		.4byte	.LFB63
 641 00f0 78020000 		.4byte	.LFE63-.LFB63
 642 00f4 01       		.uleb128 0x1
 643 00f5 9C       		.byte	0x9c
 644 00f6 22060000 		.4byte	0x622
 645 00fa 07       		.uleb128 0x7
 646 00fb D8020000 		.4byte	.LASF21
 647 00ff 01       		.byte	0x1
 648 0100 20       		.byte	0x20
 649 0101 7E000000 		.4byte	0x7e
 650 0105 00000000 		.4byte	.LLST0
 651 0109 08       		.uleb128 0x8
 652 010a 0E000000 		.4byte	.LBB2
 653 010e 6A020000 		.4byte	.LBE2-.LBB2
 654 0112 0F060000 		.4byte	0x60f
 655 0116 07       		.uleb128 0x7
 656 0117 EA000000 		.4byte	.LASF22
 657 011b 01       		.byte	0x1
 658 011c 24       		.byte	0x24
 659 011d AD000000 		.4byte	0xad
 660 0121 87000000 		.4byte	.LLST1
 661 0125 09       		.uleb128 0x9
 662 0126 12000000 		.4byte	.LVL4
ARM GAS  C:\Users\Julien\AppData\Local\Temp\cc6mw6L3.s 			page 16


 663 012a 5A060000 		.4byte	0x65a
 664 012e 09       		.uleb128 0x9
 665 012f 1A000000 		.4byte	.LVL5
 666 0133 65060000 		.4byte	0x665
 667 0137 0A       		.uleb128 0xa
 668 0138 52000000 		.4byte	.LVL11
 669 013c 70060000 		.4byte	0x670
 670 0140 4B010000 		.4byte	0x14b
 671 0144 0B       		.uleb128 0xb
 672 0145 01       		.uleb128 0x1
 673 0146 50       		.byte	0x50
 674 0147 02       		.uleb128 0x2
 675 0148 08       		.byte	0x8
 676 0149 32       		.byte	0x32
 677 014a 00       		.byte	0
 678 014b 0A       		.uleb128 0xa
 679 014c 5A000000 		.4byte	.LVL12
 680 0150 81060000 		.4byte	0x681
 681 0154 63010000 		.4byte	0x163
 682 0158 0B       		.uleb128 0xb
 683 0159 01       		.uleb128 0x1
 684 015a 51       		.byte	0x51
 685 015b 01       		.uleb128 0x1
 686 015c 30       		.byte	0x30
 687 015d 0B       		.uleb128 0xb
 688 015e 01       		.uleb128 0x1
 689 015f 50       		.byte	0x50
 690 0160 01       		.uleb128 0x1
 691 0161 31       		.byte	0x31
 692 0162 00       		.byte	0
 693 0163 0A       		.uleb128 0xa
 694 0164 60000000 		.4byte	.LVL13
 695 0168 97060000 		.4byte	0x697
 696 016c 7A010000 		.4byte	0x17a
 697 0170 0B       		.uleb128 0xb
 698 0171 01       		.uleb128 0x1
 699 0172 50       		.byte	0x50
 700 0173 05       		.uleb128 0x5
 701 0174 03       		.byte	0x3
 702 0175 00000000 		.4byte	.LC0
 703 0179 00       		.byte	0
 704 017a 0A       		.uleb128 0xa
 705 017b 68000000 		.4byte	.LVL14
 706 017f 81060000 		.4byte	0x681
 707 0183 92010000 		.4byte	0x192
 708 0187 0B       		.uleb128 0xb
 709 0188 01       		.uleb128 0x1
 710 0189 51       		.byte	0x51
 711 018a 01       		.uleb128 0x1
 712 018b 30       		.byte	0x30
 713 018c 0B       		.uleb128 0xb
 714 018d 01       		.uleb128 0x1
 715 018e 50       		.byte	0x50
 716 018f 01       		.uleb128 0x1
 717 0190 31       		.byte	0x31
 718 0191 00       		.byte	0
 719 0192 0A       		.uleb128 0xa
ARM GAS  C:\Users\Julien\AppData\Local\Temp\cc6mw6L3.s 			page 17


 720 0193 6E000000 		.4byte	.LVL15
 721 0197 97060000 		.4byte	0x697
 722 019b A9010000 		.4byte	0x1a9
 723 019f 0B       		.uleb128 0xb
 724 01a0 01       		.uleb128 0x1
 725 01a1 50       		.byte	0x50
 726 01a2 05       		.uleb128 0x5
 727 01a3 03       		.byte	0x3
 728 01a4 10000000 		.4byte	.LC1
 729 01a8 00       		.byte	0
 730 01a9 0A       		.uleb128 0xa
 731 01aa 7C000000 		.4byte	.LVL18
 732 01ae B3060000 		.4byte	0x6b3
 733 01b2 BD010000 		.4byte	0x1bd
 734 01b6 0B       		.uleb128 0xb
 735 01b7 01       		.uleb128 0x1
 736 01b8 50       		.byte	0x50
 737 01b9 02       		.uleb128 0x2
 738 01ba 08       		.byte	0x8
 739 01bb 32       		.byte	0x32
 740 01bc 00       		.byte	0
 741 01bd 0A       		.uleb128 0xa
 742 01be 84000000 		.4byte	.LVL19
 743 01c2 81060000 		.4byte	0x681
 744 01c6 D5010000 		.4byte	0x1d5
 745 01ca 0B       		.uleb128 0xb
 746 01cb 01       		.uleb128 0x1
 747 01cc 51       		.byte	0x51
 748 01cd 01       		.uleb128 0x1
 749 01ce 30       		.byte	0x30
 750 01cf 0B       		.uleb128 0xb
 751 01d0 01       		.uleb128 0x1
 752 01d1 50       		.byte	0x50
 753 01d2 01       		.uleb128 0x1
 754 01d3 31       		.byte	0x31
 755 01d4 00       		.byte	0
 756 01d5 0A       		.uleb128 0xa
 757 01d6 8A000000 		.4byte	.LVL20
 758 01da 97060000 		.4byte	0x697
 759 01de EC010000 		.4byte	0x1ec
 760 01e2 0B       		.uleb128 0xb
 761 01e3 01       		.uleb128 0x1
 762 01e4 50       		.byte	0x50
 763 01e5 05       		.uleb128 0x5
 764 01e6 03       		.byte	0x3
 765 01e7 18000000 		.4byte	.LC2
 766 01eb 00       		.byte	0
 767 01ec 0A       		.uleb128 0xa
 768 01ed 92000000 		.4byte	.LVL21
 769 01f1 81060000 		.4byte	0x681
 770 01f5 04020000 		.4byte	0x204
 771 01f9 0B       		.uleb128 0xb
 772 01fa 01       		.uleb128 0x1
 773 01fb 51       		.byte	0x51
 774 01fc 01       		.uleb128 0x1
 775 01fd 30       		.byte	0x30
 776 01fe 0B       		.uleb128 0xb
ARM GAS  C:\Users\Julien\AppData\Local\Temp\cc6mw6L3.s 			page 18


 777 01ff 01       		.uleb128 0x1
 778 0200 50       		.byte	0x50
 779 0201 01       		.uleb128 0x1
 780 0202 31       		.byte	0x31
 781 0203 00       		.byte	0
 782 0204 0A       		.uleb128 0xa
 783 0205 98000000 		.4byte	.LVL22
 784 0209 97060000 		.4byte	0x697
 785 020d 1B020000 		.4byte	0x21b
 786 0211 0B       		.uleb128 0xb
 787 0212 01       		.uleb128 0x1
 788 0213 50       		.byte	0x50
 789 0214 05       		.uleb128 0x5
 790 0215 03       		.byte	0x3
 791 0216 28000000 		.4byte	.LC3
 792 021a 00       		.byte	0
 793 021b 0A       		.uleb128 0xa
 794 021c EA000000 		.4byte	.LVL25
 795 0220 81060000 		.4byte	0x681
 796 0224 33020000 		.4byte	0x233
 797 0228 0B       		.uleb128 0xb
 798 0229 01       		.uleb128 0x1
 799 022a 51       		.byte	0x51
 800 022b 01       		.uleb128 0x1
 801 022c 30       		.byte	0x30
 802 022d 0B       		.uleb128 0xb
 803 022e 01       		.uleb128 0x1
 804 022f 50       		.byte	0x50
 805 0230 01       		.uleb128 0x1
 806 0231 31       		.byte	0x31
 807 0232 00       		.byte	0
 808 0233 0A       		.uleb128 0xa
 809 0234 F0000000 		.4byte	.LVL26
 810 0238 97060000 		.4byte	0x697
 811 023c 4A020000 		.4byte	0x24a
 812 0240 0B       		.uleb128 0xb
 813 0241 01       		.uleb128 0x1
 814 0242 50       		.byte	0x50
 815 0243 05       		.uleb128 0x5
 816 0244 03       		.byte	0x3
 817 0245 00000000 		.4byte	.LC0
 818 0249 00       		.byte	0
 819 024a 0A       		.uleb128 0xa
 820 024b F8000000 		.4byte	.LVL27
 821 024f 81060000 		.4byte	0x681
 822 0253 62020000 		.4byte	0x262
 823 0257 0B       		.uleb128 0xb
 824 0258 01       		.uleb128 0x1
 825 0259 51       		.byte	0x51
 826 025a 01       		.uleb128 0x1
 827 025b 30       		.byte	0x30
 828 025c 0B       		.uleb128 0xb
 829 025d 01       		.uleb128 0x1
 830 025e 50       		.byte	0x50
 831 025f 01       		.uleb128 0x1
 832 0260 31       		.byte	0x31
 833 0261 00       		.byte	0
ARM GAS  C:\Users\Julien\AppData\Local\Temp\cc6mw6L3.s 			page 19


 834 0262 0A       		.uleb128 0xa
 835 0263 FE000000 		.4byte	.LVL28
 836 0267 97060000 		.4byte	0x697
 837 026b 79020000 		.4byte	0x279
 838 026f 0B       		.uleb128 0xb
 839 0270 01       		.uleb128 0x1
 840 0271 50       		.byte	0x50
 841 0272 05       		.uleb128 0x5
 842 0273 03       		.byte	0x3
 843 0274 30000000 		.4byte	.LC4
 844 0278 00       		.byte	0
 845 0279 09       		.uleb128 0x9
 846 027a 02010000 		.4byte	.LVL29
 847 027e C4060000 		.4byte	0x6c4
 848 0282 0A       		.uleb128 0xa
 849 0283 0C010000 		.4byte	.LVL30
 850 0287 81060000 		.4byte	0x681
 851 028b 9A020000 		.4byte	0x29a
 852 028f 0B       		.uleb128 0xb
 853 0290 01       		.uleb128 0x1
 854 0291 51       		.byte	0x51
 855 0292 01       		.uleb128 0x1
 856 0293 30       		.byte	0x30
 857 0294 0B       		.uleb128 0xb
 858 0295 01       		.uleb128 0x1
 859 0296 50       		.byte	0x50
 860 0297 01       		.uleb128 0x1
 861 0298 31       		.byte	0x31
 862 0299 00       		.byte	0
 863 029a 0A       		.uleb128 0xa
 864 029b 12010000 		.4byte	.LVL31
 865 029f 97060000 		.4byte	0x697
 866 02a3 B1020000 		.4byte	0x2b1
 867 02a7 0B       		.uleb128 0xb
 868 02a8 01       		.uleb128 0x1
 869 02a9 50       		.byte	0x50
 870 02aa 05       		.uleb128 0x5
 871 02ab 03       		.byte	0x3
 872 02ac 38000000 		.4byte	.LC5
 873 02b0 00       		.byte	0
 874 02b1 0A       		.uleb128 0xa
 875 02b2 1A010000 		.4byte	.LVL32
 876 02b6 81060000 		.4byte	0x681
 877 02ba C9020000 		.4byte	0x2c9
 878 02be 0B       		.uleb128 0xb
 879 02bf 01       		.uleb128 0x1
 880 02c0 51       		.byte	0x51
 881 02c1 01       		.uleb128 0x1
 882 02c2 30       		.byte	0x30
 883 02c3 0B       		.uleb128 0xb
 884 02c4 01       		.uleb128 0x1
 885 02c5 50       		.byte	0x50
 886 02c6 01       		.uleb128 0x1
 887 02c7 31       		.byte	0x31
 888 02c8 00       		.byte	0
 889 02c9 0A       		.uleb128 0xa
 890 02ca 20010000 		.4byte	.LVL33
ARM GAS  C:\Users\Julien\AppData\Local\Temp\cc6mw6L3.s 			page 20


 891 02ce 97060000 		.4byte	0x697
 892 02d2 E0020000 		.4byte	0x2e0
 893 02d6 0B       		.uleb128 0xb
 894 02d7 01       		.uleb128 0x1
 895 02d8 50       		.byte	0x50
 896 02d9 05       		.uleb128 0x5
 897 02da 03       		.byte	0x3
 898 02db 48000000 		.4byte	.LC6
 899 02df 00       		.byte	0
 900 02e0 0A       		.uleb128 0xa
 901 02e1 26010000 		.4byte	.LVL34
 902 02e5 D1060000 		.4byte	0x6d1
 903 02e9 F4020000 		.4byte	0x2f4
 904 02ed 0B       		.uleb128 0xb
 905 02ee 01       		.uleb128 0x1
 906 02ef 50       		.byte	0x50
 907 02f0 02       		.uleb128 0x2
 908 02f1 08       		.byte	0x8
 909 02f2 32       		.byte	0x32
 910 02f3 00       		.byte	0
 911 02f4 0A       		.uleb128 0xa
 912 02f5 30010000 		.4byte	.LVL35
 913 02f9 81060000 		.4byte	0x681
 914 02fd 0C030000 		.4byte	0x30c
 915 0301 0B       		.uleb128 0xb
 916 0302 01       		.uleb128 0x1
 917 0303 51       		.byte	0x51
 918 0304 01       		.uleb128 0x1
 919 0305 30       		.byte	0x30
 920 0306 0B       		.uleb128 0xb
 921 0307 01       		.uleb128 0x1
 922 0308 50       		.byte	0x50
 923 0309 01       		.uleb128 0x1
 924 030a 31       		.byte	0x31
 925 030b 00       		.byte	0
 926 030c 0A       		.uleb128 0xa
 927 030d 36010000 		.4byte	.LVL36
 928 0311 97060000 		.4byte	0x697
 929 0315 23030000 		.4byte	0x323
 930 0319 0B       		.uleb128 0xb
 931 031a 01       		.uleb128 0x1
 932 031b 50       		.byte	0x50
 933 031c 05       		.uleb128 0x5
 934 031d 03       		.byte	0x3
 935 031e 38000000 		.4byte	.LC5
 936 0322 00       		.byte	0
 937 0323 0A       		.uleb128 0xa
 938 0324 3E010000 		.4byte	.LVL37
 939 0328 81060000 		.4byte	0x681
 940 032c 3B030000 		.4byte	0x33b
 941 0330 0B       		.uleb128 0xb
 942 0331 01       		.uleb128 0x1
 943 0332 51       		.byte	0x51
 944 0333 01       		.uleb128 0x1
 945 0334 30       		.byte	0x30
 946 0335 0B       		.uleb128 0xb
 947 0336 01       		.uleb128 0x1
ARM GAS  C:\Users\Julien\AppData\Local\Temp\cc6mw6L3.s 			page 21


 948 0337 50       		.byte	0x50
 949 0338 01       		.uleb128 0x1
 950 0339 31       		.byte	0x31
 951 033a 00       		.byte	0
 952 033b 0A       		.uleb128 0xa
 953 033c 44010000 		.4byte	.LVL38
 954 0340 97060000 		.4byte	0x697
 955 0344 52030000 		.4byte	0x352
 956 0348 0B       		.uleb128 0xb
 957 0349 01       		.uleb128 0x1
 958 034a 50       		.byte	0x50
 959 034b 05       		.uleb128 0x5
 960 034c 03       		.byte	0x3
 961 034d 54000000 		.4byte	.LC7
 962 0351 00       		.byte	0
 963 0352 0A       		.uleb128 0xa
 964 0353 4A010000 		.4byte	.LVL39
 965 0357 D1060000 		.4byte	0x6d1
 966 035b 66030000 		.4byte	0x366
 967 035f 0B       		.uleb128 0xb
 968 0360 01       		.uleb128 0x1
 969 0361 50       		.byte	0x50
 970 0362 02       		.uleb128 0x2
 971 0363 08       		.byte	0x8
 972 0364 64       		.byte	0x64
 973 0365 00       		.byte	0
 974 0366 0A       		.uleb128 0xa
 975 0367 54010000 		.4byte	.LVL40
 976 036b 81060000 		.4byte	0x681
 977 036f 7E030000 		.4byte	0x37e
 978 0373 0B       		.uleb128 0xb
 979 0374 01       		.uleb128 0x1
 980 0375 51       		.byte	0x51
 981 0376 01       		.uleb128 0x1
 982 0377 30       		.byte	0x30
 983 0378 0B       		.uleb128 0xb
 984 0379 01       		.uleb128 0x1
 985 037a 50       		.byte	0x50
 986 037b 01       		.uleb128 0x1
 987 037c 31       		.byte	0x31
 988 037d 00       		.byte	0
 989 037e 0A       		.uleb128 0xa
 990 037f 5A010000 		.4byte	.LVL41
 991 0383 97060000 		.4byte	0x697
 992 0387 95030000 		.4byte	0x395
 993 038b 0B       		.uleb128 0xb
 994 038c 01       		.uleb128 0x1
 995 038d 50       		.byte	0x50
 996 038e 05       		.uleb128 0x5
 997 038f 03       		.byte	0x3
 998 0390 38000000 		.4byte	.LC5
 999 0394 00       		.byte	0
 1000 0395 0A       		.uleb128 0xa
 1001 0396 62010000 		.4byte	.LVL42
 1002 039a 81060000 		.4byte	0x681
 1003 039e AD030000 		.4byte	0x3ad
 1004 03a2 0B       		.uleb128 0xb
ARM GAS  C:\Users\Julien\AppData\Local\Temp\cc6mw6L3.s 			page 22


 1005 03a3 01       		.uleb128 0x1
 1006 03a4 51       		.byte	0x51
 1007 03a5 01       		.uleb128 0x1
 1008 03a6 30       		.byte	0x30
 1009 03a7 0B       		.uleb128 0xb
 1010 03a8 01       		.uleb128 0x1
 1011 03a9 50       		.byte	0x50
 1012 03aa 01       		.uleb128 0x1
 1013 03ab 31       		.byte	0x31
 1014 03ac 00       		.byte	0
 1015 03ad 0A       		.uleb128 0xa
 1016 03ae 68010000 		.4byte	.LVL43
 1017 03b2 97060000 		.4byte	0x697
 1018 03b6 C4030000 		.4byte	0x3c4
 1019 03ba 0B       		.uleb128 0xb
 1020 03bb 01       		.uleb128 0x1
 1021 03bc 50       		.byte	0x50
 1022 03bd 05       		.uleb128 0x5
 1023 03be 03       		.byte	0x3
 1024 03bf 60000000 		.4byte	.LC8
 1025 03c3 00       		.byte	0
 1026 03c4 0A       		.uleb128 0xa
 1027 03c5 6E010000 		.4byte	.LVL44
 1028 03c9 D1060000 		.4byte	0x6d1
 1029 03cd D8030000 		.4byte	0x3d8
 1030 03d1 0B       		.uleb128 0xb
 1031 03d2 01       		.uleb128 0x1
 1032 03d3 50       		.byte	0x50
 1033 03d4 02       		.uleb128 0x2
 1034 03d5 09       		.byte	0x9
 1035 03d6 C8       		.byte	0xc8
 1036 03d7 00       		.byte	0
 1037 03d8 0A       		.uleb128 0xa
 1038 03d9 78010000 		.4byte	.LVL45
 1039 03dd 81060000 		.4byte	0x681
 1040 03e1 F0030000 		.4byte	0x3f0
 1041 03e5 0B       		.uleb128 0xb
 1042 03e6 01       		.uleb128 0x1
 1043 03e7 51       		.byte	0x51
 1044 03e8 01       		.uleb128 0x1
 1045 03e9 30       		.byte	0x30
 1046 03ea 0B       		.uleb128 0xb
 1047 03eb 01       		.uleb128 0x1
 1048 03ec 50       		.byte	0x50
 1049 03ed 01       		.uleb128 0x1
 1050 03ee 31       		.byte	0x31
 1051 03ef 00       		.byte	0
 1052 03f0 0A       		.uleb128 0xa
 1053 03f1 7E010000 		.4byte	.LVL46
 1054 03f5 97060000 		.4byte	0x697
 1055 03f9 07040000 		.4byte	0x407
 1056 03fd 0B       		.uleb128 0xb
 1057 03fe 01       		.uleb128 0x1
 1058 03ff 50       		.byte	0x50
 1059 0400 05       		.uleb128 0x5
 1060 0401 03       		.byte	0x3
 1061 0402 38000000 		.4byte	.LC5
ARM GAS  C:\Users\Julien\AppData\Local\Temp\cc6mw6L3.s 			page 23


 1062 0406 00       		.byte	0
 1063 0407 0A       		.uleb128 0xa
 1064 0408 86010000 		.4byte	.LVL47
 1065 040c 81060000 		.4byte	0x681
 1066 0410 1F040000 		.4byte	0x41f
 1067 0414 0B       		.uleb128 0xb
 1068 0415 01       		.uleb128 0x1
 1069 0416 51       		.byte	0x51
 1070 0417 01       		.uleb128 0x1
 1071 0418 30       		.byte	0x30
 1072 0419 0B       		.uleb128 0xb
 1073 041a 01       		.uleb128 0x1
 1074 041b 50       		.byte	0x50
 1075 041c 01       		.uleb128 0x1
 1076 041d 31       		.byte	0x31
 1077 041e 00       		.byte	0
 1078 041f 0A       		.uleb128 0xa
 1079 0420 8C010000 		.4byte	.LVL48
 1080 0424 97060000 		.4byte	0x697
 1081 0428 36040000 		.4byte	0x436
 1082 042c 0B       		.uleb128 0xb
 1083 042d 01       		.uleb128 0x1
 1084 042e 50       		.byte	0x50
 1085 042f 05       		.uleb128 0x5
 1086 0430 03       		.byte	0x3
 1087 0431 6C000000 		.4byte	.LC9
 1088 0435 00       		.byte	0
 1089 0436 0A       		.uleb128 0xa
 1090 0437 92010000 		.4byte	.LVL49
 1091 043b D1060000 		.4byte	0x6d1
 1092 043f 4A040000 		.4byte	0x44a
 1093 0443 0B       		.uleb128 0xb
 1094 0444 01       		.uleb128 0x1
 1095 0445 50       		.byte	0x50
 1096 0446 02       		.uleb128 0x2
 1097 0447 09       		.byte	0x9
 1098 0448 FF       		.byte	0xff
 1099 0449 00       		.byte	0
 1100 044a 0A       		.uleb128 0xa
 1101 044b 9C010000 		.4byte	.LVL50
 1102 044f 81060000 		.4byte	0x681
 1103 0453 62040000 		.4byte	0x462
 1104 0457 0B       		.uleb128 0xb
 1105 0458 01       		.uleb128 0x1
 1106 0459 51       		.byte	0x51
 1107 045a 01       		.uleb128 0x1
 1108 045b 30       		.byte	0x30
 1109 045c 0B       		.uleb128 0xb
 1110 045d 01       		.uleb128 0x1
 1111 045e 50       		.byte	0x50
 1112 045f 01       		.uleb128 0x1
 1113 0460 31       		.byte	0x31
 1114 0461 00       		.byte	0
 1115 0462 0A       		.uleb128 0xa
 1116 0463 A2010000 		.4byte	.LVL51
 1117 0467 97060000 		.4byte	0x697
 1118 046b 79040000 		.4byte	0x479
ARM GAS  C:\Users\Julien\AppData\Local\Temp\cc6mw6L3.s 			page 24


 1119 046f 0B       		.uleb128 0xb
 1120 0470 01       		.uleb128 0x1
 1121 0471 50       		.byte	0x50
 1122 0472 05       		.uleb128 0x5
 1123 0473 03       		.byte	0x3
 1124 0474 38000000 		.4byte	.LC5
 1125 0478 00       		.byte	0
 1126 0479 0A       		.uleb128 0xa
 1127 047a AA010000 		.4byte	.LVL52
 1128 047e 81060000 		.4byte	0x681
 1129 0482 91040000 		.4byte	0x491
 1130 0486 0B       		.uleb128 0xb
 1131 0487 01       		.uleb128 0x1
 1132 0488 51       		.byte	0x51
 1133 0489 01       		.uleb128 0x1
 1134 048a 30       		.byte	0x30
 1135 048b 0B       		.uleb128 0xb
 1136 048c 01       		.uleb128 0x1
 1137 048d 50       		.byte	0x50
 1138 048e 01       		.uleb128 0x1
 1139 048f 31       		.byte	0x31
 1140 0490 00       		.byte	0
 1141 0491 0A       		.uleb128 0xa
 1142 0492 B0010000 		.4byte	.LVL53
 1143 0496 97060000 		.4byte	0x697
 1144 049a A8040000 		.4byte	0x4a8
 1145 049e 0B       		.uleb128 0xb
 1146 049f 01       		.uleb128 0x1
 1147 04a0 50       		.byte	0x50
 1148 04a1 05       		.uleb128 0x5
 1149 04a2 03       		.byte	0x3
 1150 04a3 78000000 		.4byte	.LC10
 1151 04a7 00       		.byte	0
 1152 04a8 0A       		.uleb128 0xa
 1153 04a9 B6010000 		.4byte	.LVL54
 1154 04ad E2060000 		.4byte	0x6e2
 1155 04b1 BC040000 		.4byte	0x4bc
 1156 04b5 0B       		.uleb128 0xb
 1157 04b6 01       		.uleb128 0x1
 1158 04b7 50       		.byte	0x50
 1159 04b8 02       		.uleb128 0x2
 1160 04b9 08       		.byte	0x8
 1161 04ba 32       		.byte	0x32
 1162 04bb 00       		.byte	0
 1163 04bc 0A       		.uleb128 0xa
 1164 04bd C0010000 		.4byte	.LVL55
 1165 04c1 81060000 		.4byte	0x681
 1166 04c5 D4040000 		.4byte	0x4d4
 1167 04c9 0B       		.uleb128 0xb
 1168 04ca 01       		.uleb128 0x1
 1169 04cb 51       		.byte	0x51
 1170 04cc 01       		.uleb128 0x1
 1171 04cd 30       		.byte	0x30
 1172 04ce 0B       		.uleb128 0xb
 1173 04cf 01       		.uleb128 0x1
 1174 04d0 50       		.byte	0x50
 1175 04d1 01       		.uleb128 0x1
ARM GAS  C:\Users\Julien\AppData\Local\Temp\cc6mw6L3.s 			page 25


 1176 04d2 31       		.byte	0x31
 1177 04d3 00       		.byte	0
 1178 04d4 0A       		.uleb128 0xa
 1179 04d5 C6010000 		.4byte	.LVL56
 1180 04d9 97060000 		.4byte	0x697
 1181 04dd EB040000 		.4byte	0x4eb
 1182 04e1 0B       		.uleb128 0xb
 1183 04e2 01       		.uleb128 0x1
 1184 04e3 50       		.byte	0x50
 1185 04e4 05       		.uleb128 0x5
 1186 04e5 03       		.byte	0x3
 1187 04e6 38000000 		.4byte	.LC5
 1188 04ea 00       		.byte	0
 1189 04eb 0A       		.uleb128 0xa
 1190 04ec CE010000 		.4byte	.LVL57
 1191 04f0 81060000 		.4byte	0x681
 1192 04f4 03050000 		.4byte	0x503
 1193 04f8 0B       		.uleb128 0xb
 1194 04f9 01       		.uleb128 0x1
 1195 04fa 51       		.byte	0x51
 1196 04fb 01       		.uleb128 0x1
 1197 04fc 30       		.byte	0x30
 1198 04fd 0B       		.uleb128 0xb
 1199 04fe 01       		.uleb128 0x1
 1200 04ff 50       		.byte	0x50
 1201 0500 01       		.uleb128 0x1
 1202 0501 31       		.byte	0x31
 1203 0502 00       		.byte	0
 1204 0503 0A       		.uleb128 0xa
 1205 0504 D4010000 		.4byte	.LVL58
 1206 0508 97060000 		.4byte	0x697
 1207 050c 1A050000 		.4byte	0x51a
 1208 0510 0B       		.uleb128 0xb
 1209 0511 01       		.uleb128 0x1
 1210 0512 50       		.byte	0x50
 1211 0513 05       		.uleb128 0x5
 1212 0514 03       		.byte	0x3
 1213 0515 88000000 		.4byte	.LC11
 1214 0519 00       		.byte	0
 1215 051a 0A       		.uleb128 0xa
 1216 051b DA010000 		.4byte	.LVL59
 1217 051f E2060000 		.4byte	0x6e2
 1218 0523 2E050000 		.4byte	0x52e
 1219 0527 0B       		.uleb128 0xb
 1220 0528 01       		.uleb128 0x1
 1221 0529 50       		.byte	0x50
 1222 052a 02       		.uleb128 0x2
 1223 052b 08       		.byte	0x8
 1224 052c 64       		.byte	0x64
 1225 052d 00       		.byte	0
 1226 052e 0A       		.uleb128 0xa
 1227 052f E4010000 		.4byte	.LVL60
 1228 0533 81060000 		.4byte	0x681
 1229 0537 46050000 		.4byte	0x546
 1230 053b 0B       		.uleb128 0xb
 1231 053c 01       		.uleb128 0x1
 1232 053d 51       		.byte	0x51
ARM GAS  C:\Users\Julien\AppData\Local\Temp\cc6mw6L3.s 			page 26


 1233 053e 01       		.uleb128 0x1
 1234 053f 30       		.byte	0x30
 1235 0540 0B       		.uleb128 0xb
 1236 0541 01       		.uleb128 0x1
 1237 0542 50       		.byte	0x50
 1238 0543 01       		.uleb128 0x1
 1239 0544 31       		.byte	0x31
 1240 0545 00       		.byte	0
 1241 0546 0A       		.uleb128 0xa
 1242 0547 EA010000 		.4byte	.LVL61
 1243 054b 97060000 		.4byte	0x697
 1244 054f 5D050000 		.4byte	0x55d
 1245 0553 0B       		.uleb128 0xb
 1246 0554 01       		.uleb128 0x1
 1247 0555 50       		.byte	0x50
 1248 0556 05       		.uleb128 0x5
 1249 0557 03       		.byte	0x3
 1250 0558 98000000 		.4byte	.LC12
 1251 055c 00       		.byte	0
 1252 055d 0A       		.uleb128 0xa
 1253 055e F2010000 		.4byte	.LVL62
 1254 0562 81060000 		.4byte	0x681
 1255 0566 75050000 		.4byte	0x575
 1256 056a 0B       		.uleb128 0xb
 1257 056b 01       		.uleb128 0x1
 1258 056c 51       		.byte	0x51
 1259 056d 01       		.uleb128 0x1
 1260 056e 30       		.byte	0x30
 1261 056f 0B       		.uleb128 0xb
 1262 0570 01       		.uleb128 0x1
 1263 0571 50       		.byte	0x50
 1264 0572 01       		.uleb128 0x1
 1265 0573 31       		.byte	0x31
 1266 0574 00       		.byte	0
 1267 0575 0A       		.uleb128 0xa
 1268 0576 F8010000 		.4byte	.LVL63
 1269 057a 97060000 		.4byte	0x697
 1270 057e 8C050000 		.4byte	0x58c
 1271 0582 0B       		.uleb128 0xb
 1272 0583 01       		.uleb128 0x1
 1273 0584 50       		.byte	0x50
 1274 0585 05       		.uleb128 0x5
 1275 0586 03       		.byte	0x3
 1276 0587 AC000000 		.4byte	.LC13
 1277 058b 00       		.byte	0
 1278 058c 0A       		.uleb128 0xa
 1279 058d FE010000 		.4byte	.LVL64
 1280 0591 E2060000 		.4byte	0x6e2
 1281 0595 A0050000 		.4byte	0x5a0
 1282 0599 0B       		.uleb128 0xb
 1283 059a 01       		.uleb128 0x1
 1284 059b 50       		.byte	0x50
 1285 059c 02       		.uleb128 0x2
 1286 059d 09       		.byte	0x9
 1287 059e C8       		.byte	0xc8
 1288 059f 00       		.byte	0
 1289 05a0 0A       		.uleb128 0xa
ARM GAS  C:\Users\Julien\AppData\Local\Temp\cc6mw6L3.s 			page 27


 1290 05a1 08020000 		.4byte	.LVL65
 1291 05a5 81060000 		.4byte	0x681
 1292 05a9 B8050000 		.4byte	0x5b8
 1293 05ad 0B       		.uleb128 0xb
 1294 05ae 01       		.uleb128 0x1
 1295 05af 51       		.byte	0x51
 1296 05b0 01       		.uleb128 0x1
 1297 05b1 30       		.byte	0x30
 1298 05b2 0B       		.uleb128 0xb
 1299 05b3 01       		.uleb128 0x1
 1300 05b4 50       		.byte	0x50
 1301 05b5 01       		.uleb128 0x1
 1302 05b6 31       		.byte	0x31
 1303 05b7 00       		.byte	0
 1304 05b8 0A       		.uleb128 0xa
 1305 05b9 0E020000 		.4byte	.LVL66
 1306 05bd 97060000 		.4byte	0x697
 1307 05c1 CF050000 		.4byte	0x5cf
 1308 05c5 0B       		.uleb128 0xb
 1309 05c6 01       		.uleb128 0x1
 1310 05c7 50       		.byte	0x50
 1311 05c8 05       		.uleb128 0x5
 1312 05c9 03       		.byte	0x3
 1313 05ca 98000000 		.4byte	.LC12
 1314 05ce 00       		.byte	0
 1315 05cf 0A       		.uleb128 0xa
 1316 05d0 16020000 		.4byte	.LVL67
 1317 05d4 81060000 		.4byte	0x681
 1318 05d8 E7050000 		.4byte	0x5e7
 1319 05dc 0B       		.uleb128 0xb
 1320 05dd 01       		.uleb128 0x1
 1321 05de 51       		.byte	0x51
 1322 05df 01       		.uleb128 0x1
 1323 05e0 30       		.byte	0x30
 1324 05e1 0B       		.uleb128 0xb
 1325 05e2 01       		.uleb128 0x1
 1326 05e3 50       		.byte	0x50
 1327 05e4 01       		.uleb128 0x1
 1328 05e5 31       		.byte	0x31
 1329 05e6 00       		.byte	0
 1330 05e7 0A       		.uleb128 0xa
 1331 05e8 1C020000 		.4byte	.LVL68
 1332 05ec 97060000 		.4byte	0x697
 1333 05f0 FE050000 		.4byte	0x5fe
 1334 05f4 0B       		.uleb128 0xb
 1335 05f5 01       		.uleb128 0x1
 1336 05f6 50       		.byte	0x50
 1337 05f7 05       		.uleb128 0x5
 1338 05f8 03       		.byte	0x3
 1339 05f9 BC000000 		.4byte	.LC14
 1340 05fd 00       		.byte	0
 1341 05fe 0C       		.uleb128 0xc
 1342 05ff 22020000 		.4byte	.LVL69
 1343 0603 E2060000 		.4byte	0x6e2
 1344 0607 0B       		.uleb128 0xb
 1345 0608 01       		.uleb128 0x1
 1346 0609 50       		.byte	0x50
ARM GAS  C:\Users\Julien\AppData\Local\Temp\cc6mw6L3.s 			page 28


 1347 060a 02       		.uleb128 0x2
 1348 060b 09       		.byte	0x9
 1349 060c FF       		.byte	0xff
 1350 060d 00       		.byte	0
 1351 060e 00       		.byte	0
 1352 060f 09       		.uleb128 0x9
 1353 0610 06000000 		.4byte	.LVL0
 1354 0614 F3060000 		.4byte	0x6f3
 1355 0618 09       		.uleb128 0x9
 1356 0619 0A000000 		.4byte	.LVL1
 1357 061d 00070000 		.4byte	0x700
 1358 0621 00       		.byte	0
 1359 0622 0D       		.uleb128 0xd
 1360 0623 BE000000 		.4byte	.LASF23
 1361 0627 05       		.byte	0x5
 1362 0628 9606     		.2byte	0x696
 1363 062a 2E060000 		.4byte	0x62e
 1364 062e 0E       		.uleb128 0xe
 1365 062f A2000000 		.4byte	0xa2
 1366 0633 0F       		.uleb128 0xf
 1367 0634 56000000 		.4byte	.LASF24
 1368 0638 06       		.byte	0x6
 1369 0639 0D       		.byte	0xd
 1370 063a 97000000 		.4byte	0x97
 1371 063e 0F       		.uleb128 0xf
 1372 063f 2A000000 		.4byte	.LASF25
 1373 0643 06       		.byte	0x6
 1374 0644 0E       		.byte	0xe
 1375 0645 8C000000 		.4byte	0x8c
 1376 0649 10       		.uleb128 0x10
 1377 064a AC020000 		.4byte	.LASF26
 1378 064e 01       		.byte	0x1
 1379 064f 13       		.byte	0x13
 1380 0650 7E000000 		.4byte	0x7e
 1381 0654 05       		.uleb128 0x5
 1382 0655 03       		.byte	0x3
 1383 0656 00000000 		.4byte	vitesse
 1384 065a 11       		.uleb128 0x11
 1385 065b 79000000 		.4byte	.LASF27
 1386 065f 07       		.byte	0x7
 1387 0660 73       		.byte	0x73
 1388 0661 AD000000 		.4byte	0xad
 1389 0665 11       		.uleb128 0x11
 1390 0666 35000000 		.4byte	.LASF28
 1391 066a 07       		.byte	0x7
 1392 066b 71       		.byte	0x71
 1393 066c AD000000 		.4byte	0xad
 1394 0670 12       		.uleb128 0x12
 1395 0671 47000000 		.4byte	.LASF29
 1396 0675 08       		.byte	0x8
 1397 0676 23       		.byte	0x23
 1398 0677 81060000 		.4byte	0x681
 1399 067b 13       		.uleb128 0x13
 1400 067c 8C000000 		.4byte	0x8c
 1401 0680 00       		.byte	0
 1402 0681 12       		.uleb128 0x12
 1403 0682 01020000 		.4byte	.LASF30
ARM GAS  C:\Users\Julien\AppData\Local\Temp\cc6mw6L3.s 			page 29


 1404 0686 09       		.byte	0x9
 1405 0687 3D       		.byte	0x3d
 1406 0688 97060000 		.4byte	0x697
 1407 068c 13       		.uleb128 0x13
 1408 068d AD000000 		.4byte	0xad
 1409 0691 13       		.uleb128 0x13
 1410 0692 AD000000 		.4byte	0xad
 1411 0696 00       		.byte	0
 1412 0697 12       		.uleb128 0x12
 1413 0698 00000000 		.4byte	.LASF31
 1414 069c 09       		.byte	0x9
 1415 069d 3C       		.byte	0x3c
 1416 069e A8060000 		.4byte	0x6a8
 1417 06a2 13       		.uleb128 0x13
 1418 06a3 A8060000 		.4byte	0x6a8
 1419 06a7 00       		.byte	0
 1420 06a8 14       		.uleb128 0x14
 1421 06a9 04       		.byte	0x4
 1422 06aa AE060000 		.4byte	0x6ae
 1423 06ae 15       		.uleb128 0x15
 1424 06af C7000000 		.4byte	0xc7
 1425 06b3 12       		.uleb128 0x12
 1426 06b4 BD020000 		.4byte	.LASF32
 1427 06b8 08       		.byte	0x8
 1428 06b9 24       		.byte	0x24
 1429 06ba C4060000 		.4byte	0x6c4
 1430 06be 13       		.uleb128 0x13
 1431 06bf 8C000000 		.4byte	0x8c
 1432 06c3 00       		.byte	0
 1433 06c4 16       		.uleb128 0x16
 1434 06c5 DD000000 		.4byte	.LASF35
 1435 06c9 08       		.byte	0x8
 1436 06ca 25       		.byte	0x25
 1437 06cb D1060000 		.4byte	0x6d1
 1438 06cf 17       		.uleb128 0x17
 1439 06d0 00       		.byte	0
 1440 06d1 12       		.uleb128 0x12
 1441 06d2 0E010000 		.4byte	.LASF33
 1442 06d6 08       		.byte	0x8
 1443 06d7 21       		.byte	0x21
 1444 06d8 E2060000 		.4byte	0x6e2
 1445 06dc 13       		.uleb128 0x13
 1446 06dd 8C000000 		.4byte	0x8c
 1447 06e1 00       		.byte	0
 1448 06e2 12       		.uleb128 0x12
 1449 06e3 1D010000 		.4byte	.LASF34
 1450 06e7 08       		.byte	0x8
 1451 06e8 22       		.byte	0x22
 1452 06e9 F3060000 		.4byte	0x6f3
 1453 06ed 13       		.uleb128 0x13
 1454 06ee 8C000000 		.4byte	0x8c
 1455 06f2 00       		.byte	0
 1456 06f3 16       		.uleb128 0x16
 1457 06f4 2C010000 		.4byte	.LASF36
 1458 06f8 06       		.byte	0x6
 1459 06f9 10       		.byte	0x10
 1460 06fa 00070000 		.4byte	0x700
ARM GAS  C:\Users\Julien\AppData\Local\Temp\cc6mw6L3.s 			page 30


 1461 06fe 17       		.uleb128 0x17
 1462 06ff 00       		.byte	0
 1463 0700 18       		.uleb128 0x18
 1464 0701 F8000000 		.4byte	.LASF41
 1465 0705 08       		.byte	0x8
 1466 0706 1F       		.byte	0x1f
 1467 0707 17       		.uleb128 0x17
 1468 0708 00       		.byte	0
 1469 0709 00       		.byte	0
 1470              		.section	.debug_abbrev,"",%progbits
 1471              	.Ldebug_abbrev0:
 1472 0000 01       		.uleb128 0x1
 1473 0001 11       		.uleb128 0x11
 1474 0002 01       		.byte	0x1
 1475 0003 25       		.uleb128 0x25
 1476 0004 0E       		.uleb128 0xe
 1477 0005 13       		.uleb128 0x13
 1478 0006 0B       		.uleb128 0xb
 1479 0007 03       		.uleb128 0x3
 1480 0008 0E       		.uleb128 0xe
 1481 0009 1B       		.uleb128 0x1b
 1482 000a 0E       		.uleb128 0xe
 1483 000b 55       		.uleb128 0x55
 1484 000c 17       		.uleb128 0x17
 1485 000d 11       		.uleb128 0x11
 1486 000e 01       		.uleb128 0x1
 1487 000f 10       		.uleb128 0x10
 1488 0010 17       		.uleb128 0x17
 1489 0011 00       		.byte	0
 1490 0012 00       		.byte	0
 1491 0013 02       		.uleb128 0x2
 1492 0014 24       		.uleb128 0x24
 1493 0015 00       		.byte	0
 1494 0016 0B       		.uleb128 0xb
 1495 0017 0B       		.uleb128 0xb
 1496 0018 3E       		.uleb128 0x3e
 1497 0019 0B       		.uleb128 0xb
 1498 001a 03       		.uleb128 0x3
 1499 001b 0E       		.uleb128 0xe
 1500 001c 00       		.byte	0
 1501 001d 00       		.byte	0
 1502 001e 03       		.uleb128 0x3
 1503 001f 16       		.uleb128 0x16
 1504 0020 00       		.byte	0
 1505 0021 03       		.uleb128 0x3
 1506 0022 0E       		.uleb128 0xe
 1507 0023 3A       		.uleb128 0x3a
 1508 0024 0B       		.uleb128 0xb
 1509 0025 3B       		.uleb128 0x3b
 1510 0026 0B       		.uleb128 0xb
 1511 0027 49       		.uleb128 0x49
 1512 0028 13       		.uleb128 0x13
 1513 0029 00       		.byte	0
 1514 002a 00       		.byte	0
 1515 002b 04       		.uleb128 0x4
 1516 002c 24       		.uleb128 0x24
 1517 002d 00       		.byte	0
ARM GAS  C:\Users\Julien\AppData\Local\Temp\cc6mw6L3.s 			page 31


 1518 002e 0B       		.uleb128 0xb
 1519 002f 0B       		.uleb128 0xb
 1520 0030 3E       		.uleb128 0x3e
 1521 0031 0B       		.uleb128 0xb
 1522 0032 03       		.uleb128 0x3
 1523 0033 08       		.uleb128 0x8
 1524 0034 00       		.byte	0
 1525 0035 00       		.byte	0
 1526 0036 05       		.uleb128 0x5
 1527 0037 16       		.uleb128 0x16
 1528 0038 00       		.byte	0
 1529 0039 03       		.uleb128 0x3
 1530 003a 0E       		.uleb128 0xe
 1531 003b 3A       		.uleb128 0x3a
 1532 003c 0B       		.uleb128 0xb
 1533 003d 3B       		.uleb128 0x3b
 1534 003e 05       		.uleb128 0x5
 1535 003f 49       		.uleb128 0x49
 1536 0040 13       		.uleb128 0x13
 1537 0041 00       		.byte	0
 1538 0042 00       		.byte	0
 1539 0043 06       		.uleb128 0x6
 1540 0044 2E       		.uleb128 0x2e
 1541 0045 01       		.byte	0x1
 1542 0046 3F       		.uleb128 0x3f
 1543 0047 19       		.uleb128 0x19
 1544 0048 03       		.uleb128 0x3
 1545 0049 0E       		.uleb128 0xe
 1546 004a 3A       		.uleb128 0x3a
 1547 004b 0B       		.uleb128 0xb
 1548 004c 3B       		.uleb128 0x3b
 1549 004d 0B       		.uleb128 0xb
 1550 004e 27       		.uleb128 0x27
 1551 004f 19       		.uleb128 0x19
 1552 0050 49       		.uleb128 0x49
 1553 0051 13       		.uleb128 0x13
 1554 0052 11       		.uleb128 0x11
 1555 0053 01       		.uleb128 0x1
 1556 0054 12       		.uleb128 0x12
 1557 0055 06       		.uleb128 0x6
 1558 0056 40       		.uleb128 0x40
 1559 0057 18       		.uleb128 0x18
 1560 0058 9742     		.uleb128 0x2117
 1561 005a 19       		.uleb128 0x19
 1562 005b 01       		.uleb128 0x1
 1563 005c 13       		.uleb128 0x13
 1564 005d 00       		.byte	0
 1565 005e 00       		.byte	0
 1566 005f 07       		.uleb128 0x7
 1567 0060 34       		.uleb128 0x34
 1568 0061 00       		.byte	0
 1569 0062 03       		.uleb128 0x3
 1570 0063 0E       		.uleb128 0xe
 1571 0064 3A       		.uleb128 0x3a
 1572 0065 0B       		.uleb128 0xb
 1573 0066 3B       		.uleb128 0x3b
 1574 0067 0B       		.uleb128 0xb
ARM GAS  C:\Users\Julien\AppData\Local\Temp\cc6mw6L3.s 			page 32


 1575 0068 49       		.uleb128 0x49
 1576 0069 13       		.uleb128 0x13
 1577 006a 02       		.uleb128 0x2
 1578 006b 17       		.uleb128 0x17
 1579 006c 00       		.byte	0
 1580 006d 00       		.byte	0
 1581 006e 08       		.uleb128 0x8
 1582 006f 0B       		.uleb128 0xb
 1583 0070 01       		.byte	0x1
 1584 0071 11       		.uleb128 0x11
 1585 0072 01       		.uleb128 0x1
 1586 0073 12       		.uleb128 0x12
 1587 0074 06       		.uleb128 0x6
 1588 0075 01       		.uleb128 0x1
 1589 0076 13       		.uleb128 0x13
 1590 0077 00       		.byte	0
 1591 0078 00       		.byte	0
 1592 0079 09       		.uleb128 0x9
 1593 007a 898201   		.uleb128 0x4109
 1594 007d 00       		.byte	0
 1595 007e 11       		.uleb128 0x11
 1596 007f 01       		.uleb128 0x1
 1597 0080 31       		.uleb128 0x31
 1598 0081 13       		.uleb128 0x13
 1599 0082 00       		.byte	0
 1600 0083 00       		.byte	0
 1601 0084 0A       		.uleb128 0xa
 1602 0085 898201   		.uleb128 0x4109
 1603 0088 01       		.byte	0x1
 1604 0089 11       		.uleb128 0x11
 1605 008a 01       		.uleb128 0x1
 1606 008b 31       		.uleb128 0x31
 1607 008c 13       		.uleb128 0x13
 1608 008d 01       		.uleb128 0x1
 1609 008e 13       		.uleb128 0x13
 1610 008f 00       		.byte	0
 1611 0090 00       		.byte	0
 1612 0091 0B       		.uleb128 0xb
 1613 0092 8A8201   		.uleb128 0x410a
 1614 0095 00       		.byte	0
 1615 0096 02       		.uleb128 0x2
 1616 0097 18       		.uleb128 0x18
 1617 0098 9142     		.uleb128 0x2111
 1618 009a 18       		.uleb128 0x18
 1619 009b 00       		.byte	0
 1620 009c 00       		.byte	0
 1621 009d 0C       		.uleb128 0xc
 1622 009e 898201   		.uleb128 0x4109
 1623 00a1 01       		.byte	0x1
 1624 00a2 11       		.uleb128 0x11
 1625 00a3 01       		.uleb128 0x1
 1626 00a4 31       		.uleb128 0x31
 1627 00a5 13       		.uleb128 0x13
 1628 00a6 00       		.byte	0
 1629 00a7 00       		.byte	0
 1630 00a8 0D       		.uleb128 0xd
 1631 00a9 34       		.uleb128 0x34
ARM GAS  C:\Users\Julien\AppData\Local\Temp\cc6mw6L3.s 			page 33


 1632 00aa 00       		.byte	0
 1633 00ab 03       		.uleb128 0x3
 1634 00ac 0E       		.uleb128 0xe
 1635 00ad 3A       		.uleb128 0x3a
 1636 00ae 0B       		.uleb128 0xb
 1637 00af 3B       		.uleb128 0x3b
 1638 00b0 05       		.uleb128 0x5
 1639 00b1 49       		.uleb128 0x49
 1640 00b2 13       		.uleb128 0x13
 1641 00b3 3F       		.uleb128 0x3f
 1642 00b4 19       		.uleb128 0x19
 1643 00b5 3C       		.uleb128 0x3c
 1644 00b6 19       		.uleb128 0x19
 1645 00b7 00       		.byte	0
 1646 00b8 00       		.byte	0
 1647 00b9 0E       		.uleb128 0xe
 1648 00ba 35       		.uleb128 0x35
 1649 00bb 00       		.byte	0
 1650 00bc 49       		.uleb128 0x49
 1651 00bd 13       		.uleb128 0x13
 1652 00be 00       		.byte	0
 1653 00bf 00       		.byte	0
 1654 00c0 0F       		.uleb128 0xf
 1655 00c1 34       		.uleb128 0x34
 1656 00c2 00       		.byte	0
 1657 00c3 03       		.uleb128 0x3
 1658 00c4 0E       		.uleb128 0xe
 1659 00c5 3A       		.uleb128 0x3a
 1660 00c6 0B       		.uleb128 0xb
 1661 00c7 3B       		.uleb128 0x3b
 1662 00c8 0B       		.uleb128 0xb
 1663 00c9 49       		.uleb128 0x49
 1664 00ca 13       		.uleb128 0x13
 1665 00cb 3F       		.uleb128 0x3f
 1666 00cc 19       		.uleb128 0x19
 1667 00cd 3C       		.uleb128 0x3c
 1668 00ce 19       		.uleb128 0x19
 1669 00cf 00       		.byte	0
 1670 00d0 00       		.byte	0
 1671 00d1 10       		.uleb128 0x10
 1672 00d2 34       		.uleb128 0x34
 1673 00d3 00       		.byte	0
 1674 00d4 03       		.uleb128 0x3
 1675 00d5 0E       		.uleb128 0xe
 1676 00d6 3A       		.uleb128 0x3a
 1677 00d7 0B       		.uleb128 0xb
 1678 00d8 3B       		.uleb128 0x3b
 1679 00d9 0B       		.uleb128 0xb
 1680 00da 49       		.uleb128 0x49
 1681 00db 13       		.uleb128 0x13
 1682 00dc 3F       		.uleb128 0x3f
 1683 00dd 19       		.uleb128 0x19
 1684 00de 02       		.uleb128 0x2
 1685 00df 18       		.uleb128 0x18
 1686 00e0 00       		.byte	0
 1687 00e1 00       		.byte	0
 1688 00e2 11       		.uleb128 0x11
ARM GAS  C:\Users\Julien\AppData\Local\Temp\cc6mw6L3.s 			page 34


 1689 00e3 2E       		.uleb128 0x2e
 1690 00e4 00       		.byte	0
 1691 00e5 3F       		.uleb128 0x3f
 1692 00e6 19       		.uleb128 0x19
 1693 00e7 03       		.uleb128 0x3
 1694 00e8 0E       		.uleb128 0xe
 1695 00e9 3A       		.uleb128 0x3a
 1696 00ea 0B       		.uleb128 0xb
 1697 00eb 3B       		.uleb128 0x3b
 1698 00ec 0B       		.uleb128 0xb
 1699 00ed 27       		.uleb128 0x27
 1700 00ee 19       		.uleb128 0x19
 1701 00ef 49       		.uleb128 0x49
 1702 00f0 13       		.uleb128 0x13
 1703 00f1 3C       		.uleb128 0x3c
 1704 00f2 19       		.uleb128 0x19
 1705 00f3 00       		.byte	0
 1706 00f4 00       		.byte	0
 1707 00f5 12       		.uleb128 0x12
 1708 00f6 2E       		.uleb128 0x2e
 1709 00f7 01       		.byte	0x1
 1710 00f8 3F       		.uleb128 0x3f
 1711 00f9 19       		.uleb128 0x19
 1712 00fa 03       		.uleb128 0x3
 1713 00fb 0E       		.uleb128 0xe
 1714 00fc 3A       		.uleb128 0x3a
 1715 00fd 0B       		.uleb128 0xb
 1716 00fe 3B       		.uleb128 0x3b
 1717 00ff 0B       		.uleb128 0xb
 1718 0100 27       		.uleb128 0x27
 1719 0101 19       		.uleb128 0x19
 1720 0102 3C       		.uleb128 0x3c
 1721 0103 19       		.uleb128 0x19
 1722 0104 01       		.uleb128 0x1
 1723 0105 13       		.uleb128 0x13
 1724 0106 00       		.byte	0
 1725 0107 00       		.byte	0
 1726 0108 13       		.uleb128 0x13
 1727 0109 05       		.uleb128 0x5
 1728 010a 00       		.byte	0
 1729 010b 49       		.uleb128 0x49
 1730 010c 13       		.uleb128 0x13
 1731 010d 00       		.byte	0
 1732 010e 00       		.byte	0
 1733 010f 14       		.uleb128 0x14
 1734 0110 0F       		.uleb128 0xf
 1735 0111 00       		.byte	0
 1736 0112 0B       		.uleb128 0xb
 1737 0113 0B       		.uleb128 0xb
 1738 0114 49       		.uleb128 0x49
 1739 0115 13       		.uleb128 0x13
 1740 0116 00       		.byte	0
 1741 0117 00       		.byte	0
 1742 0118 15       		.uleb128 0x15
 1743 0119 26       		.uleb128 0x26
 1744 011a 00       		.byte	0
 1745 011b 49       		.uleb128 0x49
ARM GAS  C:\Users\Julien\AppData\Local\Temp\cc6mw6L3.s 			page 35


 1746 011c 13       		.uleb128 0x13
 1747 011d 00       		.byte	0
 1748 011e 00       		.byte	0
 1749 011f 16       		.uleb128 0x16
 1750 0120 2E       		.uleb128 0x2e
 1751 0121 01       		.byte	0x1
 1752 0122 3F       		.uleb128 0x3f
 1753 0123 19       		.uleb128 0x19
 1754 0124 03       		.uleb128 0x3
 1755 0125 0E       		.uleb128 0xe
 1756 0126 3A       		.uleb128 0x3a
 1757 0127 0B       		.uleb128 0xb
 1758 0128 3B       		.uleb128 0x3b
 1759 0129 0B       		.uleb128 0xb
 1760 012a 3C       		.uleb128 0x3c
 1761 012b 19       		.uleb128 0x19
 1762 012c 01       		.uleb128 0x1
 1763 012d 13       		.uleb128 0x13
 1764 012e 00       		.byte	0
 1765 012f 00       		.byte	0
 1766 0130 17       		.uleb128 0x17
 1767 0131 18       		.uleb128 0x18
 1768 0132 00       		.byte	0
 1769 0133 00       		.byte	0
 1770 0134 00       		.byte	0
 1771 0135 18       		.uleb128 0x18
 1772 0136 2E       		.uleb128 0x2e
 1773 0137 01       		.byte	0x1
 1774 0138 3F       		.uleb128 0x3f
 1775 0139 19       		.uleb128 0x19
 1776 013a 03       		.uleb128 0x3
 1777 013b 0E       		.uleb128 0xe
 1778 013c 3A       		.uleb128 0x3a
 1779 013d 0B       		.uleb128 0xb
 1780 013e 3B       		.uleb128 0x3b
 1781 013f 0B       		.uleb128 0xb
 1782 0140 3C       		.uleb128 0x3c
 1783 0141 19       		.uleb128 0x19
 1784 0142 00       		.byte	0
 1785 0143 00       		.byte	0
 1786 0144 00       		.byte	0
 1787              		.section	.debug_loc,"",%progbits
 1788              	.Ldebug_loc0:
 1789              	.LLST0:
 1790 0000 0C000000 		.4byte	.LVL2
 1791 0004 0E000000 		.4byte	.LVL3
 1792 0008 0200     		.2byte	0x2
 1793 000a 30       		.byte	0x30
 1794 000b 9F       		.byte	0x9f
 1795 000c 0E000000 		.4byte	.LVL3
 1796 0010 1E000000 		.4byte	.LVL6
 1797 0014 0100     		.2byte	0x1
 1798 0016 54       		.byte	0x54
 1799 0017 1E000000 		.4byte	.LVL6
 1800 001b 30000000 		.4byte	.LVL7
 1801 001f 0200     		.2byte	0x2
 1802 0021 30       		.byte	0x30
ARM GAS  C:\Users\Julien\AppData\Local\Temp\cc6mw6L3.s 			page 36


 1803 0022 9F       		.byte	0x9f
 1804 0023 30000000 		.4byte	.LVL7
 1805 0027 34000000 		.4byte	.LVL8
 1806 002b 0100     		.2byte	0x1
 1807 002d 54       		.byte	0x54
 1808 002e 34000000 		.4byte	.LVL8
 1809 0032 48000000 		.4byte	.LVL9
 1810 0036 0200     		.2byte	0x2
 1811 0038 30       		.byte	0x30
 1812 0039 9F       		.byte	0x9f
 1813 003a 48000000 		.4byte	.LVL9
 1814 003e 6E000000 		.4byte	.LVL15
 1815 0042 0100     		.2byte	0x1
 1816 0044 54       		.byte	0x54
 1817 0045 6E000000 		.4byte	.LVL15
 1818 0049 72000000 		.4byte	.LVL16
 1819 004d 0200     		.2byte	0x2
 1820 004f 3A       		.byte	0x3a
 1821 0050 9F       		.byte	0x9f
 1822 0051 72000000 		.4byte	.LVL16
 1823 0055 98000000 		.4byte	.LVL22
 1824 0059 0100     		.2byte	0x1
 1825 005b 54       		.byte	0x54
 1826 005c 98000000 		.4byte	.LVL22
 1827 0060 9C000000 		.4byte	.LVL23
 1828 0064 0200     		.2byte	0x2
 1829 0066 3A       		.byte	0x3a
 1830 0067 9F       		.byte	0x9f
 1831 0068 9C000000 		.4byte	.LVL23
 1832 006c A2000000 		.4byte	.LVL24
 1833 0070 0200     		.2byte	0x2
 1834 0072 30       		.byte	0x30
 1835 0073 9F       		.byte	0x9f
 1836 0074 A2000000 		.4byte	.LVL24
 1837 0078 78020000 		.4byte	.LFE63
 1838 007c 0100     		.2byte	0x1
 1839 007e 54       		.byte	0x54
 1840 007f 00000000 		.4byte	0
 1841 0083 00000000 		.4byte	0
 1842              	.LLST1:
 1843 0087 1A000000 		.4byte	.LVL5
 1844 008b 4E000000 		.4byte	.LVL10
 1845 008f 0100     		.2byte	0x1
 1846 0091 50       		.byte	0x50
 1847 0092 72000000 		.4byte	.LVL16
 1848 0096 78000000 		.4byte	.LVL17
 1849 009a 0100     		.2byte	0x1
 1850 009c 50       		.byte	0x50
 1851 009d 9C000000 		.4byte	.LVL23
 1852 00a1 A2000000 		.4byte	.LVL24
 1853 00a5 0100     		.2byte	0x1
 1854 00a7 50       		.byte	0x50
 1855 00a8 00000000 		.4byte	0
 1856 00ac 00000000 		.4byte	0
 1857              		.section	.debug_aranges,"",%progbits
 1858 0000 1C000000 		.4byte	0x1c
 1859 0004 0200     		.2byte	0x2
ARM GAS  C:\Users\Julien\AppData\Local\Temp\cc6mw6L3.s 			page 37


 1860 0006 00000000 		.4byte	.Ldebug_info0
 1861 000a 04       		.byte	0x4
 1862 000b 00       		.byte	0
 1863 000c 0000     		.2byte	0
 1864 000e 0000     		.2byte	0
 1865 0010 00000000 		.4byte	.LFB63
 1866 0014 78020000 		.4byte	.LFE63-.LFB63
 1867 0018 00000000 		.4byte	0
 1868 001c 00000000 		.4byte	0
 1869              		.section	.debug_ranges,"",%progbits
 1870              	.Ldebug_ranges0:
 1871 0000 00000000 		.4byte	.LFB63
 1872 0004 78020000 		.4byte	.LFE63
 1873 0008 00000000 		.4byte	0
 1874 000c 00000000 		.4byte	0
 1875              		.section	.debug_line,"",%progbits
 1876              	.Ldebug_line0:
 1877 0000 18020000 		.section	.debug_str,"MS",%progbits,1
 1877      02008901 
 1877      00000201 
 1877      FB0E0D00 
 1877      01010101 
 1878              	.LASF31:
 1879 0000 43686172 		.ascii	"CharLCD_1_PrintString\000"
 1879      4C43445F 
 1879      315F5072 
 1879      696E7453 
 1879      7472696E 
 1880              	.LASF3:
 1881 0016 5F5F7569 		.ascii	"__uint8_t\000"
 1881      6E74385F 
 1881      7400
 1882              	.LASF6:
 1883 0020 5F5F696E 		.ascii	"__int32_t\000"
 1883      7433325F 
 1883      7400
 1884              	.LASF25:
 1885 002a 6E65775F 		.ascii	"new_period\000"
 1885      70657269 
 1885      6F6400
 1886              	.LASF28:
 1887 0035 58426565 		.ascii	"XBee_UART_GetChar\000"
 1887      5F554152 
 1887      545F4765 
 1887      74436861 
 1887      7200
 1888              	.LASF29:
 1889 0047 746F7572 		.ascii	"tourner_droite\000"
 1889      6E65725F 
 1889      64726F69 
 1889      746500
 1890              	.LASF24:
 1891 0056 64697374 		.ascii	"distance\000"
 1891      616E6365 
 1891      00
 1892              	.LASF16:
 1893 005f 666C6F61 		.ascii	"float\000"
ARM GAS  C:\Users\Julien\AppData\Local\Temp\cc6mw6L3.s 			page 38


 1893      7400
 1894              	.LASF15:
 1895 0065 75696E74 		.ascii	"uint8\000"
 1895      3800
 1896              	.LASF1:
 1897 006b 756E7369 		.ascii	"unsigned char\000"
 1897      676E6564 
 1897      20636861 
 1897      7200
 1898              	.LASF27:
 1899 0079 58426565 		.ascii	"XBee_UART_GetRxBufferSize\000"
 1899      5F554152 
 1899      545F4765 
 1899      74527842 
 1899      75666665 
 1900              	.LASF18:
 1901 0093 63686172 		.ascii	"char8\000"
 1901      3800
 1902              	.LASF8:
 1903 0099 6C6F6E67 		.ascii	"long unsigned int\000"
 1903      20756E73 
 1903      69676E65 
 1903      6420696E 
 1903      7400
 1904              	.LASF5:
 1905 00ab 73686F72 		.ascii	"short unsigned int\000"
 1905      7420756E 
 1905      7369676E 
 1905      65642069 
 1905      6E7400
 1906              	.LASF23:
 1907 00be 49544D5F 		.ascii	"ITM_RxBuffer\000"
 1907      52784275 
 1907      66666572 
 1907      00
 1908              	.LASF4:
 1909 00cb 5F5F7569 		.ascii	"__uint16_t\000"
 1909      6E743136 
 1909      5F7400
 1910              	.LASF17:
 1911 00d6 646F7562 		.ascii	"double\000"
 1911      6C6500
 1912              	.LASF35:
 1913 00dd 73746F70 		.ascii	"stop_moteurs\000"
 1913      5F6D6F74 
 1913      65757273 
 1913      00
 1914              	.LASF22:
 1915 00ea 52656365 		.ascii	"Received_Data\000"
 1915      69766564 
 1915      5F446174 
 1915      6100
 1916              	.LASF41:
 1917 00f8 696E6974 		.ascii	"init_motor_management\000"
 1917      5F6D6F74 
 1917      6F725F6D 
 1917      616E6167 
ARM GAS  C:\Users\Julien\AppData\Local\Temp\cc6mw6L3.s 			page 39


 1917      656D656E 
 1918              	.LASF33:
 1919 010e 6176616E 		.ascii	"avance_moteurs\000"
 1919      63655F6D 
 1919      6F746575 
 1919      727300
 1920              	.LASF34:
 1921 011d 72656375 		.ascii	"recule_moteurs\000"
 1921      6C655F6D 
 1921      6F746575 
 1921      727300
 1922              	.LASF36:
 1923 012c 696E6974 		.ascii	"init_ultrason\000"
 1923      5F756C74 
 1923      7261736F 
 1923      6E00
 1924              	.LASF11:
 1925 013a 756E7369 		.ascii	"unsigned int\000"
 1925      676E6564 
 1925      20696E74 
 1925      00
 1926              	.LASF10:
 1927 0147 6C6F6E67 		.ascii	"long long unsigned int\000"
 1927      206C6F6E 
 1927      6720756E 
 1927      7369676E 
 1927      65642069 
 1928              	.LASF12:
 1929 015e 75696E74 		.ascii	"uint8_t\000"
 1929      385F7400 
 1930              	.LASF37:
 1931 0166 474E5520 		.ascii	"GNU C 4.9.3 20150303 (release) [ARM/embedded-4_9-br"
 1931      4320342E 
 1931      392E3320 
 1931      32303135 
 1931      30333033 
 1932 0199 616E6368 		.ascii	"anch revision 221220] -mcpu=cortex-m3 -mthumb -g -O"
 1932      20726576 
 1932      6973696F 
 1932      6E203232 
 1932      31323230 
 1933 01cc 67202D66 		.ascii	"g -ffunction-sections -ffat-lto-objects\000"
 1933      66756E63 
 1933      74696F6E 
 1933      2D736563 
 1933      74696F6E 
 1934              	.LASF40:
 1935 01f4 6D61696E 		.ascii	"main\000"
 1935      00
 1936              	.LASF14:
 1937 01f9 696E7433 		.ascii	"int32_t\000"
 1937      325F7400 
 1938              	.LASF30:
 1939 0201 43686172 		.ascii	"CharLCD_1_Position\000"
 1939      4C43445F 
 1939      315F506F 
 1939      73697469 
ARM GAS  C:\Users\Julien\AppData\Local\Temp\cc6mw6L3.s 			page 40


 1939      6F6E00
 1940              	.LASF39:
 1941 0214 433A5C55 		.ascii	"C:\\Users\\Julien\\Documents\\INSA\\5A\\BE_systemes"
 1941      73657273 
 1941      5C4A756C 
 1941      69656E5C 
 1941      446F6375 
 1942 0241 5F656D62 		.ascii	"_embarques\\BE_systemes_embarques\\projet_entier.cy"
 1942      61727175 
 1942      65735C42 
 1942      455F7379 
 1942      7374656D 
 1943 0272 64736E00 		.ascii	"dsn\000"
 1944              	.LASF9:
 1945 0276 6C6F6E67 		.ascii	"long long int\000"
 1945      206C6F6E 
 1945      6720696E 
 1945      7400
 1946              	.LASF20:
 1947 0284 73697A65 		.ascii	"sizetype\000"
 1947      74797065 
 1947      00
 1948              	.LASF38:
 1949 028d 6D61696E 		.ascii	"main.c\000"
 1949      2E6300
 1950              	.LASF19:
 1951 0294 63686172 		.ascii	"char\000"
 1951      00
 1952              	.LASF2:
 1953 0299 73686F72 		.ascii	"short int\000"
 1953      7420696E 
 1953      7400
 1954              	.LASF13:
 1955 02a3 75696E74 		.ascii	"uint16_t\000"
 1955      31365F74 
 1955      00
 1956              	.LASF26:
 1957 02ac 76697465 		.ascii	"vitesse\000"
 1957      73736500 
 1958              	.LASF7:
 1959 02b4 6C6F6E67 		.ascii	"long int\000"
 1959      20696E74 
 1959      00
 1960              	.LASF32:
 1961 02bd 746F7572 		.ascii	"tourner_gauche\000"
 1961      6E65725F 
 1961      67617563 
 1961      686500
 1962              	.LASF0:
 1963 02cc 7369676E 		.ascii	"signed char\000"
 1963      65642063 
 1963      68617200 
 1964              	.LASF21:
 1965 02d8 76697261 		.ascii	"virage\000"
 1965      676500
 1966              		.ident	"GCC: (GNU Tools for ARM Embedded Processors) 4.9.3 20150303 (release) [ARM/embedded-4_9-br
