ARM GAS  C:\Users\Julien\AppData\Local\Temp\ccgHx3YY.s 			page 1


   1              		.syntax unified
   2              		.cpu cortex-m3
   3              		.fpu softvfp
   4              		.eabi_attribute 20, 1
   5              		.eabi_attribute 21, 1
   6              		.eabi_attribute 23, 3
   7              		.eabi_attribute 24, 1
   8              		.eabi_attribute 25, 1
   9              		.eabi_attribute 26, 1
  10              		.eabi_attribute 30, 1
  11              		.eabi_attribute 34, 1
  12              		.eabi_attribute 18, 4
  13              		.thumb
  14              		.file	"motor_management.c"
  15              		.text
  16              	.Ltext0:
  17              		.cfi_sections	.debug_frame
  18              		.section	.text.init_motor_management,"ax",%progbits
  19              		.align	2
  20              		.global	init_motor_management
  21              		.thumb
  22              		.thumb_func
  23              		.type	init_motor_management, %function
  24              	init_motor_management:
  25              	.LFB63:
  26              		.file 1 "motor_management.c"
   1:motor_management.c **** /* ========================================
   2:motor_management.c ****  *
   3:motor_management.c ****  * Copyright YOUR COMPANY, THE YEAR
   4:motor_management.c ****  * All Rights Reserved
   5:motor_management.c ****  * UNPUBLISHED, LICENSED SOFTWARE.
   6:motor_management.c ****  *
   7:motor_management.c ****  * CONFIDENTIAL AND PROPRIETARY INFORMATION
   8:motor_management.c ****  * WHICH IS THE PROPERTY OF your company.
   9:motor_management.c ****  *
  10:motor_management.c ****  * ========================================
  11:motor_management.c **** */
  12:motor_management.c **** /* ========================================
  13:motor_management.c ****  *
  14:motor_management.c ****  * Copyright YOUR COMPANY, THE YEAR
  15:motor_management.c ****  * All Rights Reserved
  16:motor_management.c ****  * UNPUBLISHED, LICENSED SOFTWARE.
  17:motor_management.c ****  *
  18:motor_management.c ****  * CONFIDENTIAL AND PROPRIETARY INFORMATION
  19:motor_management.c ****  * WHICH IS THE PROPERTY OF your company.
  20:motor_management.c ****  *
  21:motor_management.c ****  * ========================================
  22:motor_management.c **** */
  23:motor_management.c **** #include "project.h"
  24:motor_management.c **** #include "motor_management.h"
  25:motor_management.c **** 
  26:motor_management.c **** void init_motor_management()
  27:motor_management.c **** {
  27              		.loc 1 27 0
  28              		.cfi_startproc
  29              		@ args = 0, pretend = 0, frame = 0
  30              		@ frame_needed = 0, uses_anonymous_args = 0
ARM GAS  C:\Users\Julien\AppData\Local\Temp\ccgHx3YY.s 			page 2


  31 0000 08B5     		push	{r3, lr}
  32              		.cfi_def_cfa_offset 8
  33              		.cfi_offset 3, -8
  34              		.cfi_offset 14, -4
  28:motor_management.c ****     XBee_UART_Start();       //Enable UART block
  35              		.loc 1 28 0
  36 0002 FFF7FEFF 		bl	XBee_UART_Start
  37              	.LVL0:
  29:motor_management.c ****     XBee_UART_Init();
  38              		.loc 1 29 0
  39 0006 FFF7FEFF 		bl	XBee_UART_Init
  40              	.LVL1:
  30:motor_management.c ****     PWM_Front_Start();
  41              		.loc 1 30 0
  42 000a FFF7FEFF 		bl	PWM_Front_Start
  43              	.LVL2:
  31:motor_management.c ****     PWM_Back_Start();
  44              		.loc 1 31 0
  45 000e FFF7FEFF 		bl	PWM_Back_Start
  46              	.LVL3:
  32:motor_management.c ****     PWM_Front_Init();
  47              		.loc 1 32 0
  48 0012 FFF7FEFF 		bl	PWM_Front_Init
  49              	.LVL4:
  33:motor_management.c ****     PWM_Back_Init();   
  50              		.loc 1 33 0
  51 0016 FFF7FEFF 		bl	PWM_Back_Init
  52              	.LVL5:
  53 001a 08BD     		pop	{r3, pc}
  54              		.cfi_endproc
  55              	.LFE63:
  56              		.size	init_motor_management, .-init_motor_management
  57              		.section	.text.avance_moteurs,"ax",%progbits
  58              		.align	2
  59              		.global	avance_moteurs
  60              		.thumb
  61              		.thumb_func
  62              		.type	avance_moteurs, %function
  63              	avance_moteurs:
  64              	.LFB65:
  34:motor_management.c **** }
  35:motor_management.c **** 
  36:motor_management.c **** void control_moteurs()
  37:motor_management.c **** {
  38:motor_management.c ****     uint8 Received_Data;
  39:motor_management.c ****     
  40:motor_management.c ****     if(XBee_UART_GetRxBufferSize()>0)
  41:motor_management.c ****     {   
  42:motor_management.c ****         Received_Data = XBee_UART_GetChar();    
  43:motor_management.c ****         if(Received_Data == KEY_AVANCE)
  44:motor_management.c ****         {
  45:motor_management.c ****             // AVANCE TOUS LES MOTEURS
  46:motor_management.c ****             avance_moteurs();
  47:motor_management.c ****         }
  48:motor_management.c ****         else if(Received_Data == KEY_RECULE)
  49:motor_management.c ****         {
  50:motor_management.c ****             // RECULE TOUS LES MOTEURS
ARM GAS  C:\Users\Julien\AppData\Local\Temp\ccgHx3YY.s 			page 3


  51:motor_management.c ****             recule_moteurs();
  52:motor_management.c ****         }
  53:motor_management.c ****         else if(Received_Data == KEY_DROITE)
  54:motor_management.c ****         {
  55:motor_management.c ****             // TOURNE À DROITE
  56:motor_management.c ****             tourner_droite();            
  57:motor_management.c ****         }
  58:motor_management.c ****         else if(Received_Data == KEY_GAUCHE)
  59:motor_management.c ****         {
  60:motor_management.c ****             // TOURNE À GAUCHE
  61:motor_management.c ****             tourner_gauche();                                        
  62:motor_management.c ****         }
  63:motor_management.c ****     }    
  64:motor_management.c **** }
  65:motor_management.c **** 
  66:motor_management.c **** void avance_moteurs(void)
  67:motor_management.c **** {
  65              		.loc 1 67 0
  66              		.cfi_startproc
  67              		@ args = 0, pretend = 0, frame = 0
  68              		@ frame_needed = 0, uses_anonymous_args = 0
  69 0000 08B5     		push	{r3, lr}
  70              		.cfi_def_cfa_offset 8
  71              		.cfi_offset 3, -8
  72              		.cfi_offset 14, -4
  68:motor_management.c ****     ctrl_moteur_Write(CTRL_AVANCE);
  73              		.loc 1 68 0
  74 0002 0F20     		movs	r0, #15
  75 0004 FFF7FEFF 		bl	ctrl_moteur_Write
  76              	.LVL6:
  69:motor_management.c ****     
  70:motor_management.c ****     PWM_Front_WriteCompare1(VITESSE_1); // Moteur Front Left    
  77              		.loc 1 70 0
  78 0008 FF20     		movs	r0, #255
  79 000a FFF7FEFF 		bl	PWM_Front_WriteCompare1
  80              	.LVL7:
  71:motor_management.c ****     PWM_Front_WriteCompare2(VITESSE_1); // Moteur Front Right
  81              		.loc 1 71 0
  82 000e FF20     		movs	r0, #255
  83 0010 FFF7FEFF 		bl	PWM_Front_WriteCompare2
  84              	.LVL8:
  72:motor_management.c ****     PWM_Back_WriteCompare1(VITESSE_1);  // Moteur Back Left
  85              		.loc 1 72 0
  86 0014 FF20     		movs	r0, #255
  87 0016 FFF7FEFF 		bl	PWM_Back_WriteCompare1
  88              	.LVL9:
  73:motor_management.c ****     PWM_Back_WriteCompare2(VITESSE_1);  // Moteur Back Right
  89              		.loc 1 73 0
  90 001a FF20     		movs	r0, #255
  91 001c FFF7FEFF 		bl	PWM_Back_WriteCompare2
  92              	.LVL10:
  93 0020 08BD     		pop	{r3, pc}
  94              		.cfi_endproc
  95              	.LFE65:
  96              		.size	avance_moteurs, .-avance_moteurs
  97 0022 00BF     		.section	.text.recule_moteurs,"ax",%progbits
  98              		.align	2
ARM GAS  C:\Users\Julien\AppData\Local\Temp\ccgHx3YY.s 			page 4


  99              		.global	recule_moteurs
 100              		.thumb
 101              		.thumb_func
 102              		.type	recule_moteurs, %function
 103              	recule_moteurs:
 104              	.LFB66:
  74:motor_management.c **** }
  75:motor_management.c **** void recule_moteurs(void)
  76:motor_management.c **** {
 105              		.loc 1 76 0
 106              		.cfi_startproc
 107              		@ args = 0, pretend = 0, frame = 0
 108              		@ frame_needed = 0, uses_anonymous_args = 0
 109 0000 08B5     		push	{r3, lr}
 110              		.cfi_def_cfa_offset 8
 111              		.cfi_offset 3, -8
 112              		.cfi_offset 14, -4
  77:motor_management.c ****     ctrl_moteur_Write(CTRL_RECULE);
 113              		.loc 1 77 0
 114 0002 F020     		movs	r0, #240
 115 0004 FFF7FEFF 		bl	ctrl_moteur_Write
 116              	.LVL11:
  78:motor_management.c ****     
  79:motor_management.c ****     PWM_Front_WriteCompare1(VITESSE_1); // Moteur Front Left    
 117              		.loc 1 79 0
 118 0008 FF20     		movs	r0, #255
 119 000a FFF7FEFF 		bl	PWM_Front_WriteCompare1
 120              	.LVL12:
  80:motor_management.c ****     PWM_Front_WriteCompare2(VITESSE_1); // Moteur Front Right
 121              		.loc 1 80 0
 122 000e FF20     		movs	r0, #255
 123 0010 FFF7FEFF 		bl	PWM_Front_WriteCompare2
 124              	.LVL13:
  81:motor_management.c ****     PWM_Back_WriteCompare1(VITESSE_1);  // Moteur Back Left
 125              		.loc 1 81 0
 126 0014 FF20     		movs	r0, #255
 127 0016 FFF7FEFF 		bl	PWM_Back_WriteCompare1
 128              	.LVL14:
  82:motor_management.c ****     PWM_Back_WriteCompare2(VITESSE_1);  // Moteur Back Right
 129              		.loc 1 82 0
 130 001a FF20     		movs	r0, #255
 131 001c FFF7FEFF 		bl	PWM_Back_WriteCompare2
 132              	.LVL15:
 133 0020 08BD     		pop	{r3, pc}
 134              		.cfi_endproc
 135              	.LFE66:
 136              		.size	recule_moteurs, .-recule_moteurs
 137 0022 00BF     		.section	.text.tourner_droite,"ax",%progbits
 138              		.align	2
 139              		.global	tourner_droite
 140              		.thumb
 141              		.thumb_func
 142              		.type	tourner_droite, %function
 143              	tourner_droite:
 144              	.LFB67:
  83:motor_management.c **** }
  84:motor_management.c **** 
ARM GAS  C:\Users\Julien\AppData\Local\Temp\ccgHx3YY.s 			page 5


  85:motor_management.c **** void tourner_droite(void)
  86:motor_management.c **** {
 145              		.loc 1 86 0
 146              		.cfi_startproc
 147              		@ args = 0, pretend = 0, frame = 0
 148              		@ frame_needed = 0, uses_anonymous_args = 0
 149 0000 08B5     		push	{r3, lr}
 150              		.cfi_def_cfa_offset 8
 151              		.cfi_offset 3, -8
 152              		.cfi_offset 14, -4
  87:motor_management.c ****     ctrl_moteur_Write(CTRL_DROITE);
 153              		.loc 1 87 0
 154 0002 A520     		movs	r0, #165
 155 0004 FFF7FEFF 		bl	ctrl_moteur_Write
 156              	.LVL16:
  88:motor_management.c ****     
  89:motor_management.c ****     PWM_Front_WriteCompare1(VITESSE_1); // Moteur Front Left    
 157              		.loc 1 89 0
 158 0008 FF20     		movs	r0, #255
 159 000a FFF7FEFF 		bl	PWM_Front_WriteCompare1
 160              	.LVL17:
  90:motor_management.c ****     PWM_Front_WriteCompare2(VITESSE_1); // Moteur Front Right
 161              		.loc 1 90 0
 162 000e FF20     		movs	r0, #255
 163 0010 FFF7FEFF 		bl	PWM_Front_WriteCompare2
 164              	.LVL18:
  91:motor_management.c ****     PWM_Back_WriteCompare1(VITESSE_1);  // Moteur Back Left
 165              		.loc 1 91 0
 166 0014 FF20     		movs	r0, #255
 167 0016 FFF7FEFF 		bl	PWM_Back_WriteCompare1
 168              	.LVL19:
  92:motor_management.c ****     PWM_Back_WriteCompare2(VITESSE_1);  // Moteur Back Right
 169              		.loc 1 92 0
 170 001a FF20     		movs	r0, #255
 171 001c FFF7FEFF 		bl	PWM_Back_WriteCompare2
 172              	.LVL20:
 173 0020 08BD     		pop	{r3, pc}
 174              		.cfi_endproc
 175              	.LFE67:
 176              		.size	tourner_droite, .-tourner_droite
 177 0022 00BF     		.section	.text.tourner_gauche,"ax",%progbits
 178              		.align	2
 179              		.global	tourner_gauche
 180              		.thumb
 181              		.thumb_func
 182              		.type	tourner_gauche, %function
 183              	tourner_gauche:
 184              	.LFB68:
  93:motor_management.c **** } 
  94:motor_management.c **** 
  95:motor_management.c **** void tourner_gauche(void)
  96:motor_management.c **** {
 185              		.loc 1 96 0
 186              		.cfi_startproc
 187              		@ args = 0, pretend = 0, frame = 0
 188              		@ frame_needed = 0, uses_anonymous_args = 0
 189 0000 08B5     		push	{r3, lr}
ARM GAS  C:\Users\Julien\AppData\Local\Temp\ccgHx3YY.s 			page 6


 190              		.cfi_def_cfa_offset 8
 191              		.cfi_offset 3, -8
 192              		.cfi_offset 14, -4
  97:motor_management.c ****     ctrl_moteur_Write(CTRL_GAUCHE);
 193              		.loc 1 97 0
 194 0002 5A20     		movs	r0, #90
 195 0004 FFF7FEFF 		bl	ctrl_moteur_Write
 196              	.LVL21:
  98:motor_management.c ****     
  99:motor_management.c ****     PWM_Front_WriteCompare1(VITESSE_1); // Moteur Front Left    
 197              		.loc 1 99 0
 198 0008 FF20     		movs	r0, #255
 199 000a FFF7FEFF 		bl	PWM_Front_WriteCompare1
 200              	.LVL22:
 100:motor_management.c ****     PWM_Front_WriteCompare2(VITESSE_1); // Moteur Front Right
 201              		.loc 1 100 0
 202 000e FF20     		movs	r0, #255
 203 0010 FFF7FEFF 		bl	PWM_Front_WriteCompare2
 204              	.LVL23:
 101:motor_management.c ****     PWM_Back_WriteCompare1(VITESSE_1);  // Moteur Back Left
 205              		.loc 1 101 0
 206 0014 FF20     		movs	r0, #255
 207 0016 FFF7FEFF 		bl	PWM_Back_WriteCompare1
 208              	.LVL24:
 102:motor_management.c ****     PWM_Back_WriteCompare2(VITESSE_1);  // Moteur Back Right
 209              		.loc 1 102 0
 210 001a FF20     		movs	r0, #255
 211 001c FFF7FEFF 		bl	PWM_Back_WriteCompare2
 212              	.LVL25:
 213 0020 08BD     		pop	{r3, pc}
 214              		.cfi_endproc
 215              	.LFE68:
 216              		.size	tourner_gauche, .-tourner_gauche
 217 0022 00BF     		.section	.text.control_moteurs,"ax",%progbits
 218              		.align	2
 219              		.global	control_moteurs
 220              		.thumb
 221              		.thumb_func
 222              		.type	control_moteurs, %function
 223              	control_moteurs:
 224              	.LFB64:
  37:motor_management.c ****     uint8 Received_Data;
 225              		.loc 1 37 0
 226              		.cfi_startproc
 227              		@ args = 0, pretend = 0, frame = 0
 228              		@ frame_needed = 0, uses_anonymous_args = 0
 229 0000 08B5     		push	{r3, lr}
 230              		.cfi_def_cfa_offset 8
 231              		.cfi_offset 3, -8
 232              		.cfi_offset 14, -4
  40:motor_management.c ****     {   
 233              		.loc 1 40 0
 234 0002 FFF7FEFF 		bl	XBee_UART_GetRxBufferSize
 235              	.LVL26:
 236 0006 A0B1     		cbz	r0, .L11
  42:motor_management.c ****         if(Received_Data == KEY_AVANCE)
 237              		.loc 1 42 0
ARM GAS  C:\Users\Julien\AppData\Local\Temp\ccgHx3YY.s 			page 7


 238 0008 FFF7FEFF 		bl	XBee_UART_GetChar
 239              	.LVL27:
  43:motor_management.c ****         {
 240              		.loc 1 43 0
 241 000c 6528     		cmp	r0, #101
 242 000e 02D1     		bne	.L13
  46:motor_management.c ****         }
 243              		.loc 1 46 0
 244 0010 FFF7FEFF 		bl	avance_moteurs
 245              	.LVL28:
 246 0014 08BD     		pop	{r3, pc}
 247              	.LVL29:
 248              	.L13:
  48:motor_management.c ****         {
 249              		.loc 1 48 0
 250 0016 7828     		cmp	r0, #120
 251 0018 02D1     		bne	.L14
  51:motor_management.c ****         }
 252              		.loc 1 51 0
 253 001a FFF7FEFF 		bl	recule_moteurs
 254              	.LVL30:
 255 001e 08BD     		pop	{r3, pc}
 256              	.LVL31:
 257              	.L14:
  53:motor_management.c ****         {
 258              		.loc 1 53 0
 259 0020 7328     		cmp	r0, #115
 260 0022 02D1     		bne	.L15
  56:motor_management.c ****         }
 261              		.loc 1 56 0
 262 0024 FFF7FEFF 		bl	tourner_droite
 263              	.LVL32:
 264 0028 08BD     		pop	{r3, pc}
 265              	.LVL33:
 266              	.L15:
  58:motor_management.c ****         {
 267              		.loc 1 58 0
 268 002a 6628     		cmp	r0, #102
 269 002c 01D1     		bne	.L11
  61:motor_management.c ****         }
 270              		.loc 1 61 0
 271 002e FFF7FEFF 		bl	tourner_gauche
 272              	.LVL34:
 273              	.L11:
 274 0032 08BD     		pop	{r3, pc}
 275              		.cfi_endproc
 276              	.LFE64:
 277              		.size	control_moteurs, .-control_moteurs
 278              		.text
 279              	.Letext0:
 280              		.file 2 "c:\\program files (x86)\\cypress\\psoc creator\\4.0\\psoc creator\\import\\gnu\\arm\\4.9.
 281              		.file 3 "c:\\program files (x86)\\cypress\\psoc creator\\4.0\\psoc creator\\import\\gnu\\arm\\4.9.
 282              		.file 4 "Generated_Source\\PSoC5/cytypes.h"
 283              		.file 5 "Generated_Source\\PSoC5/XBee_UART.h"
 284              		.file 6 "Generated_Source\\PSoC5/PWM_Front.h"
 285              		.file 7 "Generated_Source\\PSoC5/PWM_Back.h"
 286              		.file 8 "Generated_Source\\PSoC5/ctrl_moteur.h"
ARM GAS  C:\Users\Julien\AppData\Local\Temp\ccgHx3YY.s 			page 8


 287              		.file 9 "Generated_Source\\PSoC5/core_cm3.h"
 288              		.section	.debug_info,"",%progbits
 289              	.Ldebug_info0:
 290 0000 CA030000 		.4byte	0x3ca
 291 0004 0400     		.2byte	0x4
 292 0006 00000000 		.4byte	.Ldebug_abbrev0
 293 000a 04       		.byte	0x4
 294 000b 01       		.uleb128 0x1
 295 000c 86010000 		.4byte	.LASF35
 296 0010 01       		.byte	0x1
 297 0011 8C000000 		.4byte	.LASF36
 298 0015 CC020000 		.4byte	.LASF37
 299 0019 00000000 		.4byte	.Ldebug_ranges0+0
 300 001d 00000000 		.4byte	0
 301 0021 00000000 		.4byte	.Ldebug_line0
 302 0025 02       		.uleb128 0x2
 303 0026 01       		.byte	0x1
 304 0027 06       		.byte	0x6
 305 0028 C0020000 		.4byte	.LASF0
 306 002c 02       		.uleb128 0x2
 307 002d 01       		.byte	0x1
 308 002e 08       		.byte	0x8
 309 002f 64000000 		.4byte	.LASF1
 310 0033 02       		.uleb128 0x2
 311 0034 02       		.byte	0x2
 312 0035 05       		.byte	0x5
 313 0036 71020000 		.4byte	.LASF2
 314 003a 02       		.uleb128 0x2
 315 003b 02       		.byte	0x2
 316 003c 07       		.byte	0x7
 317 003d D8000000 		.4byte	.LASF3
 318 0041 03       		.uleb128 0x3
 319 0042 10000000 		.4byte	.LASF9
 320 0046 02       		.byte	0x2
 321 0047 3F       		.byte	0x3f
 322 0048 4C000000 		.4byte	0x4c
 323 004c 02       		.uleb128 0x2
 324 004d 04       		.byte	0x4
 325 004e 05       		.byte	0x5
 326 004f 99020000 		.4byte	.LASF4
 327 0053 02       		.uleb128 0x2
 328 0054 04       		.byte	0x4
 329 0055 07       		.byte	0x7
 330 0056 B7000000 		.4byte	.LASF5
 331 005a 02       		.uleb128 0x2
 332 005b 08       		.byte	0x8
 333 005c 05       		.byte	0x5
 334 005d 4E020000 		.4byte	.LASF6
 335 0061 02       		.uleb128 0x2
 336 0062 08       		.byte	0x8
 337 0063 07       		.byte	0x7
 338 0064 6F010000 		.4byte	.LASF7
 339 0068 04       		.uleb128 0x4
 340 0069 04       		.byte	0x4
 341 006a 05       		.byte	0x5
 342 006b 696E7400 		.ascii	"int\000"
 343 006f 02       		.uleb128 0x2
ARM GAS  C:\Users\Julien\AppData\Local\Temp\ccgHx3YY.s 			page 9


 344 0070 04       		.byte	0x4
 345 0071 07       		.byte	0x7
 346 0072 62010000 		.4byte	.LASF8
 347 0076 03       		.uleb128 0x3
 348 0077 26020000 		.4byte	.LASF10
 349 007b 03       		.byte	0x3
 350 007c 2C       		.byte	0x2c
 351 007d 41000000 		.4byte	0x41
 352 0081 05       		.uleb128 0x5
 353 0082 93020000 		.4byte	.LASF11
 354 0086 04       		.byte	0x4
 355 0087 9201     		.2byte	0x192
 356 0089 2C000000 		.4byte	0x2c
 357 008d 02       		.uleb128 0x2
 358 008e 04       		.byte	0x4
 359 008f 04       		.byte	0x4
 360 0090 40000000 		.4byte	.LASF12
 361 0094 02       		.uleb128 0x2
 362 0095 08       		.byte	0x8
 363 0096 04       		.byte	0x4
 364 0097 F8000000 		.4byte	.LASF13
 365 009b 02       		.uleb128 0x2
 366 009c 01       		.byte	0x1
 367 009d 08       		.byte	0x8
 368 009e 5C020000 		.4byte	.LASF14
 369 00a2 02       		.uleb128 0x2
 370 00a3 04       		.byte	0x4
 371 00a4 07       		.byte	0x7
 372 00a5 2E020000 		.4byte	.LASF15
 373 00a9 06       		.uleb128 0x6
 374 00aa 0D010000 		.4byte	.LASF20
 375 00ae 01       		.byte	0x1
 376 00af 1A       		.byte	0x1a
 377 00b0 00000000 		.4byte	.LFB63
 378 00b4 1C000000 		.4byte	.LFE63-.LFB63
 379 00b8 01       		.uleb128 0x1
 380 00b9 9C       		.byte	0x9c
 381 00ba F5000000 		.4byte	0xf5
 382 00be 07       		.uleb128 0x7
 383 00bf 06000000 		.4byte	.LVL0
 384 00c3 38030000 		.4byte	0x338
 385 00c7 07       		.uleb128 0x7
 386 00c8 0A000000 		.4byte	.LVL1
 387 00cc 3F030000 		.4byte	0x33f
 388 00d0 07       		.uleb128 0x7
 389 00d1 0E000000 		.4byte	.LVL2
 390 00d5 46030000 		.4byte	0x346
 391 00d9 07       		.uleb128 0x7
 392 00da 12000000 		.4byte	.LVL3
 393 00de 4D030000 		.4byte	0x34d
 394 00e2 07       		.uleb128 0x7
 395 00e3 16000000 		.4byte	.LVL4
 396 00e7 54030000 		.4byte	0x354
 397 00eb 07       		.uleb128 0x7
 398 00ec 1A000000 		.4byte	.LVL5
 399 00f0 5B030000 		.4byte	0x35b
 400 00f4 00       		.byte	0
ARM GAS  C:\Users\Julien\AppData\Local\Temp\ccgHx3YY.s 			page 10


 401 00f5 08       		.uleb128 0x8
 402 00f6 32010000 		.4byte	.LASF16
 403 00fa 01       		.byte	0x1
 404 00fb 42       		.byte	0x42
 405 00fc 00000000 		.4byte	.LFB65
 406 0100 22000000 		.4byte	.LFE65-.LFB65
 407 0104 01       		.uleb128 0x1
 408 0105 9C       		.byte	0x9c
 409 0106 6A010000 		.4byte	0x16a
 410 010a 09       		.uleb128 0x9
 411 010b 08000000 		.4byte	.LVL6
 412 010f 62030000 		.4byte	0x362
 413 0113 1D010000 		.4byte	0x11d
 414 0117 0A       		.uleb128 0xa
 415 0118 01       		.uleb128 0x1
 416 0119 50       		.byte	0x50
 417 011a 01       		.uleb128 0x1
 418 011b 3F       		.byte	0x3f
 419 011c 00       		.byte	0
 420 011d 09       		.uleb128 0x9
 421 011e 0E000000 		.4byte	.LVL7
 422 0122 73030000 		.4byte	0x373
 423 0126 31010000 		.4byte	0x131
 424 012a 0A       		.uleb128 0xa
 425 012b 01       		.uleb128 0x1
 426 012c 50       		.byte	0x50
 427 012d 02       		.uleb128 0x2
 428 012e 09       		.byte	0x9
 429 012f FF       		.byte	0xff
 430 0130 00       		.byte	0
 431 0131 09       		.uleb128 0x9
 432 0132 14000000 		.4byte	.LVL8
 433 0136 84030000 		.4byte	0x384
 434 013a 45010000 		.4byte	0x145
 435 013e 0A       		.uleb128 0xa
 436 013f 01       		.uleb128 0x1
 437 0140 50       		.byte	0x50
 438 0141 02       		.uleb128 0x2
 439 0142 09       		.byte	0x9
 440 0143 FF       		.byte	0xff
 441 0144 00       		.byte	0
 442 0145 09       		.uleb128 0x9
 443 0146 1A000000 		.4byte	.LVL9
 444 014a 95030000 		.4byte	0x395
 445 014e 59010000 		.4byte	0x159
 446 0152 0A       		.uleb128 0xa
 447 0153 01       		.uleb128 0x1
 448 0154 50       		.byte	0x50
 449 0155 02       		.uleb128 0x2
 450 0156 09       		.byte	0x9
 451 0157 FF       		.byte	0xff
 452 0158 00       		.byte	0
 453 0159 0B       		.uleb128 0xb
 454 015a 20000000 		.4byte	.LVL10
 455 015e A6030000 		.4byte	0x3a6
 456 0162 0A       		.uleb128 0xa
 457 0163 01       		.uleb128 0x1
ARM GAS  C:\Users\Julien\AppData\Local\Temp\ccgHx3YY.s 			page 11


 458 0164 50       		.byte	0x50
 459 0165 02       		.uleb128 0x2
 460 0166 09       		.byte	0x9
 461 0167 FF       		.byte	0xff
 462 0168 00       		.byte	0
 463 0169 00       		.byte	0
 464 016a 08       		.uleb128 0x8
 465 016b 41010000 		.4byte	.LASF17
 466 016f 01       		.byte	0x1
 467 0170 4B       		.byte	0x4b
 468 0171 00000000 		.4byte	.LFB66
 469 0175 22000000 		.4byte	.LFE66-.LFB66
 470 0179 01       		.uleb128 0x1
 471 017a 9C       		.byte	0x9c
 472 017b E0010000 		.4byte	0x1e0
 473 017f 09       		.uleb128 0x9
 474 0180 08000000 		.4byte	.LVL11
 475 0184 62030000 		.4byte	0x362
 476 0188 93010000 		.4byte	0x193
 477 018c 0A       		.uleb128 0xa
 478 018d 01       		.uleb128 0x1
 479 018e 50       		.byte	0x50
 480 018f 02       		.uleb128 0x2
 481 0190 09       		.byte	0x9
 482 0191 F0       		.byte	0xf0
 483 0192 00       		.byte	0
 484 0193 09       		.uleb128 0x9
 485 0194 0E000000 		.4byte	.LVL12
 486 0198 73030000 		.4byte	0x373
 487 019c A7010000 		.4byte	0x1a7
 488 01a0 0A       		.uleb128 0xa
 489 01a1 01       		.uleb128 0x1
 490 01a2 50       		.byte	0x50
 491 01a3 02       		.uleb128 0x2
 492 01a4 09       		.byte	0x9
 493 01a5 FF       		.byte	0xff
 494 01a6 00       		.byte	0
 495 01a7 09       		.uleb128 0x9
 496 01a8 14000000 		.4byte	.LVL13
 497 01ac 84030000 		.4byte	0x384
 498 01b0 BB010000 		.4byte	0x1bb
 499 01b4 0A       		.uleb128 0xa
 500 01b5 01       		.uleb128 0x1
 501 01b6 50       		.byte	0x50
 502 01b7 02       		.uleb128 0x2
 503 01b8 09       		.byte	0x9
 504 01b9 FF       		.byte	0xff
 505 01ba 00       		.byte	0
 506 01bb 09       		.uleb128 0x9
 507 01bc 1A000000 		.4byte	.LVL14
 508 01c0 95030000 		.4byte	0x395
 509 01c4 CF010000 		.4byte	0x1cf
 510 01c8 0A       		.uleb128 0xa
 511 01c9 01       		.uleb128 0x1
 512 01ca 50       		.byte	0x50
 513 01cb 02       		.uleb128 0x2
 514 01cc 09       		.byte	0x9
ARM GAS  C:\Users\Julien\AppData\Local\Temp\ccgHx3YY.s 			page 12


 515 01cd FF       		.byte	0xff
 516 01ce 00       		.byte	0
 517 01cf 0B       		.uleb128 0xb
 518 01d0 20000000 		.4byte	.LVL15
 519 01d4 A6030000 		.4byte	0x3a6
 520 01d8 0A       		.uleb128 0xa
 521 01d9 01       		.uleb128 0x1
 522 01da 50       		.byte	0x50
 523 01db 02       		.uleb128 0x2
 524 01dc 09       		.byte	0x9
 525 01dd FF       		.byte	0xff
 526 01de 00       		.byte	0
 527 01df 00       		.byte	0
 528 01e0 08       		.uleb128 0x8
 529 01e1 1A000000 		.4byte	.LASF18
 530 01e5 01       		.byte	0x1
 531 01e6 55       		.byte	0x55
 532 01e7 00000000 		.4byte	.LFB67
 533 01eb 22000000 		.4byte	.LFE67-.LFB67
 534 01ef 01       		.uleb128 0x1
 535 01f0 9C       		.byte	0x9c
 536 01f1 56020000 		.4byte	0x256
 537 01f5 09       		.uleb128 0x9
 538 01f6 08000000 		.4byte	.LVL16
 539 01fa 62030000 		.4byte	0x362
 540 01fe 09020000 		.4byte	0x209
 541 0202 0A       		.uleb128 0xa
 542 0203 01       		.uleb128 0x1
 543 0204 50       		.byte	0x50
 544 0205 02       		.uleb128 0x2
 545 0206 09       		.byte	0x9
 546 0207 A5       		.byte	0xa5
 547 0208 00       		.byte	0
 548 0209 09       		.uleb128 0x9
 549 020a 0E000000 		.4byte	.LVL17
 550 020e 73030000 		.4byte	0x373
 551 0212 1D020000 		.4byte	0x21d
 552 0216 0A       		.uleb128 0xa
 553 0217 01       		.uleb128 0x1
 554 0218 50       		.byte	0x50
 555 0219 02       		.uleb128 0x2
 556 021a 09       		.byte	0x9
 557 021b FF       		.byte	0xff
 558 021c 00       		.byte	0
 559 021d 09       		.uleb128 0x9
 560 021e 14000000 		.4byte	.LVL18
 561 0222 84030000 		.4byte	0x384
 562 0226 31020000 		.4byte	0x231
 563 022a 0A       		.uleb128 0xa
 564 022b 01       		.uleb128 0x1
 565 022c 50       		.byte	0x50
 566 022d 02       		.uleb128 0x2
 567 022e 09       		.byte	0x9
 568 022f FF       		.byte	0xff
 569 0230 00       		.byte	0
 570 0231 09       		.uleb128 0x9
 571 0232 1A000000 		.4byte	.LVL19
ARM GAS  C:\Users\Julien\AppData\Local\Temp\ccgHx3YY.s 			page 13


 572 0236 95030000 		.4byte	0x395
 573 023a 45020000 		.4byte	0x245
 574 023e 0A       		.uleb128 0xa
 575 023f 01       		.uleb128 0x1
 576 0240 50       		.byte	0x50
 577 0241 02       		.uleb128 0x2
 578 0242 09       		.byte	0x9
 579 0243 FF       		.byte	0xff
 580 0244 00       		.byte	0
 581 0245 0B       		.uleb128 0xb
 582 0246 20000000 		.4byte	.LVL20
 583 024a A6030000 		.4byte	0x3a6
 584 024e 0A       		.uleb128 0xa
 585 024f 01       		.uleb128 0x1
 586 0250 50       		.byte	0x50
 587 0251 02       		.uleb128 0x2
 588 0252 09       		.byte	0x9
 589 0253 FF       		.byte	0xff
 590 0254 00       		.byte	0
 591 0255 00       		.byte	0
 592 0256 08       		.uleb128 0x8
 593 0257 B1020000 		.4byte	.LASF19
 594 025b 01       		.byte	0x1
 595 025c 5F       		.byte	0x5f
 596 025d 00000000 		.4byte	.LFB68
 597 0261 22000000 		.4byte	.LFE68-.LFB68
 598 0265 01       		.uleb128 0x1
 599 0266 9C       		.byte	0x9c
 600 0267 CC020000 		.4byte	0x2cc
 601 026b 09       		.uleb128 0x9
 602 026c 08000000 		.4byte	.LVL21
 603 0270 62030000 		.4byte	0x362
 604 0274 7F020000 		.4byte	0x27f
 605 0278 0A       		.uleb128 0xa
 606 0279 01       		.uleb128 0x1
 607 027a 50       		.byte	0x50
 608 027b 02       		.uleb128 0x2
 609 027c 08       		.byte	0x8
 610 027d 5A       		.byte	0x5a
 611 027e 00       		.byte	0
 612 027f 09       		.uleb128 0x9
 613 0280 0E000000 		.4byte	.LVL22
 614 0284 73030000 		.4byte	0x373
 615 0288 93020000 		.4byte	0x293
 616 028c 0A       		.uleb128 0xa
 617 028d 01       		.uleb128 0x1
 618 028e 50       		.byte	0x50
 619 028f 02       		.uleb128 0x2
 620 0290 09       		.byte	0x9
 621 0291 FF       		.byte	0xff
 622 0292 00       		.byte	0
 623 0293 09       		.uleb128 0x9
 624 0294 14000000 		.4byte	.LVL23
 625 0298 84030000 		.4byte	0x384
 626 029c A7020000 		.4byte	0x2a7
 627 02a0 0A       		.uleb128 0xa
 628 02a1 01       		.uleb128 0x1
ARM GAS  C:\Users\Julien\AppData\Local\Temp\ccgHx3YY.s 			page 14


 629 02a2 50       		.byte	0x50
 630 02a3 02       		.uleb128 0x2
 631 02a4 09       		.byte	0x9
 632 02a5 FF       		.byte	0xff
 633 02a6 00       		.byte	0
 634 02a7 09       		.uleb128 0x9
 635 02a8 1A000000 		.4byte	.LVL24
 636 02ac 95030000 		.4byte	0x395
 637 02b0 BB020000 		.4byte	0x2bb
 638 02b4 0A       		.uleb128 0xa
 639 02b5 01       		.uleb128 0x1
 640 02b6 50       		.byte	0x50
 641 02b7 02       		.uleb128 0x2
 642 02b8 09       		.byte	0x9
 643 02b9 FF       		.byte	0xff
 644 02ba 00       		.byte	0
 645 02bb 0B       		.uleb128 0xb
 646 02bc 20000000 		.4byte	.LVL25
 647 02c0 A6030000 		.4byte	0x3a6
 648 02c4 0A       		.uleb128 0xa
 649 02c5 01       		.uleb128 0x1
 650 02c6 50       		.byte	0x50
 651 02c7 02       		.uleb128 0x2
 652 02c8 09       		.byte	0x9
 653 02c9 FF       		.byte	0xff
 654 02ca 00       		.byte	0
 655 02cb 00       		.byte	0
 656 02cc 06       		.uleb128 0x6
 657 02cd 61020000 		.4byte	.LASF21
 658 02d1 01       		.byte	0x1
 659 02d2 24       		.byte	0x24
 660 02d3 00000000 		.4byte	.LFB64
 661 02d7 34000000 		.4byte	.LFE64-.LFB64
 662 02db 01       		.uleb128 0x1
 663 02dc 9C       		.byte	0x9c
 664 02dd 27030000 		.4byte	0x327
 665 02e1 0C       		.uleb128 0xc
 666 02e2 FF000000 		.4byte	.LASF38
 667 02e6 01       		.byte	0x1
 668 02e7 26       		.byte	0x26
 669 02e8 81000000 		.4byte	0x81
 670 02ec 00000000 		.4byte	.LLST0
 671 02f0 07       		.uleb128 0x7
 672 02f1 06000000 		.4byte	.LVL26
 673 02f5 B7030000 		.4byte	0x3b7
 674 02f9 07       		.uleb128 0x7
 675 02fa 0C000000 		.4byte	.LVL27
 676 02fe C2030000 		.4byte	0x3c2
 677 0302 07       		.uleb128 0x7
 678 0303 14000000 		.4byte	.LVL28
 679 0307 F5000000 		.4byte	0xf5
 680 030b 07       		.uleb128 0x7
 681 030c 1E000000 		.4byte	.LVL30
 682 0310 6A010000 		.4byte	0x16a
 683 0314 07       		.uleb128 0x7
 684 0315 28000000 		.4byte	.LVL32
 685 0319 E0010000 		.4byte	0x1e0
ARM GAS  C:\Users\Julien\AppData\Local\Temp\ccgHx3YY.s 			page 15


 686 031d 07       		.uleb128 0x7
 687 031e 32000000 		.4byte	.LVL34
 688 0322 56020000 		.4byte	0x256
 689 0326 00       		.byte	0
 690 0327 0D       		.uleb128 0xd
 691 0328 EB000000 		.4byte	.LASF39
 692 032c 09       		.byte	0x9
 693 032d 9606     		.2byte	0x696
 694 032f 33030000 		.4byte	0x333
 695 0333 0E       		.uleb128 0xe
 696 0334 76000000 		.4byte	0x76
 697 0338 0F       		.uleb128 0xf
 698 0339 00000000 		.4byte	.LASF22
 699 033d 05       		.byte	0x5
 700 033e 54       		.byte	0x54
 701 033f 0F       		.uleb128 0xf
 702 0340 A2020000 		.4byte	.LASF23
 703 0344 05       		.byte	0x5
 704 0345 59       		.byte	0x59
 705 0346 0F       		.uleb128 0xf
 706 0347 54000000 		.4byte	.LASF24
 707 034b 06       		.byte	0x6
 708 034c 92       		.byte	0x92
 709 034d 0F       		.uleb128 0xf
 710 034e C9000000 		.4byte	.LASF25
 711 0352 07       		.byte	0x7
 712 0353 92       		.byte	0x92
 713 0354 0F       		.uleb128 0xf
 714 0355 23010000 		.4byte	.LASF26
 715 0359 06       		.byte	0x6
 716 035a DA       		.byte	0xda
 717 035b 0F       		.uleb128 0xf
 718 035c 46000000 		.4byte	.LASF27
 719 0360 07       		.byte	0x7
 720 0361 DA       		.byte	0xda
 721 0362 10       		.uleb128 0x10
 722 0363 14020000 		.4byte	.LASF28
 723 0367 08       		.byte	0x8
 724 0368 27       		.byte	0x27
 725 0369 73030000 		.4byte	0x373
 726 036d 11       		.uleb128 0x11
 727 036e 81000000 		.4byte	0x81
 728 0372 00       		.byte	0
 729 0373 10       		.uleb128 0x10
 730 0374 9F000000 		.4byte	.LASF29
 731 0378 06       		.byte	0x6
 732 0379 C7       		.byte	0xc7
 733 037a 84030000 		.4byte	0x384
 734 037e 11       		.uleb128 0x11
 735 037f 81000000 		.4byte	0x81
 736 0383 00       		.byte	0
 737 0384 10       		.uleb128 0x10
 738 0385 7B020000 		.4byte	.LASF30
 739 0389 06       		.byte	0x6
 740 038a CA       		.byte	0xca
 741 038b 95030000 		.4byte	0x395
 742 038f 11       		.uleb128 0x11
ARM GAS  C:\Users\Julien\AppData\Local\Temp\ccgHx3YY.s 			page 16


 743 0390 81000000 		.4byte	0x81
 744 0394 00       		.byte	0
 745 0395 10       		.uleb128 0x10
 746 0396 29000000 		.4byte	.LASF31
 747 039a 07       		.byte	0x7
 748 039b C7       		.byte	0xc7
 749 039c A6030000 		.4byte	0x3a6
 750 03a0 11       		.uleb128 0x11
 751 03a1 81000000 		.4byte	0x81
 752 03a5 00       		.byte	0
 753 03a6 10       		.uleb128 0x10
 754 03a7 37020000 		.4byte	.LASF32
 755 03ab 07       		.byte	0x7
 756 03ac CA       		.byte	0xca
 757 03ad B7030000 		.4byte	0x3b7
 758 03b1 11       		.uleb128 0x11
 759 03b2 81000000 		.4byte	0x81
 760 03b6 00       		.byte	0
 761 03b7 12       		.uleb128 0x12
 762 03b8 72000000 		.4byte	.LASF33
 763 03bc 05       		.byte	0x5
 764 03bd 73       		.byte	0x73
 765 03be 81000000 		.4byte	0x81
 766 03c2 12       		.uleb128 0x12
 767 03c3 50010000 		.4byte	.LASF34
 768 03c7 05       		.byte	0x5
 769 03c8 71       		.byte	0x71
 770 03c9 81000000 		.4byte	0x81
 771 03cd 00       		.byte	0
 772              		.section	.debug_abbrev,"",%progbits
 773              	.Ldebug_abbrev0:
 774 0000 01       		.uleb128 0x1
 775 0001 11       		.uleb128 0x11
 776 0002 01       		.byte	0x1
 777 0003 25       		.uleb128 0x25
 778 0004 0E       		.uleb128 0xe
 779 0005 13       		.uleb128 0x13
 780 0006 0B       		.uleb128 0xb
 781 0007 03       		.uleb128 0x3
 782 0008 0E       		.uleb128 0xe
 783 0009 1B       		.uleb128 0x1b
 784 000a 0E       		.uleb128 0xe
 785 000b 55       		.uleb128 0x55
 786 000c 17       		.uleb128 0x17
 787 000d 11       		.uleb128 0x11
 788 000e 01       		.uleb128 0x1
 789 000f 10       		.uleb128 0x10
 790 0010 17       		.uleb128 0x17
 791 0011 00       		.byte	0
 792 0012 00       		.byte	0
 793 0013 02       		.uleb128 0x2
 794 0014 24       		.uleb128 0x24
 795 0015 00       		.byte	0
 796 0016 0B       		.uleb128 0xb
 797 0017 0B       		.uleb128 0xb
 798 0018 3E       		.uleb128 0x3e
 799 0019 0B       		.uleb128 0xb
ARM GAS  C:\Users\Julien\AppData\Local\Temp\ccgHx3YY.s 			page 17


 800 001a 03       		.uleb128 0x3
 801 001b 0E       		.uleb128 0xe
 802 001c 00       		.byte	0
 803 001d 00       		.byte	0
 804 001e 03       		.uleb128 0x3
 805 001f 16       		.uleb128 0x16
 806 0020 00       		.byte	0
 807 0021 03       		.uleb128 0x3
 808 0022 0E       		.uleb128 0xe
 809 0023 3A       		.uleb128 0x3a
 810 0024 0B       		.uleb128 0xb
 811 0025 3B       		.uleb128 0x3b
 812 0026 0B       		.uleb128 0xb
 813 0027 49       		.uleb128 0x49
 814 0028 13       		.uleb128 0x13
 815 0029 00       		.byte	0
 816 002a 00       		.byte	0
 817 002b 04       		.uleb128 0x4
 818 002c 24       		.uleb128 0x24
 819 002d 00       		.byte	0
 820 002e 0B       		.uleb128 0xb
 821 002f 0B       		.uleb128 0xb
 822 0030 3E       		.uleb128 0x3e
 823 0031 0B       		.uleb128 0xb
 824 0032 03       		.uleb128 0x3
 825 0033 08       		.uleb128 0x8
 826 0034 00       		.byte	0
 827 0035 00       		.byte	0
 828 0036 05       		.uleb128 0x5
 829 0037 16       		.uleb128 0x16
 830 0038 00       		.byte	0
 831 0039 03       		.uleb128 0x3
 832 003a 0E       		.uleb128 0xe
 833 003b 3A       		.uleb128 0x3a
 834 003c 0B       		.uleb128 0xb
 835 003d 3B       		.uleb128 0x3b
 836 003e 05       		.uleb128 0x5
 837 003f 49       		.uleb128 0x49
 838 0040 13       		.uleb128 0x13
 839 0041 00       		.byte	0
 840 0042 00       		.byte	0
 841 0043 06       		.uleb128 0x6
 842 0044 2E       		.uleb128 0x2e
 843 0045 01       		.byte	0x1
 844 0046 3F       		.uleb128 0x3f
 845 0047 19       		.uleb128 0x19
 846 0048 03       		.uleb128 0x3
 847 0049 0E       		.uleb128 0xe
 848 004a 3A       		.uleb128 0x3a
 849 004b 0B       		.uleb128 0xb
 850 004c 3B       		.uleb128 0x3b
 851 004d 0B       		.uleb128 0xb
 852 004e 11       		.uleb128 0x11
 853 004f 01       		.uleb128 0x1
 854 0050 12       		.uleb128 0x12
 855 0051 06       		.uleb128 0x6
 856 0052 40       		.uleb128 0x40
ARM GAS  C:\Users\Julien\AppData\Local\Temp\ccgHx3YY.s 			page 18


 857 0053 18       		.uleb128 0x18
 858 0054 9742     		.uleb128 0x2117
 859 0056 19       		.uleb128 0x19
 860 0057 01       		.uleb128 0x1
 861 0058 13       		.uleb128 0x13
 862 0059 00       		.byte	0
 863 005a 00       		.byte	0
 864 005b 07       		.uleb128 0x7
 865 005c 898201   		.uleb128 0x4109
 866 005f 00       		.byte	0
 867 0060 11       		.uleb128 0x11
 868 0061 01       		.uleb128 0x1
 869 0062 31       		.uleb128 0x31
 870 0063 13       		.uleb128 0x13
 871 0064 00       		.byte	0
 872 0065 00       		.byte	0
 873 0066 08       		.uleb128 0x8
 874 0067 2E       		.uleb128 0x2e
 875 0068 01       		.byte	0x1
 876 0069 3F       		.uleb128 0x3f
 877 006a 19       		.uleb128 0x19
 878 006b 03       		.uleb128 0x3
 879 006c 0E       		.uleb128 0xe
 880 006d 3A       		.uleb128 0x3a
 881 006e 0B       		.uleb128 0xb
 882 006f 3B       		.uleb128 0x3b
 883 0070 0B       		.uleb128 0xb
 884 0071 27       		.uleb128 0x27
 885 0072 19       		.uleb128 0x19
 886 0073 11       		.uleb128 0x11
 887 0074 01       		.uleb128 0x1
 888 0075 12       		.uleb128 0x12
 889 0076 06       		.uleb128 0x6
 890 0077 40       		.uleb128 0x40
 891 0078 18       		.uleb128 0x18
 892 0079 9742     		.uleb128 0x2117
 893 007b 19       		.uleb128 0x19
 894 007c 01       		.uleb128 0x1
 895 007d 13       		.uleb128 0x13
 896 007e 00       		.byte	0
 897 007f 00       		.byte	0
 898 0080 09       		.uleb128 0x9
 899 0081 898201   		.uleb128 0x4109
 900 0084 01       		.byte	0x1
 901 0085 11       		.uleb128 0x11
 902 0086 01       		.uleb128 0x1
 903 0087 31       		.uleb128 0x31
 904 0088 13       		.uleb128 0x13
 905 0089 01       		.uleb128 0x1
 906 008a 13       		.uleb128 0x13
 907 008b 00       		.byte	0
 908 008c 00       		.byte	0
 909 008d 0A       		.uleb128 0xa
 910 008e 8A8201   		.uleb128 0x410a
 911 0091 00       		.byte	0
 912 0092 02       		.uleb128 0x2
 913 0093 18       		.uleb128 0x18
ARM GAS  C:\Users\Julien\AppData\Local\Temp\ccgHx3YY.s 			page 19


 914 0094 9142     		.uleb128 0x2111
 915 0096 18       		.uleb128 0x18
 916 0097 00       		.byte	0
 917 0098 00       		.byte	0
 918 0099 0B       		.uleb128 0xb
 919 009a 898201   		.uleb128 0x4109
 920 009d 01       		.byte	0x1
 921 009e 11       		.uleb128 0x11
 922 009f 01       		.uleb128 0x1
 923 00a0 31       		.uleb128 0x31
 924 00a1 13       		.uleb128 0x13
 925 00a2 00       		.byte	0
 926 00a3 00       		.byte	0
 927 00a4 0C       		.uleb128 0xc
 928 00a5 34       		.uleb128 0x34
 929 00a6 00       		.byte	0
 930 00a7 03       		.uleb128 0x3
 931 00a8 0E       		.uleb128 0xe
 932 00a9 3A       		.uleb128 0x3a
 933 00aa 0B       		.uleb128 0xb
 934 00ab 3B       		.uleb128 0x3b
 935 00ac 0B       		.uleb128 0xb
 936 00ad 49       		.uleb128 0x49
 937 00ae 13       		.uleb128 0x13
 938 00af 02       		.uleb128 0x2
 939 00b0 17       		.uleb128 0x17
 940 00b1 00       		.byte	0
 941 00b2 00       		.byte	0
 942 00b3 0D       		.uleb128 0xd
 943 00b4 34       		.uleb128 0x34
 944 00b5 00       		.byte	0
 945 00b6 03       		.uleb128 0x3
 946 00b7 0E       		.uleb128 0xe
 947 00b8 3A       		.uleb128 0x3a
 948 00b9 0B       		.uleb128 0xb
 949 00ba 3B       		.uleb128 0x3b
 950 00bb 05       		.uleb128 0x5
 951 00bc 49       		.uleb128 0x49
 952 00bd 13       		.uleb128 0x13
 953 00be 3F       		.uleb128 0x3f
 954 00bf 19       		.uleb128 0x19
 955 00c0 3C       		.uleb128 0x3c
 956 00c1 19       		.uleb128 0x19
 957 00c2 00       		.byte	0
 958 00c3 00       		.byte	0
 959 00c4 0E       		.uleb128 0xe
 960 00c5 35       		.uleb128 0x35
 961 00c6 00       		.byte	0
 962 00c7 49       		.uleb128 0x49
 963 00c8 13       		.uleb128 0x13
 964 00c9 00       		.byte	0
 965 00ca 00       		.byte	0
 966 00cb 0F       		.uleb128 0xf
 967 00cc 2E       		.uleb128 0x2e
 968 00cd 00       		.byte	0
 969 00ce 3F       		.uleb128 0x3f
 970 00cf 19       		.uleb128 0x19
ARM GAS  C:\Users\Julien\AppData\Local\Temp\ccgHx3YY.s 			page 20


 971 00d0 03       		.uleb128 0x3
 972 00d1 0E       		.uleb128 0xe
 973 00d2 3A       		.uleb128 0x3a
 974 00d3 0B       		.uleb128 0xb
 975 00d4 3B       		.uleb128 0x3b
 976 00d5 0B       		.uleb128 0xb
 977 00d6 27       		.uleb128 0x27
 978 00d7 19       		.uleb128 0x19
 979 00d8 3C       		.uleb128 0x3c
 980 00d9 19       		.uleb128 0x19
 981 00da 00       		.byte	0
 982 00db 00       		.byte	0
 983 00dc 10       		.uleb128 0x10
 984 00dd 2E       		.uleb128 0x2e
 985 00de 01       		.byte	0x1
 986 00df 3F       		.uleb128 0x3f
 987 00e0 19       		.uleb128 0x19
 988 00e1 03       		.uleb128 0x3
 989 00e2 0E       		.uleb128 0xe
 990 00e3 3A       		.uleb128 0x3a
 991 00e4 0B       		.uleb128 0xb
 992 00e5 3B       		.uleb128 0x3b
 993 00e6 0B       		.uleb128 0xb
 994 00e7 27       		.uleb128 0x27
 995 00e8 19       		.uleb128 0x19
 996 00e9 3C       		.uleb128 0x3c
 997 00ea 19       		.uleb128 0x19
 998 00eb 01       		.uleb128 0x1
 999 00ec 13       		.uleb128 0x13
 1000 00ed 00       		.byte	0
 1001 00ee 00       		.byte	0
 1002 00ef 11       		.uleb128 0x11
 1003 00f0 05       		.uleb128 0x5
 1004 00f1 00       		.byte	0
 1005 00f2 49       		.uleb128 0x49
 1006 00f3 13       		.uleb128 0x13
 1007 00f4 00       		.byte	0
 1008 00f5 00       		.byte	0
 1009 00f6 12       		.uleb128 0x12
 1010 00f7 2E       		.uleb128 0x2e
 1011 00f8 00       		.byte	0
 1012 00f9 3F       		.uleb128 0x3f
 1013 00fa 19       		.uleb128 0x19
 1014 00fb 03       		.uleb128 0x3
 1015 00fc 0E       		.uleb128 0xe
 1016 00fd 3A       		.uleb128 0x3a
 1017 00fe 0B       		.uleb128 0xb
 1018 00ff 3B       		.uleb128 0x3b
 1019 0100 0B       		.uleb128 0xb
 1020 0101 27       		.uleb128 0x27
 1021 0102 19       		.uleb128 0x19
 1022 0103 49       		.uleb128 0x49
 1023 0104 13       		.uleb128 0x13
 1024 0105 3C       		.uleb128 0x3c
 1025 0106 19       		.uleb128 0x19
 1026 0107 00       		.byte	0
 1027 0108 00       		.byte	0
ARM GAS  C:\Users\Julien\AppData\Local\Temp\ccgHx3YY.s 			page 21


 1028 0109 00       		.byte	0
 1029              		.section	.debug_loc,"",%progbits
 1030              	.Ldebug_loc0:
 1031              	.LLST0:
 1032 0000 0C000000 		.4byte	.LVL27
 1033 0004 13000000 		.4byte	.LVL28-1
 1034 0008 0100     		.2byte	0x1
 1035 000a 50       		.byte	0x50
 1036 000b 16000000 		.4byte	.LVL29
 1037 000f 1D000000 		.4byte	.LVL30-1
 1038 0013 0100     		.2byte	0x1
 1039 0015 50       		.byte	0x50
 1040 0016 20000000 		.4byte	.LVL31
 1041 001a 27000000 		.4byte	.LVL32-1
 1042 001e 0100     		.2byte	0x1
 1043 0020 50       		.byte	0x50
 1044 0021 2A000000 		.4byte	.LVL33
 1045 0025 31000000 		.4byte	.LVL34-1
 1046 0029 0100     		.2byte	0x1
 1047 002b 50       		.byte	0x50
 1048 002c 00000000 		.4byte	0
 1049 0030 00000000 		.4byte	0
 1050              		.section	.debug_aranges,"",%progbits
 1051 0000 44000000 		.4byte	0x44
 1052 0004 0200     		.2byte	0x2
 1053 0006 00000000 		.4byte	.Ldebug_info0
 1054 000a 04       		.byte	0x4
 1055 000b 00       		.byte	0
 1056 000c 0000     		.2byte	0
 1057 000e 0000     		.2byte	0
 1058 0010 00000000 		.4byte	.LFB63
 1059 0014 1C000000 		.4byte	.LFE63-.LFB63
 1060 0018 00000000 		.4byte	.LFB65
 1061 001c 22000000 		.4byte	.LFE65-.LFB65
 1062 0020 00000000 		.4byte	.LFB66
 1063 0024 22000000 		.4byte	.LFE66-.LFB66
 1064 0028 00000000 		.4byte	.LFB67
 1065 002c 22000000 		.4byte	.LFE67-.LFB67
 1066 0030 00000000 		.4byte	.LFB68
 1067 0034 22000000 		.4byte	.LFE68-.LFB68
 1068 0038 00000000 		.4byte	.LFB64
 1069 003c 34000000 		.4byte	.LFE64-.LFB64
 1070 0040 00000000 		.4byte	0
 1071 0044 00000000 		.4byte	0
 1072              		.section	.debug_ranges,"",%progbits
 1073              	.Ldebug_ranges0:
 1074 0000 00000000 		.4byte	.LFB63
 1075 0004 1C000000 		.4byte	.LFE63
 1076 0008 00000000 		.4byte	.LFB65
 1077 000c 22000000 		.4byte	.LFE65
 1078 0010 00000000 		.4byte	.LFB66
 1079 0014 22000000 		.4byte	.LFE66
 1080 0018 00000000 		.4byte	.LFB67
 1081 001c 22000000 		.4byte	.LFE67
 1082 0020 00000000 		.4byte	.LFB68
 1083 0024 22000000 		.4byte	.LFE68
 1084 0028 00000000 		.4byte	.LFB64
ARM GAS  C:\Users\Julien\AppData\Local\Temp\ccgHx3YY.s 			page 22


 1085 002c 34000000 		.4byte	.LFE64
 1086 0030 00000000 		.4byte	0
 1087 0034 00000000 		.4byte	0
 1088              		.section	.debug_line,"",%progbits
 1089              	.Ldebug_line0:
 1090 0000 18020000 		.section	.debug_str,"MS",%progbits,1
 1090      02009001 
 1090      00000201 
 1090      FB0E0D00 
 1090      01010101 
 1091              	.LASF22:
 1092 0000 58426565 		.ascii	"XBee_UART_Start\000"
 1092      5F554152 
 1092      545F5374 
 1092      61727400 
 1093              	.LASF9:
 1094 0010 5F5F696E 		.ascii	"__int32_t\000"
 1094      7433325F 
 1094      7400
 1095              	.LASF18:
 1096 001a 746F7572 		.ascii	"tourner_droite\000"
 1096      6E65725F 
 1096      64726F69 
 1096      746500
 1097              	.LASF31:
 1098 0029 50574D5F 		.ascii	"PWM_Back_WriteCompare1\000"
 1098      4261636B 
 1098      5F577269 
 1098      7465436F 
 1098      6D706172 
 1099              	.LASF12:
 1100 0040 666C6F61 		.ascii	"float\000"
 1100      7400
 1101              	.LASF27:
 1102 0046 50574D5F 		.ascii	"PWM_Back_Init\000"
 1102      4261636B 
 1102      5F496E69 
 1102      7400
 1103              	.LASF24:
 1104 0054 50574D5F 		.ascii	"PWM_Front_Start\000"
 1104      46726F6E 
 1104      745F5374 
 1104      61727400 
 1105              	.LASF1:
 1106 0064 756E7369 		.ascii	"unsigned char\000"
 1106      676E6564 
 1106      20636861 
 1106      7200
 1107              	.LASF33:
 1108 0072 58426565 		.ascii	"XBee_UART_GetRxBufferSize\000"
 1108      5F554152 
 1108      545F4765 
 1108      74527842 
 1108      75666665 
 1109              	.LASF36:
 1110 008c 6D6F746F 		.ascii	"motor_management.c\000"
 1110      725F6D61 
ARM GAS  C:\Users\Julien\AppData\Local\Temp\ccgHx3YY.s 			page 23


 1110      6E616765 
 1110      6D656E74 
 1110      2E6300
 1111              	.LASF29:
 1112 009f 50574D5F 		.ascii	"PWM_Front_WriteCompare1\000"
 1112      46726F6E 
 1112      745F5772 
 1112      69746543 
 1112      6F6D7061 
 1113              	.LASF5:
 1114 00b7 6C6F6E67 		.ascii	"long unsigned int\000"
 1114      20756E73 
 1114      69676E65 
 1114      6420696E 
 1114      7400
 1115              	.LASF25:
 1116 00c9 50574D5F 		.ascii	"PWM_Back_Start\000"
 1116      4261636B 
 1116      5F537461 
 1116      727400
 1117              	.LASF3:
 1118 00d8 73686F72 		.ascii	"short unsigned int\000"
 1118      7420756E 
 1118      7369676E 
 1118      65642069 
 1118      6E7400
 1119              	.LASF39:
 1120 00eb 49544D5F 		.ascii	"ITM_RxBuffer\000"
 1120      52784275 
 1120      66666572 
 1120      00
 1121              	.LASF13:
 1122 00f8 646F7562 		.ascii	"double\000"
 1122      6C6500
 1123              	.LASF38:
 1124 00ff 52656365 		.ascii	"Received_Data\000"
 1124      69766564 
 1124      5F446174 
 1124      6100
 1125              	.LASF20:
 1126 010d 696E6974 		.ascii	"init_motor_management\000"
 1126      5F6D6F74 
 1126      6F725F6D 
 1126      616E6167 
 1126      656D656E 
 1127              	.LASF26:
 1128 0123 50574D5F 		.ascii	"PWM_Front_Init\000"
 1128      46726F6E 
 1128      745F496E 
 1128      697400
 1129              	.LASF16:
 1130 0132 6176616E 		.ascii	"avance_moteurs\000"
 1130      63655F6D 
 1130      6F746575 
 1130      727300
 1131              	.LASF17:
 1132 0141 72656375 		.ascii	"recule_moteurs\000"
ARM GAS  C:\Users\Julien\AppData\Local\Temp\ccgHx3YY.s 			page 24


 1132      6C655F6D 
 1132      6F746575 
 1132      727300
 1133              	.LASF34:
 1134 0150 58426565 		.ascii	"XBee_UART_GetChar\000"
 1134      5F554152 
 1134      545F4765 
 1134      74436861 
 1134      7200
 1135              	.LASF8:
 1136 0162 756E7369 		.ascii	"unsigned int\000"
 1136      676E6564 
 1136      20696E74 
 1136      00
 1137              	.LASF7:
 1138 016f 6C6F6E67 		.ascii	"long long unsigned int\000"
 1138      206C6F6E 
 1138      6720756E 
 1138      7369676E 
 1138      65642069 
 1139              	.LASF35:
 1140 0186 474E5520 		.ascii	"GNU C 4.9.3 20150303 (release) [ARM/embedded-4_9-br"
 1140      4320342E 
 1140      392E3320 
 1140      32303135 
 1140      30333033 
 1141 01b9 616E6368 		.ascii	"anch revision 221220] -mcpu=cortex-m3 -mthumb -g -O"
 1141      20726576 
 1141      6973696F 
 1141      6E203232 
 1141      31323230 
 1142 01ec 67202D66 		.ascii	"g -ffunction-sections -ffat-lto-objects\000"
 1142      66756E63 
 1142      74696F6E 
 1142      2D736563 
 1142      74696F6E 
 1143              	.LASF28:
 1144 0214 6374726C 		.ascii	"ctrl_moteur_Write\000"
 1144      5F6D6F74 
 1144      6575725F 
 1144      57726974 
 1144      6500
 1145              	.LASF10:
 1146 0226 696E7433 		.ascii	"int32_t\000"
 1146      325F7400 
 1147              	.LASF15:
 1148 022e 73697A65 		.ascii	"sizetype\000"
 1148      74797065 
 1148      00
 1149              	.LASF32:
 1150 0237 50574D5F 		.ascii	"PWM_Back_WriteCompare2\000"
 1150      4261636B 
 1150      5F577269 
 1150      7465436F 
 1150      6D706172 
 1151              	.LASF6:
 1152 024e 6C6F6E67 		.ascii	"long long int\000"
ARM GAS  C:\Users\Julien\AppData\Local\Temp\ccgHx3YY.s 			page 25


 1152      206C6F6E 
 1152      6720696E 
 1152      7400
 1153              	.LASF14:
 1154 025c 63686172 		.ascii	"char\000"
 1154      00
 1155              	.LASF21:
 1156 0261 636F6E74 		.ascii	"control_moteurs\000"
 1156      726F6C5F 
 1156      6D6F7465 
 1156      75727300 
 1157              	.LASF2:
 1158 0271 73686F72 		.ascii	"short int\000"
 1158      7420696E 
 1158      7400
 1159              	.LASF30:
 1160 027b 50574D5F 		.ascii	"PWM_Front_WriteCompare2\000"
 1160      46726F6E 
 1160      745F5772 
 1160      69746543 
 1160      6F6D7061 
 1161              	.LASF11:
 1162 0293 75696E74 		.ascii	"uint8\000"
 1162      3800
 1163              	.LASF4:
 1164 0299 6C6F6E67 		.ascii	"long int\000"
 1164      20696E74 
 1164      00
 1165              	.LASF23:
 1166 02a2 58426565 		.ascii	"XBee_UART_Init\000"
 1166      5F554152 
 1166      545F496E 
 1166      697400
 1167              	.LASF19:
 1168 02b1 746F7572 		.ascii	"tourner_gauche\000"
 1168      6E65725F 
 1168      67617563 
 1168      686500
 1169              	.LASF0:
 1170 02c0 7369676E 		.ascii	"signed char\000"
 1170      65642063 
 1170      68617200 
 1171              	.LASF37:
 1172 02cc 433A5C55 		.ascii	"C:\\Users\\Julien\\Documents\\INSA\\5A\\BE_systemes"
 1172      73657273 
 1172      5C4A756C 
 1172      69656E5C 
 1172      446F6375 
 1173 02f9 5F656D62 		.ascii	"_embarques\\BE_systemes_embarques\\projet_entier.cy"
 1173      61727175 
 1173      65735C42 
 1173      455F7379 
 1173      7374656D 
 1174 032a 64736E00 		.ascii	"dsn\000"
 1175              		.ident	"GCC: (GNU Tools for ARM Embedded Processors) 4.9.3 20150303 (release) [ARM/embedded-4_9-br
