ARM GAS  C:\Users\Julien\AppData\Local\Temp\ccpLDUcP.s 			page 1


   1              		.syntax unified
   2              		.cpu cortex-m3
   3              		.fpu softvfp
   4              		.eabi_attribute 20, 1
   5              		.eabi_attribute 21, 1
   6              		.eabi_attribute 23, 3
   7              		.eabi_attribute 24, 1
   8              		.eabi_attribute 25, 1
   9              		.eabi_attribute 26, 1
  10              		.eabi_attribute 30, 1
  11              		.eabi_attribute 34, 1
  12              		.eabi_attribute 18, 4
  13              		.thumb
  14              		.file	"ultrason.c"
  15              		.text
  16              	.Ltext0:
  17              		.cfi_sections	.debug_frame
  18              		.global	__aeabi_i2d
  19              		.global	__aeabi_dmul
  20              		.global	__aeabi_d2uiz
  21              		.section	.text.timerInterrupt,"ax",%progbits
  22              		.align	2
  23              		.global	timerInterrupt
  24              		.thumb
  25              		.thumb_func
  26              		.type	timerInterrupt, %function
  27              	timerInterrupt:
  28              	.LFB64:
  29              		.file 1 "ultrason.c"
   1:ultrason.c    **** /* ========================================
   2:ultrason.c    ****  *
   3:ultrason.c    ****  * Copyright YOUR COMPANY, THE YEAR
   4:ultrason.c    ****  * All Rights Reserved
   5:ultrason.c    ****  * UNPUBLISHED, LICENSED SOFTWARE.
   6:ultrason.c    ****  *
   7:ultrason.c    ****  * CONFIDENTIAL AND PROPRIETARY INFORMATION
   8:ultrason.c    ****  * WHICH IS THE PROPERTY OF your company.
   9:ultrason.c    ****  *
  10:ultrason.c    ****  * ========================================
  11:ultrason.c    **** */
  12:ultrason.c    **** #include "project.h"
  13:ultrason.c    **** #include "ultrason.h"
  14:ultrason.c    **** 
  15:ultrason.c    **** uint32 timerCount;
  16:ultrason.c    **** uint8 recu;
  17:ultrason.c    **** uint16 distance=1000;
  18:ultrason.c    **** uint8_t new_period=0; //mise à 1 toutes les 2.7ms
  19:ultrason.c    **** 
  20:ultrason.c    **** void init_ultrason()
  21:ultrason.c    **** {
  22:ultrason.c    ****     TimerISR_StartEx(timerInterrupt);
  23:ultrason.c    ****     periodeISR_StartEx(periodeInterrupt);
  24:ultrason.c    ****     CounterISR_StartEx(counterInterrupt);
  25:ultrason.c    **** 
  26:ultrason.c    ****     Ampli_Recept_Start();
  27:ultrason.c    ****     Detect_Seuil_Recept_Start();
  28:ultrason.c    ****     V_seuil_Start();
ARM GAS  C:\Users\Julien\AppData\Local\Temp\ccpLDUcP.s 			page 2


  29:ultrason.c    ****     Timer_US_Start();
  30:ultrason.c    ****     CharLCD_1_Start();
  31:ultrason.c    ****     US_40kHz_Start();
  32:ultrason.c    ****     Counter_1_Start();
  33:ultrason.c    ****     Timer_periode_Start();
  34:ultrason.c    ****     
  35:ultrason.c    ****     recu=0;
  36:ultrason.c    ****     CharLCD_1_Position(0u, 0u);
  37:ultrason.c    ****     CharLCD_1_PrintString("DISTANCE :");
  38:ultrason.c    **** }
  39:ultrason.c    **** 
  40:ultrason.c    **** /*
  41:ultrason.c    ****  * Interruption déclenchée lorsque signal reçu par récepteur ultrasons
  42:ultrason.c    **** */ 
  43:ultrason.c    **** CY_ISR(timerInterrupt)
  44:ultrason.c    **** {
  30              		.loc 1 44 0
  31              		.cfi_startproc
  32              		@ args = 0, pretend = 0, frame = 0
  33              		@ frame_needed = 0, uses_anonymous_args = 0
  34 0000 70B5     		push	{r4, r5, r6, lr}
  35              		.cfi_def_cfa_offset 16
  36              		.cfi_offset 4, -16
  37              		.cfi_offset 5, -12
  38              		.cfi_offset 6, -8
  39              		.cfi_offset 14, -4
  45:ultrason.c    ****     // Signal reçu, lecture du compteur de Timer_US : temps entre émission et réception
  46:ultrason.c    ****    	timerCount = Timer_US_ReadCapture();
  40              		.loc 1 46 0
  41 0002 FFF7FEFF 		bl	Timer_US_ReadCapture
  42              	.LVL0:
  43 0006 124E     		ldr	r6, .L3+8
  44 0008 3060     		str	r0, [r6]
  47:ultrason.c    ****     Detect_Seuil_Recept_Stop(); // Arret du comparateur pour éviter rebonds
  45              		.loc 1 47 0
  46 000a FFF7FEFF 		bl	Detect_Seuil_Recept_Stop
  47              	.LVL1:
  48:ultrason.c    ****     recu = 1;
  48              		.loc 1 48 0
  49 000e 114C     		ldr	r4, .L3+12
  50 0010 0125     		movs	r5, #1
  51 0012 2570     		strb	r5, [r4]
  49:ultrason.c    ****     Timer_US_ReadStatusRegister();
  52              		.loc 1 49 0
  53 0014 FFF7FEFF 		bl	Timer_US_ReadStatusRegister
  54              	.LVL2:
  50:ultrason.c    ****     //Timer_US_STATUS_CAPTURE; // Remise à 0 status register
  51:ultrason.c    ****     distance = (uint16) ((16777216-timerCount)/48)*0.34; // en mm
  55              		.loc 1 51 0
  56 0018 3068     		ldr	r0, [r6]
  57 001a C0F18070 		rsb	r0, r0, #16777216
  58 001e 0E4B     		ldr	r3, .L3+16
  59 0020 A3FB0030 		umull	r3, r0, r3, r0
  60 0024 C0F34F10 		ubfx	r0, r0, #5, #16
  61 0028 FFF7FEFF 		bl	__aeabi_i2d
  62              	.LVL3:
  63 002c 06A3     		adr	r3, .L3
ARM GAS  C:\Users\Julien\AppData\Local\Temp\ccpLDUcP.s 			page 3


  64 002e D3E90023 		ldrd	r2, [r3]
  65 0032 FFF7FEFF 		bl	__aeabi_dmul
  66              	.LVL4:
  67 0036 FFF7FEFF 		bl	__aeabi_d2uiz
  68              	.LVL5:
  69 003a 084B     		ldr	r3, .L3+20
  70 003c 1880     		strh	r0, [r3]	@ movhi
  52:ultrason.c    ****         
  53:ultrason.c    **** 	//CharLCD_1_Position(0u, 11u);
  54:ultrason.c    ****     //CharLCD_1_PrintString("     ");
  55:ultrason.c    ****     //CharLCD_1_Position(0u, 11u);
  56:ultrason.c    ****     //CharLCD_1_PrintNumber(distance);
  57:ultrason.c    ****     
  58:ultrason.c    ****     recu=1;
  71              		.loc 1 58 0
  72 003e 2570     		strb	r5, [r4]
  73 0040 70BD     		pop	{r4, r5, r6, pc}
  74              	.L4:
  75 0042 00BFAFF3 		.align	3
  75      0080
  76              	.L3:
  77 0048 C3F5285C 		.word	1546188227
  78 004c 8FC2D53F 		.word	1070973583
  79 0050 00000000 		.word	timerCount
  80 0054 00000000 		.word	recu
  81 0058 ABAAAAAA 		.word	-1431655765
  82 005c 00000000 		.word	.LANCHOR0
  83              		.cfi_endproc
  84              	.LFE64:
  85              		.size	timerInterrupt, .-timerInterrupt
  86              		.section	.text.counterInterrupt,"ax",%progbits
  87              		.align	2
  88              		.global	counterInterrupt
  89              		.thumb
  90              		.thumb_func
  91              		.type	counterInterrupt, %function
  92              	counterInterrupt:
  93              	.LFB65:
  59:ultrason.c    **** }
  60:ultrason.c    **** 
  61:ultrason.c    **** /*
  62:ultrason.c    ****  * Interruption déclenchée à la fin d'une émission de l'émetteur US (10 périodes de PWM compt
  63:ultrason.c    ****  */
  64:ultrason.c    **** CY_ISR(counterInterrupt)
  65:ultrason.c    **** {
  94              		.loc 1 65 0
  95              		.cfi_startproc
  96              		@ args = 0, pretend = 0, frame = 0
  97              		@ frame_needed = 0, uses_anonymous_args = 0
  98 0000 08B5     		push	{r3, lr}
  99              		.cfi_def_cfa_offset 8
 100              		.cfi_offset 3, -8
 101              		.cfi_offset 14, -4
  66:ultrason.c    ****     if (recu==0)
  67:ultrason.c    ****     {
  68:ultrason.c    ****         //CharLCD_1_Position(0u, 11u);
  69:ultrason.c    ****         //CharLCD_1_PrintString("     ");
ARM GAS  C:\Users\Julien\AppData\Local\Temp\ccpLDUcP.s 			page 4


  70:ultrason.c    ****         //CharLCD_1_Position(0u, 11u);
  71:ultrason.c    ****         //CharLCD_1_PrintString("INF  ");
  72:ultrason.c    ****     }
  73:ultrason.c    ****     distance=1000;
 102              		.loc 1 73 0
 103 0002 4FF47A72 		mov	r2, #1000
 104 0006 044B     		ldr	r3, .L7
 105 0008 1A80     		strh	r2, [r3]	@ movhi
  74:ultrason.c    ****     Control_Reg_1_Write(0); // Arrêt émission US, activation réception
 106              		.loc 1 74 0
 107 000a 0020     		movs	r0, #0
 108 000c FFF7FEFF 		bl	Control_Reg_1_Write
 109              	.LVL6:
  75:ultrason.c    ****     recu = 0;
 110              		.loc 1 75 0
 111 0010 0022     		movs	r2, #0
 112 0012 024B     		ldr	r3, .L7+4
 113 0014 1A70     		strb	r2, [r3]
 114 0016 08BD     		pop	{r3, pc}
 115              	.L8:
 116              		.align	2
 117              	.L7:
 118 0018 00000000 		.word	.LANCHOR0
 119 001c 00000000 		.word	recu
 120              		.cfi_endproc
 121              	.LFE65:
 122              		.size	counterInterrupt, .-counterInterrupt
 123              		.section	.text.periodeInterrupt,"ax",%progbits
 124              		.align	2
 125              		.global	periodeInterrupt
 126              		.thumb
 127              		.thumb_func
 128              		.type	periodeInterrupt, %function
 129              	periodeInterrupt:
 130              	.LFB66:
  76:ultrason.c    **** }
  77:ultrason.c    **** 
  78:ultrason.c    **** /*
  79:ultrason.c    ****  * Interruption toutes les 2.7ms : reactivation de l'émission US
  80:ultrason.c    ****  */
  81:ultrason.c    **** CY_ISR(periodeInterrupt)
  82:ultrason.c    **** {
 131              		.loc 1 82 0
 132              		.cfi_startproc
 133              		@ args = 0, pretend = 0, frame = 0
 134              		@ frame_needed = 0, uses_anonymous_args = 0
 135 0000 08B5     		push	{r3, lr}
 136              		.cfi_def_cfa_offset 8
 137              		.cfi_offset 3, -8
 138              		.cfi_offset 14, -4
  83:ultrason.c    ****     // Début d'une nouvelle période : génération impulsion ultra-sons
  84:ultrason.c    ****     //recu = 0;
  85:ultrason.c    ****     Detect_Seuil_Recept_Start();
 139              		.loc 1 85 0
 140 0002 FFF7FEFF 		bl	Detect_Seuil_Recept_Start
 141              	.LVL7:
  86:ultrason.c    ****     Control_Reg_1_Write(1);// Génération signal pour émetteur ultrasons
ARM GAS  C:\Users\Julien\AppData\Local\Temp\ccpLDUcP.s 			page 5


 142              		.loc 1 86 0
 143 0006 0120     		movs	r0, #1
 144 0008 FFF7FEFF 		bl	Control_Reg_1_Write
 145              	.LVL8:
  87:ultrason.c    ****     Timer_periode_ReadStatusRegister();
 146              		.loc 1 87 0
 147 000c FFF7FEFF 		bl	Timer_periode_ReadStatusRegister
 148              	.LVL9:
  88:ultrason.c    ****     new_period=1;
 149              		.loc 1 88 0
 150 0010 0122     		movs	r2, #1
 151 0012 014B     		ldr	r3, .L11
 152 0014 1A70     		strb	r2, [r3]
 153 0016 08BD     		pop	{r3, pc}
 154              	.L12:
 155              		.align	2
 156              	.L11:
 157 0018 00000000 		.word	.LANCHOR1
 158              		.cfi_endproc
 159              	.LFE66:
 160              		.size	periodeInterrupt, .-periodeInterrupt
 161              		.section	.text.init_ultrason,"ax",%progbits
 162              		.align	2
 163              		.global	init_ultrason
 164              		.thumb
 165              		.thumb_func
 166              		.type	init_ultrason, %function
 167              	init_ultrason:
 168              	.LFB63:
  21:ultrason.c    ****     TimerISR_StartEx(timerInterrupt);
 169              		.loc 1 21 0
 170              		.cfi_startproc
 171              		@ args = 0, pretend = 0, frame = 0
 172              		@ frame_needed = 0, uses_anonymous_args = 0
 173 0000 08B5     		push	{r3, lr}
 174              		.cfi_def_cfa_offset 8
 175              		.cfi_offset 3, -8
 176              		.cfi_offset 14, -4
  22:ultrason.c    ****     periodeISR_StartEx(periodeInterrupt);
 177              		.loc 1 22 0
 178 0002 1148     		ldr	r0, .L15
 179 0004 FFF7FEFF 		bl	TimerISR_StartEx
 180              	.LVL10:
  23:ultrason.c    ****     CounterISR_StartEx(counterInterrupt);
 181              		.loc 1 23 0
 182 0008 1048     		ldr	r0, .L15+4
 183 000a FFF7FEFF 		bl	periodeISR_StartEx
 184              	.LVL11:
  24:ultrason.c    **** 
 185              		.loc 1 24 0
 186 000e 1048     		ldr	r0, .L15+8
 187 0010 FFF7FEFF 		bl	CounterISR_StartEx
 188              	.LVL12:
  26:ultrason.c    ****     Detect_Seuil_Recept_Start();
 189              		.loc 1 26 0
 190 0014 FFF7FEFF 		bl	Ampli_Recept_Start
 191              	.LVL13:
ARM GAS  C:\Users\Julien\AppData\Local\Temp\ccpLDUcP.s 			page 6


  27:ultrason.c    ****     V_seuil_Start();
 192              		.loc 1 27 0
 193 0018 FFF7FEFF 		bl	Detect_Seuil_Recept_Start
 194              	.LVL14:
  28:ultrason.c    ****     Timer_US_Start();
 195              		.loc 1 28 0
 196 001c FFF7FEFF 		bl	V_seuil_Start
 197              	.LVL15:
  29:ultrason.c    ****     CharLCD_1_Start();
 198              		.loc 1 29 0
 199 0020 FFF7FEFF 		bl	Timer_US_Start
 200              	.LVL16:
  30:ultrason.c    ****     US_40kHz_Start();
 201              		.loc 1 30 0
 202 0024 FFF7FEFF 		bl	CharLCD_1_Start
 203              	.LVL17:
  31:ultrason.c    ****     Counter_1_Start();
 204              		.loc 1 31 0
 205 0028 FFF7FEFF 		bl	US_40kHz_Start
 206              	.LVL18:
  32:ultrason.c    ****     Timer_periode_Start();
 207              		.loc 1 32 0
 208 002c FFF7FEFF 		bl	Counter_1_Start
 209              	.LVL19:
  33:ultrason.c    ****     
 210              		.loc 1 33 0
 211 0030 FFF7FEFF 		bl	Timer_periode_Start
 212              	.LVL20:
  35:ultrason.c    ****     CharLCD_1_Position(0u, 0u);
 213              		.loc 1 35 0
 214 0034 0021     		movs	r1, #0
 215 0036 074B     		ldr	r3, .L15+12
 216 0038 1970     		strb	r1, [r3]
  36:ultrason.c    ****     CharLCD_1_PrintString("DISTANCE :");
 217              		.loc 1 36 0
 218 003a 0846     		mov	r0, r1
 219 003c FFF7FEFF 		bl	CharLCD_1_Position
 220              	.LVL21:
  37:ultrason.c    **** }
 221              		.loc 1 37 0
 222 0040 0548     		ldr	r0, .L15+16
 223 0042 FFF7FEFF 		bl	CharLCD_1_PrintString
 224              	.LVL22:
 225 0046 08BD     		pop	{r3, pc}
 226              	.L16:
 227              		.align	2
 228              	.L15:
 229 0048 00000000 		.word	timerInterrupt
 230 004c 00000000 		.word	periodeInterrupt
 231 0050 00000000 		.word	counterInterrupt
 232 0054 00000000 		.word	recu
 233 0058 00000000 		.word	.LC0
 234              		.cfi_endproc
 235              	.LFE63:
 236              		.size	init_ultrason, .-init_ultrason
 237              		.global	new_period
 238              		.global	distance
ARM GAS  C:\Users\Julien\AppData\Local\Temp\ccpLDUcP.s 			page 7


 239              		.comm	recu,1,1
 240              		.comm	timerCount,4,4
 241              		.data
 242              		.align	1
 243              		.set	.LANCHOR0,. + 0
 244              		.type	distance, %object
 245              		.size	distance, 2
 246              	distance:
 247 0000 E803     		.short	1000
 248              		.section	.rodata.str1.4,"aMS",%progbits,1
 249              		.align	2
 250              	.LC0:
 251 0000 44495354 		.ascii	"DISTANCE :\000"
 251      414E4345 
 251      203A00
 252 000b 00       		.bss
 253              		.set	.LANCHOR1,. + 0
 254              		.type	new_period, %object
 255              		.size	new_period, 1
 256              	new_period:
 257 0000 00       		.space	1
 258              		.text
 259              	.Letext0:
 260              		.file 2 "c:\\program files (x86)\\cypress\\psoc creator\\4.0\\psoc creator\\import\\gnu\\arm\\4.9.
 261              		.file 3 "c:\\program files (x86)\\cypress\\psoc creator\\4.0\\psoc creator\\import\\gnu\\arm\\4.9.
 262              		.file 4 "Generated_Source\\PSoC5/cytypes.h"
 263              		.file 5 "Generated_Source\\PSoC5/core_cm3.h"
 264              		.file 6 "Generated_Source\\PSoC5/Timer_US.h"
 265              		.file 7 "Generated_Source\\PSoC5/Detect_Seuil_Recept.h"
 266              		.file 8 "Generated_Source\\PSoC5/Timer_periode.h"
 267              		.file 9 "Generated_Source\\PSoC5/Control_Reg_1.h"
 268              		.file 10 "Generated_Source\\PSoC5/TimerISR.h"
 269              		.file 11 "Generated_Source\\PSoC5/periodeISR.h"
 270              		.file 12 "Generated_Source\\PSoC5/CounterISR.h"
 271              		.file 13 "Generated_Source\\PSoC5/Ampli_Recept.h"
 272              		.file 14 "Generated_Source\\PSoC5/V_seuil.h"
 273              		.file 15 "Generated_Source\\PSoC5/CharLCD_1.h"
 274              		.file 16 "Generated_Source\\PSoC5/US_40kHz.h"
 275              		.file 17 "Generated_Source\\PSoC5/Counter_1.h"
 276              		.section	.debug_info,"",%progbits
 277              	.Ldebug_info0:
 278 0000 7D030000 		.4byte	0x37d
 279 0004 0400     		.2byte	0x4
 280 0006 00000000 		.4byte	.Ldebug_abbrev0
 281 000a 04       		.byte	0x4
 282 000b 01       		.uleb128 0x1
 283 000c D7010000 		.4byte	.LASF48
 284 0010 01       		.byte	0x1
 285 0011 A1010000 		.4byte	.LASF49
 286 0015 5F030000 		.4byte	.LASF50
 287 0019 00000000 		.4byte	.Ldebug_ranges0+0
 288 001d 00000000 		.4byte	0
 289 0021 00000000 		.4byte	.Ldebug_line0
 290 0025 02       		.uleb128 0x2
 291 0026 01       		.byte	0x1
 292 0027 06       		.byte	0x6
 293 0028 44030000 		.4byte	.LASF0
ARM GAS  C:\Users\Julien\AppData\Local\Temp\ccpLDUcP.s 			page 8


 294 002c 03       		.uleb128 0x3
 295 002d 16000000 		.4byte	.LASF4
 296 0031 02       		.byte	0x2
 297 0032 1D       		.byte	0x1d
 298 0033 37000000 		.4byte	0x37
 299 0037 02       		.uleb128 0x2
 300 0038 01       		.byte	0x1
 301 0039 08       		.byte	0x8
 302 003a BF000000 		.4byte	.LASF1
 303 003e 02       		.uleb128 0x2
 304 003f 02       		.byte	0x2
 305 0040 05       		.byte	0x5
 306 0041 33010000 		.4byte	.LASF2
 307 0045 02       		.uleb128 0x2
 308 0046 02       		.byte	0x2
 309 0047 07       		.byte	0x7
 310 0048 06010000 		.4byte	.LASF3
 311 004c 03       		.uleb128 0x3
 312 004d 2E000000 		.4byte	.LASF5
 313 0051 02       		.byte	0x2
 314 0052 3F       		.byte	0x3f
 315 0053 57000000 		.4byte	0x57
 316 0057 02       		.uleb128 0x2
 317 0058 04       		.byte	0x4
 318 0059 05       		.byte	0x5
 319 005a 2B030000 		.4byte	.LASF6
 320 005e 02       		.uleb128 0x2
 321 005f 04       		.byte	0x4
 322 0060 07       		.byte	0x7
 323 0061 F4000000 		.4byte	.LASF7
 324 0065 02       		.uleb128 0x2
 325 0066 08       		.byte	0x8
 326 0067 05       		.byte	0x5
 327 0068 A7020000 		.4byte	.LASF8
 328 006c 02       		.uleb128 0x2
 329 006d 08       		.byte	0x8
 330 006e 07       		.byte	0x7
 331 006f AC010000 		.4byte	.LASF9
 332 0073 04       		.uleb128 0x4
 333 0074 04       		.byte	0x4
 334 0075 05       		.byte	0x5
 335 0076 696E7400 		.ascii	"int\000"
 336 007a 02       		.uleb128 0x2
 337 007b 04       		.byte	0x4
 338 007c 07       		.byte	0x7
 339 007d 94010000 		.4byte	.LASF10
 340 0081 03       		.uleb128 0x3
 341 0082 9F020000 		.4byte	.LASF11
 342 0086 03       		.byte	0x3
 343 0087 15       		.byte	0x15
 344 0088 2C000000 		.4byte	0x2c
 345 008c 03       		.uleb128 0x3
 346 008d 7F020000 		.4byte	.LASF12
 347 0091 03       		.byte	0x3
 348 0092 2C       		.byte	0x2c
 349 0093 4C000000 		.4byte	0x4c
 350 0097 05       		.uleb128 0x5
ARM GAS  C:\Users\Julien\AppData\Local\Temp\ccpLDUcP.s 			page 9


 351 0098 00030000 		.4byte	.LASF13
 352 009c 04       		.byte	0x4
 353 009d 9201     		.2byte	0x192
 354 009f 37000000 		.4byte	0x37
 355 00a3 05       		.uleb128 0x5
 356 00a4 57010000 		.4byte	.LASF14
 357 00a8 04       		.byte	0x4
 358 00a9 9301     		.2byte	0x193
 359 00ab 45000000 		.4byte	0x45
 360 00af 05       		.uleb128 0x5
 361 00b0 5E010000 		.4byte	.LASF15
 362 00b4 04       		.byte	0x4
 363 00b5 9401     		.2byte	0x194
 364 00b7 5E000000 		.4byte	0x5e
 365 00bb 02       		.uleb128 0x2
 366 00bc 04       		.byte	0x4
 367 00bd 04       		.byte	0x4
 368 00be A4000000 		.4byte	.LASF16
 369 00c2 02       		.uleb128 0x2
 370 00c3 08       		.byte	0x8
 371 00c4 04       		.byte	0x4
 372 00c5 2C010000 		.4byte	.LASF17
 373 00c9 05       		.uleb128 0x5
 374 00ca EE000000 		.4byte	.LASF18
 375 00ce 04       		.byte	0x4
 376 00cf A301     		.2byte	0x1a3
 377 00d1 D5000000 		.4byte	0xd5
 378 00d5 02       		.uleb128 0x2
 379 00d6 01       		.byte	0x1
 380 00d7 08       		.byte	0x8
 381 00d8 D9020000 		.4byte	.LASF19
 382 00dc 05       		.uleb128 0x5
 383 00dd 65020000 		.4byte	.LASF20
 384 00e1 04       		.byte	0x4
 385 00e2 4E02     		.2byte	0x24e
 386 00e4 E8000000 		.4byte	0xe8
 387 00e8 06       		.uleb128 0x6
 388 00e9 04       		.byte	0x4
 389 00ea EE000000 		.4byte	0xee
 390 00ee 07       		.uleb128 0x7
 391 00ef 02       		.uleb128 0x2
 392 00f0 04       		.byte	0x4
 393 00f1 07       		.byte	0x7
 394 00f2 DE020000 		.4byte	.LASF21
 395 00f6 08       		.uleb128 0x8
 396 00f7 50030000 		.4byte	.LASF22
 397 00fb 01       		.byte	0x1
 398 00fc 2B       		.byte	0x2b
 399 00fd 00000000 		.4byte	.LFB64
 400 0101 60000000 		.4byte	.LFE64-.LFB64
 401 0105 01       		.uleb128 0x1
 402 0106 9C       		.byte	0x9c
 403 0107 27010000 		.4byte	0x127
 404 010b 09       		.uleb128 0x9
 405 010c 06000000 		.4byte	.LVL0
 406 0110 AA020000 		.4byte	0x2aa
 407 0114 09       		.uleb128 0x9
ARM GAS  C:\Users\Julien\AppData\Local\Temp\ccpLDUcP.s 			page 10


 408 0115 0E000000 		.4byte	.LVL1
 409 0119 B5020000 		.4byte	0x2b5
 410 011d 09       		.uleb128 0x9
 411 011e 18000000 		.4byte	.LVL2
 412 0122 BC020000 		.4byte	0x2bc
 413 0126 00       		.byte	0
 414 0127 0A       		.uleb128 0xa
 415 0128 B5020000 		.4byte	.LASF23
 416 012c 01       		.byte	0x1
 417 012d 40       		.byte	0x40
 418 012e 00000000 		.4byte	.LFB65
 419 0132 20000000 		.4byte	.LFE65-.LFB65
 420 0136 01       		.uleb128 0x1
 421 0137 9C       		.byte	0x9c
 422 0138 4C010000 		.4byte	0x14c
 423 013c 0B       		.uleb128 0xb
 424 013d 10000000 		.4byte	.LVL6
 425 0141 C7020000 		.4byte	0x2c7
 426 0145 0C       		.uleb128 0xc
 427 0146 01       		.uleb128 0x1
 428 0147 50       		.byte	0x50
 429 0148 01       		.uleb128 0x1
 430 0149 30       		.byte	0x30
 431 014a 00       		.byte	0
 432 014b 00       		.byte	0
 433 014c 0A       		.uleb128 0xa
 434 014d 75010000 		.4byte	.LASF24
 435 0151 01       		.byte	0x1
 436 0152 51       		.byte	0x51
 437 0153 00000000 		.4byte	.LFB66
 438 0157 1C000000 		.4byte	.LFE66-.LFB66
 439 015b 01       		.uleb128 0x1
 440 015c 9C       		.byte	0x9c
 441 015d 87010000 		.4byte	0x187
 442 0161 09       		.uleb128 0x9
 443 0162 06000000 		.4byte	.LVL7
 444 0166 D8020000 		.4byte	0x2d8
 445 016a 0D       		.uleb128 0xd
 446 016b 0C000000 		.4byte	.LVL8
 447 016f C7020000 		.4byte	0x2c7
 448 0173 7D010000 		.4byte	0x17d
 449 0177 0C       		.uleb128 0xc
 450 0178 01       		.uleb128 0x1
 451 0179 50       		.byte	0x50
 452 017a 01       		.uleb128 0x1
 453 017b 31       		.byte	0x31
 454 017c 00       		.byte	0
 455 017d 09       		.uleb128 0x9
 456 017e 10000000 		.4byte	.LVL9
 457 0182 DF020000 		.4byte	0x2df
 458 0186 00       		.byte	0
 459 0187 0E       		.uleb128 0xe
 460 0188 86010000 		.4byte	.LASF51
 461 018c 01       		.byte	0x1
 462 018d 14       		.byte	0x14
 463 018e 00000000 		.4byte	.LFB63
 464 0192 5C000000 		.4byte	.LFE63-.LFB63
ARM GAS  C:\Users\Julien\AppData\Local\Temp\ccpLDUcP.s 			page 11


 465 0196 01       		.uleb128 0x1
 466 0197 9C       		.byte	0x9c
 467 0198 55020000 		.4byte	0x255
 468 019c 0D       		.uleb128 0xd
 469 019d 08000000 		.4byte	.LVL10
 470 01a1 EA020000 		.4byte	0x2ea
 471 01a5 B3010000 		.4byte	0x1b3
 472 01a9 0C       		.uleb128 0xc
 473 01aa 01       		.uleb128 0x1
 474 01ab 50       		.byte	0x50
 475 01ac 05       		.uleb128 0x5
 476 01ad 03       		.byte	0x3
 477 01ae 00000000 		.4byte	timerInterrupt
 478 01b2 00       		.byte	0
 479 01b3 0D       		.uleb128 0xd
 480 01b4 0E000000 		.4byte	.LVL11
 481 01b8 FB020000 		.4byte	0x2fb
 482 01bc CA010000 		.4byte	0x1ca
 483 01c0 0C       		.uleb128 0xc
 484 01c1 01       		.uleb128 0x1
 485 01c2 50       		.byte	0x50
 486 01c3 05       		.uleb128 0x5
 487 01c4 03       		.byte	0x3
 488 01c5 00000000 		.4byte	periodeInterrupt
 489 01c9 00       		.byte	0
 490 01ca 0D       		.uleb128 0xd
 491 01cb 14000000 		.4byte	.LVL12
 492 01cf 0C030000 		.4byte	0x30c
 493 01d3 E1010000 		.4byte	0x1e1
 494 01d7 0C       		.uleb128 0xc
 495 01d8 01       		.uleb128 0x1
 496 01d9 50       		.byte	0x50
 497 01da 05       		.uleb128 0x5
 498 01db 03       		.byte	0x3
 499 01dc 00000000 		.4byte	counterInterrupt
 500 01e0 00       		.byte	0
 501 01e1 09       		.uleb128 0x9
 502 01e2 18000000 		.4byte	.LVL13
 503 01e6 1D030000 		.4byte	0x31d
 504 01ea 09       		.uleb128 0x9
 505 01eb 1C000000 		.4byte	.LVL14
 506 01ef D8020000 		.4byte	0x2d8
 507 01f3 09       		.uleb128 0x9
 508 01f4 20000000 		.4byte	.LVL15
 509 01f8 24030000 		.4byte	0x324
 510 01fc 09       		.uleb128 0x9
 511 01fd 24000000 		.4byte	.LVL16
 512 0201 2B030000 		.4byte	0x32b
 513 0205 09       		.uleb128 0x9
 514 0206 28000000 		.4byte	.LVL17
 515 020a 32030000 		.4byte	0x332
 516 020e 09       		.uleb128 0x9
 517 020f 2C000000 		.4byte	.LVL18
 518 0213 39030000 		.4byte	0x339
 519 0217 09       		.uleb128 0x9
 520 0218 30000000 		.4byte	.LVL19
 521 021c 40030000 		.4byte	0x340
ARM GAS  C:\Users\Julien\AppData\Local\Temp\ccpLDUcP.s 			page 12


 522 0220 09       		.uleb128 0x9
 523 0221 34000000 		.4byte	.LVL20
 524 0225 47030000 		.4byte	0x347
 525 0229 0D       		.uleb128 0xd
 526 022a 40000000 		.4byte	.LVL21
 527 022e 4E030000 		.4byte	0x34e
 528 0232 41020000 		.4byte	0x241
 529 0236 0C       		.uleb128 0xc
 530 0237 01       		.uleb128 0x1
 531 0238 51       		.byte	0x51
 532 0239 01       		.uleb128 0x1
 533 023a 30       		.byte	0x30
 534 023b 0C       		.uleb128 0xc
 535 023c 01       		.uleb128 0x1
 536 023d 50       		.byte	0x50
 537 023e 01       		.uleb128 0x1
 538 023f 30       		.byte	0x30
 539 0240 00       		.byte	0
 540 0241 0B       		.uleb128 0xb
 541 0242 46000000 		.4byte	.LVL22
 542 0246 64030000 		.4byte	0x364
 543 024a 0C       		.uleb128 0xc
 544 024b 01       		.uleb128 0x1
 545 024c 50       		.byte	0x50
 546 024d 05       		.uleb128 0x5
 547 024e 03       		.byte	0x3
 548 024f 00000000 		.4byte	.LC0
 549 0253 00       		.byte	0
 550 0254 00       		.byte	0
 551 0255 0F       		.uleb128 0xf
 552 0256 72020000 		.4byte	.LASF25
 553 025a 05       		.byte	0x5
 554 025b 9606     		.2byte	0x696
 555 025d 61020000 		.4byte	0x261
 556 0261 10       		.uleb128 0x10
 557 0262 8C000000 		.4byte	0x8c
 558 0266 11       		.uleb128 0x11
 559 0267 9B000000 		.4byte	.LASF26
 560 026b 01       		.byte	0x1
 561 026c 11       		.byte	0x11
 562 026d A3000000 		.4byte	0xa3
 563 0271 05       		.uleb128 0x5
 564 0272 03       		.byte	0x3
 565 0273 00000000 		.4byte	distance
 566 0277 11       		.uleb128 0x11
 567 0278 76000000 		.4byte	.LASF27
 568 027c 01       		.byte	0x1
 569 027d 12       		.byte	0x12
 570 027e 81000000 		.4byte	0x81
 571 0282 05       		.uleb128 0x5
 572 0283 03       		.byte	0x3
 573 0284 00000000 		.4byte	new_period
 574 0288 11       		.uleb128 0x11
 575 0289 90000000 		.4byte	.LASF28
 576 028d 01       		.byte	0x1
 577 028e 0F       		.byte	0xf
 578 028f AF000000 		.4byte	0xaf
ARM GAS  C:\Users\Julien\AppData\Local\Temp\ccpLDUcP.s 			page 13


 579 0293 05       		.uleb128 0x5
 580 0294 03       		.byte	0x3
 581 0295 00000000 		.4byte	timerCount
 582 0299 11       		.uleb128 0x11
 583 029a 9A020000 		.4byte	.LASF29
 584 029e 01       		.byte	0x1
 585 029f 10       		.byte	0x10
 586 02a0 97000000 		.4byte	0x97
 587 02a4 05       		.uleb128 0x5
 588 02a5 03       		.byte	0x3
 589 02a6 00000000 		.4byte	recu
 590 02aa 12       		.uleb128 0x12
 591 02ab AA000000 		.4byte	.LASF30
 592 02af 06       		.byte	0x6
 593 02b0 6B       		.byte	0x6b
 594 02b1 AF000000 		.4byte	0xaf
 595 02b5 13       		.uleb128 0x13
 596 02b6 E7020000 		.4byte	.LASF32
 597 02ba 07       		.byte	0x7
 598 02bb 40       		.byte	0x40
 599 02bc 12       		.uleb128 0x12
 600 02bd 38000000 		.4byte	.LASF31
 601 02c1 06       		.byte	0x6
 602 02c2 5E       		.byte	0x5e
 603 02c3 97000000 		.4byte	0x97
 604 02c7 14       		.uleb128 0x14
 605 02c8 C3010000 		.4byte	.LASF35
 606 02cc 09       		.byte	0x9
 607 02cd 27       		.byte	0x27
 608 02ce D8020000 		.4byte	0x2d8
 609 02d2 15       		.uleb128 0x15
 610 02d3 97000000 		.4byte	0x97
 611 02d7 00       		.byte	0
 612 02d8 13       		.uleb128 0x13
 613 02d9 3D010000 		.4byte	.LASF33
 614 02dd 07       		.byte	0x7
 615 02de 3F       		.byte	0x3f
 616 02df 12       		.uleb128 0x12
 617 02e0 CD000000 		.4byte	.LASF34
 618 02e4 08       		.byte	0x8
 619 02e5 5E       		.byte	0x5e
 620 02e6 97000000 		.4byte	0x97
 621 02ea 14       		.uleb128 0x14
 622 02eb 06030000 		.4byte	.LASF36
 623 02ef 0A       		.byte	0xa
 624 02f0 18       		.byte	0x18
 625 02f1 FB020000 		.4byte	0x2fb
 626 02f5 15       		.uleb128 0x15
 627 02f6 DC000000 		.4byte	0xdc
 628 02fa 00       		.byte	0
 629 02fb 14       		.uleb128 0x14
 630 02fc 54000000 		.4byte	.LASF37
 631 0300 0B       		.byte	0xb
 632 0301 18       		.byte	0x18
 633 0302 0C030000 		.4byte	0x30c
 634 0306 15       		.uleb128 0x15
 635 0307 DC000000 		.4byte	0xdc
ARM GAS  C:\Users\Julien\AppData\Local\Temp\ccpLDUcP.s 			page 14


 636 030b 00       		.byte	0
 637 030c 14       		.uleb128 0x14
 638 030d 19010000 		.4byte	.LASF38
 639 0311 0C       		.byte	0xc
 640 0312 18       		.byte	0x18
 641 0313 1D030000 		.4byte	0x31d
 642 0317 15       		.uleb128 0x15
 643 0318 DC000000 		.4byte	0xdc
 644 031c 00       		.byte	0
 645 031d 13       		.uleb128 0x13
 646 031e C6020000 		.4byte	.LASF39
 647 0322 0D       		.byte	0xd
 648 0323 3F       		.byte	0x3f
 649 0324 13       		.uleb128 0x13
 650 0325 20000000 		.4byte	.LASF40
 651 0329 0E       		.byte	0xe
 652 032a 33       		.byte	0x33
 653 032b 13       		.uleb128 0x13
 654 032c 67000000 		.4byte	.LASF41
 655 0330 06       		.byte	0x6
 656 0331 5A       		.byte	0x5a
 657 0332 13       		.uleb128 0x13
 658 0333 65010000 		.4byte	.LASF42
 659 0337 0F       		.byte	0xf
 660 0338 38       		.byte	0x38
 661 0339 13       		.uleb128 0x13
 662 033a 81000000 		.4byte	.LASF43
 663 033e 10       		.byte	0x10
 664 033f 92       		.byte	0x92
 665 0340 13       		.uleb128 0x13
 666 0341 34030000 		.4byte	.LASF44
 667 0345 11       		.byte	0x11
 668 0346 4F       		.byte	0x4f
 669 0347 13       		.uleb128 0x13
 670 0348 17030000 		.4byte	.LASF45
 671 034c 08       		.byte	0x8
 672 034d 5A       		.byte	0x5a
 673 034e 14       		.uleb128 0x14
 674 034f 87020000 		.4byte	.LASF46
 675 0353 0F       		.byte	0xf
 676 0354 3D       		.byte	0x3d
 677 0355 64030000 		.4byte	0x364
 678 0359 15       		.uleb128 0x15
 679 035a 97000000 		.4byte	0x97
 680 035e 15       		.uleb128 0x15
 681 035f 97000000 		.4byte	0x97
 682 0363 00       		.byte	0
 683 0364 14       		.uleb128 0x14
 684 0365 00000000 		.4byte	.LASF47
 685 0369 0F       		.byte	0xf
 686 036a 3C       		.byte	0x3c
 687 036b 75030000 		.4byte	0x375
 688 036f 15       		.uleb128 0x15
 689 0370 75030000 		.4byte	0x375
 690 0374 00       		.byte	0
 691 0375 06       		.uleb128 0x6
 692 0376 04       		.byte	0x4
ARM GAS  C:\Users\Julien\AppData\Local\Temp\ccpLDUcP.s 			page 15


 693 0377 7B030000 		.4byte	0x37b
 694 037b 16       		.uleb128 0x16
 695 037c C9000000 		.4byte	0xc9
 696 0380 00       		.byte	0
 697              		.section	.debug_abbrev,"",%progbits
 698              	.Ldebug_abbrev0:
 699 0000 01       		.uleb128 0x1
 700 0001 11       		.uleb128 0x11
 701 0002 01       		.byte	0x1
 702 0003 25       		.uleb128 0x25
 703 0004 0E       		.uleb128 0xe
 704 0005 13       		.uleb128 0x13
 705 0006 0B       		.uleb128 0xb
 706 0007 03       		.uleb128 0x3
 707 0008 0E       		.uleb128 0xe
 708 0009 1B       		.uleb128 0x1b
 709 000a 0E       		.uleb128 0xe
 710 000b 55       		.uleb128 0x55
 711 000c 17       		.uleb128 0x17
 712 000d 11       		.uleb128 0x11
 713 000e 01       		.uleb128 0x1
 714 000f 10       		.uleb128 0x10
 715 0010 17       		.uleb128 0x17
 716 0011 00       		.byte	0
 717 0012 00       		.byte	0
 718 0013 02       		.uleb128 0x2
 719 0014 24       		.uleb128 0x24
 720 0015 00       		.byte	0
 721 0016 0B       		.uleb128 0xb
 722 0017 0B       		.uleb128 0xb
 723 0018 3E       		.uleb128 0x3e
 724 0019 0B       		.uleb128 0xb
 725 001a 03       		.uleb128 0x3
 726 001b 0E       		.uleb128 0xe
 727 001c 00       		.byte	0
 728 001d 00       		.byte	0
 729 001e 03       		.uleb128 0x3
 730 001f 16       		.uleb128 0x16
 731 0020 00       		.byte	0
 732 0021 03       		.uleb128 0x3
 733 0022 0E       		.uleb128 0xe
 734 0023 3A       		.uleb128 0x3a
 735 0024 0B       		.uleb128 0xb
 736 0025 3B       		.uleb128 0x3b
 737 0026 0B       		.uleb128 0xb
 738 0027 49       		.uleb128 0x49
 739 0028 13       		.uleb128 0x13
 740 0029 00       		.byte	0
 741 002a 00       		.byte	0
 742 002b 04       		.uleb128 0x4
 743 002c 24       		.uleb128 0x24
 744 002d 00       		.byte	0
 745 002e 0B       		.uleb128 0xb
 746 002f 0B       		.uleb128 0xb
 747 0030 3E       		.uleb128 0x3e
 748 0031 0B       		.uleb128 0xb
 749 0032 03       		.uleb128 0x3
ARM GAS  C:\Users\Julien\AppData\Local\Temp\ccpLDUcP.s 			page 16


 750 0033 08       		.uleb128 0x8
 751 0034 00       		.byte	0
 752 0035 00       		.byte	0
 753 0036 05       		.uleb128 0x5
 754 0037 16       		.uleb128 0x16
 755 0038 00       		.byte	0
 756 0039 03       		.uleb128 0x3
 757 003a 0E       		.uleb128 0xe
 758 003b 3A       		.uleb128 0x3a
 759 003c 0B       		.uleb128 0xb
 760 003d 3B       		.uleb128 0x3b
 761 003e 05       		.uleb128 0x5
 762 003f 49       		.uleb128 0x49
 763 0040 13       		.uleb128 0x13
 764 0041 00       		.byte	0
 765 0042 00       		.byte	0
 766 0043 06       		.uleb128 0x6
 767 0044 0F       		.uleb128 0xf
 768 0045 00       		.byte	0
 769 0046 0B       		.uleb128 0xb
 770 0047 0B       		.uleb128 0xb
 771 0048 49       		.uleb128 0x49
 772 0049 13       		.uleb128 0x13
 773 004a 00       		.byte	0
 774 004b 00       		.byte	0
 775 004c 07       		.uleb128 0x7
 776 004d 15       		.uleb128 0x15
 777 004e 00       		.byte	0
 778 004f 27       		.uleb128 0x27
 779 0050 19       		.uleb128 0x19
 780 0051 00       		.byte	0
 781 0052 00       		.byte	0
 782 0053 08       		.uleb128 0x8
 783 0054 2E       		.uleb128 0x2e
 784 0055 01       		.byte	0x1
 785 0056 3F       		.uleb128 0x3f
 786 0057 19       		.uleb128 0x19
 787 0058 03       		.uleb128 0x3
 788 0059 0E       		.uleb128 0xe
 789 005a 3A       		.uleb128 0x3a
 790 005b 0B       		.uleb128 0xb
 791 005c 3B       		.uleb128 0x3b
 792 005d 0B       		.uleb128 0xb
 793 005e 27       		.uleb128 0x27
 794 005f 19       		.uleb128 0x19
 795 0060 11       		.uleb128 0x11
 796 0061 01       		.uleb128 0x1
 797 0062 12       		.uleb128 0x12
 798 0063 06       		.uleb128 0x6
 799 0064 40       		.uleb128 0x40
 800 0065 18       		.uleb128 0x18
 801 0066 9642     		.uleb128 0x2116
 802 0068 19       		.uleb128 0x19
 803 0069 01       		.uleb128 0x1
 804 006a 13       		.uleb128 0x13
 805 006b 00       		.byte	0
 806 006c 00       		.byte	0
ARM GAS  C:\Users\Julien\AppData\Local\Temp\ccpLDUcP.s 			page 17


 807 006d 09       		.uleb128 0x9
 808 006e 898201   		.uleb128 0x4109
 809 0071 00       		.byte	0
 810 0072 11       		.uleb128 0x11
 811 0073 01       		.uleb128 0x1
 812 0074 31       		.uleb128 0x31
 813 0075 13       		.uleb128 0x13
 814 0076 00       		.byte	0
 815 0077 00       		.byte	0
 816 0078 0A       		.uleb128 0xa
 817 0079 2E       		.uleb128 0x2e
 818 007a 01       		.byte	0x1
 819 007b 3F       		.uleb128 0x3f
 820 007c 19       		.uleb128 0x19
 821 007d 03       		.uleb128 0x3
 822 007e 0E       		.uleb128 0xe
 823 007f 3A       		.uleb128 0x3a
 824 0080 0B       		.uleb128 0xb
 825 0081 3B       		.uleb128 0x3b
 826 0082 0B       		.uleb128 0xb
 827 0083 27       		.uleb128 0x27
 828 0084 19       		.uleb128 0x19
 829 0085 11       		.uleb128 0x11
 830 0086 01       		.uleb128 0x1
 831 0087 12       		.uleb128 0x12
 832 0088 06       		.uleb128 0x6
 833 0089 40       		.uleb128 0x40
 834 008a 18       		.uleb128 0x18
 835 008b 9742     		.uleb128 0x2117
 836 008d 19       		.uleb128 0x19
 837 008e 01       		.uleb128 0x1
 838 008f 13       		.uleb128 0x13
 839 0090 00       		.byte	0
 840 0091 00       		.byte	0
 841 0092 0B       		.uleb128 0xb
 842 0093 898201   		.uleb128 0x4109
 843 0096 01       		.byte	0x1
 844 0097 11       		.uleb128 0x11
 845 0098 01       		.uleb128 0x1
 846 0099 31       		.uleb128 0x31
 847 009a 13       		.uleb128 0x13
 848 009b 00       		.byte	0
 849 009c 00       		.byte	0
 850 009d 0C       		.uleb128 0xc
 851 009e 8A8201   		.uleb128 0x410a
 852 00a1 00       		.byte	0
 853 00a2 02       		.uleb128 0x2
 854 00a3 18       		.uleb128 0x18
 855 00a4 9142     		.uleb128 0x2111
 856 00a6 18       		.uleb128 0x18
 857 00a7 00       		.byte	0
 858 00a8 00       		.byte	0
 859 00a9 0D       		.uleb128 0xd
 860 00aa 898201   		.uleb128 0x4109
 861 00ad 01       		.byte	0x1
 862 00ae 11       		.uleb128 0x11
 863 00af 01       		.uleb128 0x1
ARM GAS  C:\Users\Julien\AppData\Local\Temp\ccpLDUcP.s 			page 18


 864 00b0 31       		.uleb128 0x31
 865 00b1 13       		.uleb128 0x13
 866 00b2 01       		.uleb128 0x1
 867 00b3 13       		.uleb128 0x13
 868 00b4 00       		.byte	0
 869 00b5 00       		.byte	0
 870 00b6 0E       		.uleb128 0xe
 871 00b7 2E       		.uleb128 0x2e
 872 00b8 01       		.byte	0x1
 873 00b9 3F       		.uleb128 0x3f
 874 00ba 19       		.uleb128 0x19
 875 00bb 03       		.uleb128 0x3
 876 00bc 0E       		.uleb128 0xe
 877 00bd 3A       		.uleb128 0x3a
 878 00be 0B       		.uleb128 0xb
 879 00bf 3B       		.uleb128 0x3b
 880 00c0 0B       		.uleb128 0xb
 881 00c1 11       		.uleb128 0x11
 882 00c2 01       		.uleb128 0x1
 883 00c3 12       		.uleb128 0x12
 884 00c4 06       		.uleb128 0x6
 885 00c5 40       		.uleb128 0x40
 886 00c6 18       		.uleb128 0x18
 887 00c7 9742     		.uleb128 0x2117
 888 00c9 19       		.uleb128 0x19
 889 00ca 01       		.uleb128 0x1
 890 00cb 13       		.uleb128 0x13
 891 00cc 00       		.byte	0
 892 00cd 00       		.byte	0
 893 00ce 0F       		.uleb128 0xf
 894 00cf 34       		.uleb128 0x34
 895 00d0 00       		.byte	0
 896 00d1 03       		.uleb128 0x3
 897 00d2 0E       		.uleb128 0xe
 898 00d3 3A       		.uleb128 0x3a
 899 00d4 0B       		.uleb128 0xb
 900 00d5 3B       		.uleb128 0x3b
 901 00d6 05       		.uleb128 0x5
 902 00d7 49       		.uleb128 0x49
 903 00d8 13       		.uleb128 0x13
 904 00d9 3F       		.uleb128 0x3f
 905 00da 19       		.uleb128 0x19
 906 00db 3C       		.uleb128 0x3c
 907 00dc 19       		.uleb128 0x19
 908 00dd 00       		.byte	0
 909 00de 00       		.byte	0
 910 00df 10       		.uleb128 0x10
 911 00e0 35       		.uleb128 0x35
 912 00e1 00       		.byte	0
 913 00e2 49       		.uleb128 0x49
 914 00e3 13       		.uleb128 0x13
 915 00e4 00       		.byte	0
 916 00e5 00       		.byte	0
 917 00e6 11       		.uleb128 0x11
 918 00e7 34       		.uleb128 0x34
 919 00e8 00       		.byte	0
 920 00e9 03       		.uleb128 0x3
ARM GAS  C:\Users\Julien\AppData\Local\Temp\ccpLDUcP.s 			page 19


 921 00ea 0E       		.uleb128 0xe
 922 00eb 3A       		.uleb128 0x3a
 923 00ec 0B       		.uleb128 0xb
 924 00ed 3B       		.uleb128 0x3b
 925 00ee 0B       		.uleb128 0xb
 926 00ef 49       		.uleb128 0x49
 927 00f0 13       		.uleb128 0x13
 928 00f1 3F       		.uleb128 0x3f
 929 00f2 19       		.uleb128 0x19
 930 00f3 02       		.uleb128 0x2
 931 00f4 18       		.uleb128 0x18
 932 00f5 00       		.byte	0
 933 00f6 00       		.byte	0
 934 00f7 12       		.uleb128 0x12
 935 00f8 2E       		.uleb128 0x2e
 936 00f9 00       		.byte	0
 937 00fa 3F       		.uleb128 0x3f
 938 00fb 19       		.uleb128 0x19
 939 00fc 03       		.uleb128 0x3
 940 00fd 0E       		.uleb128 0xe
 941 00fe 3A       		.uleb128 0x3a
 942 00ff 0B       		.uleb128 0xb
 943 0100 3B       		.uleb128 0x3b
 944 0101 0B       		.uleb128 0xb
 945 0102 27       		.uleb128 0x27
 946 0103 19       		.uleb128 0x19
 947 0104 49       		.uleb128 0x49
 948 0105 13       		.uleb128 0x13
 949 0106 3C       		.uleb128 0x3c
 950 0107 19       		.uleb128 0x19
 951 0108 00       		.byte	0
 952 0109 00       		.byte	0
 953 010a 13       		.uleb128 0x13
 954 010b 2E       		.uleb128 0x2e
 955 010c 00       		.byte	0
 956 010d 3F       		.uleb128 0x3f
 957 010e 19       		.uleb128 0x19
 958 010f 03       		.uleb128 0x3
 959 0110 0E       		.uleb128 0xe
 960 0111 3A       		.uleb128 0x3a
 961 0112 0B       		.uleb128 0xb
 962 0113 3B       		.uleb128 0x3b
 963 0114 0B       		.uleb128 0xb
 964 0115 27       		.uleb128 0x27
 965 0116 19       		.uleb128 0x19
 966 0117 3C       		.uleb128 0x3c
 967 0118 19       		.uleb128 0x19
 968 0119 00       		.byte	0
 969 011a 00       		.byte	0
 970 011b 14       		.uleb128 0x14
 971 011c 2E       		.uleb128 0x2e
 972 011d 01       		.byte	0x1
 973 011e 3F       		.uleb128 0x3f
 974 011f 19       		.uleb128 0x19
 975 0120 03       		.uleb128 0x3
 976 0121 0E       		.uleb128 0xe
 977 0122 3A       		.uleb128 0x3a
ARM GAS  C:\Users\Julien\AppData\Local\Temp\ccpLDUcP.s 			page 20


 978 0123 0B       		.uleb128 0xb
 979 0124 3B       		.uleb128 0x3b
 980 0125 0B       		.uleb128 0xb
 981 0126 27       		.uleb128 0x27
 982 0127 19       		.uleb128 0x19
 983 0128 3C       		.uleb128 0x3c
 984 0129 19       		.uleb128 0x19
 985 012a 01       		.uleb128 0x1
 986 012b 13       		.uleb128 0x13
 987 012c 00       		.byte	0
 988 012d 00       		.byte	0
 989 012e 15       		.uleb128 0x15
 990 012f 05       		.uleb128 0x5
 991 0130 00       		.byte	0
 992 0131 49       		.uleb128 0x49
 993 0132 13       		.uleb128 0x13
 994 0133 00       		.byte	0
 995 0134 00       		.byte	0
 996 0135 16       		.uleb128 0x16
 997 0136 26       		.uleb128 0x26
 998 0137 00       		.byte	0
 999 0138 49       		.uleb128 0x49
 1000 0139 13       		.uleb128 0x13
 1001 013a 00       		.byte	0
 1002 013b 00       		.byte	0
 1003 013c 00       		.byte	0
 1004              		.section	.debug_aranges,"",%progbits
 1005 0000 34000000 		.4byte	0x34
 1006 0004 0200     		.2byte	0x2
 1007 0006 00000000 		.4byte	.Ldebug_info0
 1008 000a 04       		.byte	0x4
 1009 000b 00       		.byte	0
 1010 000c 0000     		.2byte	0
 1011 000e 0000     		.2byte	0
 1012 0010 00000000 		.4byte	.LFB64
 1013 0014 60000000 		.4byte	.LFE64-.LFB64
 1014 0018 00000000 		.4byte	.LFB65
 1015 001c 20000000 		.4byte	.LFE65-.LFB65
 1016 0020 00000000 		.4byte	.LFB66
 1017 0024 1C000000 		.4byte	.LFE66-.LFB66
 1018 0028 00000000 		.4byte	.LFB63
 1019 002c 5C000000 		.4byte	.LFE63-.LFB63
 1020 0030 00000000 		.4byte	0
 1021 0034 00000000 		.4byte	0
 1022              		.section	.debug_ranges,"",%progbits
 1023              	.Ldebug_ranges0:
 1024 0000 00000000 		.4byte	.LFB64
 1025 0004 60000000 		.4byte	.LFE64
 1026 0008 00000000 		.4byte	.LFB65
 1027 000c 20000000 		.4byte	.LFE65
 1028 0010 00000000 		.4byte	.LFB66
 1029 0014 1C000000 		.4byte	.LFE66
 1030 0018 00000000 		.4byte	.LFB63
 1031 001c 5C000000 		.4byte	.LFE63
 1032 0020 00000000 		.4byte	0
 1033 0024 00000000 		.4byte	0
 1034              		.section	.debug_line,"",%progbits
ARM GAS  C:\Users\Julien\AppData\Local\Temp\ccpLDUcP.s 			page 21


 1035              	.Ldebug_line0:
 1036 0000 70020000 		.section	.debug_str,"MS",%progbits,1
 1036      02001102 
 1036      00000201 
 1036      FB0E0D00 
 1036      01010101 
 1037              	.LASF47:
 1038 0000 43686172 		.ascii	"CharLCD_1_PrintString\000"
 1038      4C43445F 
 1038      315F5072 
 1038      696E7453 
 1038      7472696E 
 1039              	.LASF4:
 1040 0016 5F5F7569 		.ascii	"__uint8_t\000"
 1040      6E74385F 
 1040      7400
 1041              	.LASF40:
 1042 0020 565F7365 		.ascii	"V_seuil_Start\000"
 1042      75696C5F 
 1042      53746172 
 1042      7400
 1043              	.LASF5:
 1044 002e 5F5F696E 		.ascii	"__int32_t\000"
 1044      7433325F 
 1044      7400
 1045              	.LASF31:
 1046 0038 54696D65 		.ascii	"Timer_US_ReadStatusRegister\000"
 1046      725F5553 
 1046      5F526561 
 1046      64537461 
 1046      74757352 
 1047              	.LASF37:
 1048 0054 70657269 		.ascii	"periodeISR_StartEx\000"
 1048      6F646549 
 1048      53525F53 
 1048      74617274 
 1048      457800
 1049              	.LASF41:
 1050 0067 54696D65 		.ascii	"Timer_US_Start\000"
 1050      725F5553 
 1050      5F537461 
 1050      727400
 1051              	.LASF27:
 1052 0076 6E65775F 		.ascii	"new_period\000"
 1052      70657269 
 1052      6F6400
 1053              	.LASF43:
 1054 0081 55535F34 		.ascii	"US_40kHz_Start\000"
 1054      306B487A 
 1054      5F537461 
 1054      727400
 1055              	.LASF28:
 1056 0090 74696D65 		.ascii	"timerCount\000"
 1056      72436F75 
 1056      6E7400
 1057              	.LASF26:
 1058 009b 64697374 		.ascii	"distance\000"
ARM GAS  C:\Users\Julien\AppData\Local\Temp\ccpLDUcP.s 			page 22


 1058      616E6365 
 1058      00
 1059              	.LASF16:
 1060 00a4 666C6F61 		.ascii	"float\000"
 1060      7400
 1061              	.LASF30:
 1062 00aa 54696D65 		.ascii	"Timer_US_ReadCapture\000"
 1062      725F5553 
 1062      5F526561 
 1062      64436170 
 1062      74757265 
 1063              	.LASF1:
 1064 00bf 756E7369 		.ascii	"unsigned char\000"
 1064      676E6564 
 1064      20636861 
 1064      7200
 1065              	.LASF34:
 1066 00cd 54696D65 		.ascii	"Timer_periode_ReadStatusRegister\000"
 1066      725F7065 
 1066      72696F64 
 1066      655F5265 
 1066      61645374 
 1067              	.LASF18:
 1068 00ee 63686172 		.ascii	"char8\000"
 1068      3800
 1069              	.LASF7:
 1070 00f4 6C6F6E67 		.ascii	"long unsigned int\000"
 1070      20756E73 
 1070      69676E65 
 1070      6420696E 
 1070      7400
 1071              	.LASF3:
 1072 0106 73686F72 		.ascii	"short unsigned int\000"
 1072      7420756E 
 1072      7369676E 
 1072      65642069 
 1072      6E7400
 1073              	.LASF38:
 1074 0119 436F756E 		.ascii	"CounterISR_StartEx\000"
 1074      74657249 
 1074      53525F53 
 1074      74617274 
 1074      457800
 1075              	.LASF17:
 1076 012c 646F7562 		.ascii	"double\000"
 1076      6C6500
 1077              	.LASF2:
 1078 0133 73686F72 		.ascii	"short int\000"
 1078      7420696E 
 1078      7400
 1079              	.LASF33:
 1080 013d 44657465 		.ascii	"Detect_Seuil_Recept_Start\000"
 1080      63745F53 
 1080      6575696C 
 1080      5F526563 
 1080      6570745F 
 1081              	.LASF14:
ARM GAS  C:\Users\Julien\AppData\Local\Temp\ccpLDUcP.s 			page 23


 1082 0157 75696E74 		.ascii	"uint16\000"
 1082      313600
 1083              	.LASF15:
 1084 015e 75696E74 		.ascii	"uint32\000"
 1084      333200
 1085              	.LASF42:
 1086 0165 43686172 		.ascii	"CharLCD_1_Start\000"
 1086      4C43445F 
 1086      315F5374 
 1086      61727400 
 1087              	.LASF24:
 1088 0175 70657269 		.ascii	"periodeInterrupt\000"
 1088      6F646549 
 1088      6E746572 
 1088      72757074 
 1088      00
 1089              	.LASF51:
 1090 0186 696E6974 		.ascii	"init_ultrason\000"
 1090      5F756C74 
 1090      7261736F 
 1090      6E00
 1091              	.LASF10:
 1092 0194 756E7369 		.ascii	"unsigned int\000"
 1092      676E6564 
 1092      20696E74 
 1092      00
 1093              	.LASF49:
 1094 01a1 756C7472 		.ascii	"ultrason.c\000"
 1094      61736F6E 
 1094      2E6300
 1095              	.LASF9:
 1096 01ac 6C6F6E67 		.ascii	"long long unsigned int\000"
 1096      206C6F6E 
 1096      6720756E 
 1096      7369676E 
 1096      65642069 
 1097              	.LASF35:
 1098 01c3 436F6E74 		.ascii	"Control_Reg_1_Write\000"
 1098      726F6C5F 
 1098      5265675F 
 1098      315F5772 
 1098      69746500 
 1099              	.LASF48:
 1100 01d7 474E5520 		.ascii	"GNU C 4.9.3 20150303 (release) [ARM/embedded-4_9-br"
 1100      4320342E 
 1100      392E3320 
 1100      32303135 
 1100      30333033 
 1101 020a 616E6368 		.ascii	"anch revision 221220] -mcpu=cortex-m3 -mthumb -g -O"
 1101      20726576 
 1101      6973696F 
 1101      6E203232 
 1101      31323230 
 1102 023d 67202D66 		.ascii	"g -ffunction-sections -ffat-lto-objects\000"
 1102      66756E63 
 1102      74696F6E 
 1102      2D736563 
ARM GAS  C:\Users\Julien\AppData\Local\Temp\ccpLDUcP.s 			page 24


 1102      74696F6E 
 1103              	.LASF20:
 1104 0265 63796973 		.ascii	"cyisraddress\000"
 1104      72616464 
 1104      72657373 
 1104      00
 1105              	.LASF25:
 1106 0272 49544D5F 		.ascii	"ITM_RxBuffer\000"
 1106      52784275 
 1106      66666572 
 1106      00
 1107              	.LASF12:
 1108 027f 696E7433 		.ascii	"int32_t\000"
 1108      325F7400 
 1109              	.LASF46:
 1110 0287 43686172 		.ascii	"CharLCD_1_Position\000"
 1110      4C43445F 
 1110      315F506F 
 1110      73697469 
 1110      6F6E00
 1111              	.LASF29:
 1112 029a 72656375 		.ascii	"recu\000"
 1112      00
 1113              	.LASF11:
 1114 029f 75696E74 		.ascii	"uint8_t\000"
 1114      385F7400 
 1115              	.LASF8:
 1116 02a7 6C6F6E67 		.ascii	"long long int\000"
 1116      206C6F6E 
 1116      6720696E 
 1116      7400
 1117              	.LASF23:
 1118 02b5 636F756E 		.ascii	"counterInterrupt\000"
 1118      74657249 
 1118      6E746572 
 1118      72757074 
 1118      00
 1119              	.LASF39:
 1120 02c6 416D706C 		.ascii	"Ampli_Recept_Start\000"
 1120      695F5265 
 1120      63657074 
 1120      5F537461 
 1120      727400
 1121              	.LASF19:
 1122 02d9 63686172 		.ascii	"char\000"
 1122      00
 1123              	.LASF21:
 1124 02de 73697A65 		.ascii	"sizetype\000"
 1124      74797065 
 1124      00
 1125              	.LASF32:
 1126 02e7 44657465 		.ascii	"Detect_Seuil_Recept_Stop\000"
 1126      63745F53 
 1126      6575696C 
 1126      5F526563 
 1126      6570745F 
 1127              	.LASF13:
ARM GAS  C:\Users\Julien\AppData\Local\Temp\ccpLDUcP.s 			page 25


 1128 0300 75696E74 		.ascii	"uint8\000"
 1128      3800
 1129              	.LASF36:
 1130 0306 54696D65 		.ascii	"TimerISR_StartEx\000"
 1130      72495352 
 1130      5F537461 
 1130      72744578 
 1130      00
 1131              	.LASF45:
 1132 0317 54696D65 		.ascii	"Timer_periode_Start\000"
 1132      725F7065 
 1132      72696F64 
 1132      655F5374 
 1132      61727400 
 1133              	.LASF6:
 1134 032b 6C6F6E67 		.ascii	"long int\000"
 1134      20696E74 
 1134      00
 1135              	.LASF44:
 1136 0334 436F756E 		.ascii	"Counter_1_Start\000"
 1136      7465725F 
 1136      315F5374 
 1136      61727400 
 1137              	.LASF0:
 1138 0344 7369676E 		.ascii	"signed char\000"
 1138      65642063 
 1138      68617200 
 1139              	.LASF22:
 1140 0350 74696D65 		.ascii	"timerInterrupt\000"
 1140      72496E74 
 1140      65727275 
 1140      707400
 1141              	.LASF50:
 1142 035f 433A5C55 		.ascii	"C:\\Users\\Julien\\Documents\\INSA\\5A\\BE_systemes"
 1142      73657273 
 1142      5C4A756C 
 1142      69656E5C 
 1142      446F6375 
 1143 038c 5F656D62 		.ascii	"_embarques\\BE_systemes_embarques\\projet_entier.cy"
 1143      61727175 
 1143      65735C42 
 1143      455F7379 
 1143      7374656D 
 1144 03bd 64736E00 		.ascii	"dsn\000"
 1145              		.ident	"GCC: (GNU Tools for ARM Embedded Processors) 4.9.3 20150303 (release) [ARM/embedded-4_9-br
